Log file open, 12/22/17 10:02:42
LogWindows: Failed to load 'aqProf.dll' (GetLastError=126)
LogWindows: File 'aqProf.dll' does not exist
LogWindows: Failed to load 'VSPerf140.dll' (GetLastError=126)
LogWindows: File 'VSPerf140.dll' does not exist
LogWindows: Failed to load 'VtuneApi.dll' (GetLastError=126)
LogWindows: File 'VtuneApi.dll' does not exist
LogWindows: Failed to load 'VtuneApi32e.dll' (GetLastError=126)
LogWindows: File 'VtuneApi32e.dll' does not exist
LogInit: Display: Running engine for game: SideScroller
LogPlatformFile: Not using cached read wrapper
LogInit: Display: RandInit(-1245856481) SRandInit(-1245856481).
LogInit: Read version file with build ID '3709383'
LogInit: Overriding engine version to CL 3794801, compatible CL 3709383
LogInit: Registered custom module enumerator with build ID '3709383'
LogTaskGraph: Started task graph with 5 named threads and 14 total threads with 3 sets of task threads.
LogStats: Stats thread started at 0.184047
LogD3D11RHI: Aftermath initialized
LogModuleManager: Display: Found up-to-date module file ../../../Engine/Plugins/2D/Paper2D/Binaries/Win64/UE4Editor-Paper2D.dll (API version 3709383).
LogModuleManager: Display: Found up-to-date module file ../../../Engine/Plugins/2D/Paper2D/Binaries/Win64/UE4Editor-Paper2DEditor.dll (API version 3709383).
LogModuleManager: Display: Found up-to-date module file ../../../Engine/Plugins/2D/Paper2D/Binaries/Win64/UE4Editor-PaperSpriteSheetImporter.dll (API version 3709383).
LogModuleManager: Display: Found up-to-date module file ../../../Engine/Plugins/2D/Paper2D/Binaries/Win64/UE4Editor-PaperTiledImporter.dll (API version 3709383).
LogModuleManager: Display: Found up-to-date module file ../../../Engine/Plugins/2D/Paper2D/Binaries/Win64/UE4Editor-SmartSnapping.dll (API version 3709383).
LogModuleManager: Display: Found up-to-date module file ../../../Engine/Plugins/Blendables/LightPropagationVolume/Binaries/Win64/UE4Editor-LightPropagationVolumeRuntime.dll (API version 3709383).
LogModuleManager: Display: Found up-to-date module file ../../../Engine/Plugins/Blendables/LightPropagationVolume/Binaries/Win64/UE4Editor-LightPropagationVolumeEditor.dll (API version 3709383).
LogModuleManager: Display: Found up-to-date module file ../../../Engine/Plugins/Developer/GitSourceControl/Binaries/Win64/UE4Editor-GitSourceControl.dll (API version 3709383).
LogModuleManager: Display: Found up-to-date module file ../../../Engine/Plugins/Developer/PerforceSourceControl/Binaries/Win64/UE4Editor-PerforceSourceControl.dll (API version 3709383).
LogModuleManager: Display: Found up-to-date module file ../../../Engine/Plugins/Developer/SubversionSourceControl/Binaries/Win64/UE4Editor-SubversionSourceControl.dll (API version 3709383).
LogModuleManager: Display: Found up-to-date module file ../../../Engine/Plugins/Developer/UObjectPlugin/Binaries/Win64/UE4Editor-UObjectPlugin.dll (API version 3709383).
LogModuleManager: Display: Found up-to-date module file ../../../Engine/Plugins/Developer/VisualStudioCodeSourceCodeAccess/Binaries/Win64/UE4Editor-VisualStudioCodeSourceCodeAccess.dll (API version 3709383).
LogModuleManager: Display: Found up-to-date module file ../../../Engine/Plugins/Developer/VisualStudioSourceCodeAccess/Binaries/Win64/UE4Editor-VisualStudioSourceCodeAccess.dll (API version 3709383).
LogModuleManager: Display: Found up-to-date module file ../../../Engine/Plugins/Editor/AssetManagerEditor/Binaries/Win64/UE4Editor-AssetManagerEditor.dll (API version 3709383).
LogModuleManager: Display: Found up-to-date module file ../../../Engine/Plugins/Editor/AudioCapture/Binaries/Win64/UE4Editor-AudioCapture.dll (API version 3709383).
LogModuleManager: Display: Found up-to-date module file ../../../Engine/Plugins/Editor/FacialAnimation/Binaries/Win64/UE4Editor-FacialAnimation.dll (API version 3709383).
LogModuleManager: Display: Found up-to-date module file ../../../Engine/Plugins/Editor/FacialAnimation/Binaries/Win64/UE4Editor-FacialAnimationEditor.dll (API version 3709383).
LogModuleManager: Display: Found up-to-date module file ../../../Engine/Plugins/Editor/GameplayTagsEditor/Binaries/Win64/UE4Editor-GameplayTagsEditor.dll (API version 3709383).
LogModuleManager: Display: Found up-to-date module file ../../../Engine/Plugins/Editor/MobileLauncherProfileWizard/Binaries/Win64/UE4Editor-MobileLauncherProfileWizard.dll (API version 3709383).
LogModuleManager: Display: Found up-to-date module file ../../../Engine/Plugins/Editor/PluginBrowser/Binaries/Win64/UE4Editor-PluginBrowser.dll (API version 3709383).
LogModuleManager: Display: Found up-to-date module file ../../../Engine/Plugins/Editor/SpeedTreeImporter/Binaries/Win64/UE4Editor-SpeedTreeImporter.dll (API version 3709383).
LogModuleManager: Display: Found up-to-date module file ../../../Engine/Plugins/Experimental/AlembicImporter/Binaries/Win64/UE4Editor-AlembicImporter.dll (API version 3709383).
LogModuleManager: Display: Found up-to-date module file ../../../Engine/Plugins/Experimental/AlembicImporter/Binaries/Win64/UE4Editor-AlembicLibrary.dll (API version 3709383).
LogModuleManager: Display: Found up-to-date module file ../../../Engine/Plugins/Experimental/CharacterAI/Binaries/Win64/UE4Editor-CharacterAI.dll (API version 3709383).
LogModuleManager: Display: Found up-to-date module file ../../../Engine/Plugins/Experimental/HTML5Networking/Binaries/Win64/UE4Editor-HTML5Networking.dll (API version 3709383).
LogModuleManager: Display: Found up-to-date module file ../../../Engine/Plugins/Media/AndroidMedia/Binaries/Win64/UE4Editor-AndroidMediaEditor.dll (API version 3709383).
LogModuleManager: Display: Found up-to-date module file ../../../Engine/Plugins/Media/AndroidMedia/Binaries/Win64/UE4Editor-AndroidMediaFactory.dll (API version 3709383).
LogModuleManager: Display: Found up-to-date module file ../../../Engine/Plugins/Media/AvfMedia/Binaries/Win64/UE4Editor-AvfMediaEditor.dll (API version 3709383).
LogModuleManager: Display: Found up-to-date module file ../../../Engine/Plugins/Media/AvfMedia/Binaries/Win64/UE4Editor-AvfMediaFactory.dll (API version 3709383).
LogModuleManager: Display: Found up-to-date module file ../../../Engine/Plugins/Media/AvfMedia/Binaries/Win64/UE4Editor-AvfMediaFactory.dll (API version 3709383).
LogModuleManager: Display: Found up-to-date module file ../../../Engine/Plugins/Media/ImgMedia/Binaries/Win64/UE4Editor-ImgMedia.dll (API version 3709383).
LogModuleManager: Display: Found up-to-date module file ../../../Engine/Plugins/Media/ImgMedia/Binaries/Win64/UE4Editor-ImgMediaEditor.dll (API version 3709383).
LogModuleManager: Display: Found up-to-date module file ../../../Engine/Plugins/Media/ImgMedia/Binaries/Win64/UE4Editor-ImgMediaFactory.dll (API version 3709383).
LogModuleManager: Display: Found up-to-date module file ../../../Engine/Plugins/Media/ImgMedia/Binaries/Win64/UE4Editor-ImgMediaFactory.dll (API version 3709383).
LogModuleManager: Display: Found up-to-date module file ../../../Engine/Plugins/Media/ImgMedia/Binaries/Win64/UE4Editor-OpenExrWrapper.dll (API version 3709383).
LogModuleManager: Display: Found up-to-date module file ../../../Engine/Plugins/Media/MediaCompositing/Binaries/Win64/UE4Editor-MediaCompositing.dll (API version 3709383).
LogModuleManager: Display: Found up-to-date module file ../../../Engine/Plugins/Media/MediaCompositing/Binaries/Win64/UE4Editor-MediaCompositingEditor.dll (API version 3709383).
LogModuleManager: Display: Found up-to-date module file ../../../Engine/Plugins/Media/MediaPlayerEditor/Binaries/Win64/UE4Editor-MediaPlayerEditor.dll (API version 3709383).
LogModuleManager: Display: Found up-to-date module file ../../../Engine/Plugins/Media/WmfMedia/Binaries/Win64/UE4Editor-WmfMedia.dll (API version 3709383).
LogModuleManager: Display: Found up-to-date module file ../../../Engine/Plugins/Media/WmfMedia/Binaries/Win64/UE4Editor-WmfMediaEditor.dll (API version 3709383).
LogModuleManager: Display: Found up-to-date module file ../../../Engine/Plugins/Media/WmfMedia/Binaries/Win64/UE4Editor-WmfMediaFactory.dll (API version 3709383).
LogModuleManager: Display: Found up-to-date module file ../../../Engine/Plugins/Media/WmfMedia/Binaries/Win64/UE4Editor-WmfMediaFactory.dll (API version 3709383).
LogModuleManager: Display: Found up-to-date module file ../../../Engine/Plugins/Messaging/TcpMessaging/Binaries/Win64/UE4Editor-TcpMessaging.dll (API version 3709383).
LogModuleManager: Display: Found up-to-date module file ../../../Engine/Plugins/Messaging/UdpMessaging/Binaries/Win64/UE4Editor-UdpMessaging.dll (API version 3709383).
LogModuleManager: Display: Found up-to-date module file ../../../Engine/Plugins/MovieScene/ActorSequence/Binaries/Win64/UE4Editor-ActorSequence.dll (API version 3709383).
LogModuleManager: Display: Found up-to-date module file ../../../Engine/Plugins/MovieScene/LevelSequenceEditor/Binaries/Win64/UE4Editor-LevelSequenceEditor.dll (API version 3709383).
LogModuleManager: Display: Found up-to-date module file ../../../Engine/Plugins/MovieScene/MatineeToLevelSequence/Binaries/Win64/UE4Editor-MatineeToLevelSequence.dll (API version 3709383).
LogModuleManager: Display: Found up-to-date module file ../../../Engine/Plugins/Online/OnlineSubsystem/Binaries/Win64/UE4Editor-OnlineSubsystem.dll (API version 3709383).
LogModuleManager: Display: Found up-to-date module file ../../../Engine/Plugins/Runtime/AndroidPermission/Binaries/Win64/UE4Editor-AndroidPermission.dll (API version 3709383).
LogModuleManager: Display: Found up-to-date module file ../../../Engine/Plugins/Online/OnlineSubsystemNull/Binaries/Win64/UE4Editor-OnlineSubsystemNull.dll (API version 3709383).
LogModuleManager: Display: Found up-to-date module file ../../../Engine/Plugins/Online/OnlineSubsystemUtils/Binaries/Win64/UE4Editor-OnlineSubsystemUtils.dll (API version 3709383).
LogModuleManager: Display: Found up-to-date module file ../../../Engine/Plugins/Online/OnlineSubsystemUtils/Binaries/Win64/UE4Editor-OnlineBlueprintSupport.dll (API version 3709383).
LogModuleManager: Display: Found up-to-date module file ../../../Engine/Plugins/Runtime/AndroidDeviceProfileSelector/Binaries/Win64/UE4Editor-AndroidDeviceProfileSelector.dll (API version 3709383).
LogModuleManager: Display: Found up-to-date module file ../../../Engine/Plugins/Runtime/AppleARKit/Binaries/Win64/UE4Editor-AppleARKit.dll (API version 3709383).
LogModuleManager: Display: Found up-to-date module file ../../../Engine/Plugins/Runtime/ArchVisCharacter/Binaries/Win64/UE4Editor-ArchVisCharacter.dll (API version 3709383).
LogModuleManager: Display: Found up-to-date module file ../../../Engine/Plugins/Runtime/CableComponent/Binaries/Win64/UE4Editor-CableComponent.dll (API version 3709383).
LogModuleManager: Display: Found up-to-date module file ../../../Engine/Plugins/Runtime/CustomMeshComponent/Binaries/Win64/UE4Editor-CustomMeshComponent.dll (API version 3709383).
LogModuleManager: Display: Found up-to-date module file ../../../Engine/Plugins/Runtime/ExampleDeviceProfileSelector/Binaries/Win64/UE4Editor-ExampleDeviceProfileSelector.dll (API version 3709383).
LogModuleManager: Display: Found up-to-date module file ../../../Engine/Plugins/Runtime/ImmediatePhysics/Binaries/Win64/UE4Editor-ImmediatePhysics.dll (API version 3709383).
LogModuleManager: Display: Found up-to-date module file ../../../Engine/Plugins/Runtime/ImmediatePhysics/Binaries/Win64/UE4Editor-ImmediatePhysicsEditor.dll (API version 3709383).
LogModuleManager: Display: Found up-to-date module file ../../../Engine/Plugins/Runtime/LocationServicesBPLibrary/Binaries/Win64/UE4Editor-LocationServicesBPLibrary.dll (API version 3709383).
LogModuleManager: Display: Found up-to-date module file ../../../Engine/Plugins/Runtime/MobilePatchingUtils/Binaries/Win64/UE4Editor-MobilePatchingUtils.dll (API version 3709383).
LogModuleManager: Display: Found up-to-date module file ../../../Engine/Plugins/Runtime/Oculus/OculusVR/Binaries/Win64/UE4Editor-OculusHMD.dll (API version 3709383).
LogModuleManager: Display: Found up-to-date module file ../../../Engine/Plugins/Runtime/Oculus/OculusVR/Binaries/Win64/UE4Editor-OculusInput.dll (API version 3709383).
LogModuleManager: Display: Found up-to-date module file ../../../Engine/Plugins/Runtime/Oculus/OculusVR/Binaries/Win64/UE4Editor-OculusEditor.dll (API version 3709383).
LogModuleManager: Display: Found up-to-date module file ../../../Engine/Plugins/Runtime/PhysXVehicles/Binaries/Win64/UE4Editor-PhysXVehicles.dll (API version 3709383).
LogModuleManager: Display: Found up-to-date module file ../../../Engine/Plugins/Runtime/PhysXVehicles/Binaries/Win64/UE4Editor-PhysXVehiclesEditor.dll (API version 3709383).
LogModuleManager: Display: Found up-to-date module file ../../../Engine/Plugins/Runtime/ProceduralMeshComponent/Binaries/Win64/UE4Editor-ProceduralMeshComponent.dll (API version 3709383).
LogModuleManager: Display: Found up-to-date module file ../../../Engine/Plugins/Runtime/ProceduralMeshComponent/Binaries/Win64/UE4Editor-ProceduralMeshComponentEditor.dll (API version 3709383).
LogModuleManager: Display: Found up-to-date module file ../../../Engine/Plugins/Runtime/RuntimePhysXCooking/Binaries/Win64/UE4Editor-RuntimePhysXCooking.dll (API version 3709383).
LogModuleManager: Display: Found up-to-date module file ../../../Engine/Plugins/Runtime/Steam/SteamVR/Binaries/Win64/UE4Editor-SteamVR.dll (API version 3709383).
LogModuleManager: Display: Found up-to-date module file ../../../Engine/Plugins/Runtime/Steam/SteamVR/Binaries/Win64/UE4Editor-SteamVRController.dll (API version 3709383).
LogModuleManager: Display: Found up-to-date module file ../../../Engine/Plugins/Runtime/WindowsMoviePlayer/Binaries/Win64/UE4Editor-WindowsMoviePlayer.dll (API version 3709383).
LogPluginManager: Mounting plugin Paper2D
LogPluginManager: Mounting plugin LightPropagationVolume
LogPluginManager: Mounting plugin CodeLiteSourceCodeAccess
LogPluginManager: Mounting plugin GitSourceControl
LogPluginManager: Mounting plugin KDevelopSourceCodeAccess
LogPluginManager: Mounting plugin NullSourceCodeAccess
LogPluginManager: Mounting plugin PerforceSourceControl
LogPluginManager: Mounting plugin SubversionSourceControl
LogPluginManager: Mounting plugin UObjectPlugin
LogPluginManager: Mounting plugin VisualStudioCodeSourceCodeAccess
LogPluginManager: Mounting plugin VisualStudioSourceCodeAccess
LogPluginManager: Mounting plugin XCodeSourceCodeAccess
LogPluginManager: Mounting plugin AssetManagerEditor
LogPluginManager: Mounting plugin AudioCapture
LogPluginManager: Mounting plugin FacialAnimation
LogPluginManager: Mounting plugin GameplayTagsEditor
LogPluginManager: Mounting plugin MobileLauncherProfileWizard
LogPluginManager: Mounting plugin PluginBrowser
LogPluginManager: Mounting plugin SpeedTreeImporter
LogPluginManager: Mounting plugin AlembicImporter
LogPluginManager: Mounting plugin CharacterAI
LogPluginManager: Mounting plugin HTML5Networking
LogPluginManager: Mounting plugin AndroidMedia
LogPluginManager: Mounting plugin AvfMedia
LogPluginManager: Mounting plugin ImgMedia
LogPluginManager: Mounting plugin MediaCompositing
LogPluginManager: Mounting plugin MediaPlayerEditor
LogPluginManager: Mounting plugin WmfMedia
LogPluginManager: Mounting plugin TcpMessaging
LogPluginManager: Mounting plugin UdpMessaging
LogPluginManager: Mounting plugin ActorSequence
LogPluginManager: Mounting plugin LevelSequenceEditor
LogPluginManager: Mounting plugin MatineeToLevelSequence
LogPluginManager: Mounting plugin OnlineSubsystemGooglePlay
LogPluginManager: Mounting plugin OnlineSubsystemIOS
LogPluginManager: Mounting plugin OnlineSubsystem
LogPluginManager: Mounting plugin OnlineSubsystemNull
LogPluginManager: Mounting plugin OnlineSubsystemUtils
LogPluginManager: Mounting plugin AndroidDeviceProfileSelector
LogPluginManager: Mounting plugin AndroidMoviePlayer
LogPluginManager: Mounting plugin AndroidPermission
LogPluginManager: Mounting plugin AppleARKit
LogPluginManager: Mounting plugin AppleMoviePlayer
LogPluginManager: Mounting plugin ArchVisCharacter
LogPluginManager: Mounting plugin CableComponent
LogPluginManager: Mounting plugin CustomMeshComponent
LogPluginManager: Mounting plugin ExampleDeviceProfileSelector
LogPluginManager: Mounting plugin GoogleCloudMessaging
LogPluginManager: Mounting plugin ImmediatePhysics
LogPluginManager: Mounting plugin IOSDeviceProfileSelector
LogPluginManager: Mounting plugin LinuxDeviceProfileSelector
LogPluginManager: Mounting plugin LocationServicesBPLibrary
LogPluginManager: Mounting plugin MobilePatchingUtils
LogPluginManager: Mounting plugin OculusVR
LogPluginManager: Plugin shader directory ../../../Engine/Plugins/Runtime/Oculus/OculusVR/Shaders found
LogPluginManager: Mapping shader source directory ../../../Engine/Plugins/Runtime/Oculus/OculusVR/Shaders to virtual directory /Plugin/OculusVR
LogPluginManager: Mounting plugin PhysXVehicles
LogPluginManager: Mounting plugin ProceduralMeshComponent
LogPluginManager: Mounting plugin RuntimePhysXCooking
LogPluginManager: Mounting plugin SteamVR
LogPluginManager: Mounting plugin WindowsMoviePlayer
LogInit: Using libcurl 7.47.1
LogInit:  - built for x86_64-pc-win32
LogInit:  - supports SSL with OpenSSL/1.0.2g
LogInit:  - supports HTTP deflate (compression) using libz 1.2.8
LogInit:  - other features:
LogInit:      CURL_VERSION_SSL
LogInit:      CURL_VERSION_LIBZ
LogInit:      CURL_VERSION_IPV6
LogInit:      CURL_VERSION_ASYNCHDNS
LogInit:      CURL_VERSION_LARGEFILE
LogInit:      CURL_VERSION_IDN
LogInit:  CurlRequestOptions (configurable via config and command line):
LogInit:  - bVerifyPeer = false  - Libcurl will NOT verify peer certificate
LogInit:  - bUseHttpProxy = false  - Libcurl will NOT use HTTP proxy
LogInit:  - bDontReuseConnections = false  - Libcurl will reuse connections
LogInit:  - CertBundlePath = nullptr  - Libcurl will use whatever was configured at build time.
LogInit: Build: ++UE4+Release-4.18-CL-3794801
LogInit: Engine Version: 4.18.2-3794801+++UE4+Release-4.18
LogInit: Compatible Engine Version: 4.18.0-3709383+++UE4+Release-4.18
LogInit: Net CL: 3709383
LogDevObjectVersion: Number of dev versions registered: 16
LogDevObjectVersion:   Dev-Blueprints (B0D832E4-1F89-4F0D-ACCF-7EB736FD4AA2): 10
LogDevObjectVersion:   Dev-Build (E1C64328-A22C-4D53-A36C-8E866417BD8C): 0
LogDevObjectVersion:   Dev-Core (375EC13C-06E4-48FB-B500-84F0262A717E): 2
LogDevObjectVersion:   Dev-Editor (E4B068ED-F494-42E9-A231-DA0B2E46BB41): 20
LogDevObjectVersion:   Dev-Framework (CFFC743F-43B0-4480-9391-14DF171D2073): 30
LogDevObjectVersion:   Dev-Mobile (B02B49B5-BB20-44E9-A304-32B752E40360): 0
LogDevObjectVersion:   Dev-Networking (A4E4105C-59A1-49B5-A7C5-40C4547EDFEE): 0
LogDevObjectVersion:   Dev-Online (39C831C9-5AE6-47DC-9A44-9C173E1C8E7C): 0
LogDevObjectVersion:   Dev-Physics (78F01B33-EBEA-4F98-B9B4-84EACCB95AA2): 0
LogDevObjectVersion:   Dev-Platform (6631380F-2D4D-43E0-8009-CF276956A95A): 0
LogDevObjectVersion:   Dev-Rendering (12F88B9F-8875-4AFC-A67C-D90C383ABD29): 20
LogDevObjectVersion:   Dev-Sequencer (7B5AE74C-D270-4C10-A958-57980B212A5A): 4
LogDevObjectVersion:   Dev-VR (D7296918-1DD6-4BDD-9DE2-64A83CC13884): 0
LogDevObjectVersion:   Dev-LoadTimes (C2A15278-BFE7-4AFE-6C17-90FF531DF755): 1
LogDevObjectVersion:   Private-Geometry (6EACA3D4-40EC-4CC1-B786-8BED09428FC5): 1
LogDevObjectVersion:   Dev-AnimPhys (29E575DD-E0A3-4627-9D10-D276232CDCEA): 12
LogInit: Compiled (64-bit): Dec  8 2017 02:04:53
LogInit: Compiled with Visual C++: 19.00.24215.01
LogInit: Build Configuration: Development
LogInit: Branch Name: ++UE4+Release-4.18
LogInit: Command line:  
LogInit: Base directory: C:/Program Files/Epic Games/UE_4.18/Engine/Binaries/Win64/
LogInit: Installed Engine Build: 1
LogInit: Presizing for max 8388607 objects, including 0 objects not considered by GC, pre-allocating 0 bytes for permanent pool.
LogInit: Object subsystem initialized
[2017.12.22-09.02.44:988][  0]LogInit: Selected Device Profile: [Windows]
[2017.12.22-09.02.44:988][  0]LogInit: Applying CVar settings loaded from the selected device profile: [Windows]
[2017.12.22-09.02.45:004][  0]LogInit: Computer: ASUS-25
[2017.12.22-09.02.45:004][  0]LogInit: User: Adrià
[2017.12.22-09.02.45:004][  0]LogInit: CPU Page size=4096, Cores=4
[2017.12.22-09.02.45:004][  0]LogInit: High frequency timer resolution =2.742187 MHz
[2017.12.22-09.02.45:004][  0]LogMemory: Memory total: Physical=7.9GB (8GB approx)
[2017.12.22-09.02.45:004][  0]LogMemory: Platform Memory Stats for Windows
[2017.12.22-09.02.45:004][  0]LogMemory: Process Physical Memory: 274.54 MB used, 274.54 MB peak
[2017.12.22-09.02.45:004][  0]LogMemory: Process Virtual Memory: 276.92 MB used, 276.92 MB peak
[2017.12.22-09.02.45:004][  0]LogMemory: Physical Memory: 4544.45 MB used,  3528.63 MB free, 8073.08 MB total
[2017.12.22-09.02.45:004][  0]LogMemory: Virtual Memory: 675.08 MB used,  3528.63 MB free, 134217728.00 MB total
[2017.12.22-09.02.45:926][  0]LogInit: Using OS detected language (en-US).
[2017.12.22-09.02.45:926][  0]LogInit: Using OS detected locale (en-US).
[2017.12.22-09.02.45:930][  0]LogTextLocalizationManager: No specific localization for 'en-US' exists, so the 'en' localization will be used.
[2017.12.22-09.02.46:316][  0]LogInit: Setting process to per monitor DPI aware
[2017.12.22-09.02.46:642][  0]LogD3D11RHI: D3D11 adapters:
[2017.12.22-09.02.46:704][  0]LogD3D11RHI:    0. 'NVIDIA GeForce GTX 1050' (Feature Level 11_0)
[2017.12.22-09.02.46:704][  0]LogD3D11RHI:       4031/0/4036 MB DedicatedVideo/DedicatedSystem/SharedSystem, Outputs:1, VendorId:0x10de
[2017.12.22-09.02.46:712][  0]LogD3D11RHI:    1. 'Intel(R) HD Graphics 630' (Feature Level 11_0)
[2017.12.22-09.02.46:712][  0]LogD3D11RHI:       128/0/4036 MB DedicatedVideo/DedicatedSystem/SharedSystem, Outputs:0, VendorId:0x8086
[2017.12.22-09.02.46:714][  0]LogD3D11RHI:    2. 'Microsoft Basic Render Driver' (Feature Level 11_0)
[2017.12.22-09.02.46:714][  0]LogD3D11RHI:       0/0/4036 MB DedicatedVideo/DedicatedSystem/SharedSystem, Outputs:0, VendorId:0x1414
[2017.12.22-09.02.46:714][  0]LogD3D11RHI: Chosen D3D11 Adapter: 0
[2017.12.22-09.02.46:721][  0]LogD3D11RHI: Creating new Direct3DDevice
[2017.12.22-09.02.46:721][  0]LogD3D11RHI:     GPU DeviceId: 0x1c8d (for the marketing name, search the web for "GPU Device Id")
[2017.12.22-09.02.46:721][  0]LogWindows: EnumDisplayDevices:
[2017.12.22-09.02.46:721][  0]LogWindows:    0. 'Intel(R) HD Graphics 630' (P:1 D:1)
[2017.12.22-09.02.46:721][  0]LogWindows:    1. 'Intel(R) HD Graphics 630' (P:0 D:0)
[2017.12.22-09.02.46:721][  0]LogWindows:    2. 'Intel(R) HD Graphics 630' (P:0 D:0)
[2017.12.22-09.02.46:721][  0]LogWindows: DebugString: GetVideoDriverDetailsInvalid PrimaryIsNotTheChoosenAdapter GetVideoDriverDetailsInvalid PrimaryIsNotTheChoosenAdapter GetVideoDriverDetailsInvalid PrimaryIsNotTheChoosenAdapter FoundDriverCount:0 
[2017.12.22-09.02.46:721][  0]LogD3D11RHI:     Adapter Name: NVIDIA GeForce GTX 1050
[2017.12.22-09.02.46:721][  0]LogD3D11RHI:   Driver Version: Unknown (internal:Unknown, unified:Unknown)
[2017.12.22-09.02.46:721][  0]LogD3D11RHI:      Driver Date: Unknown
[2017.12.22-09.02.46:721][  0]LogRHI: Texture pool is 2821 MB (70% of 4031 MB)
[2017.12.22-09.02.46:747][  0]LogD3D11RHI: Async texture creation enabled
[2017.12.22-09.02.46:810][  0]LogD3D11RHI: GPU Timing Frequency: 1000.000000 (Debug: 2 1)
[2017.12.22-09.02.46:811][  0]LogShaderCompilers: Guid format shader working directory is -20 characters bigger than the processId version (../../../../../../Users/Alumno/Documents/Casino Royale/SideScroller/Intermediate/Shaders/WorkingDirectory/9708/).
[2017.12.22-09.02.46:811][  0]LogShaderCompilers: Cleaned the shader compiler working directory 'C:/Users/Alumno/AppData/Local/Temp/UnrealShaderWorkingDir/2733E62D404E7B4420CB0EA49F2DFDAF/'.
[2017.12.22-09.02.46:811][  0]LogShaderCompilers: Display: Using Local Shader Compiler.
[2017.12.22-09.02.47:807][  0]LogTemp: Display: Loaded TP AllDesktopTargetPlatform
[2017.12.22-09.02.47:881][  0]LogTemp: Display: Loaded TP MacClientTargetPlatform
[2017.12.22-09.02.47:954][  0]LogTemp: Display: Loaded TP MacNoEditorTargetPlatform
[2017.12.22-09.02.48:031][  0]LogTemp: Display: Loaded TP MacServerTargetPlatform
[2017.12.22-09.02.48:106][  0]LogTemp: Display: Loaded TP MacTargetPlatform
[2017.12.22-09.02.48:181][  0]LogTemp: Display: Loaded TP WindowsClientTargetPlatform
[2017.12.22-09.02.48:255][  0]LogTemp: Display: Loaded TP WindowsNoEditorTargetPlatform
[2017.12.22-09.02.48:331][  0]LogTemp: Display: Loaded TP WindowsServerTargetPlatform
[2017.12.22-09.02.48:402][  0]LogTemp: Display: Loaded TP WindowsTargetPlatform
[2017.12.22-09.02.48:477][  0]LogTemp: Display: Loaded TP Android_ASTCTargetPlatform
[2017.12.22-09.02.48:551][  0]LogTemp: Display: Loaded TP Android_ATCTargetPlatform
[2017.12.22-09.02.48:625][  0]LogTemp: Display: Loaded TP Android_DXTTargetPlatform
[2017.12.22-09.02.48:699][  0]LogTemp: Display: Loaded TP Android_ETC1TargetPlatform
[2017.12.22-09.02.48:773][  0]LogTemp: Display: Loaded TP Android_ETC2TargetPlatform
[2017.12.22-09.02.48:921][  0]LogTemp: Display: Loaded TP Android_MultiTargetPlatform
[2017.12.22-09.02.48:921][  0]LogTemp: Display: Loaded TP Android_PVRTCTargetPlatform
[2017.12.22-09.02.48:998][  0]LogTemp: Display: Loaded TP AndroidTargetPlatform
[2017.12.22-09.02.49:061][  0]LogTemp: Display: Loaded TP HTML5TargetPlatform
[2017.12.22-09.02.49:183][  0]LogTemp: Display: Loaded TP IOSTargetPlatform
[2017.12.22-09.02.49:219][  0]LogTemp: Display: Loaded TP TVOSTargetPlatform
[2017.12.22-09.02.49:292][  0]LogTemp: Display: Loaded TP LinuxClientTargetPlatform
[2017.12.22-09.02.49:368][  0]LogTemp: Display: Loaded TP LinuxNoEditorTargetPlatform
[2017.12.22-09.02.49:442][  0]LogTemp: Display: Loaded TP LinuxServerTargetPlatform
[2017.12.22-09.02.49:517][  0]LogTemp: Display: Loaded TP LinuxTargetPlatform
[2017.12.22-09.02.49:517][  0]LogTargetPlatformManager: Display: Building Assets For Windows
[2017.12.22-09.02.50:227][  0]LogDerivedDataCache: Display: Max Cache Size: 512 MB
[2017.12.22-09.02.50:307][  0]LogDerivedDataCache: Loaded boot cache 0.08s 78MB C:/Users/Alumno/AppData/Local/UnrealEngine/4.18/DerivedDataCache/Boot.ddc.
[2017.12.22-09.02.50:307][  0]LogDerivedDataCache: Display: Loaded Boot cache: C:/Users/Alumno/AppData/Local/UnrealEngine/4.18/DerivedDataCache/Boot.ddc
[2017.12.22-09.02.50:307][  0]LogDerivedDataCache: FDerivedDataBackendGraph:  Pak pak cache file ../../../../../../Users/Alumno/Documents/Casino Royale/SideScroller/DerivedDataCache/DDC.ddp not found, will not use a pak cache.
[2017.12.22-09.02.50:307][  0]LogDerivedDataCache: Unable to find inner node Pak for hierarchical cache Hierarchy.
[2017.12.22-09.02.50:307][  0]LogDerivedDataCache: FDerivedDataBackendGraph:  CompressedPak pak cache file ../../../../../../Users/Alumno/Documents/Casino Royale/SideScroller/DerivedDataCache/Compressed.ddp not found, will not use a pak cache.
[2017.12.22-09.02.50:307][  0]LogDerivedDataCache: Unable to find inner node CompressedPak for hierarchical cache Hierarchy.
[2017.12.22-09.02.50:322][  0]LogDerivedDataCache: Display: Pak cache opened for reading ../../../Engine/DerivedDataCache/Compressed.ddp.
[2017.12.22-09.02.50:335][  0]LogDerivedDataCache: Using Local data cache path C:/Users/Alumno/AppData/Local/UnrealEngine/Common/DerivedDataCache: Writable
[2017.12.22-09.02.50:345][  0]LogMaterial: Verifying Global Shaders for PCD3D_SM5
[2017.12.22-09.02.50:345][  0]LogSlate: Using Freetype 2.6.0
[2017.12.22-09.02.50:346][  0]LogSlate: SlateFontCache - WITH_FREETYPE: 1, WITH_HARFBUZZ: 1
[2017.12.22-09.02.50:346][  0]LogSlate: SlateFontCache - WITH_FREETYPE: 1, WITH_HARFBUZZ: 1
[2017.12.22-09.02.50:746][  0]LogInit: Selected Device Profile: [Windows]
[2017.12.22-09.02.51:218][  0]LogSimplygon: Simplygon DLL not present - disabling.
[2017.12.22-09.02.51:283][  0]LogMeshReduction: Using SimplygonSwarm for distributed automatic mesh merging
[2017.12.22-09.02.51:283][  0]LogMeshReduction: Using QuadricMeshReduction for automatic static mesh reduction
[2017.12.22-09.02.51:283][  0]LogMeshReduction: No automatic skeletal mesh reduction module available
[2017.12.22-09.02.51:283][  0]LogMeshReduction: No automatic mesh merging module available
[2017.12.22-09.02.51:283][  0]LogMeshMerging: No automatic mesh merging module available
[2017.12.22-09.02.51:322][  0]LogNetVersion: SideScroller , NetCL: 3709383, EngineNetVer: 2, GameNetVer: 0 (Checksum: 123061163)
[2017.12.22-09.02.51:548][  0]LogAssetRegistry: FAssetRegistry took 0.0266 seconds to start up
[2017.12.22-09.02.52:270][  0]LogPackageLocalizationCache: Processed 7 localized package path(s) for 2 prioritized culture(s) in 0.104030 seconds
[2017.12.22-09.02.52:275][  0]LogUObjectArray: 35900 objects as part of root set at end of initial load.
[2017.12.22-09.02.52:275][  0]LogUObjectAllocator: 7372016 out of 0 bytes used by permanent object pool.
[2017.12.22-09.02.52:275][  0]LogUObjectArray: CloseDisregardForGC: 0/0 objects in disregard for GC pool
[2017.12.22-09.02.52:353][  0]LogInit: WinSock: version 1.1 (2.2), MaxSocks=32767, MaxUdp=65467
[2017.12.22-09.02.56:170][  0]LogTcpMessaging: Initializing TcpMessaging bridge
[2017.12.22-09.02.56:228][  0]LogUdpMessaging: Initializing bridge on interface 0.0.0.0:0 to multicast group 230.0.0.1:6666.
[2017.12.22-09.02.57:253][  0]LogMaterial: Uniform references updated for custom material expression Custom.
[2017.12.22-09.02.57:896][  0]SourceControl: Source control is disabled
[2017.12.22-09.02.57:896][  0]SourceControl: Source control is disabled
[2017.12.22-09.02.57:991][  0]SourceControl: Source control is disabled
[2017.12.22-09.02.58:076][  0]SourceControl: Source control is disabled
[2017.12.22-09.02.59:391][  0]LogAndroidPermission: UAndroidPermissionCallbackProxy::GetInstance
[2017.12.22-09.02.59:829][  0]LogOcInput: OculusInput pre-init called
[2017.12.22-09.03.00:275][  0]LogEngine: Initializing Engine...
[2017.12.22-09.03.00:278][  0]LogHMD: Failed to initialize OpenVR with code 110
[2017.12.22-09.03.00:514][  0]LogStats: UGameplayTagsManager::ConstructGameplayTagTree: Construct from data asset -  0.000 s
[2017.12.22-09.03.00:514][  0]LogStats: UGameplayTagsManager::ConstructGameplayTagTree: GameplayTagTreeChangedEvent.Broadcast -  0.000 s
[2017.12.22-09.03.00:736][  0]LogAIModule: Creating AISystem for world Untitled
[2017.12.22-09.03.00:748][  0]LogInit: XAudio2 using 'Speakers (Realtek High Definition Audio)' : 2 channels at 48 kHz using 32 bits per sample (channel mask 0x3)
[2017.12.22-09.03.00:946][  0]LogInit: FAudioDevice initialized.
[2017.12.22-09.03.01:043][  0]LogDerivedDataCache: Saved boot cache 0.10s 78MB C:/Users/Alumno/AppData/Local/UnrealEngine/4.18/DerivedDataCache/Boot.ddc.
[2017.12.22-09.03.01:062][  0]LogInit: Texture streaming: Enabled
[2017.12.22-09.03.01:207][  0]LogEngineSessionManager: EngineSessionManager initialized
[2017.12.22-09.03.01:408][  0]LogInit: Transaction tracking system initialized
[2017.12.22-09.03.01:907][  0]BlueprintLog: New page: Editor Load
[2017.12.22-09.03.03:302][  0]LocalizationService: Localization service is disabled
[2017.12.22-09.03.04:458][  0]LogConsoleResponse: Display: 
[2017.12.22-09.03.04:688][  0]LogCook: Display: Max memory allowance for cook 16384mb min free memory 0mb
[2017.12.22-09.03.04:689][  0]LogCook: Display: Mobile HDR setting 1
[2017.12.22-09.03.04:689][  0]LogGameplayTags: Display: UGameplayTagsManager::DoneAddingNativeTags. DelegateIsBound: 0
[2017.12.22-09.03.05:711][  0]LogFileCache: Scanning file cache for directory 'C:/Users/Alumno/Documents/Casino Royale/SideScroller/Content/' took 0.02s
[2017.12.22-09.03.06:570][  0]SourceControl: Source control is disabled
[2017.12.22-09.03.06:570][  0]Cmd: MAP LOAD FILE="../../../../../../Users/Alumno/Documents/Casino Royale/SideScroller/Content/SideScrollerBP/Maps/SideScrollerExampleMap.umap" TEMPLATE=0 SHOWPROGRESS=1 FEATURELEVEL=3
[2017.12.22-09.03.06:571][  0]LogEditorServer: Warning: Can't find file '../../../../../../Users/Alumno/Documents/Casino Royale/SideScroller/Content/SideScrollerBP/Maps/SideScrollerExampleMap.umap'
[2017.12.22-09.03.06:571][  0]Cmd: MAP CHECKDEP NOCLEARLOG
[2017.12.22-09.03.06:656][  0]MapCheck: Map check complete: 0 Error(s), 0 Warning(s), took 85.514ms to complete.
[2017.12.22-09.03.06:656][  0]LogFileHelpers: Loading map 'SideScrollerExampleMap' took 0.086
[2017.12.22-09.03.06:712][  0]LogWindowsTextInputMethodSystem: Display: IME system now deactivated.
[2017.12.22-09.03.06:807][  0]LogCollectionManager: Loaded 0 collections in 0.002385 seconds
[2017.12.22-09.03.06:916][  0]LogFileCache: Scanning file cache for directory 'C:/Users/Alumno/Documents/Casino Royale/SideScroller/Saved/Collections/' took 0.01s
[2017.12.22-09.03.06:916][  0]LogFileCache: Scanning file cache for directory 'C:/Users/Alumno/Documents/Casino Royale/SideScroller/Content/Developers/Adrià/Collections/' took 0.01s
[2017.12.22-09.03.06:916][  0]LogFileCache: Scanning file cache for directory 'C:/Users/Alumno/Documents/Casino Royale/SideScroller/Content/Collections/' took 0.01s
[2017.12.22-09.03.06:916][  0]LogCollectionManager: Rebuilt the GUID cache for 0 collections in 0.000000 seconds
[2017.12.22-09.03.06:924][  0]LogContentBrowser: Native class hierarchy populated in 0.0078 seconds. Added 2363 classes and 519 folders.
[2017.12.22-09.03.07:027][  0]LogContentBrowser: Native class hierarchy updated for 'WidgetCarousel' in 0.0003 seconds. Added 0 classes and 0 folders.
[2017.12.22-09.03.07:086][  0]LogContentBrowser: Native class hierarchy updated for 'AddContentDialog' in 0.0003 seconds. Added 0 classes and 0 folders.
[2017.12.22-09.03.07:157][  0]LogContentBrowser: Native class hierarchy updated for 'SceneOutliner' in 0.0002 seconds. Added 1 classes and 2 folders.
[2017.12.22-09.03.07:174][  0]LogSlate: Took 0.000269 seconds to synchronously load lazily loaded font '../../../Engine/Content/Slate/Fonts/Roboto-Regular.ttf' (155K)
[2017.12.22-09.03.07:178][  0]LogSlate: Took 0.000524 seconds to synchronously load lazily loaded font '../../../Engine/Content/Slate/Fonts/Roboto-Bold.ttf' (160K)
[2017.12.22-09.03.07:187][  0]LogSlate: Took 0.000251 seconds to synchronously load lazily loaded font '../../../Engine/Content/Editor/Slate/Fonts/FontAwesome.ttf' (139K)
[2017.12.22-09.03.07:291][  0]LogRenderer: Reallocating scene render targets to support 964x436 Format 10 NumSamples 1 (Frame:1).
[2017.12.22-09.03.07:535][  0]LogContentBrowser: Native class hierarchy updated for 'HierarchicalLODOutliner' in 0.0002 seconds. Added 1 classes and 2 folders.
[2017.12.22-09.03.07:535][  0]LogLoad: (Engine Initialization) Total time: 26.04 seconds
[2017.12.22-09.03.07:535][  0]LogLoad: (Engine Initialization) Total Blueprint compile time: 0.00 seconds
[2017.12.22-09.03.07:535][  0]LogExternalProfiler: No external profilers were discovered.  External profiling features will not be available.
[2017.12.22-09.03.07:564][  0]LogContentStreaming: Texture pool size now 1000 MB
[2017.12.22-09.03.07:625][  1]LogAssetRegistry: Asset discovery search completed in 16.0996 seconds
[2017.12.22-09.03.07:627][  1]LogCollectionManager: Rebuilt the object cache for 0 collections in 0.000000 seconds (found 0 objects)
[2017.12.22-09.03.07:627][  1]LogCollectionManager: Fixed up redirectors for 0 collections in 0.000035 seconds (updated 0 objects)
[2017.12.22-09.03.11:635][116]LogSlate: Took 0.000246 seconds to synchronously load lazily loaded font '../../../Engine/Content/Slate/Fonts/Roboto-Light.ttf' (159K)
[2017.12.22-09.03.15:063][198]LogSlate: Took 0.000172 seconds to synchronously load lazily loaded font '../../../Engine/Content/Slate/Fonts/Roboto-Light.ttf' (159K)
[2017.12.22-09.03.15:867][198]LogAIModule: Creating AISystem for world Level
[2017.12.22-09.03.15:929][198]Cmd: MAP LOAD FILE="../../../../../../Users/Alumno/Documents/Casino Royale/SideScroller/Content/Scenes/Level.umap" TEMPLATE=0 SHOWPROGRESS=1 FEATURELEVEL=3
[2017.12.22-09.03.15:929][198]LightingResults: New page: Lighting Build
[2017.12.22-09.03.15:995][198]LogContentBrowser: Native class hierarchy updated for 'StatsViewer' in 0.0002 seconds. Added 5 classes and 0 folders.
[2017.12.22-09.03.15:996][198]LoadErrors: New page: Loading map: Level.umap
[2017.12.22-09.03.16:000][198]MapCheck: New page: Map Check
[2017.12.22-09.03.16:000][198]LightingResults: New page: Lighting Build
[2017.12.22-09.03.16:018][198]LogEditorServer: Finished looking for orphan Actors (0.000 secs)
[2017.12.22-09.03.16:070][198]Cmd: MAP CHECKDEP NOCLEARLOG
[2017.12.22-09.03.16:183][198]MapCheck: Map check complete: 0 Error(s), 0 Warning(s), took 113.244ms to complete.
[2017.12.22-09.03.16:184][198]LogFileHelpers: Loading map 'Level' took 0.256
[2017.12.22-09.04.07:634][744]LogHttp: Warning: 000002535BD3FA00: request failed, libcurl error: 6 (Couldn't resolve host name)
[2017.12.22-09.04.07:634][744]LogHttp: Warning: 000002535BD3FA00: libcurl info message cache 0 (Could not resolve host: datarouter.ol.epicgames.com)
[2017.12.22-09.04.07:634][744]LogHttp: Warning: 000002535BD3FA00: libcurl info message cache 1 (Closing connection 0)
[2017.12.22-09.05.14:853][741]LogTemp: Repeating last play command: Selected Viewport
[2017.12.22-09.05.14:925][741]LogBlueprintUserMessages: Early PlayInEditor Detection: Level '/Game/Scenes/Level.Level:PersistentLevel' has LevelScriptBlueprint '/Game/Scenes/Level.Level:PersistentLevel.Level' with GeneratedClass '/Game/Scenes/Level.Level_C' with ClassGeneratedBy '/Game/Scenes/Level.Level:PersistentLevel.Level'
[2017.12.22-09.05.14:926][741]LogPlayLevel: PlayLevel: No blueprints needed recompiling
[2017.12.22-09.05.14:926][741]PIE: New page: PIE session: Level (Dec 22, 2017, 11:05:14 AM)
[2017.12.22-09.05.14:926][741]LogPlayLevel: Creating play world package: /Game/Scenes/UEDPIE_0_Level
[2017.12.22-09.05.14:959][741]LogPlayLevel: PIE: StaticDuplicateObject took: (0.033236s)
[2017.12.22-09.05.14:961][741]LogAIModule: Creating AISystem for world Level
[2017.12.22-09.05.14:961][741]LogPlayLevel: PIE: World Init took: (0.001927s)
[2017.12.22-09.05.14:962][741]LogPlayLevel: PIE: Created PIE world by copying editor world from /Game/Scenes/Level.Level to /Game/Scenes/UEDPIE_0_Level.Level (0.035740s)
[2017.12.22-09.05.14:976][741]LogInit: XAudio2 using 'Speakers (Realtek High Definition Audio)' : 2 channels at 48 kHz using 32 bits per sample (channel mask 0x3)
[2017.12.22-09.05.15:014][741]LogInit: FAudioDevice initialized.
[2017.12.22-09.05.15:063][741]LogLoad: Game class is 'SideScrollerGameMode_C'
[2017.12.22-09.05.15:067][741]LogWorld: Bringing World /Game/Scenes/UEDPIE_0_Level.Level up for play (max tick rate 0) at 2017.12.22-10.05.15
[2017.12.22-09.05.15:068][741]LogWorld: Bringing up level for play took: 0.004006
[2017.12.22-09.05.15:137][741]LogContentBrowser: Native class hierarchy updated for 'MovieSceneCapture' in 0.0003 seconds. Added 11 classes and 0 folders.
[2017.12.22-09.05.15:138][741]PIE: Play in editor start time for /Game/Scenes/UEDPIE_0_Level -0.339
[2017.12.22-09.05.15:138][741]LogBlueprintUserMessages: Late PlayInEditor Detection: Level '/Game/Scenes/Level.Level:PersistentLevel' has LevelScriptBlueprint '/Game/Scenes/Level.Level:PersistentLevel.Level' with GeneratedClass '/Game/Scenes/Level.Level_C' with ClassGeneratedBy '/Game/Scenes/Level.Level:PersistentLevel.Level'
[2017.12.22-09.06.03:495][192]LogBlueprintUserMessages: Early EndPlayMap Detection: Level '/Game/Scenes/Level.Level:PersistentLevel' has LevelScriptBlueprint '/Game/Scenes/Level.Level:PersistentLevel.Level' with GeneratedClass '/Game/Scenes/Level.Level_C' with ClassGeneratedBy '/Game/Scenes/Level.Level:PersistentLevel.Level'
[2017.12.22-09.06.03:558][192]LogBlueprintUserMessages: Late EndPlayMap Detection: Level '/Game/Scenes/Level.Level:PersistentLevel' has LevelScriptBlueprint '/Game/Scenes/Level.Level:PersistentLevel.Level' with GeneratedClass '/Game/Scenes/Level.Level_C' with ClassGeneratedBy '/Game/Scenes/Level.Level:PersistentLevel.Level'
[2017.12.22-09.06.07:693][317]LogHttp: Warning: 0000025362234580: request failed, libcurl error: 6 (Couldn't resolve host name)
[2017.12.22-09.06.07:693][317]LogHttp: Warning: 0000025362234580: libcurl info message cache 0 (Could not resolve host: datarouter.ol.epicgames.com)
[2017.12.22-09.06.07:693][317]LogHttp: Warning: 0000025362234580: libcurl info message cache 1 (Closing connection 1)
[2017.12.22-09.07.22:912][986]LogTemp: Repeating last play command: Selected Viewport
[2017.12.22-09.07.22:951][986]LogBlueprintUserMessages: Early PlayInEditor Detection: Level '/Game/Scenes/Level.Level:PersistentLevel' has LevelScriptBlueprint '/Game/Scenes/Level.Level:PersistentLevel.Level' with GeneratedClass '/Game/Scenes/Level.Level_C' with ClassGeneratedBy '/Game/Scenes/Level.Level:PersistentLevel.Level'
[2017.12.22-09.07.22:951][986]LogPlayLevel: PlayLevel: No blueprints needed recompiling
[2017.12.22-09.07.22:951][986]PIE: New page: PIE session: Level (Dec 22, 2017, 11:07:22 AM)
[2017.12.22-09.07.22:951][986]LogPlayLevel: Creating play world package: /Game/Scenes/UEDPIE_0_Level
[2017.12.22-09.07.22:973][986]LogPlayLevel: PIE: StaticDuplicateObject took: (0.021530s)
[2017.12.22-09.07.22:974][986]LogAIModule: Creating AISystem for world Level
[2017.12.22-09.07.22:975][986]LogPlayLevel: PIE: World Init took: (0.001436s)
[2017.12.22-09.07.22:975][986]LogPlayLevel: PIE: Created PIE world by copying editor world from /Game/Scenes/Level.Level to /Game/Scenes/UEDPIE_0_Level.Level (0.023258s)
[2017.12.22-09.07.22:988][986]LogInit: XAudio2 using 'Speakers (Realtek High Definition Audio)' : 2 channels at 48 kHz using 32 bits per sample (channel mask 0x3)
[2017.12.22-09.07.23:038][986]LogInit: FAudioDevice initialized.
[2017.12.22-09.07.23:073][986]LogLoad: Game class is 'SideScrollerGameMode_C'
[2017.12.22-09.07.23:077][986]LogWorld: Bringing World /Game/Scenes/UEDPIE_0_Level.Level up for play (max tick rate 60) at 2017.12.22-10.07.23
[2017.12.22-09.07.23:078][986]LogWorld: Bringing up level for play took: 0.003262
[2017.12.22-09.07.23:078][986]PIE: Play in editor start time for /Game/Scenes/UEDPIE_0_Level -0.398
[2017.12.22-09.07.23:079][986]LogBlueprintUserMessages: Late PlayInEditor Detection: Level '/Game/Scenes/Level.Level:PersistentLevel' has LevelScriptBlueprint '/Game/Scenes/Level.Level:PersistentLevel.Level' with GeneratedClass '/Game/Scenes/Level.Level_C' with ClassGeneratedBy '/Game/Scenes/Level.Level:PersistentLevel.Level'
