Log file open, 03/12/18 16:33:29
LogWindows: Failed to load 'aqProf.dll' (GetLastError=126)
LogWindows: File 'aqProf.dll' does not exist
LogWindows: Failed to load 'VSPerf140.dll' (GetLastError=126)
LogWindows: File 'VSPerf140.dll' does not exist
LogWindows: Failed to load 'VtuneApi.dll' (GetLastError=126)
LogWindows: File 'VtuneApi.dll' does not exist
LogWindows: Failed to load 'VtuneApi32e.dll' (GetLastError=126)
LogWindows: File 'VtuneApi32e.dll' does not exist
LogInit: Display: Running engine for game: SideScroller
LogPlatformFile: Not using cached read wrapper
LogInit: Display: RandInit(394330475) SRandInit(394330475).
LogInit: Read version file with build ID '3709383'
LogInit: Overriding engine version to CL 3832480, compatible CL 3709383
LogInit: Registered custom module enumerator with build ID '3709383'
LogTaskGraph: Started task graph with 5 named threads and 14 total threads with 3 sets of task threads.
LogStats: Stats thread started at 1.152550
LogD3D11RHI: Aftermath initialized
LogModuleManager: Display: Found up-to-date module file ../../../Engine/Plugins/2D/Paper2D/Binaries/Win64/UE4Editor-Paper2D.dll (API version 3709383).
LogModuleManager: Display: Found up-to-date module file ../../../Engine/Plugins/2D/Paper2D/Binaries/Win64/UE4Editor-Paper2DEditor.dll (API version 3709383).
LogModuleManager: Display: Found up-to-date module file ../../../Engine/Plugins/2D/Paper2D/Binaries/Win64/UE4Editor-PaperSpriteSheetImporter.dll (API version 3709383).
LogModuleManager: Display: Found up-to-date module file ../../../Engine/Plugins/2D/Paper2D/Binaries/Win64/UE4Editor-PaperTiledImporter.dll (API version 3709383).
LogModuleManager: Display: Found up-to-date module file ../../../Engine/Plugins/2D/Paper2D/Binaries/Win64/UE4Editor-SmartSnapping.dll (API version 3709383).
LogModuleManager: Display: Found up-to-date module file ../../../Engine/Plugins/Blendables/LightPropagationVolume/Binaries/Win64/UE4Editor-LightPropagationVolumeRuntime.dll (API version 3709383).
LogModuleManager: Display: Found up-to-date module file ../../../Engine/Plugins/Blendables/LightPropagationVolume/Binaries/Win64/UE4Editor-LightPropagationVolumeEditor.dll (API version 3709383).
LogModuleManager: Display: Found up-to-date module file ../../../Engine/Plugins/Developer/GitSourceControl/Binaries/Win64/UE4Editor-GitSourceControl.dll (API version 3709383).
LogModuleManager: Display: Found up-to-date module file ../../../Engine/Plugins/Developer/PerforceSourceControl/Binaries/Win64/UE4Editor-PerforceSourceControl.dll (API version 3709383).
LogModuleManager: Display: Found up-to-date module file ../../../Engine/Plugins/Developer/SubversionSourceControl/Binaries/Win64/UE4Editor-SubversionSourceControl.dll (API version 3709383).
LogModuleManager: Display: Found up-to-date module file ../../../Engine/Plugins/Developer/UObjectPlugin/Binaries/Win64/UE4Editor-UObjectPlugin.dll (API version 3709383).
LogModuleManager: Display: Found up-to-date module file ../../../Engine/Plugins/Developer/VisualStudioCodeSourceCodeAccess/Binaries/Win64/UE4Editor-VisualStudioCodeSourceCodeAccess.dll (API version 3709383).
LogModuleManager: Display: Found up-to-date module file ../../../Engine/Plugins/Developer/VisualStudioSourceCodeAccess/Binaries/Win64/UE4Editor-VisualStudioSourceCodeAccess.dll (API version 3709383).
LogModuleManager: Display: Found up-to-date module file ../../../Engine/Plugins/Editor/AssetManagerEditor/Binaries/Win64/UE4Editor-AssetManagerEditor.dll (API version 3709383).
LogModuleManager: Display: Found up-to-date module file ../../../Engine/Plugins/Editor/AudioCapture/Binaries/Win64/UE4Editor-AudioCapture.dll (API version 3709383).
LogModuleManager: Display: Found up-to-date module file ../../../Engine/Plugins/Editor/FacialAnimation/Binaries/Win64/UE4Editor-FacialAnimation.dll (API version 3709383).
LogModuleManager: Display: Found up-to-date module file ../../../Engine/Plugins/Editor/FacialAnimation/Binaries/Win64/UE4Editor-FacialAnimationEditor.dll (API version 3709383).
LogModuleManager: Display: Found up-to-date module file ../../../Engine/Plugins/Editor/GameplayTagsEditor/Binaries/Win64/UE4Editor-GameplayTagsEditor.dll (API version 3709383).
LogModuleManager: Display: Found up-to-date module file ../../../Engine/Plugins/Editor/MobileLauncherProfileWizard/Binaries/Win64/UE4Editor-MobileLauncherProfileWizard.dll (API version 3709383).
LogModuleManager: Display: Found up-to-date module file ../../../Engine/Plugins/Editor/PluginBrowser/Binaries/Win64/UE4Editor-PluginBrowser.dll (API version 3709383).
LogModuleManager: Display: Found up-to-date module file ../../../Engine/Plugins/Editor/SpeedTreeImporter/Binaries/Win64/UE4Editor-SpeedTreeImporter.dll (API version 3709383).
LogModuleManager: Display: Found up-to-date module file ../../../Engine/Plugins/Experimental/AlembicImporter/Binaries/Win64/UE4Editor-AlembicImporter.dll (API version 3709383).
LogModuleManager: Display: Found up-to-date module file ../../../Engine/Plugins/Experimental/AlembicImporter/Binaries/Win64/UE4Editor-AlembicLibrary.dll (API version 3709383).
LogModuleManager: Display: Found up-to-date module file ../../../Engine/Plugins/Experimental/CharacterAI/Binaries/Win64/UE4Editor-CharacterAI.dll (API version 3709383).
LogModuleManager: Display: Found up-to-date module file ../../../Engine/Plugins/Experimental/HTML5Networking/Binaries/Win64/UE4Editor-HTML5Networking.dll (API version 3709383).
LogModuleManager: Display: Found up-to-date module file ../../../Engine/Plugins/Media/AndroidMedia/Binaries/Win64/UE4Editor-AndroidMediaEditor.dll (API version 3709383).
LogModuleManager: Display: Found up-to-date module file ../../../Engine/Plugins/Media/AndroidMedia/Binaries/Win64/UE4Editor-AndroidMediaFactory.dll (API version 3709383).
LogModuleManager: Display: Found up-to-date module file ../../../Engine/Plugins/Media/AvfMedia/Binaries/Win64/UE4Editor-AvfMediaEditor.dll (API version 3709383).
LogModuleManager: Display: Found up-to-date module file ../../../Engine/Plugins/Media/AvfMedia/Binaries/Win64/UE4Editor-AvfMediaFactory.dll (API version 3709383).
LogModuleManager: Display: Found up-to-date module file ../../../Engine/Plugins/Media/AvfMedia/Binaries/Win64/UE4Editor-AvfMediaFactory.dll (API version 3709383).
LogModuleManager: Display: Found up-to-date module file ../../../Engine/Plugins/Media/ImgMedia/Binaries/Win64/UE4Editor-ImgMedia.dll (API version 3709383).
LogModuleManager: Display: Found up-to-date module file ../../../Engine/Plugins/Media/ImgMedia/Binaries/Win64/UE4Editor-ImgMediaEditor.dll (API version 3709383).
LogModuleManager: Display: Found up-to-date module file ../../../Engine/Plugins/Media/ImgMedia/Binaries/Win64/UE4Editor-ImgMediaFactory.dll (API version 3709383).
LogModuleManager: Display: Found up-to-date module file ../../../Engine/Plugins/Media/ImgMedia/Binaries/Win64/UE4Editor-ImgMediaFactory.dll (API version 3709383).
LogModuleManager: Display: Found up-to-date module file ../../../Engine/Plugins/Media/ImgMedia/Binaries/Win64/UE4Editor-OpenExrWrapper.dll (API version 3709383).
LogModuleManager: Display: Found up-to-date module file ../../../Engine/Plugins/Media/MediaCompositing/Binaries/Win64/UE4Editor-MediaCompositing.dll (API version 3709383).
LogModuleManager: Display: Found up-to-date module file ../../../Engine/Plugins/Media/MediaCompositing/Binaries/Win64/UE4Editor-MediaCompositingEditor.dll (API version 3709383).
LogModuleManager: Display: Found up-to-date module file ../../../Engine/Plugins/Media/MediaPlayerEditor/Binaries/Win64/UE4Editor-MediaPlayerEditor.dll (API version 3709383).
LogModuleManager: Display: Found up-to-date module file ../../../Engine/Plugins/Media/WmfMedia/Binaries/Win64/UE4Editor-WmfMedia.dll (API version 3709383).
LogModuleManager: Display: Found up-to-date module file ../../../Engine/Plugins/Media/WmfMedia/Binaries/Win64/UE4Editor-WmfMediaEditor.dll (API version 3709383).
LogModuleManager: Display: Found up-to-date module file ../../../Engine/Plugins/Media/WmfMedia/Binaries/Win64/UE4Editor-WmfMediaFactory.dll (API version 3709383).
LogModuleManager: Display: Found up-to-date module file ../../../Engine/Plugins/Media/WmfMedia/Binaries/Win64/UE4Editor-WmfMediaFactory.dll (API version 3709383).
LogModuleManager: Display: Found up-to-date module file ../../../Engine/Plugins/Messaging/TcpMessaging/Binaries/Win64/UE4Editor-TcpMessaging.dll (API version 3709383).
LogModuleManager: Display: Found up-to-date module file ../../../Engine/Plugins/Messaging/UdpMessaging/Binaries/Win64/UE4Editor-UdpMessaging.dll (API version 3709383).
LogModuleManager: Display: Found up-to-date module file ../../../Engine/Plugins/MovieScene/ActorSequence/Binaries/Win64/UE4Editor-ActorSequence.dll (API version 3709383).
LogModuleManager: Display: Found up-to-date module file ../../../Engine/Plugins/MovieScene/LevelSequenceEditor/Binaries/Win64/UE4Editor-LevelSequenceEditor.dll (API version 3709383).
LogModuleManager: Display: Found up-to-date module file ../../../Engine/Plugins/MovieScene/MatineeToLevelSequence/Binaries/Win64/UE4Editor-MatineeToLevelSequence.dll (API version 3709383).
LogModuleManager: Display: Found up-to-date module file ../../../Engine/Plugins/Online/OnlineSubsystem/Binaries/Win64/UE4Editor-OnlineSubsystem.dll (API version 3709383).
LogModuleManager: Display: Found up-to-date module file ../../../Engine/Plugins/Runtime/AndroidPermission/Binaries/Win64/UE4Editor-AndroidPermission.dll (API version 3709383).
LogModuleManager: Display: Found up-to-date module file ../../../Engine/Plugins/Online/OnlineSubsystemNull/Binaries/Win64/UE4Editor-OnlineSubsystemNull.dll (API version 3709383).
LogModuleManager: Display: Found up-to-date module file ../../../Engine/Plugins/Online/OnlineSubsystemUtils/Binaries/Win64/UE4Editor-OnlineSubsystemUtils.dll (API version 3709383).
LogModuleManager: Display: Found up-to-date module file ../../../Engine/Plugins/Online/OnlineSubsystemUtils/Binaries/Win64/UE4Editor-OnlineBlueprintSupport.dll (API version 3709383).
LogModuleManager: Display: Found up-to-date module file ../../../Engine/Plugins/Runtime/AndroidDeviceProfileSelector/Binaries/Win64/UE4Editor-AndroidDeviceProfileSelector.dll (API version 3709383).
LogModuleManager: Display: Found up-to-date module file ../../../Engine/Plugins/Runtime/AppleARKit/Binaries/Win64/UE4Editor-AppleARKit.dll (API version 3709383).
LogModuleManager: Display: Found up-to-date module file ../../../Engine/Plugins/Runtime/ArchVisCharacter/Binaries/Win64/UE4Editor-ArchVisCharacter.dll (API version 3709383).
LogModuleManager: Display: Found up-to-date module file ../../../Engine/Plugins/Runtime/CableComponent/Binaries/Win64/UE4Editor-CableComponent.dll (API version 3709383).
LogModuleManager: Display: Found up-to-date module file ../../../Engine/Plugins/Runtime/CustomMeshComponent/Binaries/Win64/UE4Editor-CustomMeshComponent.dll (API version 3709383).
LogModuleManager: Display: Found up-to-date module file ../../../Engine/Plugins/Runtime/ExampleDeviceProfileSelector/Binaries/Win64/UE4Editor-ExampleDeviceProfileSelector.dll (API version 3709383).
LogModuleManager: Display: Found up-to-date module file ../../../Engine/Plugins/Runtime/ImmediatePhysics/Binaries/Win64/UE4Editor-ImmediatePhysics.dll (API version 3709383).
LogModuleManager: Display: Found up-to-date module file ../../../Engine/Plugins/Runtime/ImmediatePhysics/Binaries/Win64/UE4Editor-ImmediatePhysicsEditor.dll (API version 3709383).
LogModuleManager: Display: Found up-to-date module file ../../../Engine/Plugins/Runtime/LocationServicesBPLibrary/Binaries/Win64/UE4Editor-LocationServicesBPLibrary.dll (API version 3709383).
LogModuleManager: Display: Found up-to-date module file ../../../Engine/Plugins/Runtime/MobilePatchingUtils/Binaries/Win64/UE4Editor-MobilePatchingUtils.dll (API version 3709383).
LogModuleManager: Display: Found up-to-date module file ../../../Engine/Plugins/Runtime/Oculus/OculusVR/Binaries/Win64/UE4Editor-OculusHMD.dll (API version 3709383).
LogModuleManager: Display: Found up-to-date module file ../../../Engine/Plugins/Runtime/Oculus/OculusVR/Binaries/Win64/UE4Editor-OculusInput.dll (API version 3709383).
LogModuleManager: Display: Found up-to-date module file ../../../Engine/Plugins/Runtime/Oculus/OculusVR/Binaries/Win64/UE4Editor-OculusEditor.dll (API version 3709383).
LogModuleManager: Display: Found up-to-date module file ../../../Engine/Plugins/Runtime/PhysXVehicles/Binaries/Win64/UE4Editor-PhysXVehicles.dll (API version 3709383).
LogModuleManager: Display: Found up-to-date module file ../../../Engine/Plugins/Runtime/PhysXVehicles/Binaries/Win64/UE4Editor-PhysXVehiclesEditor.dll (API version 3709383).
LogModuleManager: Display: Found up-to-date module file ../../../Engine/Plugins/Runtime/ProceduralMeshComponent/Binaries/Win64/UE4Editor-ProceduralMeshComponent.dll (API version 3709383).
LogModuleManager: Display: Found up-to-date module file ../../../Engine/Plugins/Runtime/ProceduralMeshComponent/Binaries/Win64/UE4Editor-ProceduralMeshComponentEditor.dll (API version 3709383).
LogModuleManager: Display: Found up-to-date module file ../../../Engine/Plugins/Runtime/RuntimePhysXCooking/Binaries/Win64/UE4Editor-RuntimePhysXCooking.dll (API version 3709383).
LogModuleManager: Display: Found up-to-date module file ../../../Engine/Plugins/Runtime/Steam/SteamVR/Binaries/Win64/UE4Editor-SteamVR.dll (API version 3709383).
LogModuleManager: Display: Found up-to-date module file ../../../Engine/Plugins/Runtime/Steam/SteamVR/Binaries/Win64/UE4Editor-SteamVRController.dll (API version 3709383).
LogModuleManager: Display: Found up-to-date module file ../../../Engine/Plugins/Runtime/WindowsMoviePlayer/Binaries/Win64/UE4Editor-WindowsMoviePlayer.dll (API version 3709383).
LogPluginManager: Mounting plugin Paper2D
LogPluginManager: Mounting plugin LightPropagationVolume
LogPluginManager: Mounting plugin CodeLiteSourceCodeAccess
LogPluginManager: Mounting plugin GitSourceControl
LogPluginManager: Mounting plugin KDevelopSourceCodeAccess
LogPluginManager: Mounting plugin NullSourceCodeAccess
LogPluginManager: Mounting plugin PerforceSourceControl
LogPluginManager: Mounting plugin SubversionSourceControl
LogPluginManager: Mounting plugin UObjectPlugin
LogPluginManager: Mounting plugin VisualStudioCodeSourceCodeAccess
LogPluginManager: Mounting plugin VisualStudioSourceCodeAccess
LogPluginManager: Mounting plugin XCodeSourceCodeAccess
LogPluginManager: Mounting plugin AssetManagerEditor
LogPluginManager: Mounting plugin AudioCapture
LogPluginManager: Mounting plugin FacialAnimation
LogPluginManager: Mounting plugin GameplayTagsEditor
LogPluginManager: Mounting plugin MobileLauncherProfileWizard
LogPluginManager: Mounting plugin PluginBrowser
LogPluginManager: Mounting plugin SpeedTreeImporter
LogPluginManager: Mounting plugin AlembicImporter
LogPluginManager: Mounting plugin CharacterAI
LogPluginManager: Mounting plugin HTML5Networking
LogPluginManager: Mounting plugin AndroidMedia
LogPluginManager: Mounting plugin AvfMedia
LogPluginManager: Mounting plugin ImgMedia
LogPluginManager: Mounting plugin MediaCompositing
LogPluginManager: Mounting plugin MediaPlayerEditor
LogPluginManager: Mounting plugin WmfMedia
LogPluginManager: Mounting plugin TcpMessaging
LogPluginManager: Mounting plugin UdpMessaging
LogPluginManager: Mounting plugin ActorSequence
LogPluginManager: Mounting plugin LevelSequenceEditor
LogPluginManager: Mounting plugin MatineeToLevelSequence
LogPluginManager: Mounting plugin OnlineSubsystemGooglePlay
LogPluginManager: Mounting plugin OnlineSubsystemIOS
LogPluginManager: Mounting plugin OnlineSubsystem
LogPluginManager: Mounting plugin OnlineSubsystemNull
LogPluginManager: Mounting plugin OnlineSubsystemUtils
LogPluginManager: Mounting plugin AndroidDeviceProfileSelector
LogPluginManager: Mounting plugin AndroidMoviePlayer
LogPluginManager: Mounting plugin AndroidPermission
LogPluginManager: Mounting plugin AppleARKit
LogPluginManager: Mounting plugin AppleMoviePlayer
LogPluginManager: Mounting plugin ArchVisCharacter
LogPluginManager: Mounting plugin CableComponent
LogPluginManager: Mounting plugin CustomMeshComponent
LogPluginManager: Mounting plugin ExampleDeviceProfileSelector
LogPluginManager: Mounting plugin GoogleCloudMessaging
LogPluginManager: Mounting plugin ImmediatePhysics
LogPluginManager: Mounting plugin IOSDeviceProfileSelector
LogPluginManager: Mounting plugin LinuxDeviceProfileSelector
LogPluginManager: Mounting plugin LocationServicesBPLibrary
LogPluginManager: Mounting plugin MobilePatchingUtils
LogPluginManager: Mounting plugin OculusVR
LogPluginManager: Plugin shader directory ../../../Engine/Plugins/Runtime/Oculus/OculusVR/Shaders found
LogPluginManager: Mapping shader source directory ../../../Engine/Plugins/Runtime/Oculus/OculusVR/Shaders to virtual directory /Plugin/OculusVR
LogPluginManager: Mounting plugin PhysXVehicles
LogPluginManager: Mounting plugin ProceduralMeshComponent
LogPluginManager: Mounting plugin RuntimePhysXCooking
LogPluginManager: Mounting plugin SteamVR
LogPluginManager: Mounting plugin WindowsMoviePlayer
LogInit: Using libcurl 7.47.1
LogInit:  - built for x86_64-pc-win32
LogInit:  - supports SSL with OpenSSL/1.0.2g
LogInit:  - supports HTTP deflate (compression) using libz 1.2.8
LogInit:  - other features:
LogInit:      CURL_VERSION_SSL
LogInit:      CURL_VERSION_LIBZ
LogInit:      CURL_VERSION_IPV6
LogInit:      CURL_VERSION_ASYNCHDNS
LogInit:      CURL_VERSION_LARGEFILE
LogInit:      CURL_VERSION_IDN
LogInit:  CurlRequestOptions (configurable via config and command line):
LogInit:  - bVerifyPeer = false  - Libcurl will NOT verify peer certificate
LogInit:  - bUseHttpProxy = false  - Libcurl will NOT use HTTP proxy
LogInit:  - bDontReuseConnections = false  - Libcurl will reuse connections
LogInit:  - CertBundlePath = nullptr  - Libcurl will use whatever was configured at build time.
LogInit: Build: ++UE4+Release-4.18-CL-3832480
LogInit: Engine Version: 4.18.3-3832480+++UE4+Release-4.18
LogInit: Compatible Engine Version: 4.18.0-3709383+++UE4+Release-4.18
LogInit: Net CL: 3709383
LogDevObjectVersion: Number of dev versions registered: 16
LogDevObjectVersion:   Dev-Blueprints (B0D832E4-1F89-4F0D-ACCF-7EB736FD4AA2): 10
LogDevObjectVersion:   Dev-Build (E1C64328-A22C-4D53-A36C-8E866417BD8C): 0
LogDevObjectVersion:   Dev-Core (375EC13C-06E4-48FB-B500-84F0262A717E): 2
LogDevObjectVersion:   Dev-Editor (E4B068ED-F494-42E9-A231-DA0B2E46BB41): 20
LogDevObjectVersion:   Dev-Framework (CFFC743F-43B0-4480-9391-14DF171D2073): 30
LogDevObjectVersion:   Dev-Mobile (B02B49B5-BB20-44E9-A304-32B752E40360): 0
LogDevObjectVersion:   Dev-Networking (A4E4105C-59A1-49B5-A7C5-40C4547EDFEE): 0
LogDevObjectVersion:   Dev-Online (39C831C9-5AE6-47DC-9A44-9C173E1C8E7C): 0
LogDevObjectVersion:   Dev-Physics (78F01B33-EBEA-4F98-B9B4-84EACCB95AA2): 0
LogDevObjectVersion:   Dev-Platform (6631380F-2D4D-43E0-8009-CF276956A95A): 0
LogDevObjectVersion:   Dev-Rendering (12F88B9F-8875-4AFC-A67C-D90C383ABD29): 20
LogDevObjectVersion:   Dev-Sequencer (7B5AE74C-D270-4C10-A958-57980B212A5A): 4
LogDevObjectVersion:   Dev-VR (D7296918-1DD6-4BDD-9DE2-64A83CC13884): 0
LogDevObjectVersion:   Dev-LoadTimes (C2A15278-BFE7-4AFE-6C17-90FF531DF755): 1
LogDevObjectVersion:   Private-Geometry (6EACA3D4-40EC-4CC1-B786-8BED09428FC5): 1
LogDevObjectVersion:   Dev-AnimPhys (29E575DD-E0A3-4627-9D10-D276232CDCEA): 12
LogInit: Compiled (64-bit): Jan 12 2018 02:04:55
LogInit: Compiled with Visual C++: 19.00.24215.01
LogInit: Build Configuration: Development
LogInit: Branch Name: ++UE4+Release-4.18
LogInit: Command line:  
LogInit: Base directory: C:/Program Files/Epic Games/UE_4.18/Engine/Binaries/Win64/
LogInit: Installed Engine Build: 1
LogInit: Presizing for max 8388607 objects, including 0 objects not considered by GC, pre-allocating 0 bytes for permanent pool.
LogInit: Object subsystem initialized
[2018.03.12-15.33.31:982][  0]LogInit: Selected Device Profile: [Windows]
[2018.03.12-15.33.31:982][  0]LogInit: Applying CVar settings loaded from the selected device profile: [Windows]
[2018.03.12-15.33.32:010][  0]LogInit: Computer: ASUS-25
[2018.03.12-15.33.32:010][  0]LogInit: User: Adrià
[2018.03.12-15.33.32:010][  0]LogInit: CPU Page size=4096, Cores=4
[2018.03.12-15.33.32:010][  0]LogInit: High frequency timer resolution =2.742190 MHz
[2018.03.12-15.33.32:011][  0]LogMemory: Memory total: Physical=7.9GB (8GB approx)
[2018.03.12-15.33.32:011][  0]LogMemory: Platform Memory Stats for Windows
[2018.03.12-15.33.32:011][  0]LogMemory: Process Physical Memory: 273.05 MB used, 273.05 MB peak
[2018.03.12-15.33.32:011][  0]LogMemory: Process Virtual Memory: 264.86 MB used, 264.86 MB peak
[2018.03.12-15.33.32:011][  0]LogMemory: Physical Memory: 3517.17 MB used,  4555.91 MB free, 8073.08 MB total
[2018.03.12-15.33.32:011][  0]LogMemory: Virtual Memory: 663.10 MB used,  4555.91 MB free, 134217728.00 MB total
[2018.03.12-15.33.33:134][  0]LogInit: Using OS detected language (en-US).
[2018.03.12-15.33.33:134][  0]LogInit: Using OS detected locale (en-US).
[2018.03.12-15.33.33:204][  0]LogTextLocalizationManager: No specific localization for 'en-US' exists, so the 'en' localization will be used.
[2018.03.12-15.33.33:747][  0]LogInit: Setting process to per monitor DPI aware
[2018.03.12-15.33.36:434][  0]LogD3D11RHI: D3D11 adapters:
[2018.03.12-15.33.37:363][  0]LogD3D11RHI:    0. 'NVIDIA GeForce GTX 1050' (Feature Level 11_0)
[2018.03.12-15.33.37:363][  0]LogD3D11RHI:       4021/0/4036 MB DedicatedVideo/DedicatedSystem/SharedSystem, Outputs:1, VendorId:0x10de
[2018.03.12-15.33.37:372][  0]LogD3D11RHI:    1. 'Intel(R) HD Graphics 630' (Feature Level 11_0)
[2018.03.12-15.33.37:372][  0]LogD3D11RHI:       128/0/4036 MB DedicatedVideo/DedicatedSystem/SharedSystem, Outputs:0, VendorId:0x8086
[2018.03.12-15.33.37:376][  0]LogD3D11RHI:    2. 'Microsoft Basic Render Driver' (Feature Level 11_0)
[2018.03.12-15.33.37:376][  0]LogD3D11RHI:       0/0/4036 MB DedicatedVideo/DedicatedSystem/SharedSystem, Outputs:0, VendorId:0x1414
[2018.03.12-15.33.37:376][  0]LogD3D11RHI: Chosen D3D11 Adapter: 0
[2018.03.12-15.33.37:382][  0]LogD3D11RHI: Creating new Direct3DDevice
[2018.03.12-15.33.37:382][  0]LogD3D11RHI:     GPU DeviceId: 0x1c8d (for the marketing name, search the web for "GPU Device Id")
[2018.03.12-15.33.37:382][  0]LogWindows: EnumDisplayDevices:
[2018.03.12-15.33.37:382][  0]LogWindows:    0. 'Intel(R) HD Graphics 630' (P:1 D:1)
[2018.03.12-15.33.37:383][  0]LogWindows:    1. 'Intel(R) HD Graphics 630' (P:0 D:0)
[2018.03.12-15.33.37:383][  0]LogWindows:    2. 'Intel(R) HD Graphics 630' (P:0 D:0)
[2018.03.12-15.33.37:383][  0]LogWindows: DebugString: GetVideoDriverDetailsInvalid PrimaryIsNotTheChoosenAdapter GetVideoDriverDetailsInvalid PrimaryIsNotTheChoosenAdapter GetVideoDriverDetailsInvalid PrimaryIsNotTheChoosenAdapter FoundDriverCount:0 
[2018.03.12-15.33.37:383][  0]LogD3D11RHI:     Adapter Name: NVIDIA GeForce GTX 1050
[2018.03.12-15.33.37:383][  0]LogD3D11RHI:   Driver Version: Unknown (internal:Unknown, unified:Unknown)
[2018.03.12-15.33.37:383][  0]LogD3D11RHI:      Driver Date: Unknown
[2018.03.12-15.33.37:383][  0]LogRHI: Texture pool is 2814 MB (70% of 4021 MB)
[2018.03.12-15.33.37:417][  0]LogD3D11RHI: Async texture creation enabled
[2018.03.12-15.33.37:457][  0]LogD3D11RHI: GPU Timing Frequency: 1000.000000 (Debug: 2 2)
[2018.03.12-15.33.37:464][  0]LogShaderCompilers: Guid format shader working directory is -19 characters bigger than the processId version (../../../../../../Users/Alumno/Documents/CasinoRoyale/SideScroller/Intermediate/Shaders/WorkingDirectory/4160/).
[2018.03.12-15.33.37:464][  0]LogShaderCompilers: Cleaned the shader compiler working directory 'C:/Users/Alumno/AppData/Local/Temp/UnrealShaderWorkingDir/017015304246782C3B0E0EAC692F1D0D/'.
[2018.03.12-15.33.37:465][  0]LogShaderCompilers: Display: Using Local Shader Compiler.
[2018.03.12-15.33.39:833][  0]LogTemp: Display: Loaded TP AllDesktopTargetPlatform
[2018.03.12-15.33.39:897][  0]LogTemp: Display: Loaded TP MacClientTargetPlatform
[2018.03.12-15.33.39:967][  0]LogTemp: Display: Loaded TP MacNoEditorTargetPlatform
[2018.03.12-15.33.40:037][  0]LogTemp: Display: Loaded TP MacServerTargetPlatform
[2018.03.12-15.33.40:107][  0]LogTemp: Display: Loaded TP MacTargetPlatform
[2018.03.12-15.33.40:177][  0]LogTemp: Display: Loaded TP WindowsClientTargetPlatform
[2018.03.12-15.33.40:240][  0]LogTemp: Display: Loaded TP WindowsNoEditorTargetPlatform
[2018.03.12-15.33.40:304][  0]LogTemp: Display: Loaded TP WindowsServerTargetPlatform
[2018.03.12-15.33.40:371][  0]LogTemp: Display: Loaded TP WindowsTargetPlatform
[2018.03.12-15.33.40:436][  0]LogTemp: Display: Loaded TP Android_ASTCTargetPlatform
[2018.03.12-15.33.40:498][  0]LogTemp: Display: Loaded TP Android_ATCTargetPlatform
[2018.03.12-15.33.40:557][  0]LogTemp: Display: Loaded TP Android_DXTTargetPlatform
[2018.03.12-15.33.40:616][  0]LogTemp: Display: Loaded TP Android_ETC1TargetPlatform
[2018.03.12-15.33.40:678][  0]LogTemp: Display: Loaded TP Android_ETC2TargetPlatform
[2018.03.12-15.33.40:799][  0]LogTemp: Display: Loaded TP Android_MultiTargetPlatform
[2018.03.12-15.33.40:799][  0]LogTemp: Display: Loaded TP Android_PVRTCTargetPlatform
[2018.03.12-15.33.40:862][  0]LogTemp: Display: Loaded TP AndroidTargetPlatform
[2018.03.12-15.33.40:912][  0]LogTemp: Display: Loaded TP HTML5TargetPlatform
[2018.03.12-15.33.41:026][  0]LogTemp: Display: Loaded TP IOSTargetPlatform
[2018.03.12-15.33.41:054][  0]LogTemp: Display: Loaded TP TVOSTargetPlatform
[2018.03.12-15.33.41:115][  0]LogTemp: Display: Loaded TP LinuxClientTargetPlatform
[2018.03.12-15.33.41:178][  0]LogTemp: Display: Loaded TP LinuxNoEditorTargetPlatform
[2018.03.12-15.33.41:241][  0]LogTemp: Display: Loaded TP LinuxServerTargetPlatform
[2018.03.12-15.33.41:311][  0]LogTemp: Display: Loaded TP LinuxTargetPlatform
[2018.03.12-15.33.41:311][  0]LogTargetPlatformManager: Display: Building Assets For Windows
[2018.03.12-15.33.41:995][  0]LogDerivedDataCache: Display: Max Cache Size: 512 MB
[2018.03.12-15.33.42:312][  0]LogDerivedDataCache: Loaded boot cache 0.32s 78MB C:/Users/Alumno/AppData/Local/UnrealEngine/4.18/DerivedDataCache/Boot.ddc.
[2018.03.12-15.33.42:312][  0]LogDerivedDataCache: Display: Loaded Boot cache: C:/Users/Alumno/AppData/Local/UnrealEngine/4.18/DerivedDataCache/Boot.ddc
[2018.03.12-15.33.42:312][  0]LogDerivedDataCache: FDerivedDataBackendGraph:  Pak pak cache file ../../../../../../Users/Alumno/Documents/CasinoRoyale/SideScroller/DerivedDataCache/DDC.ddp not found, will not use a pak cache.
[2018.03.12-15.33.42:312][  0]LogDerivedDataCache: Unable to find inner node Pak for hierarchical cache Hierarchy.
[2018.03.12-15.33.42:312][  0]LogDerivedDataCache: FDerivedDataBackendGraph:  CompressedPak pak cache file ../../../../../../Users/Alumno/Documents/CasinoRoyale/SideScroller/DerivedDataCache/Compressed.ddp not found, will not use a pak cache.
[2018.03.12-15.33.42:312][  0]LogDerivedDataCache: Unable to find inner node CompressedPak for hierarchical cache Hierarchy.
[2018.03.12-15.33.42:340][  0]LogDerivedDataCache: Display: Pak cache opened for reading ../../../Engine/DerivedDataCache/Compressed.ddp.
[2018.03.12-15.33.42:354][  0]LogDerivedDataCache: Using Local data cache path C:/Users/Alumno/AppData/Local/UnrealEngine/Common/DerivedDataCache: Writable
[2018.03.12-15.33.42:367][  0]LogMaterial: Verifying Global Shaders for PCD3D_SM5
[2018.03.12-15.33.42:373][  0]LogSlate: Using Freetype 2.6.0
[2018.03.12-15.33.42:391][  0]LogSlate: SlateFontCache - WITH_FREETYPE: 1, WITH_HARFBUZZ: 1
[2018.03.12-15.33.42:392][  0]LogSlate: SlateFontCache - WITH_FREETYPE: 1, WITH_HARFBUZZ: 1
[2018.03.12-15.33.43:362][  0]LogInit: Selected Device Profile: [Windows]
[2018.03.12-15.33.44:022][  0]LogSimplygon: Simplygon DLL not present - disabling.
[2018.03.12-15.33.44:078][  0]LogMeshReduction: Using SimplygonSwarm for distributed automatic mesh merging
[2018.03.12-15.33.44:079][  0]LogMeshReduction: Using QuadricMeshReduction for automatic static mesh reduction
[2018.03.12-15.33.44:079][  0]LogMeshReduction: No automatic skeletal mesh reduction module available
[2018.03.12-15.33.44:079][  0]LogMeshReduction: No automatic mesh merging module available
[2018.03.12-15.33.44:079][  0]LogMeshMerging: No automatic mesh merging module available
[2018.03.12-15.33.44:165][  0]LogNetVersion: SideScroller , NetCL: 3709383, EngineNetVer: 2, GameNetVer: 0 (Checksum: 123061163)
[2018.03.12-15.33.44:659][  0]LogAssetRegistry: FAssetRegistry took 0.0297 seconds to start up
[2018.03.12-15.33.45:927][  0]LogPackageLocalizationCache: Processed 7 localized package path(s) for 2 prioritized culture(s) in 0.107489 seconds
[2018.03.12-15.33.45:936][  0]LogUObjectArray: 35870 objects as part of root set at end of initial load.
[2018.03.12-15.33.45:936][  0]LogUObjectAllocator: 7363704 out of 0 bytes used by permanent object pool.
[2018.03.12-15.33.45:936][  0]LogUObjectArray: CloseDisregardForGC: 0/0 objects in disregard for GC pool
[2018.03.12-15.33.45:994][  0]LogInit: WinSock: version 1.1 (2.2), MaxSocks=32767, MaxUdp=65467
[2018.03.12-15.33.52:579][  0]LogTcpMessaging: Initializing TcpMessaging bridge
[2018.03.12-15.33.52:633][  0]LogUdpMessaging: Initializing bridge on interface 0.0.0.0:0 to multicast group 230.0.0.1:6666.
[2018.03.12-15.33.53:691][  0]LogMaterial: Uniform references updated for custom material expression Custom.
[2018.03.12-15.33.54:349][  0]SourceControl: Source control is disabled
[2018.03.12-15.33.54:349][  0]SourceControl: Source control is disabled
[2018.03.12-15.33.54:433][  0]SourceControl: Source control is disabled
[2018.03.12-15.33.54:507][  0]SourceControl: Source control is disabled
[2018.03.12-15.33.55:676][  0]LogAndroidPermission: UAndroidPermissionCallbackProxy::GetInstance
[2018.03.12-15.33.56:042][  0]LogOcInput: OculusInput pre-init called
[2018.03.12-15.33.56:450][  0]LogEngine: Initializing Engine...
[2018.03.12-15.33.56:455][  0]LogHMD: Failed to initialize OpenVR with code 110
[2018.03.12-15.33.56:876][  0]LogStats: UGameplayTagsManager::ConstructGameplayTagTree: Construct from data asset -  0.000 s
[2018.03.12-15.33.56:876][  0]LogStats: UGameplayTagsManager::ConstructGameplayTagTree: GameplayTagTreeChangedEvent.Broadcast -  0.000 s
[2018.03.12-15.33.57:061][  0]LogAIModule: Creating AISystem for world Untitled
[2018.03.12-15.33.57:088][  0]LogInit: XAudio2 using 'Speakers (Realtek High Definition Audio)' : 2 channels at 48 kHz using 32 bits per sample (channel mask 0x3)
[2018.03.12-15.33.57:396][  0]LogInit: FAudioDevice initialized.
[2018.03.12-15.33.57:488][  0]LogDerivedDataCache: Saved boot cache 0.09s 78MB C:/Users/Alumno/AppData/Local/UnrealEngine/4.18/DerivedDataCache/Boot.ddc.
[2018.03.12-15.33.57:497][  0]LogInit: Texture streaming: Enabled
[2018.03.12-15.33.57:616][  0]LogEngineSessionManager: EngineSessionManager initialized
[2018.03.12-15.33.57:864][  0]LogInit: Transaction tracking system initialized
[2018.03.12-15.33.58:350][  0]BlueprintLog: New page: Editor Load
[2018.03.12-15.33.59:709][  0]LocalizationService: Localization service is disabled
[2018.03.12-15.34.00:867][  0]LogConsoleResponse: Display: 
[2018.03.12-15.34.01:533][  0]LogCook: Display: Max memory allowance for cook 16384mb min free memory 0mb
[2018.03.12-15.34.01:533][  0]LogCook: Display: Mobile HDR setting 1
[2018.03.12-15.34.01:533][  0]LogGameplayTags: Display: UGameplayTagsManager::DoneAddingNativeTags. DelegateIsBound: 0
[2018.03.12-15.34.01:747][  0]LogFileCache: Scanning file cache for directory 'C:/Users/Alumno/Documents/CasinoRoyale/SideScroller/Content/' took 0.02s
[2018.03.12-15.34.03:446][  0]SourceControl: Source control is disabled
[2018.03.12-15.34.03:448][  0]Cmd: MAP LOAD FILE="../../../../../../Users/Alumno/Documents/CasinoRoyale/SideScroller/Content/Scenes/Level.umap" TEMPLATE=0 SHOWPROGRESS=1 FEATURELEVEL=3
[2018.03.12-15.34.03:450][  0]LightingResults: New page: Lighting Build
[2018.03.12-15.34.03:525][  0]MapCheck: New page: Map Check
[2018.03.12-15.34.03:526][  0]LightingResults: New page: Lighting Build
[2018.03.12-15.34.06:862][  0]LogAIModule: Creating AISystem for world Level
[2018.03.12-15.34.07:085][  0]LogEditorServer: Finished looking for orphan Actors (0.000 secs)
[2018.03.12-15.34.07:115][  0]Cmd: MAP CHECKDEP NOCLEARLOG
[2018.03.12-15.34.07:224][  0]MapCheck: Map check complete: 0 Error(s), 0 Warning(s), took 108.998ms to complete.
[2018.03.12-15.34.07:224][  0]LogFileHelpers: Loading map 'Level' took 3.777
[2018.03.12-15.34.07:472][  0]LogCollectionManager: Loaded 0 collections in 0.002509 seconds
[2018.03.12-15.34.07:602][  0]LogFileCache: Scanning file cache for directory 'C:/Users/Alumno/Documents/CasinoRoyale/SideScroller/Saved/Collections/' took 0.01s
[2018.03.12-15.34.07:602][  0]LogFileCache: Scanning file cache for directory 'C:/Users/Alumno/Documents/CasinoRoyale/SideScroller/Content/Developers/Adrià/Collections/' took 0.01s
[2018.03.12-15.34.07:602][  0]LogFileCache: Scanning file cache for directory 'C:/Users/Alumno/Documents/CasinoRoyale/SideScroller/Content/Collections/' took 0.01s
[2018.03.12-15.34.07:602][  0]LogCollectionManager: Rebuilt the GUID cache for 0 collections in 0.000000 seconds
[2018.03.12-15.34.07:613][  0]LogContentBrowser: Native class hierarchy populated in 0.0088 seconds. Added 2363 classes and 519 folders.
[2018.03.12-15.34.07:703][  0]LogContentBrowser: Native class hierarchy updated for 'WidgetCarousel' in 0.0003 seconds. Added 0 classes and 0 folders.
[2018.03.12-15.34.08:184][  0]LogContentBrowser: Native class hierarchy updated for 'AddContentDialog' in 0.0002 seconds. Added 0 classes and 0 folders.
[2018.03.12-15.34.08:259][  0]LogContentBrowser: Native class hierarchy updated for 'SceneOutliner' in 0.0003 seconds. Added 1 classes and 2 folders.
[2018.03.12-15.34.08:348][  0]LogSlate: Took 0.011694 seconds to synchronously load lazily loaded font '../../../Engine/Content/Slate/Fonts/Roboto-Regular.ttf' (155K)
[2018.03.12-15.34.08:357][  0]LogSlate: Took 0.006710 seconds to synchronously load lazily loaded font '../../../Engine/Content/Slate/Fonts/Roboto-Bold.ttf' (160K)
[2018.03.12-15.34.08:368][  0]LogSlate: Took 0.004499 seconds to synchronously load lazily loaded font '../../../Engine/Content/Editor/Slate/Fonts/FontAwesome.ttf' (139K)
[2018.03.12-15.34.08:516][  0]LogRenderer: Reallocating scene render targets to support 1072x436 Format 10 NumSamples 1 (Frame:1).
[2018.03.12-15.34.08:779][  0]LogContentBrowser: Native class hierarchy updated for 'HierarchicalLODOutliner' in 0.0002 seconds. Added 1 classes and 2 folders.
[2018.03.12-15.34.08:780][  0]LogLoad: (Engine Initialization) Total time: 44.31 seconds
[2018.03.12-15.34.08:780][  0]LogLoad: (Engine Initialization) Total Blueprint compile time: 0.00 seconds
[2018.03.12-15.34.08:780][  0]LogExternalProfiler: No external profilers were discovered.  External profiling features will not be available.
[2018.03.12-15.34.09:142][  0]LogContentStreaming: Texture pool size now 1000 MB
[2018.03.12-15.34.09:192][  0]LogSlate: Took 0.008315 seconds to synchronously load lazily loaded font '../../../Engine/Content/Slate/Fonts/Roboto-Light.ttf' (159K)
[2018.03.12-15.34.09:792][  2]LogAssetRegistry: Asset discovery search completed in 25.1559 seconds
[2018.03.12-15.34.09:794][  2]LogCollectionManager: Rebuilt the object cache for 0 collections in 0.000000 seconds (found 0 objects)
[2018.03.12-15.34.09:794][  2]LogCollectionManager: Fixed up redirectors for 0 collections in 0.000038 seconds (updated 0 objects)
[2018.03.12-15.42.43:197][979]LogEditorViewport: Clicking on Actor (LMB): BP_Sky_Sphere_C (SkySphereBlueprint)
[2018.03.12-15.42.45:105][ 23]LogTemp: Repeating last play command: New Editor Window (PIE)
[2018.03.12-15.42.45:247][ 23]LogBlueprintUserMessages: Early PlayInEditor Detection: Level '/Game/Scenes/Level.Level:PersistentLevel' has LevelScriptBlueprint '/Game/Scenes/Level.Level:PersistentLevel.Level' with GeneratedClass '/Game/Scenes/Level.Level_C' with ClassGeneratedBy '/Game/Scenes/Level.Level:PersistentLevel.Level'
[2018.03.12-15.42.45:248][ 23]LogPlayLevel: PlayLevel: No blueprints needed recompiling
[2018.03.12-15.42.45:262][ 23]PIE: New page: PIE session: Level (Mar 12, 2018, 5:42:45 PM)
[2018.03.12-15.42.45:263][ 23]LogPlayLevel: Creating play world package: /Game/Scenes/UEDPIE_0_Level
[2018.03.12-15.42.45:349][ 23]LogPlayLevel: PIE: StaticDuplicateObject took: (0.084845s)
[2018.03.12-15.42.45:350][ 23]LogAIModule: Creating AISystem for world Level
[2018.03.12-15.42.45:351][ 23]LogPlayLevel: PIE: World Init took: (0.002274s)
[2018.03.12-15.42.45:352][ 23]LogPlayLevel: PIE: Created PIE world by copying editor world from /Game/Scenes/Level.Level to /Game/Scenes/UEDPIE_0_Level.Level (0.088352s)
[2018.03.12-15.42.45:374][ 23]LogInit: XAudio2 using 'Speakers (Realtek High Definition Audio)' : 2 channels at 48 kHz using 32 bits per sample (channel mask 0x3)
[2018.03.12-15.42.45:429][ 23]LogInit: FAudioDevice initialized.
[2018.03.12-15.42.45:562][ 23]LogLoad: Game class is 'GameMode'
[2018.03.12-15.42.45:592][ 23]LogWorld: Bringing World /Game/Scenes/UEDPIE_0_Level.Level up for play (max tick rate 60) at 2018.03.12-16.42.45
[2018.03.12-15.42.45:625][ 23]LogWorld: Bringing up level for play took: 0.050185
[2018.03.12-15.42.45:879][ 23]LogContentBrowser: Native class hierarchy updated for 'MovieSceneCapture' in 0.0007 seconds. Added 11 classes and 0 folders.
[2018.03.12-15.42.45:881][ 23]LogGameMode: Display: Match State Changed from EnteringMap to WaitingToStart
[2018.03.12-15.42.45:881][ 23]LogGameState: Match State Changed from EnteringMap to WaitingToStart
[2018.03.12-15.42.45:881][ 23]LogGameMode: Display: Match State Changed from WaitingToStart to InProgress
[2018.03.12-15.42.45:913][ 23]LogGameState: Match State Changed from WaitingToStart to InProgress
[2018.03.12-15.42.45:919][ 23]PIE: Play in editor start time for /Game/Scenes/UEDPIE_0_Level 0.537
[2018.03.12-15.42.45:921][ 23]LogBlueprintUserMessages: Late PlayInEditor Detection: Level '/Game/Scenes/Level.Level:PersistentLevel' has LevelScriptBlueprint '/Game/Scenes/Level.Level:PersistentLevel.Level' with GeneratedClass '/Game/Scenes/Level.Level_C' with ClassGeneratedBy '/Game/Scenes/Level.Level:PersistentLevel.Level'
[2018.03.12-15.42.45:940][ 23]LogScript: Warning: Accessed None trying to read property Blackboard
	AI_Distance_EnemyController_C /Game/Scenes/UEDPIE_0_Level.Level:PersistentLevel.AI_Distance_EnemyController_C_3
	Function /Game/AI/DistanceEnemy/AI_Distance_EnemyController.AI_Distance_EnemyController_C:ExecuteUbergraph_AI_Distance_EnemyController:0124
[2018.03.12-15.42.45:940][ 23]PIE: Error: Blueprint Runtime Error: Accessed None trying to read property Blackboard from function: 'ExecuteUbergraph_AI_Distance_EnemyController' from node: Set Value as Bool in graph: EventGraph in object: AI_Distance_EnemyController with description: Accessed None trying to read property Blackboard
[2018.03.12-15.42.46:022][ 23]LogRenderer: Reallocating scene render targets to support 1280x720 Format 10 NumSamples 1 (Frame:1).
[2018.03.12-15.42.49:008][110]LogBlueprintUserMessages: Early EndPlayMap Detection: Level '/Game/Scenes/Level.Level:PersistentLevel' has LevelScriptBlueprint '/Game/Scenes/Level.Level:PersistentLevel.Level' with GeneratedClass '/Game/Scenes/Level.Level_C' with ClassGeneratedBy '/Game/Scenes/Level.Level:PersistentLevel.Level'
[2018.03.12-15.42.49:098][110]LogBlueprintUserMessages: Late EndPlayMap Detection: Level '/Game/Scenes/Level.Level:PersistentLevel' has LevelScriptBlueprint '/Game/Scenes/Level.Level:PersistentLevel.Level' with GeneratedClass '/Game/Scenes/Level.Level_C' with ClassGeneratedBy '/Game/Scenes/Level.Level:PersistentLevel.Level'
[2018.03.12-15.42.51:069][165]LogEditorViewport: Clicking on Actor (LMB): AI_MKfirstfase_Boss_C (AI_MKfirstfase_Boss)
[2018.03.12-15.43.41:300][800]LogSlate: Took 0.005160 seconds to synchronously load lazily loaded font '../../../Engine/Content/Slate/Fonts/Roboto-Light.ttf' (159K)
[2018.03.12-15.43.41:473][800]LogSlate: Took 0.000310 seconds to synchronously load lazily loaded font '../../../Engine/Content/Slate/Fonts/Roboto-Light.ttf' (159K)
[2018.03.12-15.43.41:479][800]LogSlate: Took 0.005020 seconds to synchronously load lazily loaded font '../../../Engine/Content/Editor/Slate/Fonts/Roboto-BoldCondensed.ttf' (158K)
[2018.03.12-15.46.03:849][478]Cmd: OBJ SAVEPACKAGE PACKAGE="/Game/AI/MK/Mk_firstfase_Blackboard" FILE="../../../../../../Users/Alumno/Documents/CasinoRoyale/SideScroller/Content/AI/MK/Mk_firstfase_Blackboard.uasset" SILENT=true
[2018.03.12-15.46.03:866][478]LogSavePackage: Save=11.21ms
[2018.03.12-15.46.03:866][478]LogSavePackage: Moving '../../../../../../Users/Alumno/Documents/CasinoRoyale/SideScroller/Saved/Mk_firstfase_Blackboard44427EF24060C59BFD76B4BC9C04CBA1.tmp' to '../../../../../../Users/Alumno/Documents/CasinoRoyale/SideScroller/Content/AI/MK/Mk_firstfase_Blackboard.uasset'
[2018.03.12-15.46.03:884][478]LogSavePackage: Display: Finished SavePackage ../../../../../../Users/Alumno/Documents/CasinoRoyale/SideScroller/Content/AI/MK/Mk_firstfase_Blackboard.uasset
[2018.03.12-15.47.18:785][986]LogFileHelpers: Editor autosave (incl. sublevels) for '/Game/Scenes/Level' took 0.031
[2018.03.12-15.47.18:790][986]OBJ SavePackage: Generating thumbnails for [0] asset(s) in package [/Game/AI/MK/Mk_firstfase_BehaviorTree] ([1] browsable assets)...
[2018.03.12-15.47.18:790][986]OBJ SavePackage: Finished generating thumbnails for package [/Game/AI/MK/Mk_firstfase_BehaviorTree]
[2018.03.12-15.47.18:803][986]LogSavePackage: Save=6.92ms
[2018.03.12-15.47.18:804][986]LogSavePackage: Moving '../../../../../../Users/Alumno/Documents/CasinoRoyale/SideScroller/Saved/Mk_firstfase_BehaviorTree_Auto166CD7F9D4F79490438C385AC98A24EBB.tmp' to '../../../../../../Users/Alumno/Documents/CasinoRoyale/SideScroller/Saved/Autosaves/Game/AI/MK/Mk_firstfase_BehaviorTree_Auto1.uasset'
[2018.03.12-15.47.18:807][986]LogSavePackage: Display: Finished SavePackage ../../../../../../Users/Alumno/Documents/CasinoRoyale/SideScroller/Saved/Autosaves/Game/AI/MK/Mk_firstfase_BehaviorTree_Auto1.uasset
[2018.03.12-15.47.18:807][986]LogFileHelpers: Auto-saving content packages took 0.021
[2018.03.12-15.48.51:834][740]Cmd: OBJ SAVEPACKAGE PACKAGE="/Game/AI/MK/Mk_firstfase_BehaviorTree" FILE="../../../../../../Users/Alumno/Documents/CasinoRoyale/SideScroller/Content/AI/MK/Mk_firstfase_BehaviorTree.uasset" SILENT=true
[2018.03.12-15.49.04:459][740]LogD3D11RHI: Timed out while waiting for GPU to catch up. (0.5 s)
[2018.03.12-15.49.04:459][740]LogSavePackage: Save=992.88ms
[2018.03.12-15.49.04:474][740]LogSavePackage: Moving '../../../../../../Users/Alumno/Documents/CasinoRoyale/SideScroller/Saved/Mk_firstfase_BehaviorTree7B460C534BE0757942DE31B076078A34.tmp' to '../../../../../../Users/Alumno/Documents/CasinoRoyale/SideScroller/Content/AI/MK/Mk_firstfase_BehaviorTree.uasset'
[2018.03.12-15.49.04:487][740]LogSavePackage: Display: Finished SavePackage ../../../../../../Users/Alumno/Documents/CasinoRoyale/SideScroller/Content/AI/MK/Mk_firstfase_BehaviorTree.uasset
[2018.03.12-15.49.06:656][740]LogD3D11RHI: Timed out while waiting for GPU to catch up. (0.5 s)
[2018.03.12-15.49.06:667][740]LogSlate: Took 0.008391 seconds to synchronously load lazily loaded font '../../../Engine/Content/Slate/Fonts/Roboto-Regular.ttf' (155K)
[2018.03.12-15.49.07:361][740]LogD3D11RHI: Error: SwapChain->ResizeBuffers(1,SizeX,SizeY,RenderTargetFormat,DXGI_SWAP_CHAIN_FLAG_ALLOW_MODE_SWITCH) failed 
 at D:\Build\++UE4+Release-4.18+Compile\Sync\Engine\Source\Runtime\Windows\D3D11RHI\Private\D3D11Viewport.cpp:220 
 with error DXGI_ERROR_DEVICE_REMOVED, 
 Size=810x167 Format=DXGI_FORMAT_R10G10B10A2_UNORM(0x00000018)
[2018.03.12-15.49.07:361][740]LogWindows: Windows GetLastError: The operation completed successfully. (0)
[2018.03.12-15.51.22:048][740]LogWindows: Error: === Critical error: ===
[2018.03.12-15.51.22:048][740]LogWindows: Error: 
[2018.03.12-15.51.22:048][740]LogWindows: Error: Fatal error: [File:D:\Build\++UE4+Release-4.18+Compile\Sync\Engine\Source\Runtime\Windows\D3D11RHI\Private\D3D11Util.cpp] [Line: 182] 
[2018.03.12-15.51.22:049][740]LogWindows: Error: Unreal Engine is exiting due to D3D device being lost. (Error: 0x887A0006 - 'HUNG')
[2018.03.12-15.51.22:049][740]LogWindows: Error: 
[2018.03.12-15.51.22:049][740]LogWindows: Error: 
[2018.03.12-15.51.22:049][740]LogWindows: Error: 
[2018.03.12-15.51.22:064][740]LogExit: Executing StaticShutdownAfterError
[2018.03.12-15.51.22:084][740]LogWindows: FPlatformMisc::RequestExit(1)
[2018.03.12-15.51.22:085][740]Log file closed, 03/12/18 16:51:22
