Log file open, 04/17/18 20:22:02
LogWindows: Failed to load 'aqProf.dll' (GetLastError=126)
LogWindows: File 'aqProf.dll' does not exist
LogWindows: Failed to load 'VSPerf140.dll' (GetLastError=126)
LogWindows: File 'VSPerf140.dll' does not exist
LogWindows: Failed to load 'VtuneApi.dll' (GetLastError=126)
LogWindows: File 'VtuneApi.dll' does not exist
LogWindows: Failed to load 'VtuneApi32e.dll' (GetLastError=126)
LogWindows: File 'VtuneApi32e.dll' does not exist
LogInit: Display: Running engine for game: SideScroller
LogPlatformFile: Not using cached read wrapper
LogInit: Display: RandInit(843899912) SRandInit(843899912).
LogInit: Read version file with build ID '3709383'
LogInit: Overriding engine version to CL 3832480, compatible CL 3709383
LogInit: Registered custom module enumerator with build ID '3709383'
LogTaskGraph: Started task graph with 5 named threads and 14 total threads with 3 sets of task threads.
LogStats: Stats thread started at 0.743168
LogD3D11RHI: Aftermath initialized
LogModuleManager: Display: Found up-to-date module file ../../../Engine/Plugins/Marketplace/GameAnalytics/Binaries/Win64/UE4Editor-GameAnalytics.dll (API version 3709383).
LogModuleManager: Display: Found up-to-date module file ../../../Engine/Plugins/Marketplace/GameAnalytics/Binaries/Win64/UE4Editor-GameAnalyticsEditor.dll (API version 3709383).
LogModuleManager: Display: Found up-to-date module file ../../../Engine/Plugins/2D/Paper2D/Binaries/Win64/UE4Editor-Paper2D.dll (API version 3709383).
LogModuleManager: Display: Found up-to-date module file ../../../Engine/Plugins/2D/Paper2D/Binaries/Win64/UE4Editor-Paper2DEditor.dll (API version 3709383).
LogModuleManager: Display: Found up-to-date module file ../../../Engine/Plugins/2D/Paper2D/Binaries/Win64/UE4Editor-PaperSpriteSheetImporter.dll (API version 3709383).
LogModuleManager: Display: Found up-to-date module file ../../../Engine/Plugins/2D/Paper2D/Binaries/Win64/UE4Editor-PaperTiledImporter.dll (API version 3709383).
LogModuleManager: Display: Found up-to-date module file ../../../Engine/Plugins/2D/Paper2D/Binaries/Win64/UE4Editor-SmartSnapping.dll (API version 3709383).
LogModuleManager: Display: Found up-to-date module file ../../../Engine/Plugins/Blendables/LightPropagationVolume/Binaries/Win64/UE4Editor-LightPropagationVolumeRuntime.dll (API version 3709383).
LogModuleManager: Display: Found up-to-date module file ../../../Engine/Plugins/Blendables/LightPropagationVolume/Binaries/Win64/UE4Editor-LightPropagationVolumeEditor.dll (API version 3709383).
LogModuleManager: Display: Found up-to-date module file ../../../Engine/Plugins/Developer/GitSourceControl/Binaries/Win64/UE4Editor-GitSourceControl.dll (API version 3709383).
LogModuleManager: Display: Found up-to-date module file ../../../Engine/Plugins/Developer/PerforceSourceControl/Binaries/Win64/UE4Editor-PerforceSourceControl.dll (API version 3709383).
LogModuleManager: Display: Found up-to-date module file ../../../Engine/Plugins/Developer/SubversionSourceControl/Binaries/Win64/UE4Editor-SubversionSourceControl.dll (API version 3709383).
LogModuleManager: Display: Found up-to-date module file ../../../Engine/Plugins/Developer/UObjectPlugin/Binaries/Win64/UE4Editor-UObjectPlugin.dll (API version 3709383).
LogModuleManager: Display: Found up-to-date module file ../../../Engine/Plugins/Developer/VisualStudioCodeSourceCodeAccess/Binaries/Win64/UE4Editor-VisualStudioCodeSourceCodeAccess.dll (API version 3709383).
LogModuleManager: Display: Found up-to-date module file ../../../Engine/Plugins/Developer/VisualStudioSourceCodeAccess/Binaries/Win64/UE4Editor-VisualStudioSourceCodeAccess.dll (API version 3709383).
LogModuleManager: Display: Found up-to-date module file ../../../Engine/Plugins/Editor/AssetManagerEditor/Binaries/Win64/UE4Editor-AssetManagerEditor.dll (API version 3709383).
LogModuleManager: Display: Found up-to-date module file ../../../Engine/Plugins/Editor/AudioCapture/Binaries/Win64/UE4Editor-AudioCapture.dll (API version 3709383).
LogModuleManager: Display: Found up-to-date module file ../../../Engine/Plugins/Editor/FacialAnimation/Binaries/Win64/UE4Editor-FacialAnimation.dll (API version 3709383).
LogModuleManager: Display: Found up-to-date module file ../../../Engine/Plugins/Editor/FacialAnimation/Binaries/Win64/UE4Editor-FacialAnimationEditor.dll (API version 3709383).
LogModuleManager: Display: Found up-to-date module file ../../../Engine/Plugins/Editor/GameplayTagsEditor/Binaries/Win64/UE4Editor-GameplayTagsEditor.dll (API version 3709383).
LogModuleManager: Display: Found up-to-date module file ../../../Engine/Plugins/Editor/MobileLauncherProfileWizard/Binaries/Win64/UE4Editor-MobileLauncherProfileWizard.dll (API version 3709383).
LogModuleManager: Display: Found up-to-date module file ../../../Engine/Plugins/Editor/PluginBrowser/Binaries/Win64/UE4Editor-PluginBrowser.dll (API version 3709383).
LogModuleManager: Display: Found up-to-date module file ../../../Engine/Plugins/Editor/SpeedTreeImporter/Binaries/Win64/UE4Editor-SpeedTreeImporter.dll (API version 3709383).
LogModuleManager: Display: Found up-to-date module file ../../../Engine/Plugins/Experimental/AlembicImporter/Binaries/Win64/UE4Editor-AlembicImporter.dll (API version 3709383).
LogModuleManager: Display: Found up-to-date module file ../../../Engine/Plugins/Experimental/AlembicImporter/Binaries/Win64/UE4Editor-AlembicLibrary.dll (API version 3709383).
LogModuleManager: Display: Found up-to-date module file ../../../Engine/Plugins/Experimental/CharacterAI/Binaries/Win64/UE4Editor-CharacterAI.dll (API version 3709383).
LogModuleManager: Display: Found up-to-date module file ../../../Engine/Plugins/Experimental/HTML5Networking/Binaries/Win64/UE4Editor-HTML5Networking.dll (API version 3709383).
LogModuleManager: Display: Found up-to-date module file ../../../Engine/Plugins/Media/AndroidMedia/Binaries/Win64/UE4Editor-AndroidMediaEditor.dll (API version 3709383).
LogModuleManager: Display: Found up-to-date module file ../../../Engine/Plugins/Media/AndroidMedia/Binaries/Win64/UE4Editor-AndroidMediaFactory.dll (API version 3709383).
LogModuleManager: Display: Found up-to-date module file ../../../Engine/Plugins/Media/AvfMedia/Binaries/Win64/UE4Editor-AvfMediaEditor.dll (API version 3709383).
LogModuleManager: Display: Found up-to-date module file ../../../Engine/Plugins/Media/AvfMedia/Binaries/Win64/UE4Editor-AvfMediaFactory.dll (API version 3709383).
LogModuleManager: Display: Found up-to-date module file ../../../Engine/Plugins/Media/AvfMedia/Binaries/Win64/UE4Editor-AvfMediaFactory.dll (API version 3709383).
LogModuleManager: Display: Found up-to-date module file ../../../Engine/Plugins/Media/ImgMedia/Binaries/Win64/UE4Editor-ImgMedia.dll (API version 3709383).
LogModuleManager: Display: Found up-to-date module file ../../../Engine/Plugins/Media/ImgMedia/Binaries/Win64/UE4Editor-ImgMediaEditor.dll (API version 3709383).
LogModuleManager: Display: Found up-to-date module file ../../../Engine/Plugins/Media/ImgMedia/Binaries/Win64/UE4Editor-ImgMediaFactory.dll (API version 3709383).
LogModuleManager: Display: Found up-to-date module file ../../../Engine/Plugins/Media/ImgMedia/Binaries/Win64/UE4Editor-ImgMediaFactory.dll (API version 3709383).
LogModuleManager: Display: Found up-to-date module file ../../../Engine/Plugins/Media/ImgMedia/Binaries/Win64/UE4Editor-OpenExrWrapper.dll (API version 3709383).
LogModuleManager: Display: Found up-to-date module file ../../../Engine/Plugins/Media/MediaCompositing/Binaries/Win64/UE4Editor-MediaCompositing.dll (API version 3709383).
LogModuleManager: Display: Found up-to-date module file ../../../Engine/Plugins/Media/MediaCompositing/Binaries/Win64/UE4Editor-MediaCompositingEditor.dll (API version 3709383).
LogModuleManager: Display: Found up-to-date module file ../../../Engine/Plugins/Media/MediaPlayerEditor/Binaries/Win64/UE4Editor-MediaPlayerEditor.dll (API version 3709383).
LogModuleManager: Display: Found up-to-date module file ../../../Engine/Plugins/Media/WmfMedia/Binaries/Win64/UE4Editor-WmfMedia.dll (API version 3709383).
LogModuleManager: Display: Found up-to-date module file ../../../Engine/Plugins/Media/WmfMedia/Binaries/Win64/UE4Editor-WmfMediaEditor.dll (API version 3709383).
LogModuleManager: Display: Found up-to-date module file ../../../Engine/Plugins/Media/WmfMedia/Binaries/Win64/UE4Editor-WmfMediaFactory.dll (API version 3709383).
LogModuleManager: Display: Found up-to-date module file ../../../Engine/Plugins/Media/WmfMedia/Binaries/Win64/UE4Editor-WmfMediaFactory.dll (API version 3709383).
LogModuleManager: Display: Found up-to-date module file ../../../Engine/Plugins/Messaging/TcpMessaging/Binaries/Win64/UE4Editor-TcpMessaging.dll (API version 3709383).
LogModuleManager: Display: Found up-to-date module file ../../../Engine/Plugins/Messaging/UdpMessaging/Binaries/Win64/UE4Editor-UdpMessaging.dll (API version 3709383).
LogModuleManager: Display: Found up-to-date module file ../../../Engine/Plugins/MovieScene/ActorSequence/Binaries/Win64/UE4Editor-ActorSequence.dll (API version 3709383).
LogModuleManager: Display: Found up-to-date module file ../../../Engine/Plugins/MovieScene/LevelSequenceEditor/Binaries/Win64/UE4Editor-LevelSequenceEditor.dll (API version 3709383).
LogModuleManager: Display: Found up-to-date module file ../../../Engine/Plugins/MovieScene/MatineeToLevelSequence/Binaries/Win64/UE4Editor-MatineeToLevelSequence.dll (API version 3709383).
LogModuleManager: Display: Found up-to-date module file ../../../Engine/Plugins/Online/OnlineSubsystem/Binaries/Win64/UE4Editor-OnlineSubsystem.dll (API version 3709383).
LogModuleManager: Display: Found up-to-date module file ../../../Engine/Plugins/Runtime/AndroidPermission/Binaries/Win64/UE4Editor-AndroidPermission.dll (API version 3709383).
LogModuleManager: Display: Found up-to-date module file ../../../Engine/Plugins/Online/OnlineSubsystemNull/Binaries/Win64/UE4Editor-OnlineSubsystemNull.dll (API version 3709383).
LogModuleManager: Display: Found up-to-date module file ../../../Engine/Plugins/Online/OnlineSubsystemUtils/Binaries/Win64/UE4Editor-OnlineSubsystemUtils.dll (API version 3709383).
LogModuleManager: Display: Found up-to-date module file ../../../Engine/Plugins/Online/OnlineSubsystemUtils/Binaries/Win64/UE4Editor-OnlineBlueprintSupport.dll (API version 3709383).
LogModuleManager: Display: Found up-to-date module file ../../../Engine/Plugins/Runtime/AndroidDeviceProfileSelector/Binaries/Win64/UE4Editor-AndroidDeviceProfileSelector.dll (API version 3709383).
LogModuleManager: Display: Found up-to-date module file ../../../Engine/Plugins/Runtime/AppleARKit/Binaries/Win64/UE4Editor-AppleARKit.dll (API version 3709383).
LogModuleManager: Display: Found up-to-date module file ../../../Engine/Plugins/Runtime/ArchVisCharacter/Binaries/Win64/UE4Editor-ArchVisCharacter.dll (API version 3709383).
LogModuleManager: Display: Found up-to-date module file ../../../Engine/Plugins/Runtime/CableComponent/Binaries/Win64/UE4Editor-CableComponent.dll (API version 3709383).
LogModuleManager: Display: Found up-to-date module file ../../../Engine/Plugins/Runtime/CustomMeshComponent/Binaries/Win64/UE4Editor-CustomMeshComponent.dll (API version 3709383).
LogModuleManager: Display: Found up-to-date module file ../../../Engine/Plugins/Runtime/ExampleDeviceProfileSelector/Binaries/Win64/UE4Editor-ExampleDeviceProfileSelector.dll (API version 3709383).
LogModuleManager: Display: Found up-to-date module file ../../../Engine/Plugins/Runtime/ImmediatePhysics/Binaries/Win64/UE4Editor-ImmediatePhysics.dll (API version 3709383).
LogModuleManager: Display: Found up-to-date module file ../../../Engine/Plugins/Runtime/ImmediatePhysics/Binaries/Win64/UE4Editor-ImmediatePhysicsEditor.dll (API version 3709383).
LogModuleManager: Display: Found up-to-date module file ../../../Engine/Plugins/Runtime/LocationServicesBPLibrary/Binaries/Win64/UE4Editor-LocationServicesBPLibrary.dll (API version 3709383).
LogModuleManager: Display: Found up-to-date module file ../../../Engine/Plugins/Runtime/MobilePatchingUtils/Binaries/Win64/UE4Editor-MobilePatchingUtils.dll (API version 3709383).
LogModuleManager: Display: Found up-to-date module file ../../../Engine/Plugins/Runtime/Oculus/OculusVR/Binaries/Win64/UE4Editor-OculusHMD.dll (API version 3709383).
LogModuleManager: Display: Found up-to-date module file ../../../Engine/Plugins/Runtime/Oculus/OculusVR/Binaries/Win64/UE4Editor-OculusInput.dll (API version 3709383).
LogModuleManager: Display: Found up-to-date module file ../../../Engine/Plugins/Runtime/Oculus/OculusVR/Binaries/Win64/UE4Editor-OculusEditor.dll (API version 3709383).
LogModuleManager: Display: Found up-to-date module file ../../../Engine/Plugins/Runtime/PhysXVehicles/Binaries/Win64/UE4Editor-PhysXVehicles.dll (API version 3709383).
LogModuleManager: Display: Found up-to-date module file ../../../Engine/Plugins/Runtime/PhysXVehicles/Binaries/Win64/UE4Editor-PhysXVehiclesEditor.dll (API version 3709383).
LogModuleManager: Display: Found up-to-date module file ../../../Engine/Plugins/Runtime/ProceduralMeshComponent/Binaries/Win64/UE4Editor-ProceduralMeshComponent.dll (API version 3709383).
LogModuleManager: Display: Found up-to-date module file ../../../Engine/Plugins/Runtime/ProceduralMeshComponent/Binaries/Win64/UE4Editor-ProceduralMeshComponentEditor.dll (API version 3709383).
LogModuleManager: Display: Found up-to-date module file ../../../Engine/Plugins/Runtime/RuntimePhysXCooking/Binaries/Win64/UE4Editor-RuntimePhysXCooking.dll (API version 3709383).
LogModuleManager: Display: Found up-to-date module file ../../../Engine/Plugins/Runtime/Steam/SteamVR/Binaries/Win64/UE4Editor-SteamVR.dll (API version 3709383).
LogModuleManager: Display: Found up-to-date module file ../../../Engine/Plugins/Runtime/Steam/SteamVR/Binaries/Win64/UE4Editor-SteamVRController.dll (API version 3709383).
LogModuleManager: Display: Found up-to-date module file ../../../Engine/Plugins/Runtime/WindowsMoviePlayer/Binaries/Win64/UE4Editor-WindowsMoviePlayer.dll (API version 3709383).
LogPluginManager: Mounting plugin Paper2D
LogPluginManager: Mounting plugin LightPropagationVolume
LogPluginManager: Mounting plugin CodeLiteSourceCodeAccess
LogPluginManager: Mounting plugin GitSourceControl
LogPluginManager: Mounting plugin KDevelopSourceCodeAccess
LogPluginManager: Mounting plugin NullSourceCodeAccess
LogPluginManager: Mounting plugin PerforceSourceControl
LogPluginManager: Mounting plugin SubversionSourceControl
LogPluginManager: Mounting plugin UObjectPlugin
LogPluginManager: Mounting plugin VisualStudioCodeSourceCodeAccess
LogPluginManager: Mounting plugin VisualStudioSourceCodeAccess
LogPluginManager: Mounting plugin XCodeSourceCodeAccess
LogPluginManager: Mounting plugin AssetManagerEditor
LogPluginManager: Mounting plugin AudioCapture
LogPluginManager: Mounting plugin FacialAnimation
LogPluginManager: Mounting plugin GameplayTagsEditor
LogPluginManager: Mounting plugin MobileLauncherProfileWizard
LogPluginManager: Mounting plugin PluginBrowser
LogPluginManager: Mounting plugin SpeedTreeImporter
LogPluginManager: Mounting plugin AlembicImporter
LogPluginManager: Mounting plugin CharacterAI
LogPluginManager: Mounting plugin HTML5Networking
LogPluginManager: Mounting plugin GameAnalytics
LogPluginManager: Mounting plugin AndroidMedia
LogPluginManager: Mounting plugin AvfMedia
LogPluginManager: Mounting plugin ImgMedia
LogPluginManager: Mounting plugin MediaCompositing
LogPluginManager: Mounting plugin MediaPlayerEditor
LogPluginManager: Mounting plugin WmfMedia
LogPluginManager: Mounting plugin TcpMessaging
LogPluginManager: Mounting plugin UdpMessaging
LogPluginManager: Mounting plugin ActorSequence
LogPluginManager: Mounting plugin LevelSequenceEditor
LogPluginManager: Mounting plugin MatineeToLevelSequence
LogPluginManager: Mounting plugin OnlineSubsystemGooglePlay
LogPluginManager: Mounting plugin OnlineSubsystemIOS
LogPluginManager: Mounting plugin OnlineSubsystem
LogPluginManager: Mounting plugin OnlineSubsystemNull
LogPluginManager: Mounting plugin OnlineSubsystemUtils
LogPluginManager: Mounting plugin AndroidDeviceProfileSelector
LogPluginManager: Mounting plugin AndroidMoviePlayer
LogPluginManager: Mounting plugin AndroidPermission
LogPluginManager: Mounting plugin AppleARKit
LogPluginManager: Mounting plugin AppleMoviePlayer
LogPluginManager: Mounting plugin ArchVisCharacter
LogPluginManager: Mounting plugin CableComponent
LogPluginManager: Mounting plugin CustomMeshComponent
LogPluginManager: Mounting plugin ExampleDeviceProfileSelector
LogPluginManager: Mounting plugin GoogleCloudMessaging
LogPluginManager: Mounting plugin ImmediatePhysics
LogPluginManager: Mounting plugin IOSDeviceProfileSelector
LogPluginManager: Mounting plugin LinuxDeviceProfileSelector
LogPluginManager: Mounting plugin LocationServicesBPLibrary
LogPluginManager: Mounting plugin MobilePatchingUtils
LogPluginManager: Mounting plugin OculusVR
LogPluginManager: Plugin shader directory ../../../Engine/Plugins/Runtime/Oculus/OculusVR/Shaders found
LogPluginManager: Mapping shader source directory ../../../Engine/Plugins/Runtime/Oculus/OculusVR/Shaders to virtual directory /Plugin/OculusVR
LogPluginManager: Mounting plugin PhysXVehicles
LogPluginManager: Mounting plugin ProceduralMeshComponent
LogPluginManager: Mounting plugin RuntimePhysXCooking
LogPluginManager: Mounting plugin SteamVR
LogPluginManager: Mounting plugin WindowsMoviePlayer
LogInit: Using libcurl 7.47.1
LogInit:  - built for x86_64-pc-win32
LogInit:  - supports SSL with OpenSSL/1.0.2g
LogInit:  - supports HTTP deflate (compression) using libz 1.2.8
LogInit:  - other features:
LogInit:      CURL_VERSION_SSL
LogInit:      CURL_VERSION_LIBZ
LogInit:      CURL_VERSION_IPV6
LogInit:      CURL_VERSION_ASYNCHDNS
LogInit:      CURL_VERSION_LARGEFILE
LogInit:      CURL_VERSION_IDN
LogInit:  CurlRequestOptions (configurable via config and command line):
LogInit:  - bVerifyPeer = false  - Libcurl will NOT verify peer certificate
LogInit:  - bUseHttpProxy = false  - Libcurl will NOT use HTTP proxy
LogInit:  - bDontReuseConnections = false  - Libcurl will reuse connections
LogInit:  - CertBundlePath = nullptr  - Libcurl will use whatever was configured at build time.
LogInit: Build: ++UE4+Release-4.18-CL-3832480
LogInit: Engine Version: 4.18.3-3832480+++UE4+Release-4.18
LogInit: Compatible Engine Version: 4.18.0-3709383+++UE4+Release-4.18
LogInit: Net CL: 3709383
LogDevObjectVersion: Number of dev versions registered: 16
LogDevObjectVersion:   Dev-Blueprints (B0D832E4-1F89-4F0D-ACCF-7EB736FD4AA2): 10
LogDevObjectVersion:   Dev-Build (E1C64328-A22C-4D53-A36C-8E866417BD8C): 0
LogDevObjectVersion:   Dev-Core (375EC13C-06E4-48FB-B500-84F0262A717E): 2
LogDevObjectVersion:   Dev-Editor (E4B068ED-F494-42E9-A231-DA0B2E46BB41): 20
LogDevObjectVersion:   Dev-Framework (CFFC743F-43B0-4480-9391-14DF171D2073): 30
LogDevObjectVersion:   Dev-Mobile (B02B49B5-BB20-44E9-A304-32B752E40360): 0
LogDevObjectVersion:   Dev-Networking (A4E4105C-59A1-49B5-A7C5-40C4547EDFEE): 0
LogDevObjectVersion:   Dev-Online (39C831C9-5AE6-47DC-9A44-9C173E1C8E7C): 0
LogDevObjectVersion:   Dev-Physics (78F01B33-EBEA-4F98-B9B4-84EACCB95AA2): 0
LogDevObjectVersion:   Dev-Platform (6631380F-2D4D-43E0-8009-CF276956A95A): 0
LogDevObjectVersion:   Dev-Rendering (12F88B9F-8875-4AFC-A67C-D90C383ABD29): 20
LogDevObjectVersion:   Dev-Sequencer (7B5AE74C-D270-4C10-A958-57980B212A5A): 4
LogDevObjectVersion:   Dev-VR (D7296918-1DD6-4BDD-9DE2-64A83CC13884): 0
LogDevObjectVersion:   Dev-LoadTimes (C2A15278-BFE7-4AFE-6C17-90FF531DF755): 1
LogDevObjectVersion:   Private-Geometry (6EACA3D4-40EC-4CC1-B786-8BED09428FC5): 1
LogDevObjectVersion:   Dev-AnimPhys (29E575DD-E0A3-4627-9D10-D276232CDCEA): 12
LogInit: Compiled (64-bit): Jan 12 2018 02:04:55
LogInit: Compiled with Visual C++: 19.00.24215.01
LogInit: Build Configuration: Development
LogInit: Branch Name: ++UE4+Release-4.18
LogInit: Command line:  
LogInit: Base directory: C:/Program Files/Epic Games/UE_4.18/Engine/Binaries/Win64/
LogInit: Installed Engine Build: 1
LogInit: Presizing for max 8388607 objects, including 0 objects not considered by GC, pre-allocating 0 bytes for permanent pool.
LogInit: Object subsystem initialized
[2018.04.17-18.22.04:676][  0]LogInit: Selected Device Profile: [Windows]
[2018.04.17-18.22.04:676][  0]LogInit: Applying CVar settings loaded from the selected device profile: [Windows]
[2018.04.17-18.22.04:704][  0]LogInit: Computer: ASUS-23
[2018.04.17-18.22.04:704][  0]LogInit: User: Victor
[2018.04.17-18.22.04:704][  0]LogInit: CPU Page size=4096, Cores=4
[2018.04.17-18.22.04:704][  0]LogInit: High frequency timer resolution =2.742191 MHz
[2018.04.17-18.22.04:704][  0]LogMemory: Memory total: Physical=7.9GB (8GB approx)
[2018.04.17-18.22.04:704][  0]LogMemory: Platform Memory Stats for Windows
[2018.04.17-18.22.04:704][  0]LogMemory: Process Physical Memory: 274.54 MB used, 274.54 MB peak
[2018.04.17-18.22.04:704][  0]LogMemory: Process Virtual Memory: 270.05 MB used, 270.05 MB peak
[2018.04.17-18.22.04:704][  0]LogMemory: Physical Memory: 4123.76 MB used,  3949.32 MB free, 8073.08 MB total
[2018.04.17-18.22.04:704][  0]LogMemory: Virtual Memory: 682.98 MB used,  3949.32 MB free, 134217728.00 MB total
[2018.04.17-18.22.05:771][  0]LogInit: Using OS detected language (en-US).
[2018.04.17-18.22.05:771][  0]LogInit: Using OS detected locale (en-US).
[2018.04.17-18.22.05:839][  0]LogTextLocalizationManager: No specific localization for 'en-US' exists, so the 'en' localization will be used.
[2018.04.17-18.22.09:178][  0]LogD3D11RHI: D3D11 adapters:
[2018.04.17-18.22.09:249][  0]LogD3D11RHI:    0. 'NVIDIA GeForce GTX 1050' (Feature Level 11_0)
[2018.04.17-18.22.09:249][  0]LogD3D11RHI:       4021/0/4036 MB DedicatedVideo/DedicatedSystem/SharedSystem, Outputs:1, VendorId:0x10de
[2018.04.17-18.22.09:257][  0]LogD3D11RHI:    1. 'Intel(R) HD Graphics 630' (Feature Level 11_0)
[2018.04.17-18.22.09:257][  0]LogD3D11RHI:       128/0/4036 MB DedicatedVideo/DedicatedSystem/SharedSystem, Outputs:0, VendorId:0x8086
[2018.04.17-18.22.09:277][  0]LogD3D11RHI:    2. 'Microsoft Basic Render Driver' (Feature Level 11_0)
[2018.04.17-18.22.09:277][  0]LogD3D11RHI:       0/0/4036 MB DedicatedVideo/DedicatedSystem/SharedSystem, Outputs:0, VendorId:0x1414
[2018.04.17-18.22.09:277][  0]LogD3D11RHI: Chosen D3D11 Adapter: 0
[2018.04.17-18.22.09:283][  0]LogD3D11RHI: Creating new Direct3DDevice
[2018.04.17-18.22.09:283][  0]LogD3D11RHI:     GPU DeviceId: 0x1c8d (for the marketing name, search the web for "GPU Device Id")
[2018.04.17-18.22.09:283][  0]LogWindows: EnumDisplayDevices:
[2018.04.17-18.22.09:284][  0]LogWindows:    0. 'Intel(R) HD Graphics 630' (P:1 D:1)
[2018.04.17-18.22.09:284][  0]LogWindows:    1. 'Intel(R) HD Graphics 630' (P:0 D:0)
[2018.04.17-18.22.09:284][  0]LogWindows:    2. 'Intel(R) HD Graphics 630' (P:0 D:0)
[2018.04.17-18.22.09:284][  0]LogWindows: DebugString: GetVideoDriverDetailsInvalid PrimaryIsNotTheChoosenAdapter GetVideoDriverDetailsInvalid PrimaryIsNotTheChoosenAdapter GetVideoDriverDetailsInvalid PrimaryIsNotTheChoosenAdapter FoundDriverCount:0 
[2018.04.17-18.22.09:284][  0]LogD3D11RHI:     Adapter Name: NVIDIA GeForce GTX 1050
[2018.04.17-18.22.09:284][  0]LogD3D11RHI:   Driver Version: Unknown (internal:Unknown, unified:Unknown)
[2018.04.17-18.22.09:284][  0]LogD3D11RHI:      Driver Date: Unknown
[2018.04.17-18.22.09:284][  0]LogRHI: Texture pool is 2814 MB (70% of 4021 MB)
[2018.04.17-18.22.09:323][  0]LogD3D11RHI: Async texture creation enabled
[2018.04.17-18.22.09:463][  0]LogD3D11RHI: GPU Timing Frequency: 1000.000000 (Debug: 2 2)
[2018.04.17-18.22.09:470][  0]LogShaderCompilers: Guid format shader working directory is -17 characters bigger than the processId version (../../../../../../Users/Alumno/Desktop/CasinoRoyale/SideScroller/Intermediate/Shaders/WorkingDirectory/5280/).
[2018.04.17-18.22.09:470][  0]LogShaderCompilers: Cleaned the shader compiler working directory 'C:/Users/Alumno/AppData/Local/Temp/UnrealShaderWorkingDir/5B91F40649B95C17093315BE5C1233C0/'.
[2018.04.17-18.22.09:471][  0]LogShaderCompilers: Display: Using Local Shader Compiler.
[2018.04.17-18.22.11:614][  0]LogTemp: Display: Loaded TP AllDesktopTargetPlatform
[2018.04.17-18.22.11:673][  0]LogTemp: Display: Loaded TP MacClientTargetPlatform
[2018.04.17-18.22.11:734][  0]LogTemp: Display: Loaded TP MacNoEditorTargetPlatform
[2018.04.17-18.22.11:804][  0]LogTemp: Display: Loaded TP MacServerTargetPlatform
[2018.04.17-18.22.11:875][  0]LogTemp: Display: Loaded TP MacTargetPlatform
[2018.04.17-18.22.11:937][  0]LogTemp: Display: Loaded TP WindowsClientTargetPlatform
[2018.04.17-18.22.11:999][  0]LogTemp: Display: Loaded TP WindowsNoEditorTargetPlatform
[2018.04.17-18.22.12:052][  0]LogTemp: Display: Loaded TP WindowsServerTargetPlatform
[2018.04.17-18.22.12:102][  0]LogTemp: Display: Loaded TP WindowsTargetPlatform
[2018.04.17-18.22.12:152][  0]LogTemp: Display: Loaded TP Android_ASTCTargetPlatform
[2018.04.17-18.22.12:202][  0]LogTemp: Display: Loaded TP Android_ATCTargetPlatform
[2018.04.17-18.22.12:253][  0]LogTemp: Display: Loaded TP Android_DXTTargetPlatform
[2018.04.17-18.22.12:305][  0]LogTemp: Display: Loaded TP Android_ETC1TargetPlatform
[2018.04.17-18.22.12:356][  0]LogTemp: Display: Loaded TP Android_ETC2TargetPlatform
[2018.04.17-18.22.12:477][  0]LogTemp: Display: Loaded TP Android_MultiTargetPlatform
[2018.04.17-18.22.12:477][  0]LogTemp: Display: Loaded TP Android_PVRTCTargetPlatform
[2018.04.17-18.22.12:550][  0]LogTemp: Display: Loaded TP AndroidTargetPlatform
[2018.04.17-18.22.12:598][  0]LogTemp: Display: Loaded TP HTML5TargetPlatform
[2018.04.17-18.22.12:719][  0]LogTemp: Display: Loaded TP IOSTargetPlatform
[2018.04.17-18.22.12:754][  0]LogTemp: Display: Loaded TP TVOSTargetPlatform
[2018.04.17-18.22.12:819][  0]LogTemp: Display: Loaded TP LinuxClientTargetPlatform
[2018.04.17-18.22.12:883][  0]LogTemp: Display: Loaded TP LinuxNoEditorTargetPlatform
[2018.04.17-18.22.12:937][  0]LogTemp: Display: Loaded TP LinuxServerTargetPlatform
[2018.04.17-18.22.13:020][  0]LogTemp: Display: Loaded TP LinuxTargetPlatform
[2018.04.17-18.22.13:020][  0]LogTargetPlatformManager: Display: Building Assets For Windows
[2018.04.17-18.22.13:607][  0]LogDerivedDataCache: Display: Max Cache Size: 512 MB
[2018.04.17-18.22.13:916][  0]LogDerivedDataCache: Loaded boot cache 0.31s 78MB C:/Users/Alumno/AppData/Local/UnrealEngine/4.18/DerivedDataCache/Boot.ddc.
[2018.04.17-18.22.13:916][  0]LogDerivedDataCache: Display: Loaded Boot cache: C:/Users/Alumno/AppData/Local/UnrealEngine/4.18/DerivedDataCache/Boot.ddc
[2018.04.17-18.22.13:916][  0]LogDerivedDataCache: FDerivedDataBackendGraph:  Pak pak cache file ../../../../../../Users/Alumno/Desktop/CasinoRoyale/SideScroller/DerivedDataCache/DDC.ddp not found, will not use a pak cache.
[2018.04.17-18.22.13:916][  0]LogDerivedDataCache: Unable to find inner node Pak for hierarchical cache Hierarchy.
[2018.04.17-18.22.13:916][  0]LogDerivedDataCache: FDerivedDataBackendGraph:  CompressedPak pak cache file ../../../../../../Users/Alumno/Desktop/CasinoRoyale/SideScroller/DerivedDataCache/Compressed.ddp not found, will not use a pak cache.
[2018.04.17-18.22.13:916][  0]LogDerivedDataCache: Unable to find inner node CompressedPak for hierarchical cache Hierarchy.
[2018.04.17-18.22.13:945][  0]LogDerivedDataCache: Display: Pak cache opened for reading ../../../Engine/DerivedDataCache/Compressed.ddp.
[2018.04.17-18.22.13:958][  0]LogDerivedDataCache: Using Local data cache path C:/Users/Alumno/AppData/Local/UnrealEngine/Common/DerivedDataCache: Writable
[2018.04.17-18.22.13:975][  0]LogMaterial: Verifying Global Shaders for PCD3D_SM5
[2018.04.17-18.22.13:981][  0]LogSlate: Using Freetype 2.6.0
[2018.04.17-18.22.14:005][  0]LogSlate: SlateFontCache - WITH_FREETYPE: 1, WITH_HARFBUZZ: 1
[2018.04.17-18.22.14:005][  0]LogSlate: SlateFontCache - WITH_FREETYPE: 1, WITH_HARFBUZZ: 1
[2018.04.17-18.22.15:065][  0]LogInit: Selected Device Profile: [Windows]
[2018.04.17-18.22.15:615][  0]LogSimplygon: Simplygon DLL not present - disabling.
[2018.04.17-18.22.15:661][  0]LogMeshReduction: Using SimplygonSwarm for distributed automatic mesh merging
[2018.04.17-18.22.15:661][  0]LogMeshReduction: Using QuadricMeshReduction for automatic static mesh reduction
[2018.04.17-18.22.15:661][  0]LogMeshReduction: No automatic skeletal mesh reduction module available
[2018.04.17-18.22.15:661][  0]LogMeshReduction: No automatic mesh merging module available
[2018.04.17-18.22.15:661][  0]LogMeshMerging: No automatic mesh merging module available
[2018.04.17-18.22.15:735][  0]LogNetVersion: SideScroller , NetCL: 3709383, EngineNetVer: 2, GameNetVer: 0 (Checksum: 123061163)
[2018.04.17-18.22.16:192][  0]LogAssetRegistry: FAssetRegistry took 0.0287 seconds to start up
[2018.04.17-18.22.17:547][  0]LogPackageLocalizationCache: Processed 7 localized package path(s) for 2 prioritized culture(s) in 0.077088 seconds
[2018.04.17-18.22.17:551][  0]LogUObjectArray: 35870 objects as part of root set at end of initial load.
[2018.04.17-18.22.17:551][  0]LogUObjectAllocator: 7363696 out of 0 bytes used by permanent object pool.
[2018.04.17-18.22.17:551][  0]LogUObjectArray: CloseDisregardForGC: 0/0 objects in disregard for GC pool
[2018.04.17-18.22.17:602][  0]LogInit: WinSock: version 1.1 (2.2), MaxSocks=32767, MaxUdp=65467
[2018.04.17-18.22.24:710][  0]LogGameAnalyticsAnalytics: Display: FAnalyticsGameAnalytics Constructor
[2018.04.17-18.22.24:783][  0]LogTcpMessaging: Initializing TcpMessaging bridge
[2018.04.17-18.22.24:825][  0]LogUdpMessaging: Initializing bridge on interface 0.0.0.0:0 to multicast group 230.0.0.1:6666.
[2018.04.17-18.22.25:650][  0]LogMaterial: Uniform references updated for custom material expression Custom.
[2018.04.17-18.22.26:222][  0]SourceControl: Source control is disabled
[2018.04.17-18.22.26:223][  0]SourceControl: Source control is disabled
[2018.04.17-18.22.26:284][  0]SourceControl: Source control is disabled
[2018.04.17-18.22.26:351][  0]SourceControl: Source control is disabled
[2018.04.17-18.22.27:333][  0]LogAndroidPermission: UAndroidPermissionCallbackProxy::GetInstance
[2018.04.17-18.22.27:674][  0]LogOcInput: OculusInput pre-init called
[2018.04.17-18.22.28:018][  0]LogEngine: Initializing Engine...
[2018.04.17-18.22.28:022][  0]LogHMD: Failed to initialize OpenVR with code 110
[2018.04.17-18.22.28:553][  0]LogStats: UGameplayTagsManager::ConstructGameplayTagTree: Construct from data asset -  0.000 s
[2018.04.17-18.22.28:554][  0]LogStats: UGameplayTagsManager::ConstructGameplayTagTree: GameplayTagTreeChangedEvent.Broadcast -  0.000 s
[2018.04.17-18.22.28:738][  0]LogAIModule: Creating AISystem for world Untitled
[2018.04.17-18.22.28:758][  0]LogInit: XAudio2 using 'Speakers (Realtek High Definition Audio)' : 2 channels at 48 kHz using 32 bits per sample (channel mask 0x3)
[2018.04.17-18.22.28:821][  0]LogInit: FAudioDevice initialized.
[2018.04.17-18.22.28:923][  0]LogDerivedDataCache: Saved boot cache 0.10s 78MB C:/Users/Alumno/AppData/Local/UnrealEngine/4.18/DerivedDataCache/Boot.ddc.
[2018.04.17-18.22.28:950][  0]LogInit: Texture streaming: Enabled
[2018.04.17-18.22.29:097][  0]LogEngineSessionManager: EngineSessionManager initialized
[2018.04.17-18.22.29:333][  0]LogInit: Transaction tracking system initialized
[2018.04.17-18.22.29:707][  0]BlueprintLog: New page: Editor Load
[2018.04.17-18.22.30:762][  0]LocalizationService: Localization service is disabled
[2018.04.17-18.22.31:690][  0]LogConsoleResponse: Display: 
[2018.04.17-18.22.32:324][  0]LogCook: Display: Max memory allowance for cook 16384mb min free memory 0mb
[2018.04.17-18.22.32:325][  0]LogCook: Display: Mobile HDR setting 1
[2018.04.17-18.22.32:325][  0]LogGameplayTags: Display: UGameplayTagsManager::DoneAddingNativeTags. DelegateIsBound: 0
[2018.04.17-18.22.33:020][  0]LogFileCache: Scanning file cache for directory 'C:/Users/Alumno/Desktop/CasinoRoyale/SideScroller/Content/' took 0.02s
[2018.04.17-18.22.33:702][  0]SourceControl: Source control is disabled
[2018.04.17-18.22.33:704][  0]Cmd: MAP LOAD FILE="../../../../../../Users/Alumno/Desktop/CasinoRoyale/SideScroller/Content/Scenes/Level.umap" TEMPLATE=0 SHOWPROGRESS=1 FEATURELEVEL=3
[2018.04.17-18.22.33:712][  0]LightingResults: New page: Lighting Build
[2018.04.17-18.22.33:761][  0]MapCheck: New page: Map Check
[2018.04.17-18.22.33:761][  0]LightingResults: New page: Lighting Build
[2018.04.17-18.22.37:525][  0]LogAIModule: Creating AISystem for world Level
[2018.04.17-18.22.37:550][  0]LogPhysics: Warning: Initialising Body : Scale3D is (nearly) zero: Component: '/Game/Scenes/Level.Level:PersistentLevel.MoveableObject17.ChangePosTrigger' 
[2018.04.17-18.22.37:552][  0]LogPhysics: Warning: Initialising Body : Scale3D is (nearly) zero: Component: '/Game/Scenes/Level.Level:PersistentLevel.MoveableObject37.BlockPlayer' 
[2018.04.17-18.22.37:552][  0]LogPhysics: Warning: Initialising Body : Scale3D is (nearly) zero: Component: '/Game/Scenes/Level.Level:PersistentLevel.MoveableObject37.ChangePosTrigger' 
[2018.04.17-18.22.37:554][  0]LogPhysics: Warning: Initialising Body : Scale3D is (nearly) zero: Component: '/Game/Scenes/Level.Level:PersistentLevel.MoveableObject9.BlockPlayer' 
[2018.04.17-18.22.37:554][  0]LogPhysics: Warning: Initialising Body : Scale3D is (nearly) zero: Component: '/Game/Scenes/Level.Level:PersistentLevel.MoveableObject9.ChangePosTrigger' 
[2018.04.17-18.22.37:555][  0]LogPhysics: Warning: Initialising Body : Scale3D is (nearly) zero: Component: '/Game/Scenes/Level.Level:PersistentLevel.MoveableObject12_666.BlockPlayer' 
[2018.04.17-18.22.37:555][  0]LogPhysics: Warning: Initialising Body : Scale3D is (nearly) zero: Component: '/Game/Scenes/Level.Level:PersistentLevel.MoveableObject12_666.ChangePosTrigger' 
[2018.04.17-18.22.37:555][  0]LogPhysics: Warning: Initialising Body : Scale3D is (nearly) zero: Component: '/Game/Scenes/Level.Level:PersistentLevel.MoveableObject14_772.BlockPlayer' 
[2018.04.17-18.22.37:555][  0]LogPhysics: Warning: Initialising Body : Scale3D is (nearly) zero: Component: '/Game/Scenes/Level.Level:PersistentLevel.MoveableObject14_772.ChangePosTrigger' 
[2018.04.17-18.22.37:555][  0]LogPhysics: Warning: Initialising Body : Scale3D is (nearly) zero: Component: '/Game/Scenes/Level.Level:PersistentLevel.MoveableObject16_890.BlockPlayer' 
[2018.04.17-18.22.37:555][  0]LogPhysics: Warning: Initialising Body : Scale3D is (nearly) zero: Component: '/Game/Scenes/Level.Level:PersistentLevel.MoveableObject16_890.ChangePosTrigger' 
[2018.04.17-18.22.37:584][  0]LogPhysics: Warning: Initialising Body : Scale3D is (nearly) zero: Component: '/Game/Scenes/Level.Level:PersistentLevel.MoveableObject17.ChangePosTrigger' 
[2018.04.17-18.22.37:597][  0]LogPhysics: Warning: Initialising Body : Scale3D is (nearly) zero: Component: '/Game/Scenes/Level.Level:PersistentLevel.MoveableObject37.BlockPlayer' 
[2018.04.17-18.22.37:597][  0]LogPhysics: Warning: Initialising Body : Scale3D is (nearly) zero: Component: '/Game/Scenes/Level.Level:PersistentLevel.MoveableObject37.ChangePosTrigger' 
[2018.04.17-18.22.37:605][  0]LogPhysics: Warning: Initialising Body : Scale3D is (nearly) zero: Component: '/Game/Scenes/Level.Level:PersistentLevel.MoveableObject9.BlockPlayer' 
[2018.04.17-18.22.37:605][  0]LogPhysics: Warning: Initialising Body : Scale3D is (nearly) zero: Component: '/Game/Scenes/Level.Level:PersistentLevel.MoveableObject9.ChangePosTrigger' 
[2018.04.17-18.22.37:606][  0]LogPhysics: Warning: Initialising Body : Scale3D is (nearly) zero: Component: '/Game/Scenes/Level.Level:PersistentLevel.MoveableObject12_666.BlockPlayer' 
[2018.04.17-18.22.37:607][  0]LogPhysics: Warning: Initialising Body : Scale3D is (nearly) zero: Component: '/Game/Scenes/Level.Level:PersistentLevel.MoveableObject12_666.ChangePosTrigger' 
[2018.04.17-18.22.37:608][  0]LogPhysics: Warning: Initialising Body : Scale3D is (nearly) zero: Component: '/Game/Scenes/Level.Level:PersistentLevel.MoveableObject14_772.BlockPlayer' 
[2018.04.17-18.22.37:608][  0]LogPhysics: Warning: Initialising Body : Scale3D is (nearly) zero: Component: '/Game/Scenes/Level.Level:PersistentLevel.MoveableObject14_772.ChangePosTrigger' 
[2018.04.17-18.22.37:609][  0]LogPhysics: Warning: Initialising Body : Scale3D is (nearly) zero: Component: '/Game/Scenes/Level.Level:PersistentLevel.MoveableObject16_890.BlockPlayer' 
[2018.04.17-18.22.37:609][  0]LogPhysics: Warning: Initialising Body : Scale3D is (nearly) zero: Component: '/Game/Scenes/Level.Level:PersistentLevel.MoveableObject16_890.ChangePosTrigger' 
[2018.04.17-18.22.37:615][  0]LogEditorServer: Finished looking for orphan Actors (0.000 secs)
[2018.04.17-18.22.37:640][  0]Cmd: MAP CHECKDEP NOCLEARLOG
[2018.04.17-18.22.37:712][  0]MapCheck: Map check complete: 0 Error(s), 0 Warning(s), took 72.054ms to complete.
[2018.04.17-18.22.37:712][  0]LogFileHelpers: Loading map 'Level' took 4.009
[2018.04.17-18.22.39:499][  0]LogSlate: Only BGRA pngs, bmps or icos are supported in by External Image Picker
[2018.04.17-18.22.39:687][  0]LogTemp: Executing iPhonePackager certificates Engine -bundlename com.YourCompany.SideScroller
[2018.04.17-18.22.39:687][  0]LogTemp: CWD: C:\Program Files\Epic Games\UE_4.18\Engine\Binaries\DotNET\IOS
[2018.04.17-18.22.39:687][  0]LogTemp: Initial Dir: C:\Program Files\Epic Games\UE_4.18
[2018.04.17-18.22.39:687][  0]LogTemp: Env CWD: C:\Program Files\Epic Games\UE_4.18\Engine\Binaries\DotNET\IOS
[2018.04.17-18.22.39:687][  0]LogTemp: BranchPath = ASUS-23/C/Program Files/Epic Games/UE_4.18/Engine/Binaries --- GameBranchPath = ASUS-23/C/Program Files/Epic Games/UE_4.18/Engine/Binaries
[2018.04.17-18.22.39:687][  0]LogTemp: IPP ERROR: Could not find provision directory 'C:\Users\Alumno\AppData\Local/Apple Computer/MobileDevice/Provisioning Profiles/'.
[2018.04.17-18.22.39:687][  0]LogCollectionManager: Loaded 0 collections in 0.001731 seconds
[2018.04.17-18.22.39:782][  0]LogFileCache: Scanning file cache for directory 'C:/Users/Alumno/Desktop/CasinoRoyale/SideScroller/Saved/Collections/' took 0.01s
[2018.04.17-18.22.39:782][  0]LogFileCache: Scanning file cache for directory 'C:/Users/Alumno/Desktop/CasinoRoyale/SideScroller/Content/Developers/Victor/Collections/' took 0.01s
[2018.04.17-18.22.39:782][  0]LogFileCache: Scanning file cache for directory 'C:/Users/Alumno/Desktop/CasinoRoyale/SideScroller/Content/Collections/' took 0.01s
[2018.04.17-18.22.39:782][  0]LogCollectionManager: Rebuilt the GUID cache for 0 collections in 0.000000 seconds
[2018.04.17-18.22.39:793][  0]LogContentBrowser: Native class hierarchy populated in 0.0082 seconds. Added 2365 classes and 524 folders.
[2018.04.17-18.22.39:868][  0]LogContentBrowser: Native class hierarchy updated for 'WidgetCarousel' in 0.0002 seconds. Added 0 classes and 0 folders.
[2018.04.17-18.22.40:352][  0]LogContentBrowser: Native class hierarchy updated for 'AddContentDialog' in 0.0003 seconds. Added 0 classes and 0 folders.
[2018.04.17-18.22.40:410][  0]LogContentBrowser: Native class hierarchy updated for 'SceneOutliner' in 0.0003 seconds. Added 1 classes and 2 folders.
[2018.04.17-18.22.40:473][  0]LogSlate: Took 0.007040 seconds to synchronously load lazily loaded font '../../../Engine/Content/Slate/Fonts/Roboto-Regular.ttf' (155K)
[2018.04.17-18.22.40:484][  0]LogSlate: Took 0.006835 seconds to synchronously load lazily loaded font '../../../Engine/Content/Slate/Fonts/Roboto-Bold.ttf' (160K)
[2018.04.17-18.22.40:502][  0]LogSlate: Took 0.007554 seconds to synchronously load lazily loaded font '../../../Engine/Content/Editor/Slate/Fonts/FontAwesome.ttf' (139K)
[2018.04.17-18.22.40:692][  0]LogRenderer: Reallocating scene render targets to support 852x404 Format 9 NumSamples 1 (Frame:1).
[2018.04.17-18.22.40:943][  0]LogContentBrowser: Native class hierarchy updated for 'HierarchicalLODOutliner' in 0.0003 seconds. Added 1 classes and 2 folders.
[2018.04.17-18.22.40:944][  0]LogLoad: (Engine Initialization) Total time: 41.63 seconds
[2018.04.17-18.22.40:944][  0]LogLoad: (Engine Initialization) Total Blueprint compile time: 0.00 seconds
[2018.04.17-18.22.40:944][  0]LogExternalProfiler: No external profilers were discovered.  External profiling features will not be available.
[2018.04.17-18.22.41:315][  0]LogContentStreaming: Texture pool size now 800 MB
[2018.04.17-18.22.41:370][  0]LogSlate: Took 0.005399 seconds to synchronously load lazily loaded font '../../../Engine/Content/Slate/Fonts/Roboto-Light.ttf' (159K)
[2018.04.17-18.22.41:636][  1]LogAssetRegistry: Asset discovery search completed in 25.4662 seconds
[2018.04.17-18.22.41:638][  1]LogCollectionManager: Rebuilt the object cache for 0 collections in 0.000001 seconds (found 0 objects)
[2018.04.17-18.22.41:638][  1]LogCollectionManager: Fixed up redirectors for 0 collections in 0.000057 seconds (updated 0 objects)
[2018.04.17-18.23.33:290][619]LogSlate: Took 0.000137 seconds to synchronously load lazily loaded font '../../../Engine/Content/Slate/Fonts/Roboto-Light.ttf' (159K)
[2018.04.17-18.23.44:710][441]LogContentBrowser: Native class hierarchy updated for 'BlueprintGraph' in 0.0006 seconds. Added 116 classes and 0 folders.
[2018.04.17-18.23.45:489][441]LogSlate: Took 0.000124 seconds to synchronously load lazily loaded font '../../../Engine/Content/Slate/Fonts/Roboto-Regular.ttf' (155K)
[2018.04.17-18.23.45:759][441]LogRenderer: Reallocating scene render targets to support 944x548 Format 9 NumSamples 1 (Frame:1).
[2018.04.17-18.23.46:523][481]LogSlate: Took 0.012940 seconds to synchronously load lazily loaded font '../../../Engine/Content/Editor/Slate/Fonts/Roboto-Italic.ttf' (157K)
[2018.04.17-18.24.00:636][442]LogSlate: Took 0.004749 seconds to synchronously load lazily loaded font '../../../Engine/Content/Editor/Slate/Fonts/Roboto-BoldCondensedItalic.ttf' (160K)
[2018.04.17-18.24.04:090][719]BlueprintLog: New page: Compile LoadLevel_BP
[2018.04.17-18.24.08:783][ 65]BlueprintLog: New page: Compile LoadLevel_BP
[2018.04.17-18.24.13:495][507]LogSlate: Took 0.009180 seconds to synchronously load lazily loaded font '../../../Engine/Content/Editor/Slate/Fonts/Roboto-BoldCondensed.ttf' (158K)
[2018.04.17-18.24.43:410][599]LogSlate: Took 0.000171 seconds to synchronously load lazily loaded font '../../../Engine/Content/Slate/Fonts/Roboto-Light.ttf' (159K)
[2018.04.17-18.25.28:953][798]BlueprintLog: New page: Compile LoadLevel_BP
[2018.04.17-18.25.53:299][ 18]BlueprintLog: New page: Compile MainMenu
[2018.04.17-18.26.21:563][359]Cmd: DELETE
[2018.04.17-18.26.21:563][359]Cmd: ACTOR DELETE
[2018.04.17-18.26.21:575][359]LogEditorActor: Deleted Actor: LoadLevel_BP_C
[2018.04.17-18.26.21:597][359]LogEditorActor: Deleted 1 Actors (0.027 secs)
[2018.04.17-18.26.35:707][697]Cmd: DELETE
[2018.04.17-18.26.35:708][697]Cmd: ACTOR DELETE
[2018.04.17-18.26.35:715][697]LogEditorActor: Deleted Actor: LoadLevel_BP_C
[2018.04.17-18.26.35:738][697]LogEditorActor: Deleted 1 Actors (0.030 secs)
[2018.04.17-18.27.01:119][104]BlueprintLog: New page: Compile LoadLevel_BP
[2018.04.17-18.32.42:161][250]LogSavePackage: Save=393.88ms
[2018.04.17-18.32.42:161][250]LogSavePackage: Moving '../../../../../../Users/Alumno/Desktop/CasinoRoyale/SideScroller/Saved/Level_Auto18508C59142B757AC2DC0759C195775CB.tmp' to '../../../../../../Users/Alumno/Desktop/CasinoRoyale/SideScroller/Saved/Autosaves/Game/Scenes/Level_Auto1.umap'
[2018.04.17-18.32.42:165][250]LogSavePackage: Display: Finished SavePackage ../../../../../../Users/Alumno/Desktop/CasinoRoyale/SideScroller/Saved/Autosaves/Game/Scenes/Level_Auto1.umap
[2018.04.17-18.32.42:170][250]LogFileHelpers: Editor autosave (incl. sublevels) for '/Game/Scenes/Level' took 0.475
[2018.04.17-18.32.42:170][250]LogFileHelpers: Editor autosave (incl. sublevels) for all levels took 0.475
[2018.04.17-18.32.42:202][250]OBJ SavePackage: Generating thumbnails for [0] asset(s) in package [/Game/BluePrints/LoadLevel_BP] ([1] browsable assets)...
[2018.04.17-18.32.42:202][250]OBJ SavePackage: Finished generating thumbnails for package [/Game/BluePrints/LoadLevel_BP]
[2018.04.17-18.32.42:232][250]LogSavePackage: Save=28.38ms
[2018.04.17-18.32.42:233][250]LogSavePackage: Moving '../../../../../../Users/Alumno/Desktop/CasinoRoyale/SideScroller/Saved/LoadLevel_BP_Auto17A8F9EF34936776F6E1E899C9A2BB8C6.tmp' to '../../../../../../Users/Alumno/Desktop/CasinoRoyale/SideScroller/Saved/Autosaves/Game/BluePrints/LoadLevel_BP_Auto1.uasset'
[2018.04.17-18.32.42:234][250]LogSavePackage: Display: Finished SavePackage ../../../../../../Users/Alumno/Desktop/CasinoRoyale/SideScroller/Saved/Autosaves/Game/BluePrints/LoadLevel_BP_Auto1.uasset
[2018.04.17-18.32.42:235][250]OBJ SavePackage: Generating thumbnails for [0] asset(s) in package [/Game/BluePrints/Widgets/MainMenu] ([1] browsable assets)...
[2018.04.17-18.32.42:235][250]OBJ SavePackage: Finished generating thumbnails for package [/Game/BluePrints/Widgets/MainMenu]
[2018.04.17-18.32.42:280][250]LogSavePackage: Save=34.00ms
[2018.04.17-18.32.42:280][250]LogSavePackage: Moving '../../../../../../Users/Alumno/Desktop/CasinoRoyale/SideScroller/Saved/MainMenu_Auto10C92228E4C406BDC98AED19082D107D4.tmp' to '../../../../../../Users/Alumno/Desktop/CasinoRoyale/SideScroller/Saved/Autosaves/Game/BluePrints/Widgets/MainMenu_Auto1.uasset'
[2018.04.17-18.32.42:281][250]LogSavePackage: Display: Finished SavePackage ../../../../../../Users/Alumno/Desktop/CasinoRoyale/SideScroller/Saved/Autosaves/Game/BluePrints/Widgets/MainMenu_Auto1.uasset
[2018.04.17-18.32.42:282][250]LogFileHelpers: Auto-saving content packages took 0.081
[2018.04.17-18.43.40:601][644]Cmd: OBJ SAVEPACKAGE PACKAGE="/Game/Scenes/Level" FILE="../../../../../../Users/Alumno/Desktop/CasinoRoyale/SideScroller/Content/Scenes/Level.umap" SILENT=true AUTOSAVING=false KEEPDIRTY=false
[2018.04.17-18.43.40:965][644]LogSavePackage: Save=326.87ms
[2018.04.17-18.43.40:965][644]LogSavePackage: Moving '../../../../../../Users/Alumno/Desktop/CasinoRoyale/SideScroller/Saved/LevelA5BF4C144AB089FE121A0592F8406FB8.tmp' to '../../../../../../Users/Alumno/Desktop/CasinoRoyale/SideScroller/Content/Scenes/Level.umap'
[2018.04.17-18.43.40:972][644]LogSavePackage: Display: Finished SavePackage ../../../../../../Users/Alumno/Desktop/CasinoRoyale/SideScroller/Content/Scenes/Level.umap
[2018.04.17-18.43.41:020][644]LogFileHelpers: Saving map 'Level' took 0.497
[2018.04.17-18.43.41:047][644]Cmd: OBJ SAVEPACKAGE PACKAGE="/Game/BluePrints/LoadLevel_BP" FILE="../../../../../../Users/Alumno/Desktop/CasinoRoyale/SideScroller/Content/BluePrints/LoadLevel_BP.uasset" SILENT=true
[2018.04.17-18.43.41:072][644]LogSavePackage: Save=21.60ms
[2018.04.17-18.43.41:072][644]LogSavePackage: Moving '../../../../../../Users/Alumno/Desktop/CasinoRoyale/SideScroller/Saved/LoadLevel_BP22D5171F4FEC54997D6B878E7A71AA29.tmp' to '../../../../../../Users/Alumno/Desktop/CasinoRoyale/SideScroller/Content/BluePrints/LoadLevel_BP.uasset'
[2018.04.17-18.43.41:086][644]LogSavePackage: Display: Finished SavePackage ../../../../../../Users/Alumno/Desktop/CasinoRoyale/SideScroller/Content/BluePrints/LoadLevel_BP.uasset
[2018.04.17-18.43.41:111][644]Cmd: OBJ SAVEPACKAGE PACKAGE="/Game/BluePrints/Widgets/MainMenu" FILE="../../../../../../Users/Alumno/Desktop/CasinoRoyale/SideScroller/Content/BluePrints/Widgets/MainMenu.uasset" SILENT=true
[2018.04.17-18.43.41:151][644]LogSavePackage: Save=27.62ms
[2018.04.17-18.43.41:151][644]LogSavePackage: Moving '../../../../../../Users/Alumno/Desktop/CasinoRoyale/SideScroller/Saved/MainMenu6660A2EA43D4EE403B1D1E8DF211C46A.tmp' to '../../../../../../Users/Alumno/Desktop/CasinoRoyale/SideScroller/Content/BluePrints/Widgets/MainMenu.uasset'
[2018.04.17-18.43.41:157][644]LogSavePackage: Display: Finished SavePackage ../../../../../../Users/Alumno/Desktop/CasinoRoyale/SideScroller/Content/BluePrints/Widgets/MainMenu.uasset
[2018.04.17-18.49.53:540][ 10]BlueprintLog: New page: Compile SideScrollerCharacter
[2018.04.17-18.52.26:085][669]Cmd: OBJ SAVEPACKAGE PACKAGE="/Game/Scenes/Level" FILE="../../../../../../Users/Alumno/Desktop/CasinoRoyale/SideScroller/Content/Scenes/Level.umap" SILENT=true AUTOSAVING=false KEEPDIRTY=false
[2018.04.17-18.52.26:459][669]LogSavePackage: Save=335.39ms
[2018.04.17-18.52.26:459][669]LogSavePackage: Moving '../../../../../../Users/Alumno/Desktop/CasinoRoyale/SideScroller/Saved/Level266D207D48DF6DBCAABD78AA3D0A32BD.tmp' to '../../../../../../Users/Alumno/Desktop/CasinoRoyale/SideScroller/Content/Scenes/Level.umap'
[2018.04.17-18.52.26:466][669]LogSavePackage: Display: Finished SavePackage ../../../../../../Users/Alumno/Desktop/CasinoRoyale/SideScroller/Content/Scenes/Level.umap
[2018.04.17-18.52.26:508][669]LogFileHelpers: Saving map 'Level' took 0.497
[2018.04.17-18.52.26:912][669]LogSavePackage: Save=316.33ms
[2018.04.17-18.52.26:912][669]LogSavePackage: Moving '../../../../../../Users/Alumno/Desktop/CasinoRoyale/SideScroller/Saved/SideScrollerCharacterAECB980348621E7237C0E69F3F2B2D92.tmp' to '../../../../../../Users/Alumno/Desktop/CasinoRoyale/SideScroller/Content/MainCharacter/SideScrollerCharacter.uasset'
[2018.04.17-18.52.26:915][669]LogSavePackage: Display: Finished SavePackage ../../../../../../Users/Alumno/Desktop/CasinoRoyale/SideScroller/Content/MainCharacter/SideScrollerCharacter.uasset
[2018.04.17-18.52.36:261][ 67]LogActorComponent: UnregisterComponent: (/Engine/Transient.EditorFloorComp) Not registered. Aborting.
[2018.04.17-18.52.36:705][ 68]Cmd: QUIT_EDITOR
[2018.04.17-18.52.36:750][ 68]LogWindowsTextInputMethodSystem: Display: IME system now deactivated.
[2018.04.17-18.52.36:767][ 68]LogExit: Preparing to exit.
[2018.04.17-18.52.37:698][ 68]LogDirectoryWatcher: A directory notification for 'C:/Users/Alumno/Desktop/CasinoRoyale/SideScroller/Content/' was aborted.
[2018.04.17-18.52.37:815][ 68]LogExit: Editor shut down
[2018.04.17-18.52.37:844][ 68]LogExit: Transaction tracking system shut down
[2018.04.17-18.52.38:112][ 68]LogDirectoryWatcher: A directory notification for '../../../Engine/Content/' was aborted.
[2018.04.17-18.52.38:112][ 68]LogDirectoryWatcher: A directory notification for '../../../../../../Users/Alumno/Desktop/CasinoRoyale/SideScroller/Content/' was aborted.
[2018.04.17-18.52.38:113][ 68]LogDirectoryWatcher: A directory notification for '../../../Engine/Plugins/2D/Paper2D/Content/' was aborted.
[2018.04.17-18.52.38:113][ 68]LogDirectoryWatcher: A directory notification for '../../../Engine/Plugins/Media/MediaCompositing/Content/' was aborted.
[2018.04.17-18.52.38:113][ 68]LogDirectoryWatcher: A directory notification for '../../../Engine/Plugins/Runtime/AppleARKit/Content/' was aborted.
[2018.04.17-18.52.38:113][ 68]LogDirectoryWatcher: A directory notification for '../../../Engine/Plugins/Runtime/Oculus/OculusVR/Content/' was aborted.
[2018.04.17-18.52.38:113][ 68]LogDirectoryWatcher: A directory notification for '../../../Engine/Plugins/Runtime/Steam/SteamVR/Content/' was aborted.
[2018.04.17-18.52.38:288][ 68]LogExit: Object subsystem successfully closed.
[2018.04.17-18.52.38:327][ 68]LogD3D11RHI: Shutdown
[2018.04.17-18.52.38:328][ 68]LogD3D11RHI: CleanupD3DDevice
[2018.04.17-18.52.38:332][ 68]LogD3D11RHI: ~FD3D11DynamicRHI
[2018.04.17-18.52.38:373][ 68]LogModuleManager: Shutting down and abandoning module SequencerWidgets (558)
[2018.04.17-18.52.38:373][ 68]LogModuleManager: Shutting down and abandoning module BlueprintGraph (556)
[2018.04.17-18.52.38:373][ 68]LogModuleManager: Shutting down and abandoning module HierarchicalLODOutliner (554)
[2018.04.17-18.52.38:373][ 68]LogModuleManager: Shutting down and abandoning module SceneOutliner (552)
[2018.04.17-18.52.38:373][ 68]LogModuleManager: Shutting down and abandoning module AddContentDialog (550)
[2018.04.17-18.52.38:373][ 68]LogDirectoryWatcher: A directory notification for 'C:/Program Files/Epic Games/UE_4.18/FeaturePacks/' was aborted.
[2018.04.17-18.52.38:381][ 68]LogModuleManager: Shutting down and abandoning module WidgetCarousel (549)
[2018.04.17-18.52.38:381][ 68]LogModuleManager: Shutting down and abandoning module EditorWidgets (546)
[2018.04.17-18.52.38:381][ 68]LogModuleManager: Shutting down and abandoning module CollectionManager (544)
[2018.04.17-18.52.38:382][ 68]LogDirectoryWatcher: A directory notification for 'C:/Users/Alumno/Desktop/CasinoRoyale/SideScroller/Content/Collections/' was aborted.
[2018.04.17-18.52.38:382][ 68]LogDirectoryWatcher: A directory notification for 'C:/Users/Alumno/Desktop/CasinoRoyale/SideScroller/Content/Developers/Victor/Collections/' was aborted.
[2018.04.17-18.52.38:382][ 68]LogDirectoryWatcher: A directory notification for 'C:/Users/Alumno/Desktop/CasinoRoyale/SideScroller/Saved/Collections/' was aborted.
[2018.04.17-18.52.38:382][ 68]LogModuleManager: Shutting down and abandoning module ExternalImagePicker (542)
[2018.04.17-18.52.38:382][ 68]LogModuleManager: Shutting down and abandoning module StatsViewer (540)
[2018.04.17-18.52.38:383][ 68]LogModuleManager: Shutting down and abandoning module FoliageEdit (538)
[2018.04.17-18.52.38:383][ 68]LogModuleManager: Shutting down and abandoning module LandscapeEditor (536)
[2018.04.17-18.52.38:385][ 68]LogModuleManager: Shutting down and abandoning module MeshPaintMode (534)
[2018.04.17-18.52.38:385][ 68]LogModuleManager: Shutting down and abandoning module SceneDepthPickerMode (532)
[2018.04.17-18.52.38:385][ 68]LogModuleManager: Shutting down and abandoning module ActorPickerMode (530)
[2018.04.17-18.52.38:385][ 68]LogModuleManager: Shutting down and abandoning module GeometryMode (528)
[2018.04.17-18.52.38:385][ 68]LogModuleManager: Shutting down and abandoning module TextureAlignMode (526)
[2018.04.17-18.52.38:385][ 68]LogModuleManager: Shutting down and abandoning module BspMode (524)
[2018.04.17-18.52.38:385][ 68]LogModuleManager: Shutting down and abandoning module PIEPreviewDeviceProfileSelector (522)
[2018.04.17-18.52.38:385][ 68]LogModuleManager: Shutting down and abandoning module HardwareSurvey (520)
[2018.04.17-18.52.38:385][ 68]LogModuleManager: Shutting down and abandoning module SequenceRecorderSections (518)
[2018.04.17-18.52.38:386][ 68]LogModuleManager: Shutting down and abandoning module AutomationWorker (516)
[2018.04.17-18.52.38:386][ 68]LogModuleManager: Shutting down and abandoning module MatineeToLevelSequence (514)
[2018.04.17-18.52.38:386][ 68]LogModuleManager: Shutting down and abandoning module LevelSequenceEditor (512)
[2018.04.17-18.52.38:388][ 68]LogModuleManager: Shutting down and abandoning module PlacementMode (511)
[2018.04.17-18.52.38:388][ 68]LogModuleManager: Shutting down and abandoning module WmfMediaFactory (508)
[2018.04.17-18.52.38:388][ 68]LogModuleManager: Shutting down and abandoning module WmfMediaEditor (506)
[2018.04.17-18.52.38:388][ 68]LogModuleManager: Shutting down and abandoning module OpenExrWrapper (504)
[2018.04.17-18.52.38:388][ 68]LogModuleManager: Shutting down and abandoning module ImgMediaFactory (502)
[2018.04.17-18.52.38:388][ 68]LogModuleManager: Shutting down and abandoning module ImgMediaEditor (500)
[2018.04.17-18.52.38:388][ 68]LogModuleManager: Shutting down and abandoning module AvfMediaFactory (498)
[2018.04.17-18.52.38:388][ 68]LogModuleManager: Shutting down and abandoning module AvfMediaEditor (496)
[2018.04.17-18.52.38:388][ 68]LogModuleManager: Shutting down and abandoning module AndroidMediaFactory (494)
[2018.04.17-18.52.38:388][ 68]LogModuleManager: Shutting down and abandoning module AndroidMediaEditor (492)
[2018.04.17-18.52.38:388][ 68]LogModuleManager: Shutting down and abandoning module CharacterAI (490)
[2018.04.17-18.52.38:388][ 68]LogModuleManager: Shutting down and abandoning module AudioCapture (488)
[2018.04.17-18.52.38:389][ 68]LogModuleManager: Shutting down and abandoning module SequenceRecorder (487)
[2018.04.17-18.52.38:389][ 68]LogModuleManager: Shutting down and abandoning module SmartSnapping (484)
[2018.04.17-18.52.38:389][ 68]LogModuleManager: Shutting down and abandoning module SessionServices (482)
[2018.04.17-18.52.38:389][ 68]LogModuleManager: Shutting down and abandoning module ViewportSnapping (480)
[2018.04.17-18.52.38:389][ 68]LogModuleManager: Shutting down and abandoning module ViewportInteraction (478)
[2018.04.17-18.52.38:389][ 68]LogModuleManager: Shutting down and abandoning module ClothPainter (476)
[2018.04.17-18.52.38:390][ 68]LogModuleManager: Shutting down and abandoning module SkeletalMeshEditor (475)
[2018.04.17-18.52.38:392][ 68]LogModuleManager: Shutting down and abandoning module LogVisualizer (472)
[2018.04.17-18.52.38:394][ 68]LogModuleManager: Shutting down and abandoning module IntroTutorials (470)
[2018.04.17-18.52.38:395][ 68]LogModuleManager: Shutting down and abandoning module GameProjectGeneration (469)
[2018.04.17-18.52.38:396][ 68]LogModuleManager: Shutting down and abandoning module IOSPlatformEditor (466)
[2018.04.17-18.52.38:396][ 68]LogModuleManager: Shutting down and abandoning module HTML5PlatformEditor (464)
[2018.04.17-18.52.38:396][ 68]LogModuleManager: Shutting down and abandoning module AndroidPlatformEditor (462)
[2018.04.17-18.52.38:396][ 68]LogModuleManager: Shutting down and abandoning module AndroidDeviceDetection (461)
[2018.04.17-18.52.38:980][ 68]LogModuleManager: Shutting down and abandoning module WindowsPlatformEditor (458)
[2018.04.17-18.52.38:981][ 68]LogModuleManager: Shutting down and abandoning module IOSRuntimeSettings (456)
[2018.04.17-18.52.38:981][ 68]LogModuleManager: Shutting down and abandoning module AndroidRuntimeSettings (454)
[2018.04.17-18.52.38:981][ 68]LogModuleManager: Shutting down and abandoning module InputBindingEditor (452)
[2018.04.17-18.52.38:981][ 68]LogModuleManager: Shutting down and abandoning module MergeActors (450)
[2018.04.17-18.52.38:982][ 68]LogModuleManager: Shutting down and abandoning module SizeMap (448)
[2018.04.17-18.52.38:982][ 68]LogModuleManager: Shutting down and abandoning module TreeMap (446)
[2018.04.17-18.52.38:983][ 68]LogModuleManager: Shutting down and abandoning module ReferenceViewer (444)
[2018.04.17-18.52.38:983][ 68]LogModuleManager: Shutting down and abandoning module LocalizationDashboard (442)
[2018.04.17-18.52.38:984][ 68]LogModuleManager: Shutting down and abandoning module LocalizationService (441)
[2018.04.17-18.52.38:984][ 68]LogModuleManager: Shutting down and abandoning module HardwareTargeting (438)
[2018.04.17-18.52.38:984][ 68]LogModuleManager: Shutting down and abandoning module DeviceProfileEditor (436)
[2018.04.17-18.52.38:984][ 68]LogModuleManager: Shutting down and abandoning module UndoHistory (434)
[2018.04.17-18.52.38:984][ 68]LogModuleManager: Shutting down and abandoning module XmlParser (432)
[2018.04.17-18.52.38:984][ 68]LogModuleManager: Shutting down and abandoning module Blutility (430)
[2018.04.17-18.52.38:984][ 68]LogModuleManager: Shutting down and abandoning module ProjectSettingsViewer (428)
[2018.04.17-18.52.38:984][ 68]LogModuleManager: Shutting down and abandoning module ProjectTargetPlatformEditor (427)
[2018.04.17-18.52.38:985][ 68]LogModuleManager: Shutting down and abandoning module EditorSettingsViewer (424)
[2018.04.17-18.52.38:985][ 68]LogModuleManager: Shutting down and abandoning module SettingsEditor (422)
[2018.04.17-18.52.38:985][ 68]LogModuleManager: Shutting down and abandoning module ProjectLauncher (420)
[2018.04.17-18.52.38:986][ 68]LogModuleManager: Shutting down and abandoning module SessionFrontend (418)
[2018.04.17-18.52.38:987][ 68]LogModuleManager: Shutting down and abandoning module ProfilerClient (416)
[2018.04.17-18.52.38:987][ 68]LogModuleManager: Shutting down and abandoning module DeviceManager (414)
[2018.04.17-18.52.38:988][ 68]LogModuleManager: Shutting down and abandoning module TargetDeviceServices (413)
[2018.04.17-18.52.39:051][ 68]LogModuleManager: Shutting down and abandoning module AutomationController (410)
[2018.04.17-18.52.39:052][ 68]LogModuleManager: Shutting down and abandoning module AutomationWindow (408)
[2018.04.17-18.52.39:053][ 68]LogModuleManager: Shutting down and abandoning module Layers (406)
[2018.04.17-18.52.39:055][ 68]LogModuleManager: Shutting down and abandoning module ComponentVisualizers (404)
[2018.04.17-18.52.39:055][ 68]LogModuleManager: Shutting down and abandoning module DetailCustomizations (402)
[2018.04.17-18.52.39:056][ 68]LogModuleManager: Shutting down and abandoning module PackagesDialog (400)
[2018.04.17-18.52.39:057][ 68]LogModuleManager: Shutting down and abandoning module Persona (398)
[2018.04.17-18.52.39:058][ 68]LogModuleManager: Shutting down and abandoning module AdvancedPreviewScene (397)
[2018.04.17-18.52.39:058][ 68]LogModuleManager: Shutting down and abandoning module AnimGraph (395)
[2018.04.17-18.52.39:058][ 68]LogModuleManager: Shutting down and abandoning module Kismet (392)
[2018.04.17-18.52.39:067][ 68]LogModuleManager: Shutting down and abandoning module ClassViewer (390)
[2018.04.17-18.52.39:069][ 68]LogModuleManager: Shutting down and abandoning module Toolbox (388)
[2018.04.17-18.52.39:070][ 68]LogModuleManager: Shutting down and abandoning module ModuleUI (386)
[2018.04.17-18.52.39:070][ 68]LogModuleManager: Shutting down and abandoning module MovieSceneTools (384)
[2018.04.17-18.52.39:071][ 68]LogModuleManager: Shutting down and abandoning module OutputLog (382)
[2018.04.17-18.52.39:071][ 68]LogModuleManager: Shutting down and abandoning module GammaUI (380)
[2018.04.17-18.52.39:072][ 68]LogModuleManager: Shutting down and abandoning module Documentation (378)
[2018.04.17-18.52.39:072][ 68]LogModuleManager: Shutting down and abandoning module MovieSceneTracks (376)
[2018.04.17-18.52.39:072][ 68]LogModuleManager: Shutting down and abandoning module MovieScene (374)
[2018.04.17-18.52.39:072][ 68]LogModuleManager: Shutting down and abandoning module StreamingPauseRendering (372)
[2018.04.17-18.52.39:072][ 68]LogModuleManager: Shutting down and abandoning module LauncherPlatform (370)
[2018.04.17-18.52.39:072][ 68]LogModuleManager: Shutting down and abandoning module AnalyticsET (368)
[2018.04.17-18.52.39:072][ 68]LogModuleManager: Shutting down and abandoning module PortalServices (366)
[2018.04.17-18.52.39:072][ 68]LogModuleManager: Shutting down and abandoning module PortalRpc (364)
[2018.04.17-18.52.39:072][ 68]LogModuleManager: Shutting down and abandoning module MessagingRpc (362)
[2018.04.17-18.52.39:072][ 68]LogModuleManager: Shutting down and abandoning module AIModule (360)
[2018.04.17-18.52.39:073][ 68]LogModuleManager: Shutting down and abandoning module GameplayDebugger (359)
[2018.04.17-18.52.39:074][ 68]LogModuleManager: Shutting down and abandoning module AITestSuite (357)
[2018.04.17-18.52.39:074][ 68]LogModuleManager: Shutting down and abandoning module DesktopPlatform (354)
[2018.04.17-18.52.39:074][ 68]LogModuleManager: Shutting down and abandoning module ProfilerService (352)
[2018.04.17-18.52.39:254][ 68]LogModuleManager: Shutting down and abandoning module TaskGraph (350)
[2018.04.17-18.52.39:259][ 68]LogModuleManager: Shutting down and abandoning module SteamVRController (348)
[2018.04.17-18.52.39:259][ 68]LogModuleManager: Shutting down and abandoning module ProceduralMeshComponentEditor (346)
[2018.04.17-18.52.39:259][ 68]LogModuleManager: Shutting down and abandoning module ProceduralMeshComponent (344)
[2018.04.17-18.52.39:259][ 68]LogModuleManager: Shutting down and abandoning module OculusInput (342)
[2018.04.17-18.52.39:259][ 68]LogModuleManager: Shutting down and abandoning module MobilePatchingUtils (340)
[2018.04.17-18.52.39:259][ 68]LogModuleManager: Shutting down and abandoning module CustomMeshComponent (338)
[2018.04.17-18.52.39:259][ 68]LogModuleManager: Shutting down and abandoning module CableComponent (336)
[2018.04.17-18.52.39:259][ 68]LogModuleManager: Shutting down and abandoning module ArchVisCharacter (334)
[2018.04.17-18.52.39:259][ 68]LogModuleManager: Shutting down and abandoning module AndroidPermission (332)
[2018.04.17-18.52.39:259][ 68]LogModuleManager: Shutting down and abandoning module ActorSequence (328)
[2018.04.17-18.52.39:259][ 68]LogModuleManager: Shutting down and abandoning module MediaPlayerEditor (326)
[2018.04.17-18.52.39:261][ 68]LogModuleManager: Shutting down and abandoning module MediaCompositingEditor (324)
[2018.04.17-18.52.39:261][ 68]LogModuleManager: Shutting down and abandoning module MediaCompositing (322)
[2018.04.17-18.52.39:261][ 68]LogModuleManager: Shutting down and abandoning module HTML5Networking (320)
[2018.04.17-18.52.39:261][ 68]LogModuleManager: Shutting down and abandoning module AlembicImporter (318)
[2018.04.17-18.52.39:262][ 68]LogModuleManager: Shutting down and abandoning module AlembicLibrary (317)
[2018.04.17-18.52.39:262][ 68]LogModuleManager: Shutting down and abandoning module GeometryCache (316)
[2018.04.17-18.52.39:262][ 68]LogModuleManager: Shutting down and abandoning module GeometryCacheEd (315)
[2018.04.17-18.52.39:262][ 68]LogModuleManager: Shutting down and abandoning module SpeedTreeImporter (310)
[2018.04.17-18.52.39:262][ 68]LogModuleManager: Shutting down and abandoning module PluginBrowser (308)
[2018.04.17-18.52.39:264][ 68]LogModuleManager: Shutting down and abandoning module MobileLauncherProfileWizard (306)
[2018.04.17-18.52.39:265][ 68]LogModuleManager: Shutting down and abandoning module VisualStudioSourceCodeAccess (304)
[2018.04.17-18.52.39:265][ 68]LogModuleManager: Shutting down and abandoning module VisualStudioCodeSourceCodeAccess (302)
[2018.04.17-18.52.39:265][ 68]LogModuleManager: Shutting down and abandoning module UObjectPlugin (300)
[2018.04.17-18.52.39:265][ 68]LogModuleManager: Shutting down and abandoning module SubversionSourceControl (298)
[2018.04.17-18.52.39:266][ 68]LogModuleManager: Shutting down and abandoning module PerforceSourceControl (296)
[2018.04.17-18.52.39:267][ 68]LogModuleManager: Shutting down and abandoning module GitSourceControl (294)
[2018.04.17-18.52.39:268][ 68]LogModuleManager: Shutting down and abandoning module SourceControl (293)
[2018.04.17-18.52.39:270][ 68]LogModuleManager: Shutting down and abandoning module LightPropagationVolumeEditor (290)
[2018.04.17-18.52.39:270][ 68]LogModuleManager: Shutting down and abandoning module PaperTiledImporter (288)
[2018.04.17-18.52.39:270][ 68]LogModuleManager: Shutting down and abandoning module PaperSpriteSheetImporter (286)
[2018.04.17-18.52.39:270][ 68]LogModuleManager: Shutting down and abandoning module Paper2DEditor (284)
[2018.04.17-18.52.39:271][ 68]LogModuleManager: Shutting down and abandoning module MeshPaint (283)
[2018.04.17-18.52.39:271][ 68]LogModuleManager: Shutting down and abandoning module LevelEditor (281)
[2018.04.17-18.52.39:274][ 68]LogModuleManager: Shutting down and abandoning module PixelInspectorModule (280)
[2018.04.17-18.52.39:275][ 68]LogModuleManager: Shutting down and abandoning module MainFrame (278)
[2018.04.17-18.52.39:275][ 68]LogModuleManager: Shutting down and abandoning module HotReload (277)
[2018.04.17-18.52.39:275][ 68]LogModuleManager: Shutting down and abandoning module RuntimePhysXCooking (272)
[2018.04.17-18.52.39:275][ 68]LogModuleManager: Shutting down and abandoning module PhysXVehiclesEditor (270)
[2018.04.17-18.52.39:275][ 68]LogModuleManager: Shutting down and abandoning module PhysXVehicles (268)
[2018.04.17-18.52.39:275][ 68]LogModuleManager: Shutting down and abandoning module OculusEditor (266)
[2018.04.17-18.52.39:275][ 68]LogModuleManager: Shutting down and abandoning module LocationServicesBPLibrary (264)
[2018.04.17-18.52.39:275][ 68]LogModuleManager: Shutting down and abandoning module ImmediatePhysicsEditor (262)
[2018.04.17-18.52.39:275][ 68]LogModuleManager: Shutting down and abandoning module ImmediatePhysics (260)
[2018.04.17-18.52.39:275][ 68]LogModuleManager: Shutting down and abandoning module UdpMessaging (258)
[2018.04.17-18.52.39:376][ 68]LogModuleManager: Shutting down and abandoning module TcpMessaging (256)
[2018.04.17-18.52.39:477][ 68]LogModuleManager: Shutting down and abandoning module GameAnalyticsEditor (254)
[2018.04.17-18.52.39:477][ 68]LogModuleManager: Shutting down and abandoning module GameAnalytics (252)
[2018.04.17-18.52.39:477][ 68]LogModuleManager: Shutting down and abandoning module GameplayTagsEditor (250)
[2018.04.17-18.52.39:481][ 68]LogModuleManager: Shutting down and abandoning module FacialAnimationEditor (248)
[2018.04.17-18.52.39:481][ 68]LogModuleManager: Shutting down and abandoning module FacialAnimation (246)
[2018.04.17-18.52.39:481][ 68]LogModuleManager: Shutting down and abandoning module AssetManagerEditor (244)
[2018.04.17-18.52.39:482][ 68]LogModuleManager: Shutting down and abandoning module GraphEditor (243)
[2018.04.17-18.52.39:482][ 68]LogModuleManager: Shutting down and abandoning module ContentBrowser (241)
[2018.04.17-18.52.39:484][ 68]LogModuleManager: Shutting down and abandoning module LightPropagationVolumeRuntime (238)
[2018.04.17-18.52.39:484][ 68]LogModuleManager: Shutting down and abandoning module Paper2D (236)
[2018.04.17-18.52.39:484][ 68]LogModuleManager: Shutting down and abandoning module WindowsMoviePlayer (234)
[2018.04.17-18.52.39:484][ 68]LogModuleManager: Shutting down and abandoning module WmfMedia (232)
[2018.04.17-18.52.39:488][ 68]LogModuleManager: Shutting down and abandoning module ImgMedia (230)
[2018.04.17-18.52.39:488][ 68]LogModuleManager: Shutting down and abandoning module PacketHandler (228)
[2018.04.17-18.52.39:488][ 68]LogModuleManager: Shutting down and abandoning module ClothingSystemEditor (226)
[2018.04.17-18.52.39:488][ 68]LogModuleManager: Shutting down and abandoning module ClothingSystemRuntime (224)
[2018.04.17-18.52.39:489][ 68]LogModuleManager: Shutting down and abandoning module MediaAssets (222)
[2018.04.17-18.52.39:489][ 68]LogModuleManager: Shutting down and abandoning module Media (221)
[2018.04.17-18.52.39:496][ 68]LogModuleManager: Shutting down and abandoning module Overlay (218)
[2018.04.17-18.52.39:496][ 68]LogModuleManager: Shutting down and abandoning module OverlayEditor (217)
[2018.04.17-18.52.39:496][ 68]LogModuleManager: Shutting down and abandoning module VREditor (214)
[2018.04.17-18.52.39:497][ 68]LogModuleManager: Shutting down and abandoning module StringTableEditor (212)
[2018.04.17-18.52.39:498][ 68]LogModuleManager: Shutting down and abandoning module GameplayTasksEditor (210)
[2018.04.17-18.52.39:498][ 68]LogModuleManager: Shutting down and abandoning module BehaviorTreeEditor (208)
[2018.04.17-18.52.39:500][ 68]LogModuleManager: Shutting down and abandoning module FunctionalTesting (206)
[2018.04.17-18.52.39:501][ 68]LogModuleManager: Shutting down and abandoning module CollisionAnalyzer (204)
[2018.04.17-18.52.39:502][ 68]LogModuleManager: Shutting down and abandoning module WorkspaceMenuStructure (203)
[2018.04.17-18.52.39:502][ 68]LogModuleManager: Shutting down and abandoning module UMG (200)
[2018.04.17-18.52.39:503][ 68]LogModuleManager: Shutting down and abandoning module UMGEditor (199)
[2018.04.17-18.52.39:503][ 68]LogModuleManager: Shutting down and abandoning module Sequencer (198)
[2018.04.17-18.52.39:503][ 68]LogModuleManager: Shutting down and abandoning module MessageLog (195)
[2018.04.17-18.52.39:503][ 68]LogModuleManager: Shutting down and abandoning module SlateReflector (190)
[2018.04.17-18.52.39:506][ 68]LogModuleManager: Shutting down and abandoning module Slate (188)
[2018.04.17-18.52.39:506][ 68]LogModuleManager: Shutting down and abandoning module EditorStyle (186)
[2018.04.17-18.52.39:509][ 68]LogModuleManager: Shutting down and abandoning module MRMesh (184)
[2018.04.17-18.52.39:509][ 68]LogModuleManager: Shutting down and abandoning module SourceCodeAccess (182)
[2018.04.17-18.52.39:509][ 68]LogModuleManager: Shutting down and abandoning module HeadMountedDisplay (180)
[2018.04.17-18.52.39:509][ 68]LogModuleManager: Shutting down and abandoning module XAudio2 (178)
[2018.04.17-18.52.39:509][ 68]LogModuleManager: Shutting down and abandoning module Networking (176)
[2018.04.17-18.52.39:509][ 68]LogModuleManager: Shutting down and abandoning module Core (172)
[2018.04.17-18.52.39:509][ 68]LogModuleManager: Shutting down and abandoning module LevelSequence (168)
[2018.04.17-18.52.39:509][ 68]LogModuleManager: Shutting down and abandoning module DirectoryWatcher (166)
[2018.04.17-18.52.39:518][ 68]LogModuleManager: Shutting down and abandoning module KismetCompiler (164)
[2018.04.17-18.52.39:518][ 68]LogModuleManager: Shutting down and abandoning module MeshUtilities (162)
[2018.04.17-18.52.39:519][ 68]LogModuleManager: Shutting down and abandoning module MeshMergeUtilities (161)
[2018.04.17-18.52.39:520][ 68]LogModuleManager: Shutting down and abandoning module MeshReductionInterface (160)
[2018.04.17-18.52.39:520][ 68]LogModuleManager: Shutting down and abandoning module SimplygonSwarm (159)
[2018.04.17-18.52.39:521][ 68]LogModuleManager: Shutting down and abandoning module SimplygonMeshReduction (157)
[2018.04.17-18.52.39:521][ 68]LogModuleManager: Shutting down and abandoning module QuadricMeshReduction (155)
[2018.04.17-18.52.39:521][ 68]LogModuleManager: Shutting down and abandoning module MaterialBaking (151)
[2018.04.17-18.52.39:521][ 68]LogModuleManager: Shutting down and abandoning module DerivedDataCache (148)
[2018.04.17-18.52.39:546][ 68]LogDerivedDataCache: Shutdown
[2018.04.17-18.52.39:546][ 68]LogModuleManager: Shutting down and abandoning module TargetPlatform (146)
[2018.04.17-18.52.39:546][ 68]LogModuleManager: Shutting down and abandoning module VulkanShaderFormat (145)
[2018.04.17-18.52.39:546][ 68]LogModuleManager: Shutting down and abandoning module ShaderFormatVectorVM (143)
[2018.04.17-18.52.39:547][ 68]LogModuleManager: Shutting down and abandoning module ShaderFormatOpenGL (141)
[2018.04.17-18.52.39:548][ 68]LogModuleManager: Shutting down and abandoning module ShaderFormatD3D (139)
[2018.04.17-18.52.39:548][ 68]LogModuleManager: Shutting down and abandoning module MetalShaderFormat (137)
[2018.04.17-18.52.39:549][ 68]LogModuleManager: Shutting down and abandoning module TextureFormatUncompressed (135)
[2018.04.17-18.52.39:549][ 68]LogModuleManager: Shutting down and abandoning module TextureFormatPVR (133)
[2018.04.17-18.52.39:549][ 68]LogModuleManager: Shutting down and abandoning module TextureFormatDXT (131)
[2018.04.17-18.52.39:549][ 68]LogModuleManager: Shutting down and abandoning module TextureFormatIntelISPCTexComp (129)
[2018.04.17-18.52.39:549][ 68]LogModuleManager: Shutting down and abandoning module TextureFormatASTC (127)
[2018.04.17-18.52.39:549][ 68]LogModuleManager: Shutting down and abandoning module ImageWrapper (126)
[2018.04.17-18.52.39:549][ 68]LogModuleManager: Shutting down and abandoning module TextureFormatAndroid (123)
[2018.04.17-18.52.39:549][ 68]LogModuleManager: Shutting down and abandoning module AudioFormatOpus (121)
[2018.04.17-18.52.39:549][ 68]LogModuleManager: Shutting down and abandoning module AudioFormatOgg (119)
[2018.04.17-18.52.39:549][ 68]LogModuleManager: Shutting down and abandoning module AudioFormatADPCM (117)
[2018.04.17-18.52.39:549][ 68]LogModuleManager: Shutting down and abandoning module LinuxTargetPlatform (115)
[2018.04.17-18.52.39:549][ 68]LogModuleManager: Shutting down and abandoning module LinuxServerTargetPlatform (113)
[2018.04.17-18.52.39:549][ 68]LogModuleManager: Shutting down and abandoning module LinuxNoEditorTargetPlatform (111)
[2018.04.17-18.52.39:549][ 68]LogModuleManager: Shutting down and abandoning module LinuxClientTargetPlatform (109)
[2018.04.17-18.52.39:549][ 68]LogModuleManager: Shutting down and abandoning module TVOSTargetPlatform (107)
[2018.04.17-18.52.39:549][ 68]LogModuleManager: Shutting down and abandoning module Messaging (105)
[2018.04.17-18.52.39:549][ 68]LogModuleManager: Shutting down and abandoning module IOSTargetPlatform (103)
[2018.04.17-18.52.39:549][ 68]LogModuleManager: Shutting down and abandoning module HTML5TargetPlatform (101)
[2018.04.17-18.52.39:550][ 68]LogModuleManager: Shutting down and abandoning module AndroidTargetPlatform (99)
[2018.04.17-18.52.39:550][ 68]LogModuleManager: Shutting down and abandoning module Android_PVRTCTargetPlatform (97)
[2018.04.17-18.52.39:550][ 68]LogModuleManager: Shutting down and abandoning module Android_MultiTargetPlatform (95)
[2018.04.17-18.52.39:550][ 68]LogModuleManager: Shutting down and abandoning module Android_ETC2TargetPlatform (93)
[2018.04.17-18.52.39:550][ 68]LogModuleManager: Shutting down and abandoning module Android_ETC1TargetPlatform (91)
[2018.04.17-18.52.39:550][ 68]LogModuleManager: Shutting down and abandoning module Android_DXTTargetPlatform (89)
[2018.04.17-18.52.39:550][ 68]LogModuleManager: Shutting down and abandoning module Android_ATCTargetPlatform (87)
[2018.04.17-18.52.39:550][ 68]LogModuleManager: Shutting down and abandoning module Android_ASTCTargetPlatform (85)
[2018.04.17-18.52.39:550][ 68]LogModuleManager: Shutting down and abandoning module WindowsTargetPlatform (83)
[2018.04.17-18.52.39:550][ 68]LogModuleManager: Shutting down and abandoning module WindowsServerTargetPlatform (81)
[2018.04.17-18.52.39:550][ 68]LogModuleManager: Shutting down and abandoning module WindowsNoEditorTargetPlatform (79)
[2018.04.17-18.52.39:550][ 68]LogModuleManager: Shutting down and abandoning module WindowsClientTargetPlatform (77)
[2018.04.17-18.52.39:550][ 68]LogModuleManager: Shutting down and abandoning module MacTargetPlatform (75)
[2018.04.17-18.52.39:550][ 68]LogModuleManager: Shutting down and abandoning module MacServerTargetPlatform (73)
[2018.04.17-18.52.39:550][ 68]LogModuleManager: Shutting down and abandoning module MacNoEditorTargetPlatform (71)
[2018.04.17-18.52.39:550][ 68]LogModuleManager: Shutting down and abandoning module MacClientTargetPlatform (69)
[2018.04.17-18.52.39:550][ 68]LogModuleManager: Shutting down and abandoning module AllDesktopTargetPlatform (67)
[2018.04.17-18.52.39:550][ 68]LogModuleManager: Shutting down and abandoning module InputCore (64)
[2018.04.17-18.52.39:550][ 68]LogModuleManager: Shutting down and abandoning module Settings (62)
[2018.04.17-18.52.39:550][ 68]LogModuleManager: Shutting down and abandoning module PhysXCooking (60)
[2018.04.17-18.52.39:550][ 68]LogModuleManager: Shutting down and abandoning module SteamVR (58)
[2018.04.17-18.52.39:550][ 68]LogModuleManager: Shutting down and abandoning module OculusHMD (56)
[2018.04.17-18.52.39:550][ 68]LogModuleManager: Shutting down and abandoning module ExampleDeviceProfileSelector (54)
[2018.04.17-18.52.39:551][ 68]LogModuleManager: Shutting down and abandoning module AppleARKit (52)
[2018.04.17-18.52.39:551][ 68]LogModuleManager: Shutting down and abandoning module AugmentedReality (51)
[2018.04.17-18.52.39:551][ 68]LogModuleManager: Shutting down and abandoning module OnlineBlueprintSupport (48)
[2018.04.17-18.52.39:551][ 68]LogModuleManager: Shutting down and abandoning module OnlineSubsystem (44)
[2018.04.17-18.52.39:552][ 68]LogModuleManager: Shutting down and abandoning module XMPP (43)
[2018.04.17-18.52.39:554][ 68]LogModuleManager: Shutting down and abandoning module HTTP (41)
[2018.04.17-18.52.39:554][ 68]LogHttp: Display: Http module shutting down, but needs to wait on 1 outstanding Http requests:
[2018.04.17-18.52.39:554][ 68]LogHttp: Display: 	verb=[POST] url=[https://datarouter.ol.epicgames.com/datarouter/api/v1/public/data?SessionID=%7BF32D607C-4512-613A-BA46-539E9BBFA05E%7D&AppID=UEEditor.Rocket.Release&AppVersion=4.18.3-3832480%2B%2B%2BUE4%2BRelease-4.18&UserID=2d479398442c4c271b583783bf6e39c3%7C751fef4a639b4351989e86310cb1347d%7C4fc186b7-5de6-4f8b-b6a3-a4aa0259fe63&AppEnvironment=datacollector-binary&UploadType=eteventstream] status=Processing
[2018.04.17-18.52.39:578][ 68]LogModuleManager: Shutting down and abandoning module SSL (40)
[2018.04.17-18.52.39:580][ 68]LogModuleManager: Shutting down and abandoning module AnimationModifiers (36)
[2018.04.17-18.52.39:580][ 68]LogModuleManager: Shutting down and abandoning module PropertyEditor (35)
[2018.04.17-18.52.39:581][ 68]LogModuleManager: Shutting down and abandoning module AudioEditor (32)
[2018.04.17-18.52.39:581][ 68]LogModuleManager: Shutting down and abandoning module TextureCompressor (30)
[2018.04.17-18.52.39:582][ 68]LogModuleManager: Shutting down and abandoning module ShaderCore (28)
[2018.04.17-18.52.39:582][ 68]LogModuleManager: Shutting down and abandoning module Landscape (26)
[2018.04.17-18.52.39:582][ 68]LogModuleManager: Shutting down and abandoning module SlateRHIRenderer (24)
[2018.04.17-18.52.39:589][ 68]LogModuleManager: Shutting down and abandoning module OpenGLDrv (22)
[2018.04.17-18.52.39:590][ 68]LogModuleManager: Shutting down and abandoning module D3D11RHI (20)
[2018.04.17-18.52.39:590][ 68]LogModuleManager: Shutting down and abandoning module AnimGraphRuntime (18)
[2018.04.17-18.52.39:591][ 68]LogModuleManager: Shutting down and abandoning module Renderer (16)
[2018.04.17-18.52.39:591][ 68]LogModuleManager: Shutting down and abandoning module Engine (14)
[2018.04.17-18.52.39:591][ 68]LogModuleManager: Shutting down and abandoning module CoreUObject (12)
[2018.04.17-18.52.39:591][ 68]LogModuleManager: Shutting down and abandoning module NetworkFile (10)
[2018.04.17-18.52.39:591][ 68]LogModuleManager: Shutting down and abandoning module CookedIterativeFile (8)
[2018.04.17-18.52.39:592][ 68]LogModuleManager: Shutting down and abandoning module StreamingFile (6)
[2018.04.17-18.52.39:592][ 68]LogModuleManager: Shutting down and abandoning module SandboxFile (4)
[2018.04.17-18.52.39:592][ 68]LogModuleManager: Shutting down and abandoning module PakFile (2)
[2018.04.17-18.52.39:599][ 68]LogExit: Exiting.
[2018.04.17-18.52.39:623][ 68]Log file closed, 04/17/18 20:52:39
