Log file open, 12/20/17 17:24:56
LogWindows: Failed to load 'aqProf.dll' (GetLastError=126)
LogWindows: File 'aqProf.dll' does not exist
LogWindows: Failed to load 'VSPerf140.dll' (GetLastError=126)
LogWindows: File 'VSPerf140.dll' does not exist
LogWindows: Failed to load 'VtuneApi.dll' (GetLastError=126)
LogWindows: File 'VtuneApi.dll' does not exist
LogWindows: Failed to load 'VtuneApi32e.dll' (GetLastError=126)
LogWindows: File 'VtuneApi32e.dll' does not exist
LogInit: Display: Running engine for game: SideScroller
LogPlatformFile: Not using cached read wrapper
LogInit: Display: RandInit(1355061937) SRandInit(1355061937).
LogInit: Read version file with build ID '3709383'
LogInit: Overriding engine version to CL 3794801, compatible CL 3709383
LogInit: Registered custom module enumerator with build ID '3709383'
LogTaskGraph: Started task graph with 5 named threads and 14 total threads with 3 sets of task threads.
LogStats: Stats thread started at 0.806646
LogD3D11RHI: Aftermath initialized
LogModuleManager: Display: Found up-to-date module file ../../../Engine/Plugins/2D/Paper2D/Binaries/Win64/UE4Editor-Paper2D.dll (API version 3709383).
LogModuleManager: Display: Found up-to-date module file ../../../Engine/Plugins/2D/Paper2D/Binaries/Win64/UE4Editor-Paper2DEditor.dll (API version 3709383).
LogModuleManager: Display: Found up-to-date module file ../../../Engine/Plugins/2D/Paper2D/Binaries/Win64/UE4Editor-PaperSpriteSheetImporter.dll (API version 3709383).
LogModuleManager: Display: Found up-to-date module file ../../../Engine/Plugins/2D/Paper2D/Binaries/Win64/UE4Editor-PaperTiledImporter.dll (API version 3709383).
LogModuleManager: Display: Found up-to-date module file ../../../Engine/Plugins/2D/Paper2D/Binaries/Win64/UE4Editor-SmartSnapping.dll (API version 3709383).
LogModuleManager: Display: Found up-to-date module file ../../../Engine/Plugins/Blendables/LightPropagationVolume/Binaries/Win64/UE4Editor-LightPropagationVolumeRuntime.dll (API version 3709383).
LogModuleManager: Display: Found up-to-date module file ../../../Engine/Plugins/Blendables/LightPropagationVolume/Binaries/Win64/UE4Editor-LightPropagationVolumeEditor.dll (API version 3709383).
LogModuleManager: Display: Found up-to-date module file ../../../Engine/Plugins/Developer/GitSourceControl/Binaries/Win64/UE4Editor-GitSourceControl.dll (API version 3709383).
LogModuleManager: Display: Found up-to-date module file ../../../Engine/Plugins/Developer/PerforceSourceControl/Binaries/Win64/UE4Editor-PerforceSourceControl.dll (API version 3709383).
LogModuleManager: Display: Found up-to-date module file ../../../Engine/Plugins/Developer/SubversionSourceControl/Binaries/Win64/UE4Editor-SubversionSourceControl.dll (API version 3709383).
LogModuleManager: Display: Found up-to-date module file ../../../Engine/Plugins/Developer/UObjectPlugin/Binaries/Win64/UE4Editor-UObjectPlugin.dll (API version 3709383).
LogModuleManager: Display: Found up-to-date module file ../../../Engine/Plugins/Developer/VisualStudioCodeSourceCodeAccess/Binaries/Win64/UE4Editor-VisualStudioCodeSourceCodeAccess.dll (API version 3709383).
LogModuleManager: Display: Found up-to-date module file ../../../Engine/Plugins/Developer/VisualStudioSourceCodeAccess/Binaries/Win64/UE4Editor-VisualStudioSourceCodeAccess.dll (API version 3709383).
LogModuleManager: Display: Found up-to-date module file ../../../Engine/Plugins/Editor/AssetManagerEditor/Binaries/Win64/UE4Editor-AssetManagerEditor.dll (API version 3709383).
LogModuleManager: Display: Found up-to-date module file ../../../Engine/Plugins/Editor/AudioCapture/Binaries/Win64/UE4Editor-AudioCapture.dll (API version 3709383).
LogModuleManager: Display: Found up-to-date module file ../../../Engine/Plugins/Editor/FacialAnimation/Binaries/Win64/UE4Editor-FacialAnimation.dll (API version 3709383).
LogModuleManager: Display: Found up-to-date module file ../../../Engine/Plugins/Editor/FacialAnimation/Binaries/Win64/UE4Editor-FacialAnimationEditor.dll (API version 3709383).
LogModuleManager: Display: Found up-to-date module file ../../../Engine/Plugins/Editor/GameplayTagsEditor/Binaries/Win64/UE4Editor-GameplayTagsEditor.dll (API version 3709383).
LogModuleManager: Display: Found up-to-date module file ../../../Engine/Plugins/Editor/MobileLauncherProfileWizard/Binaries/Win64/UE4Editor-MobileLauncherProfileWizard.dll (API version 3709383).
LogModuleManager: Display: Found up-to-date module file ../../../Engine/Plugins/Editor/PluginBrowser/Binaries/Win64/UE4Editor-PluginBrowser.dll (API version 3709383).
LogModuleManager: Display: Found up-to-date module file ../../../Engine/Plugins/Editor/SpeedTreeImporter/Binaries/Win64/UE4Editor-SpeedTreeImporter.dll (API version 3709383).
LogModuleManager: Display: Found up-to-date module file ../../../Engine/Plugins/Experimental/AlembicImporter/Binaries/Win64/UE4Editor-AlembicImporter.dll (API version 3709383).
LogModuleManager: Display: Found up-to-date module file ../../../Engine/Plugins/Experimental/AlembicImporter/Binaries/Win64/UE4Editor-AlembicLibrary.dll (API version 3709383).
LogModuleManager: Display: Found up-to-date module file ../../../Engine/Plugins/Experimental/CharacterAI/Binaries/Win64/UE4Editor-CharacterAI.dll (API version 3709383).
LogModuleManager: Display: Found up-to-date module file ../../../Engine/Plugins/Experimental/HTML5Networking/Binaries/Win64/UE4Editor-HTML5Networking.dll (API version 3709383).
LogModuleManager: Display: Found up-to-date module file ../../../Engine/Plugins/Media/AndroidMedia/Binaries/Win64/UE4Editor-AndroidMediaEditor.dll (API version 3709383).
LogModuleManager: Display: Found up-to-date module file ../../../Engine/Plugins/Media/AndroidMedia/Binaries/Win64/UE4Editor-AndroidMediaFactory.dll (API version 3709383).
LogModuleManager: Display: Found up-to-date module file ../../../Engine/Plugins/Media/AvfMedia/Binaries/Win64/UE4Editor-AvfMediaEditor.dll (API version 3709383).
LogModuleManager: Display: Found up-to-date module file ../../../Engine/Plugins/Media/AvfMedia/Binaries/Win64/UE4Editor-AvfMediaFactory.dll (API version 3709383).
LogModuleManager: Display: Found up-to-date module file ../../../Engine/Plugins/Media/AvfMedia/Binaries/Win64/UE4Editor-AvfMediaFactory.dll (API version 3709383).
LogModuleManager: Display: Found up-to-date module file ../../../Engine/Plugins/Media/ImgMedia/Binaries/Win64/UE4Editor-ImgMedia.dll (API version 3709383).
LogModuleManager: Display: Found up-to-date module file ../../../Engine/Plugins/Media/ImgMedia/Binaries/Win64/UE4Editor-ImgMediaEditor.dll (API version 3709383).
LogModuleManager: Display: Found up-to-date module file ../../../Engine/Plugins/Media/ImgMedia/Binaries/Win64/UE4Editor-ImgMediaFactory.dll (API version 3709383).
LogModuleManager: Display: Found up-to-date module file ../../../Engine/Plugins/Media/ImgMedia/Binaries/Win64/UE4Editor-ImgMediaFactory.dll (API version 3709383).
LogModuleManager: Display: Found up-to-date module file ../../../Engine/Plugins/Media/ImgMedia/Binaries/Win64/UE4Editor-OpenExrWrapper.dll (API version 3709383).
LogModuleManager: Display: Found up-to-date module file ../../../Engine/Plugins/Media/MediaCompositing/Binaries/Win64/UE4Editor-MediaCompositing.dll (API version 3709383).
LogModuleManager: Display: Found up-to-date module file ../../../Engine/Plugins/Media/MediaCompositing/Binaries/Win64/UE4Editor-MediaCompositingEditor.dll (API version 3709383).
LogModuleManager: Display: Found up-to-date module file ../../../Engine/Plugins/Media/MediaPlayerEditor/Binaries/Win64/UE4Editor-MediaPlayerEditor.dll (API version 3709383).
LogModuleManager: Display: Found up-to-date module file ../../../Engine/Plugins/Media/WmfMedia/Binaries/Win64/UE4Editor-WmfMedia.dll (API version 3709383).
LogModuleManager: Display: Found up-to-date module file ../../../Engine/Plugins/Media/WmfMedia/Binaries/Win64/UE4Editor-WmfMediaEditor.dll (API version 3709383).
LogModuleManager: Display: Found up-to-date module file ../../../Engine/Plugins/Media/WmfMedia/Binaries/Win64/UE4Editor-WmfMediaFactory.dll (API version 3709383).
LogModuleManager: Display: Found up-to-date module file ../../../Engine/Plugins/Media/WmfMedia/Binaries/Win64/UE4Editor-WmfMediaFactory.dll (API version 3709383).
LogModuleManager: Display: Found up-to-date module file ../../../Engine/Plugins/Messaging/TcpMessaging/Binaries/Win64/UE4Editor-TcpMessaging.dll (API version 3709383).
LogModuleManager: Display: Found up-to-date module file ../../../Engine/Plugins/Messaging/UdpMessaging/Binaries/Win64/UE4Editor-UdpMessaging.dll (API version 3709383).
LogModuleManager: Display: Found up-to-date module file ../../../Engine/Plugins/MovieScene/ActorSequence/Binaries/Win64/UE4Editor-ActorSequence.dll (API version 3709383).
LogModuleManager: Display: Found up-to-date module file ../../../Engine/Plugins/MovieScene/LevelSequenceEditor/Binaries/Win64/UE4Editor-LevelSequenceEditor.dll (API version 3709383).
LogModuleManager: Display: Found up-to-date module file ../../../Engine/Plugins/MovieScene/MatineeToLevelSequence/Binaries/Win64/UE4Editor-MatineeToLevelSequence.dll (API version 3709383).
LogModuleManager: Display: Found up-to-date module file ../../../Engine/Plugins/Online/OnlineSubsystem/Binaries/Win64/UE4Editor-OnlineSubsystem.dll (API version 3709383).
LogModuleManager: Display: Found up-to-date module file ../../../Engine/Plugins/Runtime/AndroidPermission/Binaries/Win64/UE4Editor-AndroidPermission.dll (API version 3709383).
LogModuleManager: Display: Found up-to-date module file ../../../Engine/Plugins/Online/OnlineSubsystemNull/Binaries/Win64/UE4Editor-OnlineSubsystemNull.dll (API version 3709383).
LogModuleManager: Display: Found up-to-date module file ../../../Engine/Plugins/Online/OnlineSubsystemUtils/Binaries/Win64/UE4Editor-OnlineSubsystemUtils.dll (API version 3709383).
LogModuleManager: Display: Found up-to-date module file ../../../Engine/Plugins/Online/OnlineSubsystemUtils/Binaries/Win64/UE4Editor-OnlineBlueprintSupport.dll (API version 3709383).
LogModuleManager: Display: Found up-to-date module file ../../../Engine/Plugins/Runtime/AndroidDeviceProfileSelector/Binaries/Win64/UE4Editor-AndroidDeviceProfileSelector.dll (API version 3709383).
LogModuleManager: Display: Found up-to-date module file ../../../Engine/Plugins/Runtime/AppleARKit/Binaries/Win64/UE4Editor-AppleARKit.dll (API version 3709383).
LogModuleManager: Display: Found up-to-date module file ../../../Engine/Plugins/Runtime/ArchVisCharacter/Binaries/Win64/UE4Editor-ArchVisCharacter.dll (API version 3709383).
LogModuleManager: Display: Found up-to-date module file ../../../Engine/Plugins/Runtime/CableComponent/Binaries/Win64/UE4Editor-CableComponent.dll (API version 3709383).
LogModuleManager: Display: Found up-to-date module file ../../../Engine/Plugins/Runtime/CustomMeshComponent/Binaries/Win64/UE4Editor-CustomMeshComponent.dll (API version 3709383).
LogModuleManager: Display: Found up-to-date module file ../../../Engine/Plugins/Runtime/ExampleDeviceProfileSelector/Binaries/Win64/UE4Editor-ExampleDeviceProfileSelector.dll (API version 3709383).
LogModuleManager: Display: Found up-to-date module file ../../../Engine/Plugins/Runtime/ImmediatePhysics/Binaries/Win64/UE4Editor-ImmediatePhysics.dll (API version 3709383).
LogModuleManager: Display: Found up-to-date module file ../../../Engine/Plugins/Runtime/ImmediatePhysics/Binaries/Win64/UE4Editor-ImmediatePhysicsEditor.dll (API version 3709383).
LogModuleManager: Display: Found up-to-date module file ../../../Engine/Plugins/Runtime/LocationServicesBPLibrary/Binaries/Win64/UE4Editor-LocationServicesBPLibrary.dll (API version 3709383).
LogModuleManager: Display: Found up-to-date module file ../../../Engine/Plugins/Runtime/MobilePatchingUtils/Binaries/Win64/UE4Editor-MobilePatchingUtils.dll (API version 3709383).
LogModuleManager: Display: Found up-to-date module file ../../../Engine/Plugins/Runtime/Oculus/OculusVR/Binaries/Win64/UE4Editor-OculusHMD.dll (API version 3709383).
LogModuleManager: Display: Found up-to-date module file ../../../Engine/Plugins/Runtime/Oculus/OculusVR/Binaries/Win64/UE4Editor-OculusInput.dll (API version 3709383).
LogModuleManager: Display: Found up-to-date module file ../../../Engine/Plugins/Runtime/Oculus/OculusVR/Binaries/Win64/UE4Editor-OculusEditor.dll (API version 3709383).
LogModuleManager: Display: Found up-to-date module file ../../../Engine/Plugins/Runtime/PhysXVehicles/Binaries/Win64/UE4Editor-PhysXVehicles.dll (API version 3709383).
LogModuleManager: Display: Found up-to-date module file ../../../Engine/Plugins/Runtime/PhysXVehicles/Binaries/Win64/UE4Editor-PhysXVehiclesEditor.dll (API version 3709383).
LogModuleManager: Display: Found up-to-date module file ../../../Engine/Plugins/Runtime/ProceduralMeshComponent/Binaries/Win64/UE4Editor-ProceduralMeshComponent.dll (API version 3709383).
LogModuleManager: Display: Found up-to-date module file ../../../Engine/Plugins/Runtime/ProceduralMeshComponent/Binaries/Win64/UE4Editor-ProceduralMeshComponentEditor.dll (API version 3709383).
LogModuleManager: Display: Found up-to-date module file ../../../Engine/Plugins/Runtime/RuntimePhysXCooking/Binaries/Win64/UE4Editor-RuntimePhysXCooking.dll (API version 3709383).
LogModuleManager: Display: Found up-to-date module file ../../../Engine/Plugins/Runtime/Steam/SteamVR/Binaries/Win64/UE4Editor-SteamVR.dll (API version 3709383).
LogModuleManager: Display: Found up-to-date module file ../../../Engine/Plugins/Runtime/Steam/SteamVR/Binaries/Win64/UE4Editor-SteamVRController.dll (API version 3709383).
LogModuleManager: Display: Found up-to-date module file ../../../Engine/Plugins/Runtime/WindowsMoviePlayer/Binaries/Win64/UE4Editor-WindowsMoviePlayer.dll (API version 3709383).
LogPluginManager: Mounting plugin Paper2D
LogPluginManager: Mounting plugin LightPropagationVolume
LogPluginManager: Mounting plugin CodeLiteSourceCodeAccess
LogPluginManager: Mounting plugin GitSourceControl
LogPluginManager: Mounting plugin KDevelopSourceCodeAccess
LogPluginManager: Mounting plugin NullSourceCodeAccess
LogPluginManager: Mounting plugin PerforceSourceControl
LogPluginManager: Mounting plugin SubversionSourceControl
LogPluginManager: Mounting plugin UObjectPlugin
LogPluginManager: Mounting plugin VisualStudioCodeSourceCodeAccess
LogPluginManager: Mounting plugin VisualStudioSourceCodeAccess
LogPluginManager: Mounting plugin XCodeSourceCodeAccess
LogPluginManager: Mounting plugin AssetManagerEditor
LogPluginManager: Mounting plugin AudioCapture
LogPluginManager: Mounting plugin FacialAnimation
LogPluginManager: Mounting plugin GameplayTagsEditor
LogPluginManager: Mounting plugin MobileLauncherProfileWizard
LogPluginManager: Mounting plugin PluginBrowser
LogPluginManager: Mounting plugin SpeedTreeImporter
LogPluginManager: Mounting plugin AlembicImporter
LogPluginManager: Mounting plugin CharacterAI
LogPluginManager: Mounting plugin HTML5Networking
LogPluginManager: Mounting plugin AndroidMedia
LogPluginManager: Mounting plugin AvfMedia
LogPluginManager: Mounting plugin ImgMedia
LogPluginManager: Mounting plugin MediaCompositing
LogPluginManager: Mounting plugin MediaPlayerEditor
LogPluginManager: Mounting plugin WmfMedia
LogPluginManager: Mounting plugin TcpMessaging
LogPluginManager: Mounting plugin UdpMessaging
LogPluginManager: Mounting plugin ActorSequence
LogPluginManager: Mounting plugin LevelSequenceEditor
LogPluginManager: Mounting plugin MatineeToLevelSequence
LogPluginManager: Mounting plugin OnlineSubsystemGooglePlay
LogPluginManager: Mounting plugin OnlineSubsystemIOS
LogPluginManager: Mounting plugin OnlineSubsystem
LogPluginManager: Mounting plugin OnlineSubsystemNull
LogPluginManager: Mounting plugin OnlineSubsystemUtils
LogPluginManager: Mounting plugin AndroidDeviceProfileSelector
LogPluginManager: Mounting plugin AndroidMoviePlayer
LogPluginManager: Mounting plugin AndroidPermission
LogPluginManager: Mounting plugin AppleARKit
LogPluginManager: Mounting plugin AppleMoviePlayer
LogPluginManager: Mounting plugin ArchVisCharacter
LogPluginManager: Mounting plugin CableComponent
LogPluginManager: Mounting plugin CustomMeshComponent
LogPluginManager: Mounting plugin ExampleDeviceProfileSelector
LogPluginManager: Mounting plugin GoogleCloudMessaging
LogPluginManager: Mounting plugin ImmediatePhysics
LogPluginManager: Mounting plugin IOSDeviceProfileSelector
LogPluginManager: Mounting plugin LinuxDeviceProfileSelector
LogPluginManager: Mounting plugin LocationServicesBPLibrary
LogPluginManager: Mounting plugin MobilePatchingUtils
LogPluginManager: Mounting plugin OculusVR
LogPluginManager: Plugin shader directory ../../../Engine/Plugins/Runtime/Oculus/OculusVR/Shaders found
LogPluginManager: Mapping shader source directory ../../../Engine/Plugins/Runtime/Oculus/OculusVR/Shaders to virtual directory /Plugin/OculusVR
LogPluginManager: Mounting plugin PhysXVehicles
LogPluginManager: Mounting plugin ProceduralMeshComponent
LogPluginManager: Mounting plugin RuntimePhysXCooking
LogPluginManager: Mounting plugin SteamVR
LogPluginManager: Mounting plugin WindowsMoviePlayer
LogInit: Using libcurl 7.47.1
LogInit:  - built for x86_64-pc-win32
LogInit:  - supports SSL with OpenSSL/1.0.2g
LogInit:  - supports HTTP deflate (compression) using libz 1.2.8
LogInit:  - other features:
LogInit:      CURL_VERSION_SSL
LogInit:      CURL_VERSION_LIBZ
LogInit:      CURL_VERSION_IPV6
LogInit:      CURL_VERSION_ASYNCHDNS
LogInit:      CURL_VERSION_LARGEFILE
LogInit:      CURL_VERSION_IDN
LogInit:  CurlRequestOptions (configurable via config and command line):
LogInit:  - bVerifyPeer = false  - Libcurl will NOT verify peer certificate
LogInit:  - bUseHttpProxy = false  - Libcurl will NOT use HTTP proxy
LogInit:  - bDontReuseConnections = false  - Libcurl will reuse connections
LogInit:  - CertBundlePath = nullptr  - Libcurl will use whatever was configured at build time.
LogInit: Build: ++UE4+Release-4.18-CL-3794801
LogInit: Engine Version: 4.18.2-3794801+++UE4+Release-4.18
LogInit: Compatible Engine Version: 4.18.0-3709383+++UE4+Release-4.18
LogInit: Net CL: 3709383
LogDevObjectVersion: Number of dev versions registered: 16
LogDevObjectVersion:   Dev-Blueprints (B0D832E4-1F89-4F0D-ACCF-7EB736FD4AA2): 10
LogDevObjectVersion:   Dev-Build (E1C64328-A22C-4D53-A36C-8E866417BD8C): 0
LogDevObjectVersion:   Dev-Core (375EC13C-06E4-48FB-B500-84F0262A717E): 2
LogDevObjectVersion:   Dev-Editor (E4B068ED-F494-42E9-A231-DA0B2E46BB41): 20
LogDevObjectVersion:   Dev-Framework (CFFC743F-43B0-4480-9391-14DF171D2073): 30
LogDevObjectVersion:   Dev-Mobile (B02B49B5-BB20-44E9-A304-32B752E40360): 0
LogDevObjectVersion:   Dev-Networking (A4E4105C-59A1-49B5-A7C5-40C4547EDFEE): 0
LogDevObjectVersion:   Dev-Online (39C831C9-5AE6-47DC-9A44-9C173E1C8E7C): 0
LogDevObjectVersion:   Dev-Physics (78F01B33-EBEA-4F98-B9B4-84EACCB95AA2): 0
LogDevObjectVersion:   Dev-Platform (6631380F-2D4D-43E0-8009-CF276956A95A): 0
LogDevObjectVersion:   Dev-Rendering (12F88B9F-8875-4AFC-A67C-D90C383ABD29): 20
LogDevObjectVersion:   Dev-Sequencer (7B5AE74C-D270-4C10-A958-57980B212A5A): 4
LogDevObjectVersion:   Dev-VR (D7296918-1DD6-4BDD-9DE2-64A83CC13884): 0
LogDevObjectVersion:   Dev-LoadTimes (C2A15278-BFE7-4AFE-6C17-90FF531DF755): 1
LogDevObjectVersion:   Private-Geometry (6EACA3D4-40EC-4CC1-B786-8BED09428FC5): 1
LogDevObjectVersion:   Dev-AnimPhys (29E575DD-E0A3-4627-9D10-D276232CDCEA): 12
LogInit: Compiled (64-bit): Dec  8 2017 02:04:53
LogInit: Compiled with Visual C++: 19.00.24215.01
LogInit: Build Configuration: Development
LogInit: Branch Name: ++UE4+Release-4.18
LogInit: Command line:  
LogInit: Base directory: C:/Program Files/Epic Games/UE_4.18/Engine/Binaries/Win64/
LogInit: Installed Engine Build: 1
LogInit: Presizing for max 8388607 objects, including 0 objects not considered by GC, pre-allocating 0 bytes for permanent pool.
LogInit: Object subsystem initialized
[2017.12.20-16.24.58:616][  0]LogInit: Selected Device Profile: [Windows]
[2017.12.20-16.24.58:616][  0]LogInit: Applying CVar settings loaded from the selected device profile: [Windows]
[2017.12.20-16.24.58:652][  0]LogInit: Computer: ASUS-25
[2017.12.20-16.24.58:652][  0]LogInit: User: Adrià
[2017.12.20-16.24.58:652][  0]LogInit: CPU Page size=4096, Cores=4
[2017.12.20-16.24.58:652][  0]LogInit: High frequency timer resolution =2.742187 MHz
[2017.12.20-16.24.58:652][  0]LogMemory: Memory total: Physical=7.9GB (8GB approx)
[2017.12.20-16.24.58:652][  0]LogMemory: Platform Memory Stats for Windows
[2017.12.20-16.24.58:652][  0]LogMemory: Process Physical Memory: 273.20 MB used, 273.20 MB peak
[2017.12.20-16.24.58:652][  0]LogMemory: Process Virtual Memory: 264.94 MB used, 264.94 MB peak
[2017.12.20-16.24.58:652][  0]LogMemory: Physical Memory: 4521.83 MB used,  3551.25 MB free, 8073.08 MB total
[2017.12.20-16.24.58:652][  0]LogMemory: Virtual Memory: 663.08 MB used,  3551.25 MB free, 134217728.00 MB total
[2017.12.20-16.24.59:756][  0]LogInit: Using OS detected language (en-US).
[2017.12.20-16.24.59:756][  0]LogInit: Using OS detected locale (en-US).
[2017.12.20-16.24.59:820][  0]LogTextLocalizationManager: No specific localization for 'en-US' exists, so the 'en' localization will be used.
[2017.12.20-16.25.00:247][  0]LogInit: Setting process to per monitor DPI aware
[2017.12.20-16.25.02:428][  0]LogD3D11RHI: D3D11 adapters:
[2017.12.20-16.25.03:250][  0]LogD3D11RHI:    0. 'NVIDIA GeForce GTX 1050' (Feature Level 11_0)
[2017.12.20-16.25.03:250][  0]LogD3D11RHI:       4031/0/4036 MB DedicatedVideo/DedicatedSystem/SharedSystem, Outputs:1, VendorId:0x10de
[2017.12.20-16.25.03:261][  0]LogD3D11RHI:    1. 'Intel(R) HD Graphics 630' (Feature Level 11_0)
[2017.12.20-16.25.03:261][  0]LogD3D11RHI:       128/0/4036 MB DedicatedVideo/DedicatedSystem/SharedSystem, Outputs:0, VendorId:0x8086
[2017.12.20-16.25.03:263][  0]LogD3D11RHI:    2. 'Microsoft Basic Render Driver' (Feature Level 11_0)
[2017.12.20-16.25.03:263][  0]LogD3D11RHI:       0/0/4036 MB DedicatedVideo/DedicatedSystem/SharedSystem, Outputs:0, VendorId:0x1414
[2017.12.20-16.25.03:263][  0]LogD3D11RHI: Chosen D3D11 Adapter: 0
[2017.12.20-16.25.03:268][  0]LogD3D11RHI: Creating new Direct3DDevice
[2017.12.20-16.25.03:268][  0]LogD3D11RHI:     GPU DeviceId: 0x1c8d (for the marketing name, search the web for "GPU Device Id")
[2017.12.20-16.25.03:268][  0]LogWindows: EnumDisplayDevices:
[2017.12.20-16.25.03:268][  0]LogWindows:    0. 'Intel(R) HD Graphics 630' (P:1 D:1)
[2017.12.20-16.25.03:269][  0]LogWindows:    1. 'Intel(R) HD Graphics 630' (P:0 D:0)
[2017.12.20-16.25.03:269][  0]LogWindows:    2. 'Intel(R) HD Graphics 630' (P:0 D:0)
[2017.12.20-16.25.03:269][  0]LogWindows: DebugString: GetVideoDriverDetailsInvalid PrimaryIsNotTheChoosenAdapter GetVideoDriverDetailsInvalid PrimaryIsNotTheChoosenAdapter GetVideoDriverDetailsInvalid PrimaryIsNotTheChoosenAdapter FoundDriverCount:0 
[2017.12.20-16.25.03:269][  0]LogD3D11RHI:     Adapter Name: NVIDIA GeForce GTX 1050
[2017.12.20-16.25.03:269][  0]LogD3D11RHI:   Driver Version: Unknown (internal:Unknown, unified:Unknown)
[2017.12.20-16.25.03:269][  0]LogD3D11RHI:      Driver Date: Unknown
[2017.12.20-16.25.03:269][  0]LogRHI: Texture pool is 2821 MB (70% of 4031 MB)
[2017.12.20-16.25.03:295][  0]LogD3D11RHI: Async texture creation enabled
[2017.12.20-16.25.03:368][  0]LogD3D11RHI: GPU Timing Frequency: 1000.000000 (Debug: 2 1)
[2017.12.20-16.25.03:379][  0]LogShaderCompilers: Guid format shader working directory is -20 characters bigger than the processId version (../../../../../../Users/Alumno/Documents/Casino Royale/SideScroller/Intermediate/Shaders/WorkingDirectory/8948/).
[2017.12.20-16.25.03:380][  0]LogShaderCompilers: Cleaned the shader compiler working directory 'C:/Users/Alumno/AppData/Local/Temp/UnrealShaderWorkingDir/A3FA420C424400EF2C93A799EB88CD5E/'.
[2017.12.20-16.25.03:381][  0]LogShaderCompilers: Display: Using Local Shader Compiler.
[2017.12.20-16.25.05:344][  0]LogTemp: Display: Loaded TP AllDesktopTargetPlatform
[2017.12.20-16.25.05:394][  0]LogTemp: Display: Loaded TP MacClientTargetPlatform
[2017.12.20-16.25.05:444][  0]LogTemp: Display: Loaded TP MacNoEditorTargetPlatform
[2017.12.20-16.25.05:495][  0]LogTemp: Display: Loaded TP MacServerTargetPlatform
[2017.12.20-16.25.05:552][  0]LogTemp: Display: Loaded TP MacTargetPlatform
[2017.12.20-16.25.05:604][  0]LogTemp: Display: Loaded TP WindowsClientTargetPlatform
[2017.12.20-16.25.05:656][  0]LogTemp: Display: Loaded TP WindowsNoEditorTargetPlatform
[2017.12.20-16.25.05:708][  0]LogTemp: Display: Loaded TP WindowsServerTargetPlatform
[2017.12.20-16.25.05:757][  0]LogTemp: Display: Loaded TP WindowsTargetPlatform
[2017.12.20-16.25.05:809][  0]LogTemp: Display: Loaded TP Android_ASTCTargetPlatform
[2017.12.20-16.25.05:859][  0]LogTemp: Display: Loaded TP Android_ATCTargetPlatform
[2017.12.20-16.25.05:911][  0]LogTemp: Display: Loaded TP Android_DXTTargetPlatform
[2017.12.20-16.25.05:966][  0]LogTemp: Display: Loaded TP Android_ETC1TargetPlatform
[2017.12.20-16.25.06:018][  0]LogTemp: Display: Loaded TP Android_ETC2TargetPlatform
[2017.12.20-16.25.06:121][  0]LogTemp: Display: Loaded TP Android_MultiTargetPlatform
[2017.12.20-16.25.06:121][  0]LogTemp: Display: Loaded TP Android_PVRTCTargetPlatform
[2017.12.20-16.25.06:177][  0]LogTemp: Display: Loaded TP AndroidTargetPlatform
[2017.12.20-16.25.06:220][  0]LogTemp: Display: Loaded TP HTML5TargetPlatform
[2017.12.20-16.25.06:323][  0]LogTemp: Display: Loaded TP IOSTargetPlatform
[2017.12.20-16.25.06:368][  0]LogTemp: Display: Loaded TP TVOSTargetPlatform
[2017.12.20-16.25.06:419][  0]LogTemp: Display: Loaded TP LinuxClientTargetPlatform
[2017.12.20-16.25.06:470][  0]LogTemp: Display: Loaded TP LinuxNoEditorTargetPlatform
[2017.12.20-16.25.06:521][  0]LogTemp: Display: Loaded TP LinuxServerTargetPlatform
[2017.12.20-16.25.06:576][  0]LogTemp: Display: Loaded TP LinuxTargetPlatform
[2017.12.20-16.25.06:576][  0]LogTargetPlatformManager: Display: Building Assets For Windows
[2017.12.20-16.25.07:133][  0]LogDerivedDataCache: Display: Max Cache Size: 512 MB
[2017.12.20-16.25.07:438][  0]LogDerivedDataCache: Loaded boot cache 0.30s 78MB C:/Users/Alumno/AppData/Local/UnrealEngine/4.18/DerivedDataCache/Boot.ddc.
[2017.12.20-16.25.07:438][  0]LogDerivedDataCache: Display: Loaded Boot cache: C:/Users/Alumno/AppData/Local/UnrealEngine/4.18/DerivedDataCache/Boot.ddc
[2017.12.20-16.25.07:438][  0]LogDerivedDataCache: FDerivedDataBackendGraph:  Pak pak cache file ../../../../../../Users/Alumno/Documents/Casino Royale/SideScroller/DerivedDataCache/DDC.ddp not found, will not use a pak cache.
[2017.12.20-16.25.07:438][  0]LogDerivedDataCache: Unable to find inner node Pak for hierarchical cache Hierarchy.
[2017.12.20-16.25.07:438][  0]LogDerivedDataCache: FDerivedDataBackendGraph:  CompressedPak pak cache file ../../../../../../Users/Alumno/Documents/Casino Royale/SideScroller/DerivedDataCache/Compressed.ddp not found, will not use a pak cache.
[2017.12.20-16.25.07:438][  0]LogDerivedDataCache: Unable to find inner node CompressedPak for hierarchical cache Hierarchy.
[2017.12.20-16.25.07:463][  0]LogDerivedDataCache: Display: Pak cache opened for reading ../../../Engine/DerivedDataCache/Compressed.ddp.
[2017.12.20-16.25.07:478][  0]LogDerivedDataCache: Using Local data cache path C:/Users/Alumno/AppData/Local/UnrealEngine/Common/DerivedDataCache: Writable
[2017.12.20-16.25.07:491][  0]LogMaterial: Verifying Global Shaders for PCD3D_SM5
[2017.12.20-16.25.07:500][  0]LogSlate: Using Freetype 2.6.0
[2017.12.20-16.25.07:519][  0]LogSlate: SlateFontCache - WITH_FREETYPE: 1, WITH_HARFBUZZ: 1
[2017.12.20-16.25.07:519][  0]LogSlate: SlateFontCache - WITH_FREETYPE: 1, WITH_HARFBUZZ: 1
[2017.12.20-16.25.08:510][  0]LogInit: Selected Device Profile: [Windows]
[2017.12.20-16.25.09:098][  0]LogSimplygon: Simplygon DLL not present - disabling.
[2017.12.20-16.25.09:145][  0]LogMeshReduction: Using SimplygonSwarm for distributed automatic mesh merging
[2017.12.20-16.25.09:146][  0]LogMeshReduction: Using QuadricMeshReduction for automatic static mesh reduction
[2017.12.20-16.25.09:146][  0]LogMeshReduction: No automatic skeletal mesh reduction module available
[2017.12.20-16.25.09:146][  0]LogMeshReduction: No automatic mesh merging module available
[2017.12.20-16.25.09:146][  0]LogMeshMerging: No automatic mesh merging module available
[2017.12.20-16.25.09:227][  0]LogNetVersion: SideScroller , NetCL: 3709383, EngineNetVer: 2, GameNetVer: 0 (Checksum: 123061163)
[2017.12.20-16.25.09:726][  0]LogAssetRegistry: FAssetRegistry took 0.0289 seconds to start up
[2017.12.20-16.25.11:010][  0]LogPackageLocalizationCache: Processed 7 localized package path(s) for 2 prioritized culture(s) in 0.114691 seconds
[2017.12.20-16.25.11:017][  0]LogUObjectArray: 35900 objects as part of root set at end of initial load.
[2017.12.20-16.25.11:017][  0]LogUObjectAllocator: 7372016 out of 0 bytes used by permanent object pool.
[2017.12.20-16.25.11:017][  0]LogUObjectArray: CloseDisregardForGC: 0/0 objects in disregard for GC pool
[2017.12.20-16.25.11:074][  0]LogInit: WinSock: version 1.1 (2.2), MaxSocks=32767, MaxUdp=65467
[2017.12.20-16.25.16:932][  0]LogTcpMessaging: Initializing TcpMessaging bridge
[2017.12.20-16.25.16:981][  0]LogUdpMessaging: Initializing bridge on interface 0.0.0.0:0 to multicast group 230.0.0.1:6666.
[2017.12.20-16.25.17:868][  0]LogMaterial: Uniform references updated for custom material expression Custom.
[2017.12.20-16.25.18:395][  0]SourceControl: Source control is disabled
[2017.12.20-16.25.18:395][  0]SourceControl: Source control is disabled
[2017.12.20-16.25.18:468][  0]SourceControl: Source control is disabled
[2017.12.20-16.25.18:535][  0]SourceControl: Source control is disabled
[2017.12.20-16.25.19:571][  0]LogAndroidPermission: UAndroidPermissionCallbackProxy::GetInstance
[2017.12.20-16.25.19:873][  0]LogOcInput: OculusInput pre-init called
[2017.12.20-16.25.20:216][  0]LogEngine: Initializing Engine...
[2017.12.20-16.25.20:220][  0]LogHMD: Failed to initialize OpenVR with code 110
[2017.12.20-16.25.20:443][  0]LogStats: UGameplayTagsManager::ConstructGameplayTagTree: Construct from data asset -  0.000 s
[2017.12.20-16.25.20:443][  0]LogStats: UGameplayTagsManager::ConstructGameplayTagTree: GameplayTagTreeChangedEvent.Broadcast -  0.000 s
[2017.12.20-16.25.20:611][  0]LogAIModule: Creating AISystem for world Untitled
[2017.12.20-16.25.20:624][  0]LogInit: XAudio2 using 'Speakers (Realtek High Definition Audio)' : 2 channels at 48 kHz using 32 bits per sample (channel mask 0x3)
[2017.12.20-16.25.20:752][  0]LogInit: FAudioDevice initialized.
[2017.12.20-16.25.20:841][  0]LogDerivedDataCache: Saved boot cache 0.09s 78MB C:/Users/Alumno/AppData/Local/UnrealEngine/4.18/DerivedDataCache/Boot.ddc.
[2017.12.20-16.25.20:857][  0]LogInit: Texture streaming: Enabled
[2017.12.20-16.25.20:963][  0]LogEngineSessionManager: EngineSessionManager initialized
[2017.12.20-16.25.21:145][  0]LogInit: Transaction tracking system initialized
[2017.12.20-16.25.21:533][  0]BlueprintLog: New page: Editor Load
[2017.12.20-16.25.22:721][  0]LocalizationService: Localization service is disabled
[2017.12.20-16.25.23:693][  0]LogConsoleResponse: Display: 
[2017.12.20-16.25.24:114][  0]LogCook: Display: Max memory allowance for cook 16384mb min free memory 0mb
[2017.12.20-16.25.24:114][  0]LogCook: Display: Mobile HDR setting 1
[2017.12.20-16.25.24:114][  0]LogGameplayTags: Display: UGameplayTagsManager::DoneAddingNativeTags. DelegateIsBound: 0
[2017.12.20-16.25.24:532][  0]LogFileCache: Scanning file cache for directory 'C:/Users/Alumno/Documents/Casino Royale/SideScroller/Content/' took 0.02s
[2017.12.20-16.25.25:676][  0]SourceControl: Source control is disabled
[2017.12.20-16.25.25:678][  0]Cmd: MAP LOAD FILE="../../../../../../Users/Alumno/Documents/Casino Royale/SideScroller/Content/SideScrollerBP/Maps/SideScrollerExampleMap.umap" TEMPLATE=0 SHOWPROGRESS=1 FEATURELEVEL=3
[2017.12.20-16.25.25:679][  0]LogEditorServer: Warning: Can't find file '../../../../../../Users/Alumno/Documents/Casino Royale/SideScroller/Content/SideScrollerBP/Maps/SideScrollerExampleMap.umap'
[2017.12.20-16.25.25:679][  0]Cmd: MAP CHECKDEP NOCLEARLOG
[2017.12.20-16.25.25:757][  0]MapCheck: Map check complete: 0 Error(s), 0 Warning(s), took 78.017ms to complete.
[2017.12.20-16.25.25:757][  0]LogFileHelpers: Loading map 'SideScrollerExampleMap' took 0.080
[2017.12.20-16.25.26:026][  0]LogCollectionManager: Loaded 0 collections in 0.002367 seconds
[2017.12.20-16.25.26:145][  0]LogFileCache: Scanning file cache for directory 'C:/Users/Alumno/Documents/Casino Royale/SideScroller/Saved/Collections/' took 0.01s
[2017.12.20-16.25.26:145][  0]LogFileCache: Scanning file cache for directory 'C:/Users/Alumno/Documents/Casino Royale/SideScroller/Content/Developers/Adrià/Collections/' took 0.01s
[2017.12.20-16.25.26:145][  0]LogFileCache: Scanning file cache for directory 'C:/Users/Alumno/Documents/Casino Royale/SideScroller/Content/Collections/' took 0.01s
[2017.12.20-16.25.26:145][  0]LogCollectionManager: Rebuilt the GUID cache for 0 collections in 0.000000 seconds
[2017.12.20-16.25.26:156][  0]LogContentBrowser: Native class hierarchy populated in 0.0091 seconds. Added 2363 classes and 519 folders.
[2017.12.20-16.25.26:239][  0]LogContentBrowser: Native class hierarchy updated for 'WidgetCarousel' in 0.0002 seconds. Added 0 classes and 0 folders.
[2017.12.20-16.25.26:756][  0]LogContentBrowser: Native class hierarchy updated for 'AddContentDialog' in 0.0002 seconds. Added 0 classes and 0 folders.
[2017.12.20-16.25.26:820][  0]LogContentBrowser: Native class hierarchy updated for 'SceneOutliner' in 0.0003 seconds. Added 1 classes and 2 folders.
[2017.12.20-16.25.28:456][  0]LogSlate: Only BGRA pngs, bmps or icos are supported in by External Image Picker
[2017.12.20-16.25.28:520][  0]LogTemp: Executing iPhonePackager certificates Engine -bundlename com.YourCompany.SideScroller
[2017.12.20-16.25.28:520][  0]LogTemp: CWD: C:\Program Files\Epic Games\UE_4.18\Engine\Binaries\DotNET\IOS
[2017.12.20-16.25.28:520][  0]LogTemp: Initial Dir: C:\Program Files\Epic Games\UE_4.18
[2017.12.20-16.25.28:520][  0]LogTemp: Env CWD: C:\Program Files\Epic Games\UE_4.18\Engine\Binaries\DotNET\IOS
[2017.12.20-16.25.28:520][  0]LogTemp: BranchPath = ASUS-25/C/Program Files/Epic Games/UE_4.18/Engine/Binaries --- GameBranchPath = ASUS-25/C/Program Files/Epic Games/UE_4.18/Engine/Binaries
[2017.12.20-16.25.28:520][  0]LogSlate: Took 0.013652 seconds to synchronously load lazily loaded font '../../../Engine/Content/Slate/Fonts/Roboto-Regular.ttf' (155K)
[2017.12.20-16.25.28:533][  0]LogTemp: IPP ERROR: Could not find provision directory 'C:\Users\Alumno\AppData\Local/Apple Computer/MobileDevice/Provisioning Profiles/'.
[2017.12.20-16.25.28:533][  0]LogSlate: Took 0.005118 seconds to synchronously load lazily loaded font '../../../Engine/Content/Slate/Fonts/Roboto-Bold.ttf' (160K)
[2017.12.20-16.25.28:564][  0]LogSlate: Took 0.010113 seconds to synchronously load lazily loaded font '../../../Engine/Content/Editor/Slate/Fonts/FontAwesome.ttf' (139K)
[2017.12.20-16.25.28:776][  0]LogRenderer: Reallocating scene render targets to support 964x436 Format 10 NumSamples 1 (Frame:1).
[2017.12.20-16.25.29:056][  0]LogContentBrowser: Native class hierarchy updated for 'HierarchicalLODOutliner' in 0.0003 seconds. Added 1 classes and 2 folders.
[2017.12.20-16.25.29:056][  0]LogLoad: (Engine Initialization) Total time: 36.01 seconds
[2017.12.20-16.25.29:056][  0]LogLoad: (Engine Initialization) Total Blueprint compile time: 0.00 seconds
[2017.12.20-16.25.29:057][  0]LogExternalProfiler: No external profilers were discovered.  External profiling features will not be available.
[2017.12.20-16.25.29:134][  0]LogContentStreaming: Texture pool size now 1000 MB
[2017.12.20-16.25.29:210][  1]LogAssetRegistry: Asset discovery search completed in 19.5056 seconds
[2017.12.20-16.25.29:213][  1]LogCollectionManager: Rebuilt the object cache for 0 collections in 0.000000 seconds (found 0 objects)
[2017.12.20-16.25.29:213][  1]LogCollectionManager: Fixed up redirectors for 0 collections in 0.000038 seconds (updated 0 objects)
[2017.12.20-16.25.32:887][185]LogSlate: Took 0.005100 seconds to synchronously load lazily loaded font '../../../Engine/Content/Slate/Fonts/Roboto-Light.ttf' (159K)
[2017.12.20-16.25.42:304][747]LogSlate: Took 0.000600 seconds to synchronously load lazily loaded font '../../../Engine/Content/Slate/Fonts/Roboto-Light.ttf' (159K)
[2017.12.20-16.25.43:158][747]LogSlate: Took 0.000199 seconds to synchronously load lazily loaded font '../../../Engine/Content/Slate/Fonts/Roboto-Regular.ttf' (155K)
[2017.12.20-16.25.43:672][747]LogAIModule: Creating AISystem for world Level
[2017.12.20-16.25.43:758][747]Cmd: MAP LOAD FILE="../../../../../../Users/Alumno/Documents/Casino Royale/SideScroller/Content/Scenes/Level.umap" TEMPLATE=0 SHOWPROGRESS=1 FEATURELEVEL=3
[2017.12.20-16.25.43:758][747]LightingResults: New page: Lighting Build
[2017.12.20-16.25.43:809][747]LogContentBrowser: Native class hierarchy updated for 'StatsViewer' in 0.0005 seconds. Added 5 classes and 0 folders.
[2017.12.20-16.25.43:811][747]LoadErrors: New page: Loading map: Level.umap
[2017.12.20-16.25.43:816][747]MapCheck: New page: Map Check
[2017.12.20-16.25.43:816][747]LightingResults: New page: Lighting Build
[2017.12.20-16.25.43:893][747]LogEditorServer: Finished looking for orphan Actors (0.000 secs)
[2017.12.20-16.25.43:953][747]Cmd: MAP CHECKDEP NOCLEARLOG
[2017.12.20-16.25.44:049][747]MapCheck: Map check complete: 0 Error(s), 0 Warning(s), took 96.199ms to complete.
[2017.12.20-16.25.44:049][747]LogFileHelpers: Loading map 'Level' took 0.297
[2017.12.20-16.26.00:588][710]LogTemp: Repeating last play command: Selected Viewport
[2017.12.20-16.26.00:713][710]LogBlueprintUserMessages: Early PlayInEditor Detection: Level '/Game/Scenes/Level.Level:PersistentLevel' has LevelScriptBlueprint '/Game/Scenes/Level.Level:PersistentLevel.Level' with GeneratedClass '/Game/Scenes/Level.Level_C' with ClassGeneratedBy '/Game/Scenes/Level.Level:PersistentLevel.Level'
[2017.12.20-16.26.00:715][710]LogPlayLevel: PlayLevel: No blueprints needed recompiling
[2017.12.20-16.26.00:722][710]PIE: New page: PIE session: Level (Dec 20, 2017, 6:26:00 PM)
[2017.12.20-16.26.00:724][710]LogPlayLevel: Creating play world package: /Game/Scenes/UEDPIE_0_Level
[2017.12.20-16.26.00:745][710]LogPlayLevel: PIE: StaticDuplicateObject took: (0.021625s)
[2017.12.20-16.26.00:746][710]LogAIModule: Creating AISystem for world Level
[2017.12.20-16.26.00:747][710]LogPlayLevel: PIE: World Init took: (0.001221s)
[2017.12.20-16.26.00:747][710]LogPlayLevel: PIE: Created PIE world by copying editor world from /Game/Scenes/Level.Level to /Game/Scenes/UEDPIE_0_Level.Level (0.023551s)
[2017.12.20-16.26.00:771][710]LogInit: XAudio2 using 'Speakers (Realtek High Definition Audio)' : 2 channels at 48 kHz using 32 bits per sample (channel mask 0x3)
[2017.12.20-16.26.00:805][710]LogInit: FAudioDevice initialized.
[2017.12.20-16.26.00:857][710]LogLoad: Game class is 'SideScrollerGameMode_C'
[2017.12.20-16.26.00:872][710]LogWorld: Bringing World /Game/Scenes/UEDPIE_0_Level.Level up for play (max tick rate 60) at 2017.12.20-17.26.00
[2017.12.20-16.26.00:894][710]LogWorld: Bringing up level for play took: 0.024274
[2017.12.20-16.26.00:952][710]LogContentBrowser: Native class hierarchy updated for 'MovieSceneCapture' in 0.0003 seconds. Added 11 classes and 0 folders.
[2017.12.20-16.26.00:957][710]PIE: Play in editor start time for /Game/Scenes/UEDPIE_0_Level -0.214
[2017.12.20-16.26.00:958][710]LogBlueprintUserMessages: Late PlayInEditor Detection: Level '/Game/Scenes/Level.Level:PersistentLevel' has LevelScriptBlueprint '/Game/Scenes/Level.Level:PersistentLevel.Level' with GeneratedClass '/Game/Scenes/Level.Level_C' with ClassGeneratedBy '/Game/Scenes/Level.Level:PersistentLevel.Level'
[2017.12.20-16.26.01:068][711]LogCharacterMovement: Warning: GetSimulationTimeStep() - Max iterations 8 hit while remaining time 0.088746 > MaxSimulationTimeStep (0.050) for 'AI_ExplosionEnemy2_180', movement 'Walking'
[2017.12.20-16.26.13:644][458]LogBlueprintUserMessages: Early EndPlayMap Detection: Level '/Game/Scenes/Level.Level:PersistentLevel' has LevelScriptBlueprint '/Game/Scenes/Level.Level:PersistentLevel.Level' with GeneratedClass '/Game/Scenes/Level.Level_C' with ClassGeneratedBy '/Game/Scenes/Level.Level:PersistentLevel.Level'
[2017.12.20-16.26.13:684][458]LogBlueprintUserMessages: Late EndPlayMap Detection: Level '/Game/Scenes/Level.Level:PersistentLevel' has LevelScriptBlueprint '/Game/Scenes/Level.Level:PersistentLevel.Level' with GeneratedClass '/Game/Scenes/Level.Level_C' with ClassGeneratedBy '/Game/Scenes/Level.Level:PersistentLevel.Level'
[2017.12.20-16.26.14:827][525]LogTemp: Repeating last play command: Selected Viewport
[2017.12.20-16.26.14:851][525]LogBlueprintUserMessages: Early PlayInEditor Detection: Level '/Game/Scenes/Level.Level:PersistentLevel' has LevelScriptBlueprint '/Game/Scenes/Level.Level:PersistentLevel.Level' with GeneratedClass '/Game/Scenes/Level.Level_C' with ClassGeneratedBy '/Game/Scenes/Level.Level:PersistentLevel.Level'
[2017.12.20-16.26.14:851][525]LogPlayLevel: PlayLevel: No blueprints needed recompiling
[2017.12.20-16.26.14:851][525]PIE: New page: PIE session: Level (Dec 20, 2017, 6:26:14 PM)
[2017.12.20-16.26.14:851][525]LogPlayLevel: Creating play world package: /Game/Scenes/UEDPIE_0_Level
[2017.12.20-16.26.14:869][525]LogPlayLevel: PIE: StaticDuplicateObject took: (0.017219s)
[2017.12.20-16.26.14:870][525]LogAIModule: Creating AISystem for world Level
[2017.12.20-16.26.14:870][525]LogPlayLevel: PIE: World Init took: (0.001210s)
[2017.12.20-16.26.14:870][525]LogPlayLevel: PIE: Created PIE world by copying editor world from /Game/Scenes/Level.Level to /Game/Scenes/UEDPIE_0_Level.Level (0.018877s)
[2017.12.20-16.26.14:882][525]LogInit: XAudio2 using 'Speakers (Realtek High Definition Audio)' : 2 channels at 48 kHz using 32 bits per sample (channel mask 0x3)
[2017.12.20-16.26.14:917][525]LogInit: FAudioDevice initialized.
[2017.12.20-16.26.14:950][525]LogLoad: Game class is 'SideScrollerGameMode_C'
[2017.12.20-16.26.14:953][525]LogWorld: Bringing World /Game/Scenes/UEDPIE_0_Level.Level up for play (max tick rate 60) at 2017.12.20-17.26.14
[2017.12.20-16.26.14:954][525]LogWorld: Bringing up level for play took: 0.002912
[2017.12.20-16.26.14:955][525]PIE: Play in editor start time for /Game/Scenes/UEDPIE_0_Level -0.217
[2017.12.20-16.26.14:956][525]LogBlueprintUserMessages: Late PlayInEditor Detection: Level '/Game/Scenes/Level.Level:PersistentLevel' has LevelScriptBlueprint '/Game/Scenes/Level.Level:PersistentLevel.Level' with GeneratedClass '/Game/Scenes/Level.Level_C' with ClassGeneratedBy '/Game/Scenes/Level.Level:PersistentLevel.Level'
[2017.12.20-16.26.18:856][758]LogBlueprintUserMessages: Early EndPlayMap Detection: Level '/Game/Scenes/Level.Level:PersistentLevel' has LevelScriptBlueprint '/Game/Scenes/Level.Level:PersistentLevel.Level' with GeneratedClass '/Game/Scenes/Level.Level_C' with ClassGeneratedBy '/Game/Scenes/Level.Level:PersistentLevel.Level'
[2017.12.20-16.26.18:890][758]LogBlueprintUserMessages: Late EndPlayMap Detection: Level '/Game/Scenes/Level.Level:PersistentLevel' has LevelScriptBlueprint '/Game/Scenes/Level.Level:PersistentLevel.Level' with GeneratedClass '/Game/Scenes/Level.Level_C' with ClassGeneratedBy '/Game/Scenes/Level.Level:PersistentLevel.Level'
[2017.12.20-16.26.19:860][815]LogTemp: Repeating last play command: Selected Viewport
[2017.12.20-16.26.19:883][815]LogBlueprintUserMessages: Early PlayInEditor Detection: Level '/Game/Scenes/Level.Level:PersistentLevel' has LevelScriptBlueprint '/Game/Scenes/Level.Level:PersistentLevel.Level' with GeneratedClass '/Game/Scenes/Level.Level_C' with ClassGeneratedBy '/Game/Scenes/Level.Level:PersistentLevel.Level'
[2017.12.20-16.26.19:884][815]LogPlayLevel: PlayLevel: No blueprints needed recompiling
[2017.12.20-16.26.19:884][815]PIE: New page: PIE session: Level (Dec 20, 2017, 6:26:19 PM)
[2017.12.20-16.26.19:884][815]LogPlayLevel: Creating play world package: /Game/Scenes/UEDPIE_0_Level
[2017.12.20-16.26.19:900][815]LogPlayLevel: PIE: StaticDuplicateObject took: (0.015957s)
[2017.12.20-16.26.19:901][815]LogAIModule: Creating AISystem for world Level
[2017.12.20-16.26.19:901][815]LogPlayLevel: PIE: World Init took: (0.000883s)
[2017.12.20-16.26.19:901][815]LogPlayLevel: PIE: Created PIE world by copying editor world from /Game/Scenes/Level.Level to /Game/Scenes/UEDPIE_0_Level.Level (0.017106s)
[2017.12.20-16.26.19:913][815]LogInit: XAudio2 using 'Speakers (Realtek High Definition Audio)' : 2 channels at 48 kHz using 32 bits per sample (channel mask 0x3)
[2017.12.20-16.26.19:948][815]LogInit: FAudioDevice initialized.
[2017.12.20-16.26.19:979][815]LogLoad: Game class is 'SideScrollerGameMode_C'
[2017.12.20-16.26.19:982][815]LogWorld: Bringing World /Game/Scenes/UEDPIE_0_Level.Level up for play (max tick rate 60) at 2017.12.20-17.26.19
[2017.12.20-16.26.19:983][815]LogWorld: Bringing up level for play took: 0.003105
[2017.12.20-16.26.19:984][815]PIE: Play in editor start time for /Game/Scenes/UEDPIE_0_Level 0.813
[2017.12.20-16.26.19:984][815]LogBlueprintUserMessages: Late PlayInEditor Detection: Level '/Game/Scenes/Level.Level:PersistentLevel' has LevelScriptBlueprint '/Game/Scenes/Level.Level:PersistentLevel.Level' with GeneratedClass '/Game/Scenes/Level.Level_C' with ClassGeneratedBy '/Game/Scenes/Level.Level:PersistentLevel.Level'
[2017.12.20-16.26.23:503][ 25]LogBlueprintUserMessages: Early EndPlayMap Detection: Level '/Game/Scenes/Level.Level:PersistentLevel' has LevelScriptBlueprint '/Game/Scenes/Level.Level:PersistentLevel.Level' with GeneratedClass '/Game/Scenes/Level.Level_C' with ClassGeneratedBy '/Game/Scenes/Level.Level:PersistentLevel.Level'
[2017.12.20-16.26.23:537][ 25]LogBlueprintUserMessages: Late EndPlayMap Detection: Level '/Game/Scenes/Level.Level:PersistentLevel' has LevelScriptBlueprint '/Game/Scenes/Level.Level:PersistentLevel.Level' with GeneratedClass '/Game/Scenes/Level.Level_C' with ClassGeneratedBy '/Game/Scenes/Level.Level:PersistentLevel.Level'
[2017.12.20-16.26.25:692][153]LogEditorViewport: Clicking on Actor (LMB): AI_ExplosionEnemy_C (AI_ExplosionEnemy)
[2017.12.20-16.26.26:212][169]LogEditorViewport: Clicking on Actor (LMB): StaticMeshActor (Floor)
[2017.12.20-16.26.26:453][180]LogEditorViewport: Clicking on Actor (LMB): StaticMeshActor (Floor)
[2017.12.20-16.26.26:916][207]LogEditorViewport: Clicking on Actor (LMB): StaticMeshActor (Floor)
[2017.12.20-16.26.32:680][551]LogEditorViewport: Clicking on Actor (LMB): StaticMeshActor (Floor)
[2017.12.20-16.26.49:364][544]LogEditor: Attempting to add actor of class 'NavLinkProxy' to level at 130.00,1500.00,600.00
[2017.12.20-16.26.50:885][634]LogEditor: Attempting to add actor of class 'NavLinkProxy' to level at 1440.00,-380.00,110.00
[2017.12.20-16.26.53:963][818]LogEditor: Attempting to add actor of class 'NavLinkProxy' to level at 1080.00,-860.00,110.00
[2017.12.20-16.26.59:637][155]LogEditorActor: Deleted Actor: RightJump_C
[2017.12.20-16.26.59:646][155]LogEditorActor: Deleted 1 Actors (0.021 secs)
[2017.12.20-16.27.02:420][322]LogTemp: Repeating last play command: Selected Viewport
[2017.12.20-16.27.02:445][322]LogBlueprintUserMessages: Early PlayInEditor Detection: Level '/Game/Scenes/Level.Level:PersistentLevel' has LevelScriptBlueprint '/Game/Scenes/Level.Level:PersistentLevel.Level' with GeneratedClass '/Game/Scenes/Level.Level_C' with ClassGeneratedBy '/Game/Scenes/Level.Level:PersistentLevel.Level'
[2017.12.20-16.27.02:445][322]LogPlayLevel: PlayLevel: No blueprints needed recompiling
[2017.12.20-16.27.02:445][322]PIE: New page: PIE session: Level (Dec 20, 2017, 6:27:02 PM)
[2017.12.20-16.27.02:445][322]LogPlayLevel: Creating play world package: /Game/Scenes/UEDPIE_0_Level
[2017.12.20-16.27.02:463][322]LogPlayLevel: PIE: StaticDuplicateObject took: (0.017534s)
[2017.12.20-16.27.02:464][322]LogAIModule: Creating AISystem for world Level
[2017.12.20-16.27.02:464][322]LogPlayLevel: PIE: World Init took: (0.001455s)
[2017.12.20-16.27.02:465][322]LogPlayLevel: PIE: Created PIE world by copying editor world from /Game/Scenes/Level.Level to /Game/Scenes/UEDPIE_0_Level.Level (0.019375s)
[2017.12.20-16.27.02:477][322]LogInit: XAudio2 using 'Speakers (Realtek High Definition Audio)' : 2 channels at 48 kHz using 32 bits per sample (channel mask 0x3)
[2017.12.20-16.27.02:511][322]LogInit: FAudioDevice initialized.
[2017.12.20-16.27.02:540][322]LogLoad: Game class is 'SideScrollerGameMode_C'
[2017.12.20-16.27.02:543][322]LogWorld: Bringing World /Game/Scenes/UEDPIE_0_Level.Level up for play (max tick rate 60) at 2017.12.20-17.27.02
[2017.12.20-16.27.02:544][322]LogWorld: Bringing up level for play took: 0.002896
[2017.12.20-16.27.02:544][322]PIE: Play in editor start time for /Game/Scenes/UEDPIE_0_Level -0.627
[2017.12.20-16.27.02:545][322]LogBlueprintUserMessages: Late PlayInEditor Detection: Level '/Game/Scenes/Level.Level:PersistentLevel' has LevelScriptBlueprint '/Game/Scenes/Level.Level:PersistentLevel.Level' with GeneratedClass '/Game/Scenes/Level.Level_C' with ClassGeneratedBy '/Game/Scenes/Level.Level:PersistentLevel.Level'
[2017.12.20-16.27.05:128][476]LogBlueprintUserMessages: Early EndPlayMap Detection: Level '/Game/Scenes/Level.Level:PersistentLevel' has LevelScriptBlueprint '/Game/Scenes/Level.Level:PersistentLevel.Level' with GeneratedClass '/Game/Scenes/Level.Level_C' with ClassGeneratedBy '/Game/Scenes/Level.Level:PersistentLevel.Level'
[2017.12.20-16.27.05:158][476]LogBlueprintUserMessages: Late EndPlayMap Detection: Level '/Game/Scenes/Level.Level:PersistentLevel' has LevelScriptBlueprint '/Game/Scenes/Level.Level:PersistentLevel.Level' with GeneratedClass '/Game/Scenes/Level.Level_C' with ClassGeneratedBy '/Game/Scenes/Level.Level:PersistentLevel.Level'
[2017.12.20-16.27.05:914][521]LogTemp: Repeating last play command: Selected Viewport
[2017.12.20-16.27.05:937][521]LogBlueprintUserMessages: Early PlayInEditor Detection: Level '/Game/Scenes/Level.Level:PersistentLevel' has LevelScriptBlueprint '/Game/Scenes/Level.Level:PersistentLevel.Level' with GeneratedClass '/Game/Scenes/Level.Level_C' with ClassGeneratedBy '/Game/Scenes/Level.Level:PersistentLevel.Level'
[2017.12.20-16.27.05:937][521]LogPlayLevel: PlayLevel: No blueprints needed recompiling
[2017.12.20-16.27.05:937][521]PIE: New page: PIE session: Level (Dec 20, 2017, 6:27:05 PM)
[2017.12.20-16.27.05:937][521]LogPlayLevel: Creating play world package: /Game/Scenes/UEDPIE_0_Level
[2017.12.20-16.27.05:958][521]LogPlayLevel: PIE: StaticDuplicateObject took: (0.020734s)
[2017.12.20-16.27.05:959][521]LogAIModule: Creating AISystem for world Level
[2017.12.20-16.27.05:959][521]LogPlayLevel: PIE: World Init took: (0.000872s)
[2017.12.20-16.27.05:959][521]LogPlayLevel: PIE: Created PIE world by copying editor world from /Game/Scenes/Level.Level to /Game/Scenes/UEDPIE_0_Level.Level (0.021942s)
[2017.12.20-16.27.05:971][521]LogInit: XAudio2 using 'Speakers (Realtek High Definition Audio)' : 2 channels at 48 kHz using 32 bits per sample (channel mask 0x3)
[2017.12.20-16.27.06:011][521]LogInit: FAudioDevice initialized.
[2017.12.20-16.27.06:040][521]LogLoad: Game class is 'SideScrollerGameMode_C'
[2017.12.20-16.27.06:043][521]LogWorld: Bringing World /Game/Scenes/UEDPIE_0_Level.Level up for play (max tick rate 60) at 2017.12.20-17.27.06
[2017.12.20-16.27.06:044][521]LogWorld: Bringing up level for play took: 0.003045
[2017.12.20-16.27.06:045][521]PIE: Play in editor start time for /Game/Scenes/UEDPIE_0_Level 0.873
[2017.12.20-16.27.06:046][521]LogBlueprintUserMessages: Late PlayInEditor Detection: Level '/Game/Scenes/Level.Level:PersistentLevel' has LevelScriptBlueprint '/Game/Scenes/Level.Level:PersistentLevel.Level' with GeneratedClass '/Game/Scenes/Level.Level_C' with ClassGeneratedBy '/Game/Scenes/Level.Level:PersistentLevel.Level'
[2017.12.20-16.27.16:646][156]LogBlueprintUserMessages: Early EndPlayMap Detection: Level '/Game/Scenes/Level.Level:PersistentLevel' has LevelScriptBlueprint '/Game/Scenes/Level.Level:PersistentLevel.Level' with GeneratedClass '/Game/Scenes/Level.Level_C' with ClassGeneratedBy '/Game/Scenes/Level.Level:PersistentLevel.Level'
[2017.12.20-16.27.16:681][156]LogBlueprintUserMessages: Late EndPlayMap Detection: Level '/Game/Scenes/Level.Level:PersistentLevel' has LevelScriptBlueprint '/Game/Scenes/Level.Level:PersistentLevel.Level' with GeneratedClass '/Game/Scenes/Level.Level_C' with ClassGeneratedBy '/Game/Scenes/Level.Level:PersistentLevel.Level'
[2017.12.20-16.27.19:501][324]LogEditorViewport: Clicking on Actor (LMB): StaticMeshActor (Ledge1)
[2017.12.20-16.27.20:079][356]LogEditorViewport: Clicking on Actor (LMB): StaticMeshActor (Floor)
[2017.12.20-16.27.20:382][372]LogEditorViewport: Clicking on Actor (LMB): StaticMeshActor (Floor)
[2017.12.20-16.27.21:075][413]LogEditorViewport: Clicking on Actor (LMB): RecastNavMesh (RecastNavMesh-Default)
[2017.12.20-16.27.21:692][448]LogEditorViewport: Clicking on Actor (LMB): NavLinkProxy (NavLinkProxy4)
[2017.12.20-16.28.19:764][929]Cmd: DELETE
[2017.12.20-16.28.19:764][929]Cmd: ACTOR DELETE
[2017.12.20-16.28.19:775][929]LogEditorActor: Deleted Actor: NavLinkProxy
[2017.12.20-16.28.19:784][929]LogEditorActor: Deleted 1 Actors (0.012 secs)
[2017.12.20-16.28.26:465][328]LogTemp: Repeating last play command: Selected Viewport
[2017.12.20-16.28.26:494][328]LogBlueprintUserMessages: Early PlayInEditor Detection: Level '/Game/Scenes/Level.Level:PersistentLevel' has LevelScriptBlueprint '/Game/Scenes/Level.Level:PersistentLevel.Level' with GeneratedClass '/Game/Scenes/Level.Level_C' with ClassGeneratedBy '/Game/Scenes/Level.Level:PersistentLevel.Level'
[2017.12.20-16.28.26:495][328]LogPlayLevel: PlayLevel: No blueprints needed recompiling
[2017.12.20-16.28.26:495][328]PIE: New page: PIE session: Level (Dec 20, 2017, 6:28:26 PM)
[2017.12.20-16.28.26:495][328]LogPlayLevel: Creating play world package: /Game/Scenes/UEDPIE_0_Level
[2017.12.20-16.28.26:512][328]LogPlayLevel: PIE: StaticDuplicateObject took: (0.016986s)
[2017.12.20-16.28.26:513][328]LogAIModule: Creating AISystem for world Level
[2017.12.20-16.28.26:513][328]LogPlayLevel: PIE: World Init took: (0.001049s)
[2017.12.20-16.28.26:513][328]LogPlayLevel: PIE: Created PIE world by copying editor world from /Game/Scenes/Level.Level to /Game/Scenes/UEDPIE_0_Level.Level (0.018432s)
[2017.12.20-16.28.26:527][328]LogInit: XAudio2 using 'Speakers (Realtek High Definition Audio)' : 2 channels at 48 kHz using 32 bits per sample (channel mask 0x3)
[2017.12.20-16.28.26:562][328]LogInit: FAudioDevice initialized.
[2017.12.20-16.28.26:591][328]LogLoad: Game class is 'SideScrollerGameMode_C'
[2017.12.20-16.28.26:594][328]LogWorld: Bringing World /Game/Scenes/UEDPIE_0_Level.Level up for play (max tick rate 60) at 2017.12.20-17.28.26
[2017.12.20-16.28.26:595][328]LogWorld: Bringing up level for play took: 0.003063
[2017.12.20-16.28.26:596][328]PIE: Play in editor start time for /Game/Scenes/UEDPIE_0_Level -0.576
[2017.12.20-16.28.26:596][328]LogBlueprintUserMessages: Late PlayInEditor Detection: Level '/Game/Scenes/Level.Level:PersistentLevel' has LevelScriptBlueprint '/Game/Scenes/Level.Level:PersistentLevel.Level' with GeneratedClass '/Game/Scenes/Level.Level_C' with ClassGeneratedBy '/Game/Scenes/Level.Level:PersistentLevel.Level'
[2017.12.20-16.28.31:364][613]LogBlueprintUserMessages: Early EndPlayMap Detection: Level '/Game/Scenes/Level.Level:PersistentLevel' has LevelScriptBlueprint '/Game/Scenes/Level.Level:PersistentLevel.Level' with GeneratedClass '/Game/Scenes/Level.Level_C' with ClassGeneratedBy '/Game/Scenes/Level.Level:PersistentLevel.Level'
[2017.12.20-16.28.31:399][613]LogBlueprintUserMessages: Late EndPlayMap Detection: Level '/Game/Scenes/Level.Level:PersistentLevel' has LevelScriptBlueprint '/Game/Scenes/Level.Level:PersistentLevel.Level' with GeneratedClass '/Game/Scenes/Level.Level_C' with ClassGeneratedBy '/Game/Scenes/Level.Level:PersistentLevel.Level'
[2017.12.20-16.28.32:962][683]LogContentBrowser: Native class hierarchy updated for 'BlueprintGraph' in 0.0006 seconds. Added 116 classes and 0 folders.
[2017.12.20-16.28.33:714][683]LogSlate: Took 0.005288 seconds to synchronously load lazily loaded font '../../../Engine/Content/Editor/Slate/Fonts/Roboto-BoldCondensed.ttf' (158K)
[2017.12.20-16.28.33:837][684]LogSlate: Took 0.005630 seconds to synchronously load lazily loaded font '../../../Engine/Content/Editor/Slate/Fonts/Roboto-Italic.ttf' (157K)
[2017.12.20-16.36.12:939][826]LogSlate: Took 0.000460 seconds to synchronously load lazily loaded font '../../../Engine/Content/Slate/Fonts/Roboto-Light.ttf' (159K)
[2017.12.20-16.36.22:466][853]LogSavePackage: Save=424.86ms
[2017.12.20-16.36.22:466][853]LogSavePackage: Moving '../../../../../../Users/Alumno/Documents/Casino Royale/SideScroller/Saved/Level_Auto14D659C874A6F43FAA0F8EDBFD6B9DF95.tmp' to '../../../../../../Users/Alumno/Documents/Casino Royale/SideScroller/Saved/Autosaves/Game/Scenes/Level_Auto1.umap'
[2017.12.20-16.36.22:472][853]LogSavePackage: Display: Finished SavePackage ../../../../../../Users/Alumno/Documents/Casino Royale/SideScroller/Saved/Autosaves/Game/Scenes/Level_Auto1.umap
[2017.12.20-16.36.22:481][853]LogFileHelpers: Editor autosave (incl. sublevels) for '/Game/Scenes/Level' took 0.500
[2017.12.20-16.36.22:481][853]LogFileHelpers: Editor autosave (incl. sublevels) for all levels took 0.500
[2017.12.20-16.36.22:485][853]OBJ SavePackage: Generating thumbnails for [0] asset(s) in package [/Game/AI/JumpFunctions/RightJump] ([1] browsable assets)...
[2017.12.20-16.36.22:486][853]OBJ SavePackage: Finished generating thumbnails for package [/Game/AI/JumpFunctions/RightJump]
[2017.12.20-16.36.22:538][853]LogSavePackage: Save=28.46ms
[2017.12.20-16.36.22:538][853]LogSavePackage: Moving '../../../../../../Users/Alumno/Documents/Casino Royale/SideScroller/Saved/RightJump_Auto1083B92064745C84D8C27F7B8F9C946EB.tmp' to '../../../../../../Users/Alumno/Documents/Casino Royale/SideScroller/Saved/Autosaves/Game/AI/JumpFunctions/RightJump_Auto1.uasset'
[2017.12.20-16.36.22:541][853]LogSavePackage: Display: Finished SavePackage ../../../../../../Users/Alumno/Documents/Casino Royale/SideScroller/Saved/Autosaves/Game/AI/JumpFunctions/RightJump_Auto1.uasset
[2017.12.20-16.36.22:541][853]LogFileHelpers: Auto-saving content packages took 0.058
[2017.12.20-17.12.59:194][439]Cmd: OBJ SAVEPACKAGE PACKAGE="/Game/AI/JumpFunctions/RightJump" FILE="../../../../../../Users/Alumno/Documents/Casino Royale/SideScroller/Content/AI/JumpFunctions/RightJump.uasset" SILENT=true
[2017.12.20-17.12.59:259][439]LogSavePackage: Save=31.38ms
[2017.12.20-17.12.59:259][439]LogSavePackage: Moving '../../../../../../Users/Alumno/Documents/Casino Royale/SideScroller/Saved/RightJumpE1FDD2694EB6F85652F97AA0E5AD7724.tmp' to '../../../../../../Users/Alumno/Documents/Casino Royale/SideScroller/Content/AI/JumpFunctions/RightJump.uasset'
[2017.12.20-17.12.59:271][439]LogSavePackage: Display: Finished SavePackage ../../../../../../Users/Alumno/Documents/Casino Royale/SideScroller/Content/AI/JumpFunctions/RightJump.uasset
[2017.12.20-17.12.59:395][439]Cmd: OBJ SAVEPACKAGE PACKAGE="/Game/Scenes/Level" FILE="../../../../../../Users/Alumno/Documents/Casino Royale/SideScroller/Content/Scenes/Level.umap" SILENT=true AUTOSAVING=false KEEPDIRTY=false
[2017.12.20-17.12.59:805][439]LogSavePackage: Save=364.80ms
[2017.12.20-17.12.59:805][439]LogSavePackage: Moving '../../../../../../Users/Alumno/Documents/Casino Royale/SideScroller/Saved/LevelA4A1FEFD47847ECD28ADFCBDA478E05A.tmp' to '../../../../../../Users/Alumno/Documents/Casino Royale/SideScroller/Content/Scenes/Level.umap'
[2017.12.20-17.12.59:816][439]LogSavePackage: Display: Finished SavePackage ../../../../../../Users/Alumno/Documents/Casino Royale/SideScroller/Content/Scenes/Level.umap
[2017.12.20-17.12.59:870][439]LogFileHelpers: Saving map 'Level' took 0.594
[2017.12.20-17.13.00:073][439]LogWindowsTextInputMethodSystem: Display: IME system now deactivated.
[2017.12.20-17.13.00:382][440]Cmd: QUIT_EDITOR
[2017.12.20-17.13.01:288][440]LogExit: Preparing to exit.
[2017.12.20-17.13.02:332][440]LogDirectoryWatcher: A directory notification for 'C:/Users/Alumno/Documents/Casino Royale/SideScroller/Content/' was aborted.
[2017.12.20-17.13.02:373][440]LogExit: Editor shut down
[2017.12.20-17.13.02:377][440]LogExit: Transaction tracking system shut down
[2017.12.20-17.13.02:622][440]LogDirectoryWatcher: A directory notification for '../../../Engine/Content/' was aborted.
[2017.12.20-17.13.02:622][440]LogDirectoryWatcher: A directory notification for '../../../../../../Users/Alumno/Documents/Casino Royale/SideScroller/Content/' was aborted.
[2017.12.20-17.13.02:622][440]LogDirectoryWatcher: A directory notification for '../../../Engine/Plugins/2D/Paper2D/Content/' was aborted.
[2017.12.20-17.13.02:622][440]LogDirectoryWatcher: A directory notification for '../../../Engine/Plugins/Media/MediaCompositing/Content/' was aborted.
[2017.12.20-17.13.02:622][440]LogDirectoryWatcher: A directory notification for '../../../Engine/Plugins/Runtime/AppleARKit/Content/' was aborted.
[2017.12.20-17.13.02:622][440]LogDirectoryWatcher: A directory notification for '../../../Engine/Plugins/Runtime/Oculus/OculusVR/Content/' was aborted.
[2017.12.20-17.13.02:622][440]LogDirectoryWatcher: A directory notification for '../../../Engine/Plugins/Runtime/Steam/SteamVR/Content/' was aborted.
[2017.12.20-17.13.02:750][440]LogExit: Object subsystem successfully closed.
[2017.12.20-17.13.02:796][440]LogD3D11RHI: Shutdown
[2017.12.20-17.13.02:797][440]LogD3D11RHI: CleanupD3DDevice
[2017.12.20-17.13.02:801][440]LogD3D11RHI: ~FD3D11DynamicRHI
[2017.12.20-17.13.02:874][440]LogModuleManager: Shutting down and abandoning module BlueprintGraph (554)
[2017.12.20-17.13.02:875][440]LogModuleManager: Shutting down and abandoning module MovieSceneCapture (552)
[2017.12.20-17.13.02:875][440]LogModuleManager: Shutting down and abandoning module StatsViewer (550)
[2017.12.20-17.13.02:876][440]LogModuleManager: Shutting down and abandoning module HierarchicalLODOutliner (548)
[2017.12.20-17.13.02:876][440]LogModuleManager: Shutting down and abandoning module ExternalImagePicker (546)
[2017.12.20-17.13.02:876][440]LogModuleManager: Shutting down and abandoning module SceneOutliner (544)
[2017.12.20-17.13.02:876][440]LogModuleManager: Shutting down and abandoning module AddContentDialog (542)
[2017.12.20-17.13.02:876][440]LogDirectoryWatcher: A directory notification for 'C:/Program Files/Epic Games/UE_4.18/FeaturePacks/' was aborted.
[2017.12.20-17.13.02:880][440]LogModuleManager: Shutting down and abandoning module WidgetCarousel (541)
[2017.12.20-17.13.02:880][440]LogModuleManager: Shutting down and abandoning module EditorWidgets (538)
[2017.12.20-17.13.02:880][440]LogModuleManager: Shutting down and abandoning module CollectionManager (536)
[2017.12.20-17.13.02:881][440]LogDirectoryWatcher: A directory notification for 'C:/Users/Alumno/Documents/Casino Royale/SideScroller/Content/Collections/' was aborted.
[2017.12.20-17.13.02:881][440]LogDirectoryWatcher: A directory notification for 'C:/Users/Alumno/Documents/Casino Royale/SideScroller/Content/Developers/Adrià/Collections/' was aborted.
[2017.12.20-17.13.02:881][440]LogDirectoryWatcher: A directory notification for 'C:/Users/Alumno/Documents/Casino Royale/SideScroller/Saved/Collections/' was aborted.
[2017.12.20-17.13.02:881][440]LogModuleManager: Shutting down and abandoning module FoliageEdit (534)
[2017.12.20-17.13.02:882][440]LogModuleManager: Shutting down and abandoning module LandscapeEditor (532)
[2017.12.20-17.13.02:883][440]LogModuleManager: Shutting down and abandoning module MeshPaintMode (530)
[2017.12.20-17.13.02:884][440]LogModuleManager: Shutting down and abandoning module SceneDepthPickerMode (528)
[2017.12.20-17.13.02:884][440]LogModuleManager: Shutting down and abandoning module ActorPickerMode (526)
[2017.12.20-17.13.02:884][440]LogModuleManager: Shutting down and abandoning module GeometryMode (524)
[2017.12.20-17.13.02:884][440]LogModuleManager: Shutting down and abandoning module TextureAlignMode (522)
[2017.12.20-17.13.02:884][440]LogModuleManager: Shutting down and abandoning module BspMode (520)
[2017.12.20-17.13.02:884][440]LogModuleManager: Shutting down and abandoning module PIEPreviewDeviceProfileSelector (518)
[2017.12.20-17.13.02:884][440]LogModuleManager: Shutting down and abandoning module HardwareSurvey (516)
[2017.12.20-17.13.02:884][440]LogModuleManager: Shutting down and abandoning module SequenceRecorderSections (514)
[2017.12.20-17.13.02:884][440]LogModuleManager: Shutting down and abandoning module AutomationWorker (512)
[2017.12.20-17.13.02:884][440]LogModuleManager: Shutting down and abandoning module MatineeToLevelSequence (510)
[2017.12.20-17.13.02:885][440]LogModuleManager: Shutting down and abandoning module LevelSequenceEditor (508)
[2017.12.20-17.13.02:887][440]LogModuleManager: Shutting down and abandoning module PlacementMode (507)
[2017.12.20-17.13.02:887][440]LogModuleManager: Shutting down and abandoning module WmfMediaFactory (504)
[2017.12.20-17.13.02:887][440]LogModuleManager: Shutting down and abandoning module WmfMediaEditor (502)
[2017.12.20-17.13.02:888][440]LogModuleManager: Shutting down and abandoning module OpenExrWrapper (500)
[2017.12.20-17.13.02:888][440]LogModuleManager: Shutting down and abandoning module ImgMediaFactory (498)
[2017.12.20-17.13.02:888][440]LogModuleManager: Shutting down and abandoning module ImgMediaEditor (496)
[2017.12.20-17.13.02:888][440]LogModuleManager: Shutting down and abandoning module AvfMediaFactory (494)
[2017.12.20-17.13.02:888][440]LogModuleManager: Shutting down and abandoning module AvfMediaEditor (492)
[2017.12.20-17.13.02:888][440]LogModuleManager: Shutting down and abandoning module AndroidMediaFactory (490)
[2017.12.20-17.13.02:888][440]LogModuleManager: Shutting down and abandoning module AndroidMediaEditor (488)
[2017.12.20-17.13.02:888][440]LogModuleManager: Shutting down and abandoning module CharacterAI (486)
[2017.12.20-17.13.02:888][440]LogModuleManager: Shutting down and abandoning module AudioCapture (484)
[2017.12.20-17.13.02:888][440]LogModuleManager: Shutting down and abandoning module SequenceRecorder (483)
[2017.12.20-17.13.02:888][440]LogModuleManager: Shutting down and abandoning module SmartSnapping (480)
[2017.12.20-17.13.02:888][440]LogModuleManager: Shutting down and abandoning module SessionServices (478)
[2017.12.20-17.13.02:888][440]LogModuleManager: Shutting down and abandoning module ViewportSnapping (476)
[2017.12.20-17.13.02:888][440]LogModuleManager: Shutting down and abandoning module ViewportInteraction (474)
[2017.12.20-17.13.02:889][440]LogModuleManager: Shutting down and abandoning module ClothPainter (472)
[2017.12.20-17.13.02:890][440]LogModuleManager: Shutting down and abandoning module SkeletalMeshEditor (471)
[2017.12.20-17.13.02:892][440]LogModuleManager: Shutting down and abandoning module LogVisualizer (468)
[2017.12.20-17.13.02:893][440]LogModuleManager: Shutting down and abandoning module IntroTutorials (466)
[2017.12.20-17.13.02:895][440]LogModuleManager: Shutting down and abandoning module GameProjectGeneration (465)
[2017.12.20-17.13.02:896][440]LogModuleManager: Shutting down and abandoning module IOSPlatformEditor (462)
[2017.12.20-17.13.02:896][440]LogModuleManager: Shutting down and abandoning module HTML5PlatformEditor (460)
[2017.12.20-17.13.02:896][440]LogModuleManager: Shutting down and abandoning module AndroidPlatformEditor (458)
[2017.12.20-17.13.02:896][440]LogModuleManager: Shutting down and abandoning module AndroidDeviceDetection (457)
[2017.12.20-17.13.03:283][440]LogModuleManager: Shutting down and abandoning module WindowsPlatformEditor (454)
[2017.12.20-17.13.03:283][440]LogModuleManager: Shutting down and abandoning module IOSRuntimeSettings (452)
[2017.12.20-17.13.03:283][440]LogModuleManager: Shutting down and abandoning module AndroidRuntimeSettings (450)
[2017.12.20-17.13.03:283][440]LogModuleManager: Shutting down and abandoning module InputBindingEditor (448)
[2017.12.20-17.13.03:287][440]LogModuleManager: Shutting down and abandoning module MergeActors (446)
[2017.12.20-17.13.03:288][440]LogModuleManager: Shutting down and abandoning module SizeMap (444)
[2017.12.20-17.13.03:288][440]LogModuleManager: Shutting down and abandoning module TreeMap (442)
[2017.12.20-17.13.03:289][440]LogModuleManager: Shutting down and abandoning module ReferenceViewer (440)
[2017.12.20-17.13.03:289][440]LogModuleManager: Shutting down and abandoning module LocalizationDashboard (438)
[2017.12.20-17.13.03:290][440]LogModuleManager: Shutting down and abandoning module LocalizationService (437)
[2017.12.20-17.13.03:291][440]LogModuleManager: Shutting down and abandoning module HardwareTargeting (434)
[2017.12.20-17.13.03:291][440]LogModuleManager: Shutting down and abandoning module DeviceProfileEditor (432)
[2017.12.20-17.13.03:291][440]LogModuleManager: Shutting down and abandoning module UndoHistory (430)
[2017.12.20-17.13.03:291][440]LogModuleManager: Shutting down and abandoning module XmlParser (428)
[2017.12.20-17.13.03:291][440]LogModuleManager: Shutting down and abandoning module Blutility (426)
[2017.12.20-17.13.03:291][440]LogModuleManager: Shutting down and abandoning module ProjectSettingsViewer (424)
[2017.12.20-17.13.03:291][440]LogModuleManager: Shutting down and abandoning module ProjectTargetPlatformEditor (423)
[2017.12.20-17.13.03:291][440]LogModuleManager: Shutting down and abandoning module EditorSettingsViewer (420)
[2017.12.20-17.13.03:291][440]LogModuleManager: Shutting down and abandoning module SettingsEditor (418)
[2017.12.20-17.13.03:291][440]LogModuleManager: Shutting down and abandoning module ProjectLauncher (416)
[2017.12.20-17.13.03:293][440]LogModuleManager: Shutting down and abandoning module SessionFrontend (414)
[2017.12.20-17.13.03:293][440]LogModuleManager: Shutting down and abandoning module ProfilerClient (412)
[2017.12.20-17.13.03:294][440]LogModuleManager: Shutting down and abandoning module DeviceManager (410)
[2017.12.20-17.13.03:294][440]LogModuleManager: Shutting down and abandoning module TargetDeviceServices (409)
[2017.12.20-17.13.03:357][440]LogModuleManager: Shutting down and abandoning module AutomationController (406)
[2017.12.20-17.13.03:362][440]LogModuleManager: Shutting down and abandoning module AutomationWindow (404)
[2017.12.20-17.13.03:363][440]LogModuleManager: Shutting down and abandoning module Layers (402)
[2017.12.20-17.13.03:365][440]LogModuleManager: Shutting down and abandoning module ComponentVisualizers (400)
[2017.12.20-17.13.03:365][440]LogModuleManager: Shutting down and abandoning module DetailCustomizations (398)
[2017.12.20-17.13.03:366][440]LogModuleManager: Shutting down and abandoning module PackagesDialog (396)
[2017.12.20-17.13.03:366][440]LogModuleManager: Shutting down and abandoning module Persona (394)
[2017.12.20-17.13.03:367][440]LogModuleManager: Shutting down and abandoning module AdvancedPreviewScene (393)
[2017.12.20-17.13.03:367][440]LogModuleManager: Shutting down and abandoning module AnimGraph (391)
[2017.12.20-17.13.03:367][440]LogModuleManager: Shutting down and abandoning module Kismet (388)
[2017.12.20-17.13.03:374][440]LogModuleManager: Shutting down and abandoning module ClassViewer (386)
[2017.12.20-17.13.03:374][440]LogModuleManager: Shutting down and abandoning module Toolbox (384)
[2017.12.20-17.13.03:374][440]LogModuleManager: Shutting down and abandoning module ModuleUI (382)
[2017.12.20-17.13.03:375][440]LogModuleManager: Shutting down and abandoning module MovieSceneTools (380)
[2017.12.20-17.13.03:376][440]LogModuleManager: Shutting down and abandoning module OutputLog (378)
[2017.12.20-17.13.03:377][440]LogModuleManager: Shutting down and abandoning module GammaUI (376)
[2017.12.20-17.13.03:377][440]LogModuleManager: Shutting down and abandoning module Documentation (374)
[2017.12.20-17.13.03:377][440]LogModuleManager: Shutting down and abandoning module MovieSceneTracks (372)
[2017.12.20-17.13.03:377][440]LogModuleManager: Shutting down and abandoning module MovieScene (370)
[2017.12.20-17.13.03:377][440]LogModuleManager: Shutting down and abandoning module StreamingPauseRendering (368)
[2017.12.20-17.13.03:377][440]LogModuleManager: Shutting down and abandoning module LauncherPlatform (366)
[2017.12.20-17.13.03:377][440]LogModuleManager: Shutting down and abandoning module AnalyticsET (364)
[2017.12.20-17.13.03:377][440]LogModuleManager: Shutting down and abandoning module PortalServices (362)
[2017.12.20-17.13.03:377][440]LogModuleManager: Shutting down and abandoning module PortalRpc (360)
[2017.12.20-17.13.03:377][440]LogModuleManager: Shutting down and abandoning module MessagingRpc (358)
[2017.12.20-17.13.03:377][440]LogModuleManager: Shutting down and abandoning module AIModule (356)
[2017.12.20-17.13.03:377][440]LogModuleManager: Shutting down and abandoning module GameplayDebugger (355)
[2017.12.20-17.13.03:377][440]LogModuleManager: Shutting down and abandoning module AITestSuite (353)
[2017.12.20-17.13.03:378][440]LogModuleManager: Shutting down and abandoning module DesktopPlatform (350)
[2017.12.20-17.13.03:378][440]LogModuleManager: Shutting down and abandoning module ProfilerService (348)
[2017.12.20-17.13.03:385][440]LogModuleManager: Shutting down and abandoning module TaskGraph (346)
[2017.12.20-17.13.03:387][440]LogModuleManager: Shutting down and abandoning module SteamVRController (344)
[2017.12.20-17.13.03:387][440]LogModuleManager: Shutting down and abandoning module ProceduralMeshComponentEditor (342)
[2017.12.20-17.13.03:387][440]LogModuleManager: Shutting down and abandoning module ProceduralMeshComponent (340)
[2017.12.20-17.13.03:387][440]LogModuleManager: Shutting down and abandoning module OculusInput (338)
[2017.12.20-17.13.03:387][440]LogModuleManager: Shutting down and abandoning module MobilePatchingUtils (336)
[2017.12.20-17.13.03:387][440]LogModuleManager: Shutting down and abandoning module CustomMeshComponent (334)
[2017.12.20-17.13.03:387][440]LogModuleManager: Shutting down and abandoning module CableComponent (332)
[2017.12.20-17.13.03:387][440]LogModuleManager: Shutting down and abandoning module ArchVisCharacter (330)
[2017.12.20-17.13.03:387][440]LogModuleManager: Shutting down and abandoning module AndroidPermission (328)
[2017.12.20-17.13.03:387][440]LogModuleManager: Shutting down and abandoning module ActorSequence (324)
[2017.12.20-17.13.03:387][440]LogModuleManager: Shutting down and abandoning module MediaPlayerEditor (322)
[2017.12.20-17.13.03:390][440]LogModuleManager: Shutting down and abandoning module MediaCompositingEditor (320)
[2017.12.20-17.13.03:390][440]LogModuleManager: Shutting down and abandoning module MediaCompositing (318)
[2017.12.20-17.13.03:390][440]LogModuleManager: Shutting down and abandoning module HTML5Networking (316)
[2017.12.20-17.13.03:390][440]LogModuleManager: Shutting down and abandoning module AlembicImporter (314)
[2017.12.20-17.13.03:391][440]LogModuleManager: Shutting down and abandoning module AlembicLibrary (313)
[2017.12.20-17.13.03:391][440]LogModuleManager: Shutting down and abandoning module GeometryCache (312)
[2017.12.20-17.13.03:391][440]LogModuleManager: Shutting down and abandoning module GeometryCacheEd (311)
[2017.12.20-17.13.03:391][440]LogModuleManager: Shutting down and abandoning module SpeedTreeImporter (306)
[2017.12.20-17.13.03:391][440]LogModuleManager: Shutting down and abandoning module PluginBrowser (304)
[2017.12.20-17.13.03:394][440]LogModuleManager: Shutting down and abandoning module MobileLauncherProfileWizard (302)
[2017.12.20-17.13.03:395][440]LogModuleManager: Shutting down and abandoning module VisualStudioSourceCodeAccess (300)
[2017.12.20-17.13.03:395][440]LogModuleManager: Shutting down and abandoning module VisualStudioCodeSourceCodeAccess (298)
[2017.12.20-17.13.03:395][440]LogModuleManager: Shutting down and abandoning module UObjectPlugin (296)
[2017.12.20-17.13.03:395][440]LogModuleManager: Shutting down and abandoning module SubversionSourceControl (294)
[2017.12.20-17.13.03:396][440]LogModuleManager: Shutting down and abandoning module PerforceSourceControl (292)
[2017.12.20-17.13.03:397][440]LogModuleManager: Shutting down and abandoning module GitSourceControl (290)
[2017.12.20-17.13.03:398][440]LogModuleManager: Shutting down and abandoning module SourceControl (289)
[2017.12.20-17.13.03:399][440]LogModuleManager: Shutting down and abandoning module LightPropagationVolumeEditor (286)
[2017.12.20-17.13.03:399][440]LogModuleManager: Shutting down and abandoning module PaperTiledImporter (284)
[2017.12.20-17.13.03:399][440]LogModuleManager: Shutting down and abandoning module PaperSpriteSheetImporter (282)
[2017.12.20-17.13.03:399][440]LogModuleManager: Shutting down and abandoning module Paper2DEditor (280)
[2017.12.20-17.13.03:400][440]LogModuleManager: Shutting down and abandoning module MeshPaint (279)
[2017.12.20-17.13.03:401][440]LogModuleManager: Shutting down and abandoning module LevelEditor (277)
[2017.12.20-17.13.03:402][440]LogModuleManager: Shutting down and abandoning module PixelInspectorModule (276)
[2017.12.20-17.13.03:403][440]LogModuleManager: Shutting down and abandoning module MainFrame (274)
[2017.12.20-17.13.03:403][440]LogModuleManager: Shutting down and abandoning module HotReload (273)
[2017.12.20-17.13.03:403][440]LogModuleManager: Shutting down and abandoning module RuntimePhysXCooking (268)
[2017.12.20-17.13.03:403][440]LogModuleManager: Shutting down and abandoning module PhysXVehiclesEditor (266)
[2017.12.20-17.13.03:403][440]LogModuleManager: Shutting down and abandoning module PhysXVehicles (264)
[2017.12.20-17.13.03:403][440]LogModuleManager: Shutting down and abandoning module OculusEditor (262)
[2017.12.20-17.13.03:403][440]LogModuleManager: Shutting down and abandoning module LocationServicesBPLibrary (260)
[2017.12.20-17.13.03:403][440]LogModuleManager: Shutting down and abandoning module ImmediatePhysicsEditor (258)
[2017.12.20-17.13.03:403][440]LogModuleManager: Shutting down and abandoning module ImmediatePhysics (256)
[2017.12.20-17.13.03:404][440]LogModuleManager: Shutting down and abandoning module UdpMessaging (254)
[2017.12.20-17.13.03:505][440]LogModuleManager: Shutting down and abandoning module TcpMessaging (252)
[2017.12.20-17.13.03:607][440]LogModuleManager: Shutting down and abandoning module GameplayTagsEditor (250)
[2017.12.20-17.13.03:611][440]LogModuleManager: Shutting down and abandoning module FacialAnimationEditor (248)
[2017.12.20-17.13.03:611][440]LogModuleManager: Shutting down and abandoning module FacialAnimation (246)
[2017.12.20-17.13.03:611][440]LogModuleManager: Shutting down and abandoning module AssetManagerEditor (244)
[2017.12.20-17.13.03:613][440]LogModuleManager: Shutting down and abandoning module GraphEditor (243)
[2017.12.20-17.13.03:613][440]LogModuleManager: Shutting down and abandoning module ContentBrowser (241)
[2017.12.20-17.13.03:616][440]LogModuleManager: Shutting down and abandoning module LightPropagationVolumeRuntime (238)
[2017.12.20-17.13.03:616][440]LogModuleManager: Shutting down and abandoning module Paper2D (236)
[2017.12.20-17.13.03:616][440]LogModuleManager: Shutting down and abandoning module WindowsMoviePlayer (234)
[2017.12.20-17.13.03:616][440]LogModuleManager: Shutting down and abandoning module WmfMedia (232)
[2017.12.20-17.13.03:620][440]LogModuleManager: Shutting down and abandoning module ImgMedia (230)
[2017.12.20-17.13.03:620][440]LogModuleManager: Shutting down and abandoning module PacketHandler (228)
[2017.12.20-17.13.03:620][440]LogModuleManager: Shutting down and abandoning module ClothingSystemEditor (226)
[2017.12.20-17.13.03:620][440]LogModuleManager: Shutting down and abandoning module ClothingSystemRuntime (224)
[2017.12.20-17.13.03:621][440]LogModuleManager: Shutting down and abandoning module MediaAssets (222)
[2017.12.20-17.13.03:621][440]LogModuleManager: Shutting down and abandoning module Media (221)
[2017.12.20-17.13.03:626][440]LogModuleManager: Shutting down and abandoning module Overlay (218)
[2017.12.20-17.13.03:626][440]LogModuleManager: Shutting down and abandoning module OverlayEditor (217)
[2017.12.20-17.13.03:626][440]LogModuleManager: Shutting down and abandoning module VREditor (214)
[2017.12.20-17.13.03:628][440]LogModuleManager: Shutting down and abandoning module StringTableEditor (212)
[2017.12.20-17.13.03:629][440]LogModuleManager: Shutting down and abandoning module GameplayTasksEditor (210)
[2017.12.20-17.13.03:629][440]LogModuleManager: Shutting down and abandoning module BehaviorTreeEditor (208)
[2017.12.20-17.13.03:631][440]LogModuleManager: Shutting down and abandoning module FunctionalTesting (206)
[2017.12.20-17.13.03:632][440]LogModuleManager: Shutting down and abandoning module CollisionAnalyzer (204)
[2017.12.20-17.13.03:633][440]LogModuleManager: Shutting down and abandoning module WorkspaceMenuStructure (203)
[2017.12.20-17.13.03:633][440]LogModuleManager: Shutting down and abandoning module UMG (200)
[2017.12.20-17.13.03:634][440]LogModuleManager: Shutting down and abandoning module UMGEditor (199)
[2017.12.20-17.13.03:636][440]LogModuleManager: Shutting down and abandoning module Sequencer (198)
[2017.12.20-17.13.03:637][440]LogModuleManager: Shutting down and abandoning module MessageLog (195)
[2017.12.20-17.13.03:637][440]LogModuleManager: Shutting down and abandoning module SlateReflector (190)
[2017.12.20-17.13.03:640][440]LogModuleManager: Shutting down and abandoning module Slate (188)
[2017.12.20-17.13.03:640][440]LogModuleManager: Shutting down and abandoning module EditorStyle (186)
[2017.12.20-17.13.03:643][440]LogModuleManager: Shutting down and abandoning module MRMesh (184)
[2017.12.20-17.13.03:643][440]LogModuleManager: Shutting down and abandoning module SourceCodeAccess (182)
[2017.12.20-17.13.03:643][440]LogModuleManager: Shutting down and abandoning module HeadMountedDisplay (180)
[2017.12.20-17.13.03:643][440]LogModuleManager: Shutting down and abandoning module XAudio2 (178)
[2017.12.20-17.13.03:643][440]LogModuleManager: Shutting down and abandoning module Networking (176)
[2017.12.20-17.13.03:643][440]LogModuleManager: Shutting down and abandoning module Core (172)
[2017.12.20-17.13.03:643][440]LogModuleManager: Shutting down and abandoning module LevelSequence (168)
[2017.12.20-17.13.03:644][440]LogModuleManager: Shutting down and abandoning module DirectoryWatcher (166)
[2017.12.20-17.13.03:644][440]LogModuleManager: Shutting down and abandoning module KismetCompiler (164)
[2017.12.20-17.13.03:644][440]LogModuleManager: Shutting down and abandoning module MeshUtilities (162)
[2017.12.20-17.13.03:646][440]LogModuleManager: Shutting down and abandoning module MeshMergeUtilities (161)
[2017.12.20-17.13.03:648][440]LogModuleManager: Shutting down and abandoning module MeshReductionInterface (160)
[2017.12.20-17.13.03:648][440]LogModuleManager: Shutting down and abandoning module SimplygonSwarm (159)
[2017.12.20-17.13.03:648][440]LogModuleManager: Shutting down and abandoning module SimplygonMeshReduction (157)
[2017.12.20-17.13.03:648][440]LogModuleManager: Shutting down and abandoning module QuadricMeshReduction (155)
[2017.12.20-17.13.03:648][440]LogModuleManager: Shutting down and abandoning module MaterialBaking (151)
[2017.12.20-17.13.03:649][440]LogModuleManager: Shutting down and abandoning module DerivedDataCache (148)
[2017.12.20-17.13.03:658][440]LogDerivedDataCache: Shutdown
[2017.12.20-17.13.03:658][440]LogModuleManager: Shutting down and abandoning module TargetPlatform (146)
[2017.12.20-17.13.03:658][440]LogModuleManager: Shutting down and abandoning module VulkanShaderFormat (145)
[2017.12.20-17.13.03:658][440]LogModuleManager: Shutting down and abandoning module ShaderFormatVectorVM (143)
[2017.12.20-17.13.03:660][440]LogModuleManager: Shutting down and abandoning module ShaderFormatOpenGL (141)
[2017.12.20-17.13.03:661][440]LogModuleManager: Shutting down and abandoning module ShaderFormatD3D (139)
[2017.12.20-17.13.03:661][440]LogModuleManager: Shutting down and abandoning module MetalShaderFormat (137)
[2017.12.20-17.13.03:662][440]LogModuleManager: Shutting down and abandoning module TextureFormatUncompressed (135)
[2017.12.20-17.13.03:662][440]LogModuleManager: Shutting down and abandoning module TextureFormatPVR (133)
[2017.12.20-17.13.03:662][440]LogModuleManager: Shutting down and abandoning module TextureFormatDXT (131)
[2017.12.20-17.13.03:662][440]LogModuleManager: Shutting down and abandoning module TextureFormatIntelISPCTexComp (129)
[2017.12.20-17.13.03:662][440]LogModuleManager: Shutting down and abandoning module TextureFormatASTC (127)
[2017.12.20-17.13.03:662][440]LogModuleManager: Shutting down and abandoning module ImageWrapper (126)
[2017.12.20-17.13.03:662][440]LogModuleManager: Shutting down and abandoning module TextureFormatAndroid (123)
[2017.12.20-17.13.03:662][440]LogModuleManager: Shutting down and abandoning module AudioFormatOpus (121)
[2017.12.20-17.13.03:662][440]LogModuleManager: Shutting down and abandoning module AudioFormatOgg (119)
[2017.12.20-17.13.03:662][440]LogModuleManager: Shutting down and abandoning module AudioFormatADPCM (117)
[2017.12.20-17.13.03:662][440]LogModuleManager: Shutting down and abandoning module LinuxTargetPlatform (115)
[2017.12.20-17.13.03:662][440]LogModuleManager: Shutting down and abandoning module LinuxServerTargetPlatform (113)
[2017.12.20-17.13.03:662][440]LogModuleManager: Shutting down and abandoning module LinuxNoEditorTargetPlatform (111)
[2017.12.20-17.13.03:662][440]LogModuleManager: Shutting down and abandoning module LinuxClientTargetPlatform (109)
[2017.12.20-17.13.03:662][440]LogModuleManager: Shutting down and abandoning module TVOSTargetPlatform (107)
[2017.12.20-17.13.03:662][440]LogModuleManager: Shutting down and abandoning module Messaging (105)
[2017.12.20-17.13.03:662][440]LogModuleManager: Shutting down and abandoning module IOSTargetPlatform (103)
[2017.12.20-17.13.03:662][440]LogModuleManager: Shutting down and abandoning module HTML5TargetPlatform (101)
[2017.12.20-17.13.03:662][440]LogModuleManager: Shutting down and abandoning module AndroidTargetPlatform (99)
[2017.12.20-17.13.03:662][440]LogModuleManager: Shutting down and abandoning module Android_PVRTCTargetPlatform (97)
[2017.12.20-17.13.03:662][440]LogModuleManager: Shutting down and abandoning module Android_MultiTargetPlatform (95)
[2017.12.20-17.13.03:662][440]LogModuleManager: Shutting down and abandoning module Android_ETC2TargetPlatform (93)
[2017.12.20-17.13.03:662][440]LogModuleManager: Shutting down and abandoning module Android_ETC1TargetPlatform (91)
[2017.12.20-17.13.03:662][440]LogModuleManager: Shutting down and abandoning module Android_DXTTargetPlatform (89)
[2017.12.20-17.13.03:662][440]LogModuleManager: Shutting down and abandoning module Android_ATCTargetPlatform (87)
[2017.12.20-17.13.03:662][440]LogModuleManager: Shutting down and abandoning module Android_ASTCTargetPlatform (85)
[2017.12.20-17.13.03:662][440]LogModuleManager: Shutting down and abandoning module WindowsTargetPlatform (83)
[2017.12.20-17.13.03:662][440]LogModuleManager: Shutting down and abandoning module WindowsServerTargetPlatform (81)
[2017.12.20-17.13.03:663][440]LogModuleManager: Shutting down and abandoning module WindowsNoEditorTargetPlatform (79)
[2017.12.20-17.13.03:663][440]LogModuleManager: Shutting down and abandoning module WindowsClientTargetPlatform (77)
[2017.12.20-17.13.03:663][440]LogModuleManager: Shutting down and abandoning module MacTargetPlatform (75)
[2017.12.20-17.13.03:663][440]LogModuleManager: Shutting down and abandoning module MacServerTargetPlatform (73)
[2017.12.20-17.13.03:663][440]LogModuleManager: Shutting down and abandoning module MacNoEditorTargetPlatform (71)
[2017.12.20-17.13.03:663][440]LogModuleManager: Shutting down and abandoning module MacClientTargetPlatform (69)
[2017.12.20-17.13.03:663][440]LogModuleManager: Shutting down and abandoning module AllDesktopTargetPlatform (67)
[2017.12.20-17.13.03:663][440]LogModuleManager: Shutting down and abandoning module InputCore (64)
[2017.12.20-17.13.03:663][440]LogModuleManager: Shutting down and abandoning module Settings (62)
[2017.12.20-17.13.03:663][440]LogModuleManager: Shutting down and abandoning module PhysXCooking (60)
[2017.12.20-17.13.03:663][440]LogModuleManager: Shutting down and abandoning module SteamVR (58)
[2017.12.20-17.13.03:663][440]LogModuleManager: Shutting down and abandoning module OculusHMD (56)
[2017.12.20-17.13.03:663][440]LogModuleManager: Shutting down and abandoning module ExampleDeviceProfileSelector (54)
[2017.12.20-17.13.03:663][440]LogModuleManager: Shutting down and abandoning module AppleARKit (52)
[2017.12.20-17.13.03:663][440]LogModuleManager: Shutting down and abandoning module AugmentedReality (51)
[2017.12.20-17.13.03:663][440]LogModuleManager: Shutting down and abandoning module OnlineBlueprintSupport (48)
[2017.12.20-17.13.03:663][440]LogModuleManager: Shutting down and abandoning module OnlineSubsystem (44)
[2017.12.20-17.13.03:664][440]LogModuleManager: Shutting down and abandoning module XMPP (43)
[2017.12.20-17.13.03:666][440]LogModuleManager: Shutting down and abandoning module HTTP (41)
[2017.12.20-17.13.03:666][440]LogHttp: Display: Http module shutting down, but needs to wait on 1 outstanding Http requests:
[2017.12.20-17.13.03:666][440]LogHttp: Display: 	verb=[POST] url=[https://datarouter.ol.epicgames.com/datarouter/api/v1/public/data?SessionID=%7B94F39847-487E-19BF-4C6B-D4A6EE55EFA8%7D&AppID=UEEditor.Rocket.Release&AppVersion=4.18.2-3794801%2B%2B%2BUE4%2BRelease-4.18&UserID=2d479398442c4c271b583783bf6e39c3%7C0cce457baece41599efe56f7a0ed486a%7C4fc186b7-5de6-4f8b-b6a3-a4aa0259fe63&AppEnvironment=datacollector-binary&UploadType=eteventstream] status=Processing
[2017.12.20-17.13.03:700][440]LogModuleManager: Shutting down and abandoning module SSL (40)
[2017.12.20-17.13.03:703][440]LogModuleManager: Shutting down and abandoning module AnimationModifiers (36)
[2017.12.20-17.13.03:704][440]LogModuleManager: Shutting down and abandoning module PropertyEditor (35)
[2017.12.20-17.13.03:704][440]LogModuleManager: Shutting down and abandoning module AudioEditor (32)
[2017.12.20-17.13.03:705][440]LogModuleManager: Shutting down and abandoning module TextureCompressor (30)
[2017.12.20-17.13.03:706][440]LogModuleManager: Shutting down and abandoning module ShaderCore (28)
[2017.12.20-17.13.03:706][440]LogModuleManager: Shutting down and abandoning module Landscape (26)
[2017.12.20-17.13.03:706][440]LogModuleManager: Shutting down and abandoning module SlateRHIRenderer (24)
[2017.12.20-17.13.03:709][440]LogModuleManager: Shutting down and abandoning module OpenGLDrv (22)
[2017.12.20-17.13.03:711][440]LogModuleManager: Shutting down and abandoning module D3D11RHI (20)
[2017.12.20-17.13.03:711][440]LogModuleManager: Shutting down and abandoning module AnimGraphRuntime (18)
[2017.12.20-17.13.03:712][440]LogModuleManager: Shutting down and abandoning module Renderer (16)
[2017.12.20-17.13.03:712][440]LogModuleManager: Shutting down and abandoning module Engine (14)
[2017.12.20-17.13.03:712][440]LogModuleManager: Shutting down and abandoning module CoreUObject (12)
[2017.12.20-17.13.03:712][440]LogModuleManager: Shutting down and abandoning module NetworkFile (10)
[2017.12.20-17.13.03:712][440]LogModuleManager: Shutting down and abandoning module CookedIterativeFile (8)
[2017.12.20-17.13.03:712][440]LogModuleManager: Shutting down and abandoning module StreamingFile (6)
[2017.12.20-17.13.03:712][440]LogModuleManager: Shutting down and abandoning module SandboxFile (4)
[2017.12.20-17.13.03:712][440]LogModuleManager: Shutting down and abandoning module PakFile (2)
[2017.12.20-17.13.03:717][440]LogExit: Exiting.
[2017.12.20-17.13.03:739][440]Log file closed, 12/20/17 18:13:03
