Log file open, 11/28/17 10:49:32
LogWindows: Failed to load 'aqProf.dll' (GetLastError=126)
LogWindows: File 'aqProf.dll' does not exist
LogWindows: Failed to load 'VtuneApi.dll' (GetLastError=126)
LogWindows: File 'VtuneApi.dll' does not exist
LogWindows: Failed to load 'VtuneApi32e.dll' (GetLastError=126)
LogWindows: File 'VtuneApi32e.dll' does not exist
LogInit: Display: Running engine for game: SideScroller
LogPlatformFile: Not using cached read wrapper
LogInit: Display: RandInit(583215688) SRandInit(583215688).
LogInit: Read version file with build ID '3709383'
LogInit: Overriding engine version to CL 3709383, compatible CL 3709383
LogInit: Registered custom module enumerator with build ID '3709383'
LogTaskGraph: Started task graph with 5 named threads and 14 total threads with 3 sets of task threads.
LogStats: Stats thread started at 0.164335
LogD3D11RHI: Aftermath initialized
LogModuleManager: Display: Found up-to-date module file ../../../Engine/Plugins/2D/Paper2D/Binaries/Win64/UE4Editor-Paper2D.dll (API version 3709383).
LogModuleManager: Display: Found up-to-date module file ../../../Engine/Plugins/2D/Paper2D/Binaries/Win64/UE4Editor-Paper2DEditor.dll (API version 3709383).
LogModuleManager: Display: Found up-to-date module file ../../../Engine/Plugins/2D/Paper2D/Binaries/Win64/UE4Editor-PaperSpriteSheetImporter.dll (API version 3709383).
LogModuleManager: Display: Found up-to-date module file ../../../Engine/Plugins/2D/Paper2D/Binaries/Win64/UE4Editor-PaperTiledImporter.dll (API version 3709383).
LogModuleManager: Display: Found up-to-date module file ../../../Engine/Plugins/2D/Paper2D/Binaries/Win64/UE4Editor-SmartSnapping.dll (API version 3709383).
LogModuleManager: Display: Found up-to-date module file ../../../Engine/Plugins/Blendables/LightPropagationVolume/Binaries/Win64/UE4Editor-LightPropagationVolumeRuntime.dll (API version 3709383).
LogModuleManager: Display: Found up-to-date module file ../../../Engine/Plugins/Blendables/LightPropagationVolume/Binaries/Win64/UE4Editor-LightPropagationVolumeEditor.dll (API version 3709383).
LogModuleManager: Display: Found up-to-date module file ../../../Engine/Plugins/Developer/GitSourceControl/Binaries/Win64/UE4Editor-GitSourceControl.dll (API version 3709383).
LogModuleManager: Display: Found up-to-date module file ../../../Engine/Plugins/Developer/PerforceSourceControl/Binaries/Win64/UE4Editor-PerforceSourceControl.dll (API version 3709383).
LogModuleManager: Display: Found up-to-date module file ../../../Engine/Plugins/Developer/SubversionSourceControl/Binaries/Win64/UE4Editor-SubversionSourceControl.dll (API version 3709383).
LogModuleManager: Display: Found up-to-date module file ../../../Engine/Plugins/Developer/UObjectPlugin/Binaries/Win64/UE4Editor-UObjectPlugin.dll (API version 3709383).
LogModuleManager: Display: Found up-to-date module file ../../../Engine/Plugins/Developer/VisualStudioCodeSourceCodeAccess/Binaries/Win64/UE4Editor-VisualStudioCodeSourceCodeAccess.dll (API version 3709383).
LogModuleManager: Display: Found up-to-date module file ../../../Engine/Plugins/Developer/VisualStudioSourceCodeAccess/Binaries/Win64/UE4Editor-VisualStudioSourceCodeAccess.dll (API version 3709383).
LogModuleManager: Display: Found up-to-date module file ../../../Engine/Plugins/Editor/AssetManagerEditor/Binaries/Win64/UE4Editor-AssetManagerEditor.dll (API version 3709383).
LogModuleManager: Display: Found up-to-date module file ../../../Engine/Plugins/Editor/AudioCapture/Binaries/Win64/UE4Editor-AudioCapture.dll (API version 3709383).
LogModuleManager: Display: Found up-to-date module file ../../../Engine/Plugins/Editor/FacialAnimation/Binaries/Win64/UE4Editor-FacialAnimation.dll (API version 3709383).
LogModuleManager: Display: Found up-to-date module file ../../../Engine/Plugins/Editor/FacialAnimation/Binaries/Win64/UE4Editor-FacialAnimationEditor.dll (API version 3709383).
LogModuleManager: Display: Found up-to-date module file ../../../Engine/Plugins/Editor/GameplayTagsEditor/Binaries/Win64/UE4Editor-GameplayTagsEditor.dll (API version 3709383).
LogModuleManager: Display: Found up-to-date module file ../../../Engine/Plugins/Editor/MobileLauncherProfileWizard/Binaries/Win64/UE4Editor-MobileLauncherProfileWizard.dll (API version 3709383).
LogModuleManager: Display: Found up-to-date module file ../../../Engine/Plugins/Editor/PluginBrowser/Binaries/Win64/UE4Editor-PluginBrowser.dll (API version 3709383).
LogModuleManager: Display: Found up-to-date module file ../../../Engine/Plugins/Editor/SpeedTreeImporter/Binaries/Win64/UE4Editor-SpeedTreeImporter.dll (API version 3709383).
LogModuleManager: Display: Found up-to-date module file ../../../Engine/Plugins/Experimental/AlembicImporter/Binaries/Win64/UE4Editor-AlembicImporter.dll (API version 3709383).
LogModuleManager: Display: Found up-to-date module file ../../../Engine/Plugins/Experimental/AlembicImporter/Binaries/Win64/UE4Editor-AlembicLibrary.dll (API version 3709383).
LogModuleManager: Display: Found up-to-date module file ../../../Engine/Plugins/Experimental/CharacterAI/Binaries/Win64/UE4Editor-CharacterAI.dll (API version 3709383).
LogModuleManager: Display: Found up-to-date module file ../../../Engine/Plugins/Experimental/HTML5Networking/Binaries/Win64/UE4Editor-HTML5Networking.dll (API version 3709383).
LogModuleManager: Display: Found up-to-date module file ../../../Engine/Plugins/Media/AndroidMedia/Binaries/Win64/UE4Editor-AndroidMediaEditor.dll (API version 3709383).
LogModuleManager: Display: Found up-to-date module file ../../../Engine/Plugins/Media/AndroidMedia/Binaries/Win64/UE4Editor-AndroidMediaFactory.dll (API version 3709383).
LogModuleManager: Display: Found up-to-date module file ../../../Engine/Plugins/Media/AvfMedia/Binaries/Win64/UE4Editor-AvfMediaEditor.dll (API version 3709383).
LogModuleManager: Display: Found up-to-date module file ../../../Engine/Plugins/Media/AvfMedia/Binaries/Win64/UE4Editor-AvfMediaFactory.dll (API version 3709383).
LogModuleManager: Display: Found up-to-date module file ../../../Engine/Plugins/Media/AvfMedia/Binaries/Win64/UE4Editor-AvfMediaFactory.dll (API version 3709383).
LogModuleManager: Display: Found up-to-date module file ../../../Engine/Plugins/Media/ImgMedia/Binaries/Win64/UE4Editor-ImgMedia.dll (API version 3709383).
LogModuleManager: Display: Found up-to-date module file ../../../Engine/Plugins/Media/ImgMedia/Binaries/Win64/UE4Editor-ImgMediaEditor.dll (API version 3709383).
LogModuleManager: Display: Found up-to-date module file ../../../Engine/Plugins/Media/ImgMedia/Binaries/Win64/UE4Editor-ImgMediaFactory.dll (API version 3709383).
LogModuleManager: Display: Found up-to-date module file ../../../Engine/Plugins/Media/ImgMedia/Binaries/Win64/UE4Editor-ImgMediaFactory.dll (API version 3709383).
LogModuleManager: Display: Found up-to-date module file ../../../Engine/Plugins/Media/ImgMedia/Binaries/Win64/UE4Editor-OpenExrWrapper.dll (API version 3709383).
LogModuleManager: Display: Found up-to-date module file ../../../Engine/Plugins/Media/MediaCompositing/Binaries/Win64/UE4Editor-MediaCompositing.dll (API version 3709383).
LogModuleManager: Display: Found up-to-date module file ../../../Engine/Plugins/Media/MediaCompositing/Binaries/Win64/UE4Editor-MediaCompositingEditor.dll (API version 3709383).
LogModuleManager: Display: Found up-to-date module file ../../../Engine/Plugins/Media/MediaPlayerEditor/Binaries/Win64/UE4Editor-MediaPlayerEditor.dll (API version 3709383).
LogModuleManager: Display: Found up-to-date module file ../../../Engine/Plugins/Media/WmfMedia/Binaries/Win64/UE4Editor-WmfMedia.dll (API version 3709383).
LogModuleManager: Display: Found up-to-date module file ../../../Engine/Plugins/Media/WmfMedia/Binaries/Win64/UE4Editor-WmfMediaEditor.dll (API version 3709383).
LogModuleManager: Display: Found up-to-date module file ../../../Engine/Plugins/Media/WmfMedia/Binaries/Win64/UE4Editor-WmfMediaFactory.dll (API version 3709383).
LogModuleManager: Display: Found up-to-date module file ../../../Engine/Plugins/Media/WmfMedia/Binaries/Win64/UE4Editor-WmfMediaFactory.dll (API version 3709383).
LogModuleManager: Display: Found up-to-date module file ../../../Engine/Plugins/Messaging/TcpMessaging/Binaries/Win64/UE4Editor-TcpMessaging.dll (API version 3709383).
LogModuleManager: Display: Found up-to-date module file ../../../Engine/Plugins/Messaging/UdpMessaging/Binaries/Win64/UE4Editor-UdpMessaging.dll (API version 3709383).
LogModuleManager: Display: Found up-to-date module file ../../../Engine/Plugins/MovieScene/ActorSequence/Binaries/Win64/UE4Editor-ActorSequence.dll (API version 3709383).
LogModuleManager: Display: Found up-to-date module file ../../../Engine/Plugins/MovieScene/LevelSequenceEditor/Binaries/Win64/UE4Editor-LevelSequenceEditor.dll (API version 3709383).
LogModuleManager: Display: Found up-to-date module file ../../../Engine/Plugins/MovieScene/MatineeToLevelSequence/Binaries/Win64/UE4Editor-MatineeToLevelSequence.dll (API version 3709383).
LogModuleManager: Display: Found up-to-date module file ../../../Engine/Plugins/Online/OnlineSubsystem/Binaries/Win64/UE4Editor-OnlineSubsystem.dll (API version 3709383).
LogModuleManager: Display: Found up-to-date module file ../../../Engine/Plugins/Runtime/AndroidPermission/Binaries/Win64/UE4Editor-AndroidPermission.dll (API version 3709383).
LogModuleManager: Display: Found up-to-date module file ../../../Engine/Plugins/Online/OnlineSubsystemNull/Binaries/Win64/UE4Editor-OnlineSubsystemNull.dll (API version 3709383).
LogModuleManager: Display: Found up-to-date module file ../../../Engine/Plugins/Online/OnlineSubsystemUtils/Binaries/Win64/UE4Editor-OnlineSubsystemUtils.dll (API version 3709383).
LogModuleManager: Display: Found up-to-date module file ../../../Engine/Plugins/Online/OnlineSubsystemUtils/Binaries/Win64/UE4Editor-OnlineBlueprintSupport.dll (API version 3709383).
LogModuleManager: Display: Found up-to-date module file ../../../Engine/Plugins/Runtime/AndroidDeviceProfileSelector/Binaries/Win64/UE4Editor-AndroidDeviceProfileSelector.dll (API version 3709383).
LogModuleManager: Display: Found up-to-date module file ../../../Engine/Plugins/Runtime/AppleARKit/Binaries/Win64/UE4Editor-AppleARKit.dll (API version 3709383).
LogModuleManager: Display: Found up-to-date module file ../../../Engine/Plugins/Runtime/ArchVisCharacter/Binaries/Win64/UE4Editor-ArchVisCharacter.dll (API version 3709383).
LogModuleManager: Display: Found up-to-date module file ../../../Engine/Plugins/Runtime/CableComponent/Binaries/Win64/UE4Editor-CableComponent.dll (API version 3709383).
LogModuleManager: Display: Found up-to-date module file ../../../Engine/Plugins/Runtime/CustomMeshComponent/Binaries/Win64/UE4Editor-CustomMeshComponent.dll (API version 3709383).
LogModuleManager: Display: Found up-to-date module file ../../../Engine/Plugins/Runtime/ExampleDeviceProfileSelector/Binaries/Win64/UE4Editor-ExampleDeviceProfileSelector.dll (API version 3709383).
LogModuleManager: Display: Found up-to-date module file ../../../Engine/Plugins/Runtime/ImmediatePhysics/Binaries/Win64/UE4Editor-ImmediatePhysics.dll (API version 3709383).
LogModuleManager: Display: Found up-to-date module file ../../../Engine/Plugins/Runtime/ImmediatePhysics/Binaries/Win64/UE4Editor-ImmediatePhysicsEditor.dll (API version 3709383).
LogModuleManager: Display: Found up-to-date module file ../../../Engine/Plugins/Runtime/LocationServicesBPLibrary/Binaries/Win64/UE4Editor-LocationServicesBPLibrary.dll (API version 3709383).
LogModuleManager: Display: Found up-to-date module file ../../../Engine/Plugins/Runtime/MobilePatchingUtils/Binaries/Win64/UE4Editor-MobilePatchingUtils.dll (API version 3709383).
LogModuleManager: Display: Found up-to-date module file ../../../Engine/Plugins/Runtime/Oculus/OculusVR/Binaries/Win64/UE4Editor-OculusHMD.dll (API version 3709383).
LogModuleManager: Display: Found up-to-date module file ../../../Engine/Plugins/Runtime/Oculus/OculusVR/Binaries/Win64/UE4Editor-OculusInput.dll (API version 3709383).
LogModuleManager: Display: Found up-to-date module file ../../../Engine/Plugins/Runtime/Oculus/OculusVR/Binaries/Win64/UE4Editor-OculusEditor.dll (API version 3709383).
LogModuleManager: Display: Found up-to-date module file ../../../Engine/Plugins/Runtime/PhysXVehicles/Binaries/Win64/UE4Editor-PhysXVehicles.dll (API version 3709383).
LogModuleManager: Display: Found up-to-date module file ../../../Engine/Plugins/Runtime/PhysXVehicles/Binaries/Win64/UE4Editor-PhysXVehiclesEditor.dll (API version 3709383).
LogModuleManager: Display: Found up-to-date module file ../../../Engine/Plugins/Runtime/ProceduralMeshComponent/Binaries/Win64/UE4Editor-ProceduralMeshComponent.dll (API version 3709383).
LogModuleManager: Display: Found up-to-date module file ../../../Engine/Plugins/Runtime/ProceduralMeshComponent/Binaries/Win64/UE4Editor-ProceduralMeshComponentEditor.dll (API version 3709383).
LogModuleManager: Display: Found up-to-date module file ../../../Engine/Plugins/Runtime/RuntimePhysXCooking/Binaries/Win64/UE4Editor-RuntimePhysXCooking.dll (API version 3709383).
LogModuleManager: Display: Found up-to-date module file ../../../Engine/Plugins/Runtime/Steam/SteamVR/Binaries/Win64/UE4Editor-SteamVR.dll (API version 3709383).
LogModuleManager: Display: Found up-to-date module file ../../../Engine/Plugins/Runtime/Steam/SteamVR/Binaries/Win64/UE4Editor-SteamVRController.dll (API version 3709383).
LogModuleManager: Display: Found up-to-date module file ../../../Engine/Plugins/Runtime/WindowsMoviePlayer/Binaries/Win64/UE4Editor-WindowsMoviePlayer.dll (API version 3709383).
LogPluginManager: Mounting plugin Paper2D
LogPluginManager: Mounting plugin LightPropagationVolume
LogPluginManager: Mounting plugin CodeLiteSourceCodeAccess
LogPluginManager: Mounting plugin GitSourceControl
LogPluginManager: Mounting plugin KDevelopSourceCodeAccess
LogPluginManager: Mounting plugin NullSourceCodeAccess
LogPluginManager: Mounting plugin PerforceSourceControl
LogPluginManager: Mounting plugin SubversionSourceControl
LogPluginManager: Mounting plugin UObjectPlugin
LogPluginManager: Mounting plugin VisualStudioCodeSourceCodeAccess
LogPluginManager: Mounting plugin VisualStudioSourceCodeAccess
LogPluginManager: Mounting plugin XCodeSourceCodeAccess
LogPluginManager: Mounting plugin AssetManagerEditor
LogPluginManager: Mounting plugin AudioCapture
LogPluginManager: Mounting plugin FacialAnimation
LogPluginManager: Mounting plugin GameplayTagsEditor
LogPluginManager: Mounting plugin MobileLauncherProfileWizard
LogPluginManager: Mounting plugin PluginBrowser
LogPluginManager: Mounting plugin SpeedTreeImporter
LogPluginManager: Mounting plugin AlembicImporter
LogPluginManager: Mounting plugin CharacterAI
LogPluginManager: Mounting plugin HTML5Networking
LogPluginManager: Mounting plugin AndroidMedia
LogPluginManager: Mounting plugin AvfMedia
LogPluginManager: Mounting plugin ImgMedia
LogPluginManager: Mounting plugin MediaCompositing
LogPluginManager: Mounting plugin MediaPlayerEditor
LogPluginManager: Mounting plugin WmfMedia
LogPluginManager: Mounting plugin TcpMessaging
LogPluginManager: Mounting plugin UdpMessaging
LogPluginManager: Mounting plugin ActorSequence
LogPluginManager: Mounting plugin LevelSequenceEditor
LogPluginManager: Mounting plugin MatineeToLevelSequence
LogPluginManager: Mounting plugin OnlineSubsystemGooglePlay
LogPluginManager: Mounting plugin OnlineSubsystemIOS
LogPluginManager: Mounting plugin OnlineSubsystem
LogPluginManager: Mounting plugin OnlineSubsystemNull
LogPluginManager: Mounting plugin OnlineSubsystemUtils
LogPluginManager: Mounting plugin AndroidDeviceProfileSelector
LogPluginManager: Mounting plugin AndroidMoviePlayer
LogPluginManager: Mounting plugin AndroidPermission
LogPluginManager: Mounting plugin AppleARKit
LogPluginManager: Mounting plugin AppleMoviePlayer
LogPluginManager: Mounting plugin ArchVisCharacter
LogPluginManager: Mounting plugin CableComponent
LogPluginManager: Mounting plugin CustomMeshComponent
LogPluginManager: Mounting plugin ExampleDeviceProfileSelector
LogPluginManager: Mounting plugin GoogleCloudMessaging
LogPluginManager: Mounting plugin ImmediatePhysics
LogPluginManager: Mounting plugin IOSDeviceProfileSelector
LogPluginManager: Mounting plugin LinuxDeviceProfileSelector
LogPluginManager: Mounting plugin LocationServicesBPLibrary
LogPluginManager: Mounting plugin MobilePatchingUtils
LogPluginManager: Mounting plugin OculusVR
LogPluginManager: Plugin shader directory ../../../Engine/Plugins/Runtime/Oculus/OculusVR/Shaders found
LogPluginManager: Mapping shader source directory ../../../Engine/Plugins/Runtime/Oculus/OculusVR/Shaders to virtual directory /Plugin/OculusVR
LogPluginManager: Mounting plugin PhysXVehicles
LogPluginManager: Mounting plugin ProceduralMeshComponent
LogPluginManager: Mounting plugin RuntimePhysXCooking
LogPluginManager: Mounting plugin SteamVR
LogPluginManager: Mounting plugin WindowsMoviePlayer
LogInit: Using libcurl 7.47.1
LogInit:  - built for x86_64-pc-win32
LogInit:  - supports SSL with OpenSSL/1.0.2g
LogInit:  - supports HTTP deflate (compression) using libz 1.2.8
LogInit:  - other features:
LogInit:      CURL_VERSION_SSL
LogInit:      CURL_VERSION_LIBZ
LogInit:      CURL_VERSION_IPV6
LogInit:      CURL_VERSION_ASYNCHDNS
LogInit:      CURL_VERSION_LARGEFILE
LogInit:      CURL_VERSION_IDN
LogInit:  CurlRequestOptions (configurable via config and command line):
LogInit:  - bVerifyPeer = false  - Libcurl will NOT verify peer certificate
LogInit:  - bUseHttpProxy = false  - Libcurl will NOT use HTTP proxy
LogInit:  - bDontReuseConnections = false  - Libcurl will reuse connections
LogInit:  - CertBundlePath = nullptr  - Libcurl will use whatever was configured at build time.
LogInit: Build: ++UE4+Release-4.18-CL-3709383
LogInit: Engine Version: 4.18.0-3709383+++UE4+Release-4.18
LogInit: Compatible Engine Version: 4.18.0-3709383+++UE4+Release-4.18
LogInit: Net CL: 3709383
LogDevObjectVersion: Number of dev versions registered: 16
LogDevObjectVersion:   Dev-Blueprints (B0D832E4-1F89-4F0D-ACCF-7EB736FD4AA2): 10
LogDevObjectVersion:   Dev-Build (E1C64328-A22C-4D53-A36C-8E866417BD8C): 0
LogDevObjectVersion:   Dev-Core (375EC13C-06E4-48FB-B500-84F0262A717E): 2
LogDevObjectVersion:   Dev-Editor (E4B068ED-F494-42E9-A231-DA0B2E46BB41): 20
LogDevObjectVersion:   Dev-Framework (CFFC743F-43B0-4480-9391-14DF171D2073): 30
LogDevObjectVersion:   Dev-Mobile (B02B49B5-BB20-44E9-A304-32B752E40360): 0
LogDevObjectVersion:   Dev-Networking (A4E4105C-59A1-49B5-A7C5-40C4547EDFEE): 0
LogDevObjectVersion:   Dev-Online (39C831C9-5AE6-47DC-9A44-9C173E1C8E7C): 0
LogDevObjectVersion:   Dev-Physics (78F01B33-EBEA-4F98-B9B4-84EACCB95AA2): 0
LogDevObjectVersion:   Dev-Platform (6631380F-2D4D-43E0-8009-CF276956A95A): 0
LogDevObjectVersion:   Dev-Rendering (12F88B9F-8875-4AFC-A67C-D90C383ABD29): 20
LogDevObjectVersion:   Dev-Sequencer (7B5AE74C-D270-4C10-A958-57980B212A5A): 4
LogDevObjectVersion:   Dev-VR (D7296918-1DD6-4BDD-9DE2-64A83CC13884): 0
LogDevObjectVersion:   Dev-LoadTimes (C2A15278-BFE7-4AFE-6C17-90FF531DF755): 1
LogDevObjectVersion:   Private-Geometry (6EACA3D4-40EC-4CC1-B786-8BED09428FC5): 1
LogDevObjectVersion:   Dev-AnimPhys (29E575DD-E0A3-4627-9D10-D276232CDCEA): 12
LogInit: Compiled (64-bit): Oct 20 2017 10:39:19
LogInit: Compiled with Visual C++: 19.00.24215.01
LogInit: Build Configuration: Development
LogInit: Branch Name: ++UE4+Release-4.18
LogInit: Command line:  
LogInit: Base directory: C:/Program Files/Epic Games/UE_4.18/Engine/Binaries/Win64/
LogInit: Installed Engine Build: 1
LogInit: Presizing for max 8388607 objects, including 0 objects not considered by GC, pre-allocating 0 bytes for permanent pool.
LogInit: Object subsystem initialized
[2017.11.28-09.49.34:696][  0]LogInit: Selected Device Profile: [Windows]
[2017.11.28-09.49.34:696][  0]LogInit: Applying CVar settings loaded from the selected device profile: [Windows]
[2017.11.28-09.49.34:740][  0]LogInit: Computer: ASUS-23
[2017.11.28-09.49.34:740][  0]LogInit: User: Victor
[2017.11.28-09.49.34:740][  0]LogInit: CPU Page size=4096, Cores=4
[2017.11.28-09.49.34:740][  0]LogInit: High frequency timer resolution =2.742186 MHz
[2017.11.28-09.49.34:741][  0]LogMemory: Memory total: Physical=7.9GB (8GB approx)
[2017.11.28-09.49.34:741][  0]LogMemory: Platform Memory Stats for Windows
[2017.11.28-09.49.34:741][  0]LogMemory: Process Physical Memory: 273.82 MB used, 273.82 MB peak
[2017.11.28-09.49.34:741][  0]LogMemory: Process Virtual Memory: 269.87 MB used, 269.87 MB peak
[2017.11.28-09.49.34:741][  0]LogMemory: Physical Memory: 3387.07 MB used,  4686.00 MB free, 8073.08 MB total
[2017.11.28-09.49.34:741][  0]LogMemory: Virtual Memory: 682.15 MB used,  4686.00 MB free, 134217728.00 MB total
[2017.11.28-09.49.35:811][  0]LogInit: Using OS detected language (en-US).
[2017.11.28-09.49.35:811][  0]LogInit: Using OS detected locale (en-US).
[2017.11.28-09.49.35:875][  0]LogTextLocalizationManager: No specific localization for 'en-US' exists, so the 'en' localization will be used.
[2017.11.28-09.49.36:336][  0]LogInit: Setting process to per monitor DPI aware
[2017.11.28-09.49.38:755][  0]LogD3D11RHI: D3D11 adapters:
[2017.11.28-09.49.39:078][  0]LogD3D11RHI:    0. 'NVIDIA GeForce GTX 1050' (Feature Level 11_0)
[2017.11.28-09.49.39:078][  0]LogD3D11RHI:       4031/0/4036 MB DedicatedVideo/DedicatedSystem/SharedSystem, Outputs:1, VendorId:0x10de
[2017.11.28-09.49.39:086][  0]LogD3D11RHI:    1. 'Intel(R) HD Graphics 630' (Feature Level 11_0)
[2017.11.28-09.49.39:086][  0]LogD3D11RHI:       128/0/4036 MB DedicatedVideo/DedicatedSystem/SharedSystem, Outputs:0, VendorId:0x8086
[2017.11.28-09.49.39:090][  0]LogD3D11RHI:    2. 'Microsoft Basic Render Driver' (Feature Level 11_0)
[2017.11.28-09.49.39:090][  0]LogD3D11RHI:       0/0/4036 MB DedicatedVideo/DedicatedSystem/SharedSystem, Outputs:0, VendorId:0x1414
[2017.11.28-09.49.39:090][  0]LogD3D11RHI: Chosen D3D11 Adapter: 0
[2017.11.28-09.49.39:095][  0]LogD3D11RHI: Creating new Direct3DDevice
[2017.11.28-09.49.39:095][  0]LogD3D11RHI:     GPU DeviceId: 0x1c8d (for the marketing name, search the web for "GPU Device Id")
[2017.11.28-09.49.39:095][  0]LogWindows: EnumDisplayDevices:
[2017.11.28-09.49.39:095][  0]LogWindows:    0. 'Intel(R) HD Graphics 630' (P:1 D:1)
[2017.11.28-09.49.39:096][  0]LogWindows:    1. 'Intel(R) HD Graphics 630' (P:0 D:0)
[2017.11.28-09.49.39:096][  0]LogWindows:    2. 'Intel(R) HD Graphics 630' (P:0 D:0)
[2017.11.28-09.49.39:096][  0]LogWindows: DebugString: GetVideoDriverDetailsInvalid PrimaryIsNotTheChoosenAdapter GetVideoDriverDetailsInvalid PrimaryIsNotTheChoosenAdapter GetVideoDriverDetailsInvalid PrimaryIsNotTheChoosenAdapter FoundDriverCount:0 
[2017.11.28-09.49.39:096][  0]LogD3D11RHI:     Adapter Name: NVIDIA GeForce GTX 1050
[2017.11.28-09.49.39:096][  0]LogD3D11RHI:   Driver Version: Unknown (internal:Unknown, unified:Unknown)
[2017.11.28-09.49.39:096][  0]LogD3D11RHI:      Driver Date: Unknown
[2017.11.28-09.49.39:096][  0]LogRHI: Texture pool is 2821 MB (70% of 4031 MB)
[2017.11.28-09.49.39:125][  0]LogD3D11RHI: Async texture creation enabled
[2017.11.28-09.49.39:232][  0]LogD3D11RHI: GPU Timing Frequency: 1000.000000 (Debug: 2 1)
[2017.11.28-09.49.39:244][  0]LogShaderCompilers: Guid format shader working directory is -20 characters bigger than the processId version (../../../../../../Users/Alumno/Downloads/CasinoRoyale/SideScroller/Intermediate/Shaders/WorkingDirectory/10648/).
[2017.11.28-09.49.39:244][  0]LogShaderCompilers: Cleaned the shader compiler working directory 'C:/Users/Alumno/AppData/Local/Temp/UnrealShaderWorkingDir/F00E187A4FA6D87E10B2A1AED8C856C7/'.
[2017.11.28-09.49.39:245][  0]LogShaderCompilers: Display: Using Local Shader Compiler.
[2017.11.28-09.49.41:381][  0]LogTemp: Display: Loaded TP AllDesktopTargetPlatform
[2017.11.28-09.49.41:427][  0]LogTemp: Display: Loaded TP MacClientTargetPlatform
[2017.11.28-09.49.41:472][  0]LogTemp: Display: Loaded TP MacNoEditorTargetPlatform
[2017.11.28-09.49.41:517][  0]LogTemp: Display: Loaded TP MacServerTargetPlatform
[2017.11.28-09.49.41:565][  0]LogTemp: Display: Loaded TP MacTargetPlatform
[2017.11.28-09.49.41:610][  0]LogTemp: Display: Loaded TP WindowsClientTargetPlatform
[2017.11.28-09.49.41:656][  0]LogTemp: Display: Loaded TP WindowsNoEditorTargetPlatform
[2017.11.28-09.49.41:701][  0]LogTemp: Display: Loaded TP WindowsServerTargetPlatform
[2017.11.28-09.49.41:740][  0]LogTemp: Display: Loaded TP WindowsTargetPlatform
[2017.11.28-09.49.41:786][  0]LogTemp: Display: Loaded TP Android_ASTCTargetPlatform
[2017.11.28-09.49.41:839][  0]LogTemp: Display: Loaded TP Android_ATCTargetPlatform
[2017.11.28-09.49.41:886][  0]LogTemp: Display: Loaded TP Android_DXTTargetPlatform
[2017.11.28-09.49.41:929][  0]LogTemp: Display: Loaded TP Android_ETC1TargetPlatform
[2017.11.28-09.49.41:974][  0]LogTemp: Display: Loaded TP Android_ETC2TargetPlatform
[2017.11.28-09.49.42:065][  0]LogTemp: Display: Loaded TP Android_MultiTargetPlatform
[2017.11.28-09.49.42:065][  0]LogTemp: Display: Loaded TP Android_PVRTCTargetPlatform
[2017.11.28-09.49.42:113][  0]LogTemp: Display: Loaded TP AndroidTargetPlatform
[2017.11.28-09.49.42:148][  0]LogTemp: Display: Loaded TP HTML5TargetPlatform
[2017.11.28-09.49.42:239][  0]LogTemp: Display: Loaded TP IOSTargetPlatform
[2017.11.28-09.49.42:289][  0]LogTemp: Display: Loaded TP TVOSTargetPlatform
[2017.11.28-09.49.42:334][  0]LogTemp: Display: Loaded TP LinuxClientTargetPlatform
[2017.11.28-09.49.42:377][  0]LogTemp: Display: Loaded TP LinuxNoEditorTargetPlatform
[2017.11.28-09.49.42:424][  0]LogTemp: Display: Loaded TP LinuxServerTargetPlatform
[2017.11.28-09.49.42:472][  0]LogTemp: Display: Loaded TP LinuxTargetPlatform
[2017.11.28-09.49.42:472][  0]LogTargetPlatformManager: Display: Building Assets For Windows
[2017.11.28-09.49.42:978][  0]LogDerivedDataCache: Display: Max Cache Size: 512 MB
[2017.11.28-09.49.43:283][  0]LogDerivedDataCache: Loaded boot cache 0.30s 79MB C:/Users/Alumno/AppData/Local/UnrealEngine/4.18/DerivedDataCache/Boot.ddc.
[2017.11.28-09.49.43:284][  0]LogDerivedDataCache: Display: Loaded Boot cache: C:/Users/Alumno/AppData/Local/UnrealEngine/4.18/DerivedDataCache/Boot.ddc
[2017.11.28-09.49.43:284][  0]LogDerivedDataCache: FDerivedDataBackendGraph:  Pak pak cache file ../../../../../../Users/Alumno/Downloads/CasinoRoyale/SideScroller/DerivedDataCache/DDC.ddp not found, will not use a pak cache.
[2017.11.28-09.49.43:284][  0]LogDerivedDataCache: Unable to find inner node Pak for hierarchical cache Hierarchy.
[2017.11.28-09.49.43:284][  0]LogDerivedDataCache: FDerivedDataBackendGraph:  CompressedPak pak cache file ../../../../../../Users/Alumno/Downloads/CasinoRoyale/SideScroller/DerivedDataCache/Compressed.ddp not found, will not use a pak cache.
[2017.11.28-09.49.43:284][  0]LogDerivedDataCache: Unable to find inner node CompressedPak for hierarchical cache Hierarchy.
[2017.11.28-09.49.43:310][  0]LogDerivedDataCache: Display: Pak cache opened for reading ../../../Engine/DerivedDataCache/Compressed.ddp.
[2017.11.28-09.49.43:322][  0]LogDerivedDataCache: Using Local data cache path C:/Users/Alumno/AppData/Local/UnrealEngine/Common/DerivedDataCache: Writable
[2017.11.28-09.49.43:339][  0]LogMaterial: Verifying Global Shaders for PCD3D_SM5
[2017.11.28-09.49.43:348][  0]LogSlate: Using Freetype 2.6.0
[2017.11.28-09.49.43:367][  0]LogSlate: SlateFontCache - WITH_FREETYPE: 1, WITH_HARFBUZZ: 1
[2017.11.28-09.49.43:367][  0]LogSlate: SlateFontCache - WITH_FREETYPE: 1, WITH_HARFBUZZ: 1
[2017.11.28-09.49.44:351][  0]LogInit: Selected Device Profile: [Windows]
[2017.11.28-09.49.44:910][  0]LogSimplygon: Simplygon DLL not present - disabling.
[2017.11.28-09.49.44:951][  0]LogMeshReduction: Using SimplygonSwarm for distributed automatic mesh merging
[2017.11.28-09.49.44:951][  0]LogMeshReduction: Using QuadricMeshReduction for automatic static mesh reduction
[2017.11.28-09.49.44:951][  0]LogMeshReduction: No automatic skeletal mesh reduction module available
[2017.11.28-09.49.44:951][  0]LogMeshReduction: No automatic mesh merging module available
[2017.11.28-09.49.44:951][  0]LogMeshMerging: No automatic mesh merging module available
[2017.11.28-09.49.45:028][  0]LogNetVersion: SideScroller , NetCL: 3709383, EngineNetVer: 2, GameNetVer: 0 (Checksum: 123061163)
[2017.11.28-09.49.45:515][  0]LogAssetRegistry: FAssetRegistry took 0.0290 seconds to start up
[2017.11.28-09.49.46:742][  0]LogPackageLocalizationCache: Processed 7 localized package path(s) for 2 prioritized culture(s) in 0.075286 seconds
[2017.11.28-09.49.46:748][  0]LogUObjectArray: 35900 objects as part of root set at end of initial load.
[2017.11.28-09.49.46:748][  0]LogUObjectAllocator: 7372024 out of 0 bytes used by permanent object pool.
[2017.11.28-09.49.46:748][  0]LogUObjectArray: CloseDisregardForGC: 0/0 objects in disregard for GC pool
[2017.11.28-09.49.46:799][  0]LogInit: WinSock: version 1.1 (2.2), MaxSocks=32767, MaxUdp=65467
[2017.11.28-09.49.52:598][  0]LogTcpMessaging: Initializing TcpMessaging bridge
[2017.11.28-09.49.52:636][  0]LogUdpMessaging: Initializing bridge on interface 0.0.0.0:0 to multicast group 230.0.0.1:6666.
[2017.11.28-09.49.53:388][  0]LogMaterial: Uniform references updated for custom material expression Custom.
[2017.11.28-09.49.53:887][  0]SourceControl: Source control is disabled
[2017.11.28-09.49.53:887][  0]SourceControl: Source control is disabled
[2017.11.28-09.49.53:941][  0]SourceControl: Source control is disabled
[2017.11.28-09.49.53:992][  0]SourceControl: Source control is disabled
[2017.11.28-09.49.54:731][  0]LogAndroidPermission: UAndroidPermissionCallbackProxy::GetInstance
[2017.11.28-09.49.54:947][  0]LogOcInput: OculusInput pre-init called
[2017.11.28-09.49.55:260][  0]LogEngine: Initializing Engine...
[2017.11.28-09.49.55:267][  0]LogHMD: Failed to initialize OpenVR with code 110
[2017.11.28-09.49.55:655][  0]LogStats: UGameplayTagsManager::ConstructGameplayTagTree: Construct from data asset -  0.000 s
[2017.11.28-09.49.55:655][  0]LogStats: UGameplayTagsManager::ConstructGameplayTagTree: GameplayTagTreeChangedEvent.Broadcast -  0.000 s
[2017.11.28-09.49.55:797][  0]LogAIModule: Creating AISystem for world Untitled
[2017.11.28-09.49.55:816][  0]LogInit: XAudio2 using 'Speakers (Realtek High Definition Audio)' : 2 channels at 48 kHz using 32 bits per sample (channel mask 0x3)
[2017.11.28-09.49.55:854][  0]LogInit: FAudioDevice initialized.
[2017.11.28-09.49.55:933][  0]LogDerivedDataCache: Saved boot cache 0.08s 78MB C:/Users/Alumno/AppData/Local/UnrealEngine/4.18/DerivedDataCache/Boot.ddc.
[2017.11.28-09.49.55:947][  0]LogInit: Texture streaming: Enabled
[2017.11.28-09.49.56:042][  0]LogEngineSessionManager: EngineSessionManager initialized
[2017.11.28-09.49.56:184][  0]LogInit: Transaction tracking system initialized
[2017.11.28-09.49.56:549][  0]BlueprintLog: New page: Editor Load
[2017.11.28-09.49.57:500][  0]LocalizationService: Localization service is disabled
[2017.11.28-09.49.58:425][  0]LogConsoleResponse: Display: 
[2017.11.28-09.49.59:051][  0]LogCook: Display: Max memory allowance for cook 16384mb min free memory 0mb
[2017.11.28-09.49.59:051][  0]LogCook: Display: Mobile HDR setting 1
[2017.11.28-09.49.59:051][  0]LogGameplayTags: Display: UGameplayTagsManager::DoneAddingNativeTags. DelegateIsBound: 0
[2017.11.28-09.49.59:286][  0]LogFileCache: Scanning file cache for directory 'C:/Users/Alumno/Downloads/CasinoRoyale/SideScroller/Content/' took 0.02s
[2017.11.28-09.50.00:274][  0]SourceControl: Source control is disabled
[2017.11.28-09.50.00:277][  0]Cmd: MAP LOAD FILE="../../../../../../Users/Alumno/Downloads/CasinoRoyale/SideScroller/Content/SideScrollerBP/Maps/SideScrollerExampleMap.umap" TEMPLATE=0 SHOWPROGRESS=1 FEATURELEVEL=3
[2017.11.28-09.50.00:279][  0]LightingResults: New page: Lighting Build
[2017.11.28-09.50.00:323][  0]MapCheck: New page: Map Check
[2017.11.28-09.50.00:324][  0]LightingResults: New page: Lighting Build
[2017.11.28-09.50.00:996][  0]LogAIModule: Creating AISystem for world SideScrollerExampleMap
[2017.11.28-09.50.01:031][  0]LogEditorServer: Finished looking for orphan Actors (0.000 secs)
[2017.11.28-09.50.01:045][  0]Cmd: MAP CHECKDEP NOCLEARLOG
[2017.11.28-09.50.01:095][  0]MapCheck: Map check complete: 0 Error(s), 0 Warning(s), took 49.864ms to complete.
[2017.11.28-09.50.01:095][  0]LogFileHelpers: Loading map 'SideScrollerExampleMap' took 0.819
[2017.11.28-09.50.02:575][  0]LogSlate: Only BGRA pngs, bmps or icos are supported in by External Image Picker
[2017.11.28-09.50.02:712][  0]LogTemp: Executing iPhonePackager certificates Engine -bundlename com.YourCompany.SideScroller
[2017.11.28-09.50.02:712][  0]LogTemp: CWD: C:\Program Files\Epic Games\UE_4.18\Engine\Binaries\DotNET\IOS
[2017.11.28-09.50.02:712][  0]LogTemp: Initial Dir: C:\Program Files\Epic Games\UE_4.18
[2017.11.28-09.50.02:712][  0]LogTemp: Env CWD: C:\Program Files\Epic Games\UE_4.18\Engine\Binaries\DotNET\IOS
[2017.11.28-09.50.02:712][  0]LogTemp: BranchPath = ASUS-23/C/Program Files/Epic Games/UE_4.18/Engine/Binaries --- GameBranchPath = ASUS-23/C/Program Files/Epic Games/UE_4.18/Engine/Binaries
[2017.11.28-09.50.02:712][  0]LogTemp: IPP ERROR: Could not find provision directory 'C:\Users\Alumno\AppData\Local/Apple Computer/MobileDevice/Provisioning Profiles/'.
[2017.11.28-09.50.02:712][  0]LogCollectionManager: Loaded 0 collections in 0.001513 seconds
[2017.11.28-09.50.02:805][  0]LogFileCache: Scanning file cache for directory 'C:/Users/Alumno/Downloads/CasinoRoyale/SideScroller/Saved/Collections/' took 0.01s
[2017.11.28-09.50.02:805][  0]LogFileCache: Scanning file cache for directory 'C:/Users/Alumno/Downloads/CasinoRoyale/SideScroller/Content/Developers/Victor/Collections/' took 0.01s
[2017.11.28-09.50.02:805][  0]LogFileCache: Scanning file cache for directory 'C:/Users/Alumno/Downloads/CasinoRoyale/SideScroller/Content/Collections/' took 0.01s
[2017.11.28-09.50.02:805][  0]LogCollectionManager: Rebuilt the GUID cache for 0 collections in 0.000000 seconds
[2017.11.28-09.50.02:816][  0]LogContentBrowser: Native class hierarchy populated in 0.0081 seconds. Added 2363 classes and 519 folders.
[2017.11.28-09.50.02:878][  0]LogContentBrowser: Native class hierarchy updated for 'WidgetCarousel' in 0.0002 seconds. Added 0 classes and 0 folders.
[2017.11.28-09.50.03:273][  0]LogContentBrowser: Native class hierarchy updated for 'AddContentDialog' in 0.0002 seconds. Added 0 classes and 0 folders.
[2017.11.28-09.50.03:322][  0]LogContentBrowser: Native class hierarchy updated for 'SceneOutliner' in 0.0002 seconds. Added 1 classes and 2 folders.
[2017.11.28-09.50.03:384][  0]LogSlate: Took 0.006400 seconds to synchronously load lazily loaded font '../../../Engine/Content/Slate/Fonts/Roboto-Regular.ttf' (155K)
[2017.11.28-09.50.03:395][  0]LogSlate: Took 0.006764 seconds to synchronously load lazily loaded font '../../../Engine/Content/Slate/Fonts/Roboto-Bold.ttf' (160K)
[2017.11.28-09.50.03:407][  0]LogSlate: Took 0.006736 seconds to synchronously load lazily loaded font '../../../Engine/Content/Editor/Slate/Fonts/FontAwesome.ttf' (139K)
[2017.11.28-09.50.03:582][  0]LogRenderer: Reallocating scene render targets to support 964x440 Format 9 NumSamples 1 (Frame:1).
[2017.11.28-09.50.03:853][  0]LogContentBrowser: Native class hierarchy updated for 'HierarchicalLODOutliner' in 0.0005 seconds. Added 1 classes and 2 folders.
[2017.11.28-09.50.03:853][  0]LogLoad: (Engine Initialization) Total time: 33.44 seconds
[2017.11.28-09.50.03:853][  0]LogLoad: (Engine Initialization) Total Blueprint compile time: 0.00 seconds
[2017.11.28-09.50.03:853][  0]LogExternalProfiler: No external profilers were discovered.  External profiling features will not be available.
[2017.11.28-09.50.04:222][  0]LogContentStreaming: Texture pool size now 800 MB
[2017.11.28-09.50.04:277][  0]LogSlate: Took 0.005366 seconds to synchronously load lazily loaded font '../../../Engine/Content/Slate/Fonts/Roboto-Light.ttf' (159K)
[2017.11.28-09.50.04:550][  1]LogAssetRegistry: Asset discovery search completed in 19.0628 seconds
[2017.11.28-09.50.04:552][  1]LogCollectionManager: Rebuilt the object cache for 0 collections in 0.000000 seconds (found 0 objects)
[2017.11.28-09.50.04:552][  1]LogCollectionManager: Fixed up redirectors for 0 collections in 0.000069 seconds (updated 0 objects)
[2017.11.28-09.51.30:089][790]LogTemp: Repeating last play command: Selected Viewport
[2017.11.28-09.51.30:143][790]LogBlueprintUserMessages: Early PlayInEditor Detection: Level '/Game/SideScrollerBP/Maps/SideScrollerExampleMap.SideScrollerExampleMap:PersistentLevel' has LevelScriptBlueprint '/Game/SideScrollerBP/Maps/SideScrollerExampleMap.SideScrollerExampleMap:PersistentLevel.SideScrollerExampleMap' with GeneratedClass '/Game/SideScrollerBP/Maps/SideScrollerExampleMap.SideScrollerExampleMap_C' with ClassGeneratedBy '/Game/SideScrollerBP/Maps/SideScrollerExampleMap.SideScrollerExampleMap:PersistentLevel.SideScrollerExampleMap'
[2017.11.28-09.51.30:144][790]LogPlayLevel: PlayLevel: No blueprints needed recompiling
[2017.11.28-09.51.30:146][790]PIE: New page: PIE session: SideScrollerExampleMap (Nov 28, 2017, 11:51:30 AM)
[2017.11.28-09.51.30:146][790]LogPlayLevel: Creating play world package: /Game/SideScrollerBP/Maps/UEDPIE_0_SideScrollerExampleMap
[2017.11.28-09.51.30:149][790]LogPlayLevel: PIE: StaticDuplicateObject took: (0.002497s)
[2017.11.28-09.51.30:150][790]LogAIModule: Creating AISystem for world SideScrollerExampleMap
[2017.11.28-09.51.30:150][790]LogPlayLevel: PIE: World Init took: (0.000753s)
[2017.11.28-09.51.30:150][790]LogPlayLevel: PIE: Created PIE world by copying editor world from /Game/SideScrollerBP/Maps/SideScrollerExampleMap.SideScrollerExampleMap to /Game/SideScrollerBP/Maps/UEDPIE_0_SideScrollerExampleMap.SideScrollerExampleMap (0.003551s)
[2017.11.28-09.51.30:161][790]LogInit: XAudio2 using 'Speakers (Realtek High Definition Audio)' : 2 channels at 48 kHz using 32 bits per sample (channel mask 0x3)
[2017.11.28-09.51.30:191][790]LogInit: FAudioDevice initialized.
[2017.11.28-09.51.30:241][790]LogLoad: Game class is 'SideScrollerGameMode_C'
[2017.11.28-09.51.30:245][790]LogWorld: Bringing World /Game/SideScrollerBP/Maps/UEDPIE_0_SideScrollerExampleMap.SideScrollerExampleMap up for play (max tick rate 60) at 2017.11.28-10.51.30
[2017.11.28-09.51.30:246][790]LogWorld: Bringing up level for play took: 0.002106
[2017.11.28-09.51.30:289][790]LogContentBrowser: Native class hierarchy updated for 'MovieSceneCapture' in 0.0003 seconds. Added 11 classes and 0 folders.
[2017.11.28-09.51.30:290][790]PIE: Play in editor start time for /Game/SideScrollerBP/Maps/UEDPIE_0_SideScrollerExampleMap -0.14
[2017.11.28-09.51.30:291][790]LogBlueprintUserMessages: Late PlayInEditor Detection: Level '/Game/SideScrollerBP/Maps/SideScrollerExampleMap.SideScrollerExampleMap:PersistentLevel' has LevelScriptBlueprint '/Game/SideScrollerBP/Maps/SideScrollerExampleMap.SideScrollerExampleMap:PersistentLevel.SideScrollerExampleMap' with GeneratedClass '/Game/SideScrollerBP/Maps/SideScrollerExampleMap.SideScrollerExampleMap_C' with ClassGeneratedBy '/Game/SideScrollerBP/Maps/SideScrollerExampleMap.SideScrollerExampleMap:PersistentLevel.SideScrollerExampleMap'
[2017.11.28-09.51.49:238][920]LogBlueprintUserMessages: Early EndPlayMap Detection: Level '/Game/SideScrollerBP/Maps/SideScrollerExampleMap.SideScrollerExampleMap:PersistentLevel' has LevelScriptBlueprint '/Game/SideScrollerBP/Maps/SideScrollerExampleMap.SideScrollerExampleMap:PersistentLevel.SideScrollerExampleMap' with GeneratedClass '/Game/SideScrollerBP/Maps/SideScrollerExampleMap.SideScrollerExampleMap_C' with ClassGeneratedBy '/Game/SideScrollerBP/Maps/SideScrollerExampleMap.SideScrollerExampleMap:PersistentLevel.SideScrollerExampleMap'
[2017.11.28-09.51.49:275][920]LogBlueprintUserMessages: Late EndPlayMap Detection: Level '/Game/SideScrollerBP/Maps/SideScrollerExampleMap.SideScrollerExampleMap:PersistentLevel' has LevelScriptBlueprint '/Game/SideScrollerBP/Maps/SideScrollerExampleMap.SideScrollerExampleMap:PersistentLevel.SideScrollerExampleMap' with GeneratedClass '/Game/SideScrollerBP/Maps/SideScrollerExampleMap.SideScrollerExampleMap_C' with ClassGeneratedBy '/Game/SideScrollerBP/Maps/SideScrollerExampleMap.SideScrollerExampleMap:PersistentLevel.SideScrollerExampleMap'
[2017.11.28-09.51.51:896][ 75]LogSlate: Took 0.000186 seconds to synchronously load lazily loaded font '../../../Engine/Content/Slate/Fonts/Roboto-Light.ttf' (159K)
[2017.11.28-09.51.52:266][ 75]LogContentBrowser: Native class hierarchy updated for 'BlueprintGraph' in 0.0006 seconds. Added 116 classes and 0 folders.
[2017.11.28-09.51.52:874][ 75]LogSlate: Took 0.000111 seconds to synchronously load lazily loaded font '../../../Engine/Content/Slate/Fonts/Roboto-Regular.ttf' (155K)
[2017.11.28-09.51.52:993][ 75]LogSlate: Took 0.005046 seconds to synchronously load lazily loaded font '../../../Engine/Content/Editor/Slate/Fonts/Roboto-BoldCondensed.ttf' (158K)
[2017.11.28-09.51.53:126][ 76]LogSlate: Took 0.004444 seconds to synchronously load lazily loaded font '../../../Engine/Content/Editor/Slate/Fonts/Roboto-Italic.ttf' (157K)
[2017.11.28-09.53.01:031][515]LogTemp: Repeating last play command: Selected Viewport
[2017.11.28-09.53.01:063][515]LogBlueprintUserMessages: Early PlayInEditor Detection: Level '/Game/SideScrollerBP/Maps/SideScrollerExampleMap.SideScrollerExampleMap:PersistentLevel' has LevelScriptBlueprint '/Game/SideScrollerBP/Maps/SideScrollerExampleMap.SideScrollerExampleMap:PersistentLevel.SideScrollerExampleMap' with GeneratedClass '/Game/SideScrollerBP/Maps/SideScrollerExampleMap.SideScrollerExampleMap_C' with ClassGeneratedBy '/Game/SideScrollerBP/Maps/SideScrollerExampleMap.SideScrollerExampleMap:PersistentLevel.SideScrollerExampleMap'
[2017.11.28-09.53.01:063][515]BlueprintLog: New page: Pre-Play auto-recompile
[2017.11.28-09.53.01:084][515]LogPlayLevel: [PlayLevel] Compiling CardProjectile before play...
[2017.11.28-09.53.01:348][515]LogPlayLevel: PlayLevel: Blueprint regeneration took 285 ms (1 blueprints)
[2017.11.28-09.53.01:348][515]PIE: New page: PIE session: SideScrollerExampleMap (Nov 28, 2017, 11:53:01 AM)
[2017.11.28-09.53.01:348][515]LogPlayLevel: Creating play world package: /Game/SideScrollerBP/Maps/UEDPIE_0_SideScrollerExampleMap
[2017.11.28-09.53.01:351][515]LogPlayLevel: PIE: StaticDuplicateObject took: (0.002322s)
[2017.11.28-09.53.01:351][515]LogAIModule: Creating AISystem for world SideScrollerExampleMap
[2017.11.28-09.53.01:352][515]LogPlayLevel: PIE: World Init took: (0.000878s)
[2017.11.28-09.53.01:352][515]LogPlayLevel: PIE: Created PIE world by copying editor world from /Game/SideScrollerBP/Maps/SideScrollerExampleMap.SideScrollerExampleMap to /Game/SideScrollerBP/Maps/UEDPIE_0_SideScrollerExampleMap.SideScrollerExampleMap (0.003428s)
[2017.11.28-09.53.01:369][515]LogInit: XAudio2 using 'Speakers (Realtek High Definition Audio)' : 2 channels at 48 kHz using 32 bits per sample (channel mask 0x3)
[2017.11.28-09.53.01:401][515]LogInit: FAudioDevice initialized.
[2017.11.28-09.53.01:577][515]LogLoad: Game class is 'SideScrollerGameMode_C'
[2017.11.28-09.53.01:579][515]LogWorld: Bringing World /Game/SideScrollerBP/Maps/UEDPIE_0_SideScrollerExampleMap.SideScrollerExampleMap up for play (max tick rate 60) at 2017.11.28-10.53.01
[2017.11.28-09.53.01:579][515]LogWorld: Bringing up level for play took: 0.001459
[2017.11.28-09.53.01:584][515]PIE: Play in editor start time for /Game/SideScrollerBP/Maps/UEDPIE_0_SideScrollerExampleMap 1.182
[2017.11.28-09.53.01:585][515]LogBlueprintUserMessages: Late PlayInEditor Detection: Level '/Game/SideScrollerBP/Maps/SideScrollerExampleMap.SideScrollerExampleMap:PersistentLevel' has LevelScriptBlueprint '/Game/SideScrollerBP/Maps/SideScrollerExampleMap.SideScrollerExampleMap:PersistentLevel.SideScrollerExampleMap' with GeneratedClass '/Game/SideScrollerBP/Maps/SideScrollerExampleMap.SideScrollerExampleMap_C' with ClassGeneratedBy '/Game/SideScrollerBP/Maps/SideScrollerExampleMap.SideScrollerExampleMap:PersistentLevel.SideScrollerExampleMap'
[2017.11.28-09.53.01:636][515]LogRenderer: Reallocating scene render targets to support 964x504 Format 9 NumSamples 1 (Frame:1).
[2017.11.28-09.53.03:758][528]LogBlueprintUserMessages: Early EndPlayMap Detection: Level '/Game/SideScrollerBP/Maps/SideScrollerExampleMap.SideScrollerExampleMap:PersistentLevel' has LevelScriptBlueprint '/Game/SideScrollerBP/Maps/SideScrollerExampleMap.SideScrollerExampleMap:PersistentLevel.SideScrollerExampleMap' with GeneratedClass '/Game/SideScrollerBP/Maps/SideScrollerExampleMap.SideScrollerExampleMap_C' with ClassGeneratedBy '/Game/SideScrollerBP/Maps/SideScrollerExampleMap.SideScrollerExampleMap:PersistentLevel.SideScrollerExampleMap'
[2017.11.28-09.53.03:962][528]LogBlueprintUserMessages: Late EndPlayMap Detection: Level '/Game/SideScrollerBP/Maps/SideScrollerExampleMap.SideScrollerExampleMap:PersistentLevel' has LevelScriptBlueprint '/Game/SideScrollerBP/Maps/SideScrollerExampleMap.SideScrollerExampleMap:PersistentLevel.SideScrollerExampleMap' with GeneratedClass '/Game/SideScrollerBP/Maps/SideScrollerExampleMap.SideScrollerExampleMap_C' with ClassGeneratedBy '/Game/SideScrollerBP/Maps/SideScrollerExampleMap.SideScrollerExampleMap:PersistentLevel.SideScrollerExampleMap'
[2017.11.28-09.53.06:208][541]LogTemp: Repeating last play command: Selected Viewport
[2017.11.28-09.53.06:229][541]LogBlueprintUserMessages: Early PlayInEditor Detection: Level '/Game/SideScrollerBP/Maps/SideScrollerExampleMap.SideScrollerExampleMap:PersistentLevel' has LevelScriptBlueprint '/Game/SideScrollerBP/Maps/SideScrollerExampleMap.SideScrollerExampleMap:PersistentLevel.SideScrollerExampleMap' with GeneratedClass '/Game/SideScrollerBP/Maps/SideScrollerExampleMap.SideScrollerExampleMap_C' with ClassGeneratedBy '/Game/SideScrollerBP/Maps/SideScrollerExampleMap.SideScrollerExampleMap:PersistentLevel.SideScrollerExampleMap'
[2017.11.28-09.53.06:229][541]LogPlayLevel: PlayLevel: No blueprints needed recompiling
[2017.11.28-09.53.06:229][541]PIE: New page: PIE session: SideScrollerExampleMap (Nov 28, 2017, 11:53:06 AM)
[2017.11.28-09.53.06:229][541]LogPlayLevel: Creating play world package: /Game/SideScrollerBP/Maps/UEDPIE_0_SideScrollerExampleMap
[2017.11.28-09.53.06:234][541]LogPlayLevel: PIE: StaticDuplicateObject took: (0.004516s)
[2017.11.28-09.53.06:234][541]LogAIModule: Creating AISystem for world SideScrollerExampleMap
[2017.11.28-09.53.06:234][541]LogPlayLevel: PIE: World Init took: (0.000542s)
[2017.11.28-09.53.06:235][541]LogPlayLevel: PIE: Created PIE world by copying editor world from /Game/SideScrollerBP/Maps/SideScrollerExampleMap.SideScrollerExampleMap to /Game/SideScrollerBP/Maps/UEDPIE_0_SideScrollerExampleMap.SideScrollerExampleMap (0.005344s)
[2017.11.28-09.53.06:252][541]LogInit: XAudio2 using 'Speakers (Realtek High Definition Audio)' : 2 channels at 48 kHz using 32 bits per sample (channel mask 0x3)
[2017.11.28-09.53.06:291][541]LogInit: FAudioDevice initialized.
[2017.11.28-09.53.06:648][541]LogLoad: Game class is 'SideScrollerGameMode_C'
[2017.11.28-09.53.06:650][541]LogWorld: Bringing World /Game/SideScrollerBP/Maps/UEDPIE_0_SideScrollerExampleMap.SideScrollerExampleMap up for play (max tick rate 60) at 2017.11.28-10.53.06
[2017.11.28-09.53.06:650][541]LogWorld: Bringing up level for play took: 0.001457
[2017.11.28-09.53.06:651][541]PIE: Play in editor start time for /Game/SideScrollerBP/Maps/UEDPIE_0_SideScrollerExampleMap 0.25
[2017.11.28-09.53.06:651][541]LogBlueprintUserMessages: Late PlayInEditor Detection: Level '/Game/SideScrollerBP/Maps/SideScrollerExampleMap.SideScrollerExampleMap:PersistentLevel' has LevelScriptBlueprint '/Game/SideScrollerBP/Maps/SideScrollerExampleMap.SideScrollerExampleMap:PersistentLevel.SideScrollerExampleMap' with GeneratedClass '/Game/SideScrollerBP/Maps/SideScrollerExampleMap.SideScrollerExampleMap_C' with ClassGeneratedBy '/Game/SideScrollerBP/Maps/SideScrollerExampleMap.SideScrollerExampleMap:PersistentLevel.SideScrollerExampleMap'
[2017.11.28-09.53.44:342][322]LogBlueprintUserMessages: Early EndPlayMap Detection: Level '/Game/SideScrollerBP/Maps/SideScrollerExampleMap.SideScrollerExampleMap:PersistentLevel' has LevelScriptBlueprint '/Game/SideScrollerBP/Maps/SideScrollerExampleMap.SideScrollerExampleMap:PersistentLevel.SideScrollerExampleMap' with GeneratedClass '/Game/SideScrollerBP/Maps/SideScrollerExampleMap.SideScrollerExampleMap_C' with ClassGeneratedBy '/Game/SideScrollerBP/Maps/SideScrollerExampleMap.SideScrollerExampleMap:PersistentLevel.SideScrollerExampleMap'
[2017.11.28-09.53.44:375][322]LogBlueprintUserMessages: Late EndPlayMap Detection: Level '/Game/SideScrollerBP/Maps/SideScrollerExampleMap.SideScrollerExampleMap:PersistentLevel' has LevelScriptBlueprint '/Game/SideScrollerBP/Maps/SideScrollerExampleMap.SideScrollerExampleMap:PersistentLevel.SideScrollerExampleMap' with GeneratedClass '/Game/SideScrollerBP/Maps/SideScrollerExampleMap.SideScrollerExampleMap_C' with ClassGeneratedBy '/Game/SideScrollerBP/Maps/SideScrollerExampleMap.SideScrollerExampleMap:PersistentLevel.SideScrollerExampleMap'
[2017.11.28-09.54.29:374][510]LogSlate: Took 0.000130 seconds to synchronously load lazily loaded font '../../../Engine/Content/Slate/Fonts/Roboto-Light.ttf' (159K)
[2017.11.28-09.54.36:894][846]LogSlate: Took 0.006369 seconds to synchronously load lazily loaded font '../../../Engine/Content/Editor/Slate/Fonts/Roboto-BoldCondensedItalic.ttf' (160K)
[2017.11.28-09.55.09:917][519]BlueprintLog: New page: Compile CardProjectile
[2017.11.28-09.56.20:143][891]LogEditorTransaction: Undo Create Pin Link
[2017.11.28-09.56.20:840][920]LogEditorTransaction: Undo Delete current selection
[2017.11.28-09.58.29:536][ 94]BlueprintLog: New page: Compile CardProjectile
[2017.11.28-09.58.45:015][582]LogActorFactory: Actor Factory created Card
[2017.11.28-09.58.45:751][611]LogActorFactory: Actor Factory created Card
[2017.11.28-09.59.55:896][941]LogTexture: Display: Building textures: 10_Hearts (AutoDXT, 4096X4096)
[2017.11.28-09.59.55:896][941]LogTexture: Display: Building textures: 10_Spades (AutoDXT, 4096X4096)
[2017.11.28-09.59.55:896][941]LogTexture: Display: Building textures: 2_Hearts (AutoDXT, 4096X4096)
[2017.11.28-09.59.55:896][941]LogTexture: Display: Building textures: 2_Spades (AutoDXT, 4096X4096)
[2017.11.28-09.59.55:896][941]LogTexture: Display: Building textures: 3_Hearts (AutoDXT, 4096X4096)
[2017.11.28-09.59.55:897][941]LogTexture: Display: Building textures: 3_Spades (AutoDXT, 4096X4096)
[2017.11.28-09.59.55:897][941]LogTexture: Display: Building textures: 4_Hearts (AutoDXT, 4096X4096)
[2017.11.28-09.59.55:897][941]LogTexture: Display: Building textures: 4_Spades (AutoDXT, 4096X4096)
[2017.11.28-09.59.55:897][941]LogTexture: Display: Building textures: 5_Hearts (AutoDXT, 4096X4096)
[2017.11.28-09.59.55:897][941]LogTexture: Display: Building textures: 5_Spades (AutoDXT, 4096X4096)
[2017.11.28-09.59.55:897][941]LogTexture: Display: Building textures: 6_Hearts (AutoDXT, 4096X4096)
[2017.11.28-09.59.55:897][941]LogTexture: Display: Building textures: 6_Spades (AutoDXT, 4096X4096)
[2017.11.28-09.59.55:897][941]LogTexture: Display: Building textures: 7_Hearts (AutoDXT, 4096X4096)
[2017.11.28-09.59.55:897][941]LogTexture: Display: Building textures: 7_Spades (AutoDXT, 4096X4096)
[2017.11.28-09.59.55:897][941]LogTexture: Display: Building textures: 8_Hearts (AutoDXT, 4096X4096)
[2017.11.28-09.59.55:897][941]LogTexture: Display: Building textures: 8_Spades (AutoDXT, 4096X4096)
[2017.11.28-09.59.55:897][941]LogTexture: Display: Building textures: 9_Hearts (AutoDXT, 4096X4096)
[2017.11.28-09.59.55:897][941]LogTexture: Display: Building textures: 9_Spades (AutoDXT, 4096X4096)
