Log file open, 02/04/18 13:09:21
LogWindows: Failed to load 'aqProf.dll' (GetLastError=126)
LogWindows: File 'aqProf.dll' does not exist
LogWindows: Failed to load 'VSPerf140.dll' (GetLastError=126)
LogWindows: File 'VSPerf140.dll' does not exist
LogWindows: Failed to load 'VtuneApi.dll' (GetLastError=126)
LogWindows: File 'VtuneApi.dll' does not exist
LogWindows: Failed to load 'VtuneApi32e.dll' (GetLastError=126)
LogWindows: File 'VtuneApi32e.dll' does not exist
LogInit: Display: Running engine for game: SideScroller
LogPlatformFile: Not using cached read wrapper
LogInit: Display: RandInit(155526506) SRandInit(155526506).
LogInit: Read version file with build ID '3709383'
LogInit: Overriding engine version to CL 3832480, compatible CL 3709383
LogInit: Registered custom module enumerator with build ID '3709383'
LogTaskGraph: Started task graph with 5 named threads and 14 total threads with 3 sets of task threads.
LogStats: Stats thread started at 0.776694
LogD3D11RHI: Aftermath initialized
LogModuleManager: Display: Found up-to-date module file ../../../Engine/Plugins/2D/Paper2D/Binaries/Win64/UE4Editor-Paper2D.dll (API version 3709383).
LogModuleManager: Display: Found up-to-date module file ../../../Engine/Plugins/2D/Paper2D/Binaries/Win64/UE4Editor-Paper2DEditor.dll (API version 3709383).
LogModuleManager: Display: Found up-to-date module file ../../../Engine/Plugins/2D/Paper2D/Binaries/Win64/UE4Editor-PaperSpriteSheetImporter.dll (API version 3709383).
LogModuleManager: Display: Found up-to-date module file ../../../Engine/Plugins/2D/Paper2D/Binaries/Win64/UE4Editor-PaperTiledImporter.dll (API version 3709383).
LogModuleManager: Display: Found up-to-date module file ../../../Engine/Plugins/2D/Paper2D/Binaries/Win64/UE4Editor-SmartSnapping.dll (API version 3709383).
LogModuleManager: Display: Found up-to-date module file ../../../Engine/Plugins/Blendables/LightPropagationVolume/Binaries/Win64/UE4Editor-LightPropagationVolumeRuntime.dll (API version 3709383).
LogModuleManager: Display: Found up-to-date module file ../../../Engine/Plugins/Blendables/LightPropagationVolume/Binaries/Win64/UE4Editor-LightPropagationVolumeEditor.dll (API version 3709383).
LogModuleManager: Display: Found up-to-date module file ../../../Engine/Plugins/Developer/GitSourceControl/Binaries/Win64/UE4Editor-GitSourceControl.dll (API version 3709383).
LogModuleManager: Display: Found up-to-date module file ../../../Engine/Plugins/Developer/PerforceSourceControl/Binaries/Win64/UE4Editor-PerforceSourceControl.dll (API version 3709383).
LogModuleManager: Display: Found up-to-date module file ../../../Engine/Plugins/Developer/SubversionSourceControl/Binaries/Win64/UE4Editor-SubversionSourceControl.dll (API version 3709383).
LogModuleManager: Display: Found up-to-date module file ../../../Engine/Plugins/Developer/UObjectPlugin/Binaries/Win64/UE4Editor-UObjectPlugin.dll (API version 3709383).
LogModuleManager: Display: Found up-to-date module file ../../../Engine/Plugins/Developer/VisualStudioCodeSourceCodeAccess/Binaries/Win64/UE4Editor-VisualStudioCodeSourceCodeAccess.dll (API version 3709383).
LogModuleManager: Display: Found up-to-date module file ../../../Engine/Plugins/Developer/VisualStudioSourceCodeAccess/Binaries/Win64/UE4Editor-VisualStudioSourceCodeAccess.dll (API version 3709383).
LogModuleManager: Display: Found up-to-date module file ../../../Engine/Plugins/Editor/AssetManagerEditor/Binaries/Win64/UE4Editor-AssetManagerEditor.dll (API version 3709383).
LogModuleManager: Display: Found up-to-date module file ../../../Engine/Plugins/Editor/AudioCapture/Binaries/Win64/UE4Editor-AudioCapture.dll (API version 3709383).
LogModuleManager: Display: Found up-to-date module file ../../../Engine/Plugins/Editor/FacialAnimation/Binaries/Win64/UE4Editor-FacialAnimation.dll (API version 3709383).
LogModuleManager: Display: Found up-to-date module file ../../../Engine/Plugins/Editor/FacialAnimation/Binaries/Win64/UE4Editor-FacialAnimationEditor.dll (API version 3709383).
LogModuleManager: Display: Found up-to-date module file ../../../Engine/Plugins/Editor/GameplayTagsEditor/Binaries/Win64/UE4Editor-GameplayTagsEditor.dll (API version 3709383).
LogModuleManager: Display: Found up-to-date module file ../../../Engine/Plugins/Editor/MobileLauncherProfileWizard/Binaries/Win64/UE4Editor-MobileLauncherProfileWizard.dll (API version 3709383).
LogModuleManager: Display: Found up-to-date module file ../../../Engine/Plugins/Editor/PluginBrowser/Binaries/Win64/UE4Editor-PluginBrowser.dll (API version 3709383).
LogModuleManager: Display: Found up-to-date module file ../../../Engine/Plugins/Editor/SpeedTreeImporter/Binaries/Win64/UE4Editor-SpeedTreeImporter.dll (API version 3709383).
LogModuleManager: Display: Found up-to-date module file ../../../Engine/Plugins/Experimental/AlembicImporter/Binaries/Win64/UE4Editor-AlembicImporter.dll (API version 3709383).
LogModuleManager: Display: Found up-to-date module file ../../../Engine/Plugins/Experimental/AlembicImporter/Binaries/Win64/UE4Editor-AlembicLibrary.dll (API version 3709383).
LogModuleManager: Display: Found up-to-date module file ../../../Engine/Plugins/Experimental/CharacterAI/Binaries/Win64/UE4Editor-CharacterAI.dll (API version 3709383).
LogModuleManager: Display: Found up-to-date module file ../../../Engine/Plugins/Experimental/HTML5Networking/Binaries/Win64/UE4Editor-HTML5Networking.dll (API version 3709383).
LogModuleManager: Display: Found up-to-date module file ../../../Engine/Plugins/Media/AndroidMedia/Binaries/Win64/UE4Editor-AndroidMediaEditor.dll (API version 3709383).
LogModuleManager: Display: Found up-to-date module file ../../../Engine/Plugins/Media/AndroidMedia/Binaries/Win64/UE4Editor-AndroidMediaFactory.dll (API version 3709383).
LogModuleManager: Display: Found up-to-date module file ../../../Engine/Plugins/Media/AvfMedia/Binaries/Win64/UE4Editor-AvfMediaEditor.dll (API version 3709383).
LogModuleManager: Display: Found up-to-date module file ../../../Engine/Plugins/Media/AvfMedia/Binaries/Win64/UE4Editor-AvfMediaFactory.dll (API version 3709383).
LogModuleManager: Display: Found up-to-date module file ../../../Engine/Plugins/Media/AvfMedia/Binaries/Win64/UE4Editor-AvfMediaFactory.dll (API version 3709383).
LogModuleManager: Display: Found up-to-date module file ../../../Engine/Plugins/Media/ImgMedia/Binaries/Win64/UE4Editor-ImgMedia.dll (API version 3709383).
LogModuleManager: Display: Found up-to-date module file ../../../Engine/Plugins/Media/ImgMedia/Binaries/Win64/UE4Editor-ImgMediaEditor.dll (API version 3709383).
LogModuleManager: Display: Found up-to-date module file ../../../Engine/Plugins/Media/ImgMedia/Binaries/Win64/UE4Editor-ImgMediaFactory.dll (API version 3709383).
LogModuleManager: Display: Found up-to-date module file ../../../Engine/Plugins/Media/ImgMedia/Binaries/Win64/UE4Editor-ImgMediaFactory.dll (API version 3709383).
LogModuleManager: Display: Found up-to-date module file ../../../Engine/Plugins/Media/ImgMedia/Binaries/Win64/UE4Editor-OpenExrWrapper.dll (API version 3709383).
LogModuleManager: Display: Found up-to-date module file ../../../Engine/Plugins/Media/MediaCompositing/Binaries/Win64/UE4Editor-MediaCompositing.dll (API version 3709383).
LogModuleManager: Display: Found up-to-date module file ../../../Engine/Plugins/Media/MediaCompositing/Binaries/Win64/UE4Editor-MediaCompositingEditor.dll (API version 3709383).
LogModuleManager: Display: Found up-to-date module file ../../../Engine/Plugins/Media/MediaPlayerEditor/Binaries/Win64/UE4Editor-MediaPlayerEditor.dll (API version 3709383).
LogModuleManager: Display: Found up-to-date module file ../../../Engine/Plugins/Media/WmfMedia/Binaries/Win64/UE4Editor-WmfMedia.dll (API version 3709383).
LogModuleManager: Display: Found up-to-date module file ../../../Engine/Plugins/Media/WmfMedia/Binaries/Win64/UE4Editor-WmfMediaEditor.dll (API version 3709383).
LogModuleManager: Display: Found up-to-date module file ../../../Engine/Plugins/Media/WmfMedia/Binaries/Win64/UE4Editor-WmfMediaFactory.dll (API version 3709383).
LogModuleManager: Display: Found up-to-date module file ../../../Engine/Plugins/Media/WmfMedia/Binaries/Win64/UE4Editor-WmfMediaFactory.dll (API version 3709383).
LogModuleManager: Display: Found up-to-date module file ../../../Engine/Plugins/Messaging/TcpMessaging/Binaries/Win64/UE4Editor-TcpMessaging.dll (API version 3709383).
LogModuleManager: Display: Found up-to-date module file ../../../Engine/Plugins/Messaging/UdpMessaging/Binaries/Win64/UE4Editor-UdpMessaging.dll (API version 3709383).
LogModuleManager: Display: Found up-to-date module file ../../../Engine/Plugins/MovieScene/ActorSequence/Binaries/Win64/UE4Editor-ActorSequence.dll (API version 3709383).
LogModuleManager: Display: Found up-to-date module file ../../../Engine/Plugins/MovieScene/LevelSequenceEditor/Binaries/Win64/UE4Editor-LevelSequenceEditor.dll (API version 3709383).
LogModuleManager: Display: Found up-to-date module file ../../../Engine/Plugins/MovieScene/MatineeToLevelSequence/Binaries/Win64/UE4Editor-MatineeToLevelSequence.dll (API version 3709383).
LogModuleManager: Display: Found up-to-date module file ../../../Engine/Plugins/Online/OnlineSubsystem/Binaries/Win64/UE4Editor-OnlineSubsystem.dll (API version 3709383).
LogModuleManager: Display: Found up-to-date module file ../../../Engine/Plugins/Runtime/AndroidPermission/Binaries/Win64/UE4Editor-AndroidPermission.dll (API version 3709383).
LogModuleManager: Display: Found up-to-date module file ../../../Engine/Plugins/Online/OnlineSubsystemNull/Binaries/Win64/UE4Editor-OnlineSubsystemNull.dll (API version 3709383).
LogModuleManager: Display: Found up-to-date module file ../../../Engine/Plugins/Online/OnlineSubsystemUtils/Binaries/Win64/UE4Editor-OnlineSubsystemUtils.dll (API version 3709383).
LogModuleManager: Display: Found up-to-date module file ../../../Engine/Plugins/Online/OnlineSubsystemUtils/Binaries/Win64/UE4Editor-OnlineBlueprintSupport.dll (API version 3709383).
LogModuleManager: Display: Found up-to-date module file ../../../Engine/Plugins/Runtime/AndroidDeviceProfileSelector/Binaries/Win64/UE4Editor-AndroidDeviceProfileSelector.dll (API version 3709383).
LogModuleManager: Display: Found up-to-date module file ../../../Engine/Plugins/Runtime/AppleARKit/Binaries/Win64/UE4Editor-AppleARKit.dll (API version 3709383).
LogModuleManager: Display: Found up-to-date module file ../../../Engine/Plugins/Runtime/ArchVisCharacter/Binaries/Win64/UE4Editor-ArchVisCharacter.dll (API version 3709383).
LogModuleManager: Display: Found up-to-date module file ../../../Engine/Plugins/Runtime/CableComponent/Binaries/Win64/UE4Editor-CableComponent.dll (API version 3709383).
LogModuleManager: Display: Found up-to-date module file ../../../Engine/Plugins/Runtime/CustomMeshComponent/Binaries/Win64/UE4Editor-CustomMeshComponent.dll (API version 3709383).
LogModuleManager: Display: Found up-to-date module file ../../../Engine/Plugins/Runtime/ExampleDeviceProfileSelector/Binaries/Win64/UE4Editor-ExampleDeviceProfileSelector.dll (API version 3709383).
LogModuleManager: Display: Found up-to-date module file ../../../Engine/Plugins/Runtime/ImmediatePhysics/Binaries/Win64/UE4Editor-ImmediatePhysics.dll (API version 3709383).
LogModuleManager: Display: Found up-to-date module file ../../../Engine/Plugins/Runtime/ImmediatePhysics/Binaries/Win64/UE4Editor-ImmediatePhysicsEditor.dll (API version 3709383).
LogModuleManager: Display: Found up-to-date module file ../../../Engine/Plugins/Runtime/LocationServicesBPLibrary/Binaries/Win64/UE4Editor-LocationServicesBPLibrary.dll (API version 3709383).
LogModuleManager: Display: Found up-to-date module file ../../../Engine/Plugins/Runtime/MobilePatchingUtils/Binaries/Win64/UE4Editor-MobilePatchingUtils.dll (API version 3709383).
LogModuleManager: Display: Found up-to-date module file ../../../Engine/Plugins/Runtime/Oculus/OculusVR/Binaries/Win64/UE4Editor-OculusHMD.dll (API version 3709383).
LogModuleManager: Display: Found up-to-date module file ../../../Engine/Plugins/Runtime/Oculus/OculusVR/Binaries/Win64/UE4Editor-OculusInput.dll (API version 3709383).
LogModuleManager: Display: Found up-to-date module file ../../../Engine/Plugins/Runtime/Oculus/OculusVR/Binaries/Win64/UE4Editor-OculusEditor.dll (API version 3709383).
LogModuleManager: Display: Found up-to-date module file ../../../Engine/Plugins/Runtime/PhysXVehicles/Binaries/Win64/UE4Editor-PhysXVehicles.dll (API version 3709383).
LogModuleManager: Display: Found up-to-date module file ../../../Engine/Plugins/Runtime/PhysXVehicles/Binaries/Win64/UE4Editor-PhysXVehiclesEditor.dll (API version 3709383).
LogModuleManager: Display: Found up-to-date module file ../../../Engine/Plugins/Runtime/ProceduralMeshComponent/Binaries/Win64/UE4Editor-ProceduralMeshComponent.dll (API version 3709383).
LogModuleManager: Display: Found up-to-date module file ../../../Engine/Plugins/Runtime/ProceduralMeshComponent/Binaries/Win64/UE4Editor-ProceduralMeshComponentEditor.dll (API version 3709383).
LogModuleManager: Display: Found up-to-date module file ../../../Engine/Plugins/Runtime/RuntimePhysXCooking/Binaries/Win64/UE4Editor-RuntimePhysXCooking.dll (API version 3709383).
LogModuleManager: Display: Found up-to-date module file ../../../Engine/Plugins/Runtime/Steam/SteamVR/Binaries/Win64/UE4Editor-SteamVR.dll (API version 3709383).
LogModuleManager: Display: Found up-to-date module file ../../../Engine/Plugins/Runtime/Steam/SteamVR/Binaries/Win64/UE4Editor-SteamVRController.dll (API version 3709383).
LogModuleManager: Display: Found up-to-date module file ../../../Engine/Plugins/Runtime/WindowsMoviePlayer/Binaries/Win64/UE4Editor-WindowsMoviePlayer.dll (API version 3709383).
LogPluginManager: Mounting plugin Paper2D
LogPluginManager: Mounting plugin LightPropagationVolume
LogPluginManager: Mounting plugin CodeLiteSourceCodeAccess
LogPluginManager: Mounting plugin GitSourceControl
LogPluginManager: Mounting plugin KDevelopSourceCodeAccess
LogPluginManager: Mounting plugin NullSourceCodeAccess
LogPluginManager: Mounting plugin PerforceSourceControl
LogPluginManager: Mounting plugin SubversionSourceControl
LogPluginManager: Mounting plugin UObjectPlugin
LogPluginManager: Mounting plugin VisualStudioCodeSourceCodeAccess
LogPluginManager: Mounting plugin VisualStudioSourceCodeAccess
LogPluginManager: Mounting plugin XCodeSourceCodeAccess
LogPluginManager: Mounting plugin AssetManagerEditor
LogPluginManager: Mounting plugin AudioCapture
LogPluginManager: Mounting plugin FacialAnimation
LogPluginManager: Mounting plugin GameplayTagsEditor
LogPluginManager: Mounting plugin MobileLauncherProfileWizard
LogPluginManager: Mounting plugin PluginBrowser
LogPluginManager: Mounting plugin SpeedTreeImporter
LogPluginManager: Mounting plugin AlembicImporter
LogPluginManager: Mounting plugin CharacterAI
LogPluginManager: Mounting plugin HTML5Networking
LogPluginManager: Mounting plugin AndroidMedia
LogPluginManager: Mounting plugin AvfMedia
LogPluginManager: Mounting plugin ImgMedia
LogPluginManager: Mounting plugin MediaCompositing
LogPluginManager: Mounting plugin MediaPlayerEditor
LogPluginManager: Mounting plugin WmfMedia
LogPluginManager: Mounting plugin TcpMessaging
LogPluginManager: Mounting plugin UdpMessaging
LogPluginManager: Mounting plugin ActorSequence
LogPluginManager: Mounting plugin LevelSequenceEditor
LogPluginManager: Mounting plugin MatineeToLevelSequence
LogPluginManager: Mounting plugin OnlineSubsystemGooglePlay
LogPluginManager: Mounting plugin OnlineSubsystemIOS
LogPluginManager: Mounting plugin OnlineSubsystem
LogPluginManager: Mounting plugin OnlineSubsystemNull
LogPluginManager: Mounting plugin OnlineSubsystemUtils
LogPluginManager: Mounting plugin AndroidDeviceProfileSelector
LogPluginManager: Mounting plugin AndroidMoviePlayer
LogPluginManager: Mounting plugin AndroidPermission
LogPluginManager: Mounting plugin AppleARKit
LogPluginManager: Mounting plugin AppleMoviePlayer
LogPluginManager: Mounting plugin ArchVisCharacter
LogPluginManager: Mounting plugin CableComponent
LogPluginManager: Mounting plugin CustomMeshComponent
LogPluginManager: Mounting plugin ExampleDeviceProfileSelector
LogPluginManager: Mounting plugin GoogleCloudMessaging
LogPluginManager: Mounting plugin ImmediatePhysics
LogPluginManager: Mounting plugin IOSDeviceProfileSelector
LogPluginManager: Mounting plugin LinuxDeviceProfileSelector
LogPluginManager: Mounting plugin LocationServicesBPLibrary
LogPluginManager: Mounting plugin MobilePatchingUtils
LogPluginManager: Mounting plugin OculusVR
LogPluginManager: Plugin shader directory ../../../Engine/Plugins/Runtime/Oculus/OculusVR/Shaders found
LogPluginManager: Mapping shader source directory ../../../Engine/Plugins/Runtime/Oculus/OculusVR/Shaders to virtual directory /Plugin/OculusVR
LogPluginManager: Mounting plugin PhysXVehicles
LogPluginManager: Mounting plugin ProceduralMeshComponent
LogPluginManager: Mounting plugin RuntimePhysXCooking
LogPluginManager: Mounting plugin SteamVR
LogPluginManager: Mounting plugin WindowsMoviePlayer
LogInit: Using libcurl 7.47.1
LogInit:  - built for x86_64-pc-win32
LogInit:  - supports SSL with OpenSSL/1.0.2g
LogInit:  - supports HTTP deflate (compression) using libz 1.2.8
LogInit:  - other features:
LogInit:      CURL_VERSION_SSL
LogInit:      CURL_VERSION_LIBZ
LogInit:      CURL_VERSION_IPV6
LogInit:      CURL_VERSION_ASYNCHDNS
LogInit:      CURL_VERSION_LARGEFILE
LogInit:      CURL_VERSION_IDN
LogInit:  CurlRequestOptions (configurable via config and command line):
LogInit:  - bVerifyPeer = false  - Libcurl will NOT verify peer certificate
LogInit:  - bUseHttpProxy = false  - Libcurl will NOT use HTTP proxy
LogInit:  - bDontReuseConnections = false  - Libcurl will reuse connections
LogInit:  - CertBundlePath = nullptr  - Libcurl will use whatever was configured at build time.
LogInit: Build: ++UE4+Release-4.18-CL-3832480
LogInit: Engine Version: 4.18.3-3832480+++UE4+Release-4.18
LogInit: Compatible Engine Version: 4.18.0-3709383+++UE4+Release-4.18
LogInit: Net CL: 3709383
LogDevObjectVersion: Number of dev versions registered: 16
LogDevObjectVersion:   Dev-Blueprints (B0D832E4-1F89-4F0D-ACCF-7EB736FD4AA2): 10
LogDevObjectVersion:   Dev-Build (E1C64328-A22C-4D53-A36C-8E866417BD8C): 0
LogDevObjectVersion:   Dev-Core (375EC13C-06E4-48FB-B500-84F0262A717E): 2
LogDevObjectVersion:   Dev-Editor (E4B068ED-F494-42E9-A231-DA0B2E46BB41): 20
LogDevObjectVersion:   Dev-Framework (CFFC743F-43B0-4480-9391-14DF171D2073): 30
LogDevObjectVersion:   Dev-Mobile (B02B49B5-BB20-44E9-A304-32B752E40360): 0
LogDevObjectVersion:   Dev-Networking (A4E4105C-59A1-49B5-A7C5-40C4547EDFEE): 0
LogDevObjectVersion:   Dev-Online (39C831C9-5AE6-47DC-9A44-9C173E1C8E7C): 0
LogDevObjectVersion:   Dev-Physics (78F01B33-EBEA-4F98-B9B4-84EACCB95AA2): 0
LogDevObjectVersion:   Dev-Platform (6631380F-2D4D-43E0-8009-CF276956A95A): 0
LogDevObjectVersion:   Dev-Rendering (12F88B9F-8875-4AFC-A67C-D90C383ABD29): 20
LogDevObjectVersion:   Dev-Sequencer (7B5AE74C-D270-4C10-A958-57980B212A5A): 4
LogDevObjectVersion:   Dev-VR (D7296918-1DD6-4BDD-9DE2-64A83CC13884): 0
LogDevObjectVersion:   Dev-LoadTimes (C2A15278-BFE7-4AFE-6C17-90FF531DF755): 1
LogDevObjectVersion:   Private-Geometry (6EACA3D4-40EC-4CC1-B786-8BED09428FC5): 1
LogDevObjectVersion:   Dev-AnimPhys (29E575DD-E0A3-4627-9D10-D276232CDCEA): 12
LogInit: Compiled (64-bit): Jan 12 2018 02:04:55
LogInit: Compiled with Visual C++: 19.00.24215.01
LogInit: Build Configuration: Development
LogInit: Branch Name: ++UE4+Release-4.18
LogInit: Command line:  
LogInit: Base directory: C:/Program Files/Epic Games/UE_4.18/Engine/Binaries/Win64/
LogInit: Installed Engine Build: 1
LogInit: Presizing for max 8388607 objects, including 0 objects not considered by GC, pre-allocating 0 bytes for permanent pool.
LogInit: Object subsystem initialized
[2018.02.04-12.09.24:108][  0]LogInit: Selected Device Profile: [Windows]
[2018.02.04-12.09.24:108][  0]LogInit: Applying CVar settings loaded from the selected device profile: [Windows]
[2018.02.04-12.09.24:135][  0]LogInit: Computer: ASUS-25
[2018.02.04-12.09.24:135][  0]LogInit: User: Adrià
[2018.02.04-12.09.24:135][  0]LogInit: CPU Page size=4096, Cores=4
[2018.02.04-12.09.24:135][  0]LogInit: High frequency timer resolution =2.742186 MHz
[2018.02.04-12.09.24:135][  0]LogMemory: Memory total: Physical=7.9GB (8GB approx)
[2018.02.04-12.09.24:135][  0]LogMemory: Platform Memory Stats for Windows
[2018.02.04-12.09.24:135][  0]LogMemory: Process Physical Memory: 273.46 MB used, 273.46 MB peak
[2018.02.04-12.09.24:135][  0]LogMemory: Process Virtual Memory: 276.86 MB used, 276.86 MB peak
[2018.02.04-12.09.24:135][  0]LogMemory: Physical Memory: 2837.98 MB used,  5235.10 MB free, 8073.08 MB total
[2018.02.04-12.09.24:135][  0]LogMemory: Virtual Memory: 675.09 MB used,  5235.10 MB free, 134217728.00 MB total
[2018.02.04-12.09.25:231][  0]LogInit: Using OS detected language (en-US).
[2018.02.04-12.09.25:232][  0]LogInit: Using OS detected locale (en-US).
[2018.02.04-12.09.25:296][  0]LogTextLocalizationManager: No specific localization for 'en-US' exists, so the 'en' localization will be used.
[2018.02.04-12.09.25:756][  0]LogInit: Setting process to per monitor DPI aware
[2018.02.04-12.09.27:919][  0]LogD3D11RHI: D3D11 adapters:
[2018.02.04-12.09.28:419][  0]LogD3D11RHI:    0. 'NVIDIA GeForce GTX 1050' (Feature Level 11_0)
[2018.02.04-12.09.28:419][  0]LogD3D11RHI:       4031/0/4036 MB DedicatedVideo/DedicatedSystem/SharedSystem, Outputs:1, VendorId:0x10de
[2018.02.04-12.09.28:428][  0]LogD3D11RHI:    1. 'Intel(R) HD Graphics 630' (Feature Level 11_0)
[2018.02.04-12.09.28:428][  0]LogD3D11RHI:       128/0/4036 MB DedicatedVideo/DedicatedSystem/SharedSystem, Outputs:0, VendorId:0x8086
[2018.02.04-12.09.28:447][  0]LogD3D11RHI:    2. 'Microsoft Basic Render Driver' (Feature Level 11_0)
[2018.02.04-12.09.28:447][  0]LogD3D11RHI:       0/0/4036 MB DedicatedVideo/DedicatedSystem/SharedSystem, Outputs:0, VendorId:0x1414
[2018.02.04-12.09.28:447][  0]LogD3D11RHI: Chosen D3D11 Adapter: 0
[2018.02.04-12.09.28:453][  0]LogD3D11RHI: Creating new Direct3DDevice
[2018.02.04-12.09.28:453][  0]LogD3D11RHI:     GPU DeviceId: 0x1c8d (for the marketing name, search the web for "GPU Device Id")
[2018.02.04-12.09.28:453][  0]LogWindows: EnumDisplayDevices:
[2018.02.04-12.09.28:453][  0]LogWindows:    0. 'Intel(R) HD Graphics 630' (P:1 D:1)
[2018.02.04-12.09.28:454][  0]LogWindows:    1. 'Intel(R) HD Graphics 630' (P:0 D:0)
[2018.02.04-12.09.28:454][  0]LogWindows:    2. 'Intel(R) HD Graphics 630' (P:0 D:0)
[2018.02.04-12.09.28:454][  0]LogWindows: DebugString: GetVideoDriverDetailsInvalid PrimaryIsNotTheChoosenAdapter GetVideoDriverDetailsInvalid PrimaryIsNotTheChoosenAdapter GetVideoDriverDetailsInvalid PrimaryIsNotTheChoosenAdapter FoundDriverCount:0 
[2018.02.04-12.09.28:454][  0]LogD3D11RHI:     Adapter Name: NVIDIA GeForce GTX 1050
[2018.02.04-12.09.28:454][  0]LogD3D11RHI:   Driver Version: Unknown (internal:Unknown, unified:Unknown)
[2018.02.04-12.09.28:454][  0]LogD3D11RHI:      Driver Date: Unknown
[2018.02.04-12.09.28:454][  0]LogRHI: Texture pool is 2821 MB (70% of 4031 MB)
[2018.02.04-12.09.28:484][  0]LogD3D11RHI: Async texture creation enabled
[2018.02.04-12.09.28:572][  0]LogD3D11RHI: GPU Timing Frequency: 1000.000000 (Debug: 2 1)
[2018.02.04-12.09.28:579][  0]LogShaderCompilers: Guid format shader working directory is -21 characters bigger than the processId version (../../../../../../Users/Alumno/Documents/Casino Royale/SideScroller/Intermediate/Shaders/WorkingDirectory/11096/).
[2018.02.04-12.09.28:579][  0]LogShaderCompilers: Cleaned the shader compiler working directory 'C:/Users/Alumno/AppData/Local/Temp/UnrealShaderWorkingDir/00C7E35A4FF15D03D1EFA9998F0198FB/'.
[2018.02.04-12.09.28:579][  0]LogShaderCompilers: Display: Using Local Shader Compiler.
[2018.02.04-12.09.31:090][  0]LogTemp: Display: Loaded TP AllDesktopTargetPlatform
[2018.02.04-12.09.31:150][  0]LogTemp: Display: Loaded TP MacClientTargetPlatform
[2018.02.04-12.09.31:212][  0]LogTemp: Display: Loaded TP MacNoEditorTargetPlatform
[2018.02.04-12.09.31:273][  0]LogTemp: Display: Loaded TP MacServerTargetPlatform
[2018.02.04-12.09.31:341][  0]LogTemp: Display: Loaded TP MacTargetPlatform
[2018.02.04-12.09.31:401][  0]LogTemp: Display: Loaded TP WindowsClientTargetPlatform
[2018.02.04-12.09.31:461][  0]LogTemp: Display: Loaded TP WindowsNoEditorTargetPlatform
[2018.02.04-12.09.31:520][  0]LogTemp: Display: Loaded TP WindowsServerTargetPlatform
[2018.02.04-12.09.31:576][  0]LogTemp: Display: Loaded TP WindowsTargetPlatform
[2018.02.04-12.09.31:637][  0]LogTemp: Display: Loaded TP Android_ASTCTargetPlatform
[2018.02.04-12.09.31:698][  0]LogTemp: Display: Loaded TP Android_ATCTargetPlatform
[2018.02.04-12.09.31:755][  0]LogTemp: Display: Loaded TP Android_DXTTargetPlatform
[2018.02.04-12.09.31:814][  0]LogTemp: Display: Loaded TP Android_ETC1TargetPlatform
[2018.02.04-12.09.31:873][  0]LogTemp: Display: Loaded TP Android_ETC2TargetPlatform
[2018.02.04-12.09.31:993][  0]LogTemp: Display: Loaded TP Android_MultiTargetPlatform
[2018.02.04-12.09.31:993][  0]LogTemp: Display: Loaded TP Android_PVRTCTargetPlatform
[2018.02.04-12.09.32:054][  0]LogTemp: Display: Loaded TP AndroidTargetPlatform
[2018.02.04-12.09.32:103][  0]LogTemp: Display: Loaded TP HTML5TargetPlatform
[2018.02.04-12.09.32:223][  0]LogTemp: Display: Loaded TP IOSTargetPlatform
[2018.02.04-12.09.32:250][  0]LogTemp: Display: Loaded TP TVOSTargetPlatform
[2018.02.04-12.09.32:308][  0]LogTemp: Display: Loaded TP LinuxClientTargetPlatform
[2018.02.04-12.09.32:368][  0]LogTemp: Display: Loaded TP LinuxNoEditorTargetPlatform
[2018.02.04-12.09.32:427][  0]LogTemp: Display: Loaded TP LinuxServerTargetPlatform
[2018.02.04-12.09.32:489][  0]LogTemp: Display: Loaded TP LinuxTargetPlatform
[2018.02.04-12.09.32:489][  0]LogTargetPlatformManager: Display: Building Assets For Windows
[2018.02.04-12.09.33:245][  0]LogDerivedDataCache: Display: Max Cache Size: 512 MB
[2018.02.04-12.09.33:549][  0]LogDerivedDataCache: Loaded boot cache 0.30s 78MB C:/Users/Alumno/AppData/Local/UnrealEngine/4.18/DerivedDataCache/Boot.ddc.
[2018.02.04-12.09.33:549][  0]LogDerivedDataCache: Display: Loaded Boot cache: C:/Users/Alumno/AppData/Local/UnrealEngine/4.18/DerivedDataCache/Boot.ddc
[2018.02.04-12.09.33:550][  0]LogDerivedDataCache: FDerivedDataBackendGraph:  Pak pak cache file ../../../../../../Users/Alumno/Documents/Casino Royale/SideScroller/DerivedDataCache/DDC.ddp not found, will not use a pak cache.
[2018.02.04-12.09.33:550][  0]LogDerivedDataCache: Unable to find inner node Pak for hierarchical cache Hierarchy.
[2018.02.04-12.09.33:550][  0]LogDerivedDataCache: FDerivedDataBackendGraph:  CompressedPak pak cache file ../../../../../../Users/Alumno/Documents/Casino Royale/SideScroller/DerivedDataCache/Compressed.ddp not found, will not use a pak cache.
[2018.02.04-12.09.33:550][  0]LogDerivedDataCache: Unable to find inner node CompressedPak for hierarchical cache Hierarchy.
[2018.02.04-12.09.33:575][  0]LogDerivedDataCache: Display: Pak cache opened for reading ../../../Engine/DerivedDataCache/Compressed.ddp.
[2018.02.04-12.09.33:589][  0]LogDerivedDataCache: Using Local data cache path C:/Users/Alumno/AppData/Local/UnrealEngine/Common/DerivedDataCache: Writable
[2018.02.04-12.09.33:601][  0]LogMaterial: Verifying Global Shaders for PCD3D_SM5
[2018.02.04-12.09.33:610][  0]LogSlate: Using Freetype 2.6.0
[2018.02.04-12.09.33:629][  0]LogSlate: SlateFontCache - WITH_FREETYPE: 1, WITH_HARFBUZZ: 1
[2018.02.04-12.09.33:629][  0]LogSlate: SlateFontCache - WITH_FREETYPE: 1, WITH_HARFBUZZ: 1
[2018.02.04-12.09.36:141][  0]LogInit: Selected Device Profile: [Windows]
[2018.02.04-12.09.36:719][  0]LogSimplygon: Simplygon DLL not present - disabling.
[2018.02.04-12.09.36:768][  0]LogMeshReduction: Using SimplygonSwarm for distributed automatic mesh merging
[2018.02.04-12.09.36:769][  0]LogMeshReduction: Using QuadricMeshReduction for automatic static mesh reduction
[2018.02.04-12.09.36:769][  0]LogMeshReduction: No automatic skeletal mesh reduction module available
[2018.02.04-12.09.36:769][  0]LogMeshReduction: No automatic mesh merging module available
[2018.02.04-12.09.36:769][  0]LogMeshMerging: No automatic mesh merging module available
[2018.02.04-12.09.36:857][  0]LogNetVersion: SideScroller , NetCL: 3709383, EngineNetVer: 2, GameNetVer: 0 (Checksum: 123061163)
[2018.02.04-12.09.37:338][  0]LogAssetRegistry: FAssetRegistry took 0.0283 seconds to start up
[2018.02.04-12.09.38:614][  0]LogPackageLocalizationCache: Processed 7 localized package path(s) for 2 prioritized culture(s) in 0.118769 seconds
[2018.02.04-12.09.38:621][  0]LogUObjectArray: 35870 objects as part of root set at end of initial load.
[2018.02.04-12.09.38:621][  0]LogUObjectAllocator: 7363704 out of 0 bytes used by permanent object pool.
[2018.02.04-12.09.38:621][  0]LogUObjectArray: CloseDisregardForGC: 0/0 objects in disregard for GC pool
[2018.02.04-12.09.38:673][  0]LogInit: WinSock: version 1.1 (2.2), MaxSocks=32767, MaxUdp=65467
[2018.02.04-12.09.45:260][  0]LogTcpMessaging: Initializing TcpMessaging bridge
[2018.02.04-12.09.45:308][  0]LogUdpMessaging: Initializing bridge on interface 0.0.0.0:0 to multicast group 230.0.0.1:6666.
[2018.02.04-12.09.46:227][  0]LogMaterial: Uniform references updated for custom material expression Custom.
[2018.02.04-12.09.46:826][  0]SourceControl: Source control is disabled
[2018.02.04-12.09.46:827][  0]SourceControl: Source control is disabled
[2018.02.04-12.09.46:891][  0]SourceControl: Source control is disabled
[2018.02.04-12.09.46:953][  0]SourceControl: Source control is disabled
[2018.02.04-12.09.47:939][  0]LogAndroidPermission: UAndroidPermissionCallbackProxy::GetInstance
[2018.02.04-12.09.48:250][  0]LogOcInput: OculusInput pre-init called
[2018.02.04-12.09.48:629][  0]LogEngine: Initializing Engine...
[2018.02.04-12.09.48:634][  0]LogHMD: Failed to initialize OpenVR with code 110
[2018.02.04-12.09.49:057][  0]LogStats: UGameplayTagsManager::ConstructGameplayTagTree: Construct from data asset -  0.000 s
[2018.02.04-12.09.49:057][  0]LogStats: UGameplayTagsManager::ConstructGameplayTagTree: GameplayTagTreeChangedEvent.Broadcast -  0.000 s
[2018.02.04-12.09.49:235][  0]LogAIModule: Creating AISystem for world Untitled
[2018.02.04-12.09.49:255][  0]LogInit: XAudio2 using 'Speakers (Realtek High Definition Audio)' : 2 channels at 48 kHz using 32 bits per sample (channel mask 0x3)
[2018.02.04-12.09.49:418][  0]LogInit: FAudioDevice initialized.
[2018.02.04-12.09.49:556][  0]LogDerivedDataCache: Saved boot cache 0.14s 78MB C:/Users/Alumno/AppData/Local/UnrealEngine/4.18/DerivedDataCache/Boot.ddc.
[2018.02.04-12.09.49:571][  0]LogInit: Texture streaming: Enabled
[2018.02.04-12.09.49:673][  0]LogEngineSessionManager: EngineSessionManager initialized
[2018.02.04-12.09.49:673][  0]LogEngineSessionManager: EngineSessionManager sent abnormal shutdown report. Type=AbnormalShutdown, SessionId={66569A96-452B-6B08-C77D-7B91A9CC6AF5}
[2018.02.04-12.09.49:906][  0]LogInit: Transaction tracking system initialized
[2018.02.04-12.09.50:418][  0]BlueprintLog: New page: Editor Load
[2018.02.04-12.09.51:640][  0]LocalizationService: Localization service is disabled
[2018.02.04-12.09.52:686][  0]LogConsoleResponse: Display: 
[2018.02.04-12.09.53:313][  0]LogCook: Display: Max memory allowance for cook 16384mb min free memory 0mb
[2018.02.04-12.09.53:313][  0]LogCook: Display: Mobile HDR setting 1
[2018.02.04-12.09.53:313][  0]LogGameplayTags: Display: UGameplayTagsManager::DoneAddingNativeTags. DelegateIsBound: 0
[2018.02.04-12.09.53:503][  0]LogFileCache: Scanning file cache for directory 'C:/Users/Alumno/Documents/Casino Royale/SideScroller/Content/' took 0.02s
[2018.02.04-12.09.55:098][  0]SourceControl: Source control is disabled
[2018.02.04-12.09.55:101][  0]Cmd: MAP LOAD FILE="../../../../../../Users/Alumno/Documents/Casino Royale/SideScroller/Content/SideScrollerBP/Maps/SideScrollerExampleMap.umap" TEMPLATE=0 SHOWPROGRESS=1 FEATURELEVEL=3
[2018.02.04-12.09.55:101][  0]LogEditorServer: Warning: Can't find file '../../../../../../Users/Alumno/Documents/Casino Royale/SideScroller/Content/SideScrollerBP/Maps/SideScrollerExampleMap.umap'
[2018.02.04-12.09.55:102][  0]Cmd: MAP CHECKDEP NOCLEARLOG
[2018.02.04-12.09.55:179][  0]MapCheck: Map check complete: 0 Error(s), 0 Warning(s), took 76.45ms to complete.
[2018.02.04-12.09.55:179][  0]LogFileHelpers: Loading map 'SideScrollerExampleMap' took 0.079
[2018.02.04-12.09.55:463][  0]LogCollectionManager: Loaded 0 collections in 0.002155 seconds
[2018.02.04-12.09.55:598][  0]LogFileCache: Scanning file cache for directory 'C:/Users/Alumno/Documents/Casino Royale/SideScroller/Saved/Collections/' took 0.01s
[2018.02.04-12.09.55:598][  0]LogFileCache: Scanning file cache for directory 'C:/Users/Alumno/Documents/Casino Royale/SideScroller/Content/Developers/Adrià/Collections/' took 0.01s
[2018.02.04-12.09.55:598][  0]LogFileCache: Scanning file cache for directory 'C:/Users/Alumno/Documents/Casino Royale/SideScroller/Content/Collections/' took 0.01s
[2018.02.04-12.09.55:598][  0]LogCollectionManager: Rebuilt the GUID cache for 0 collections in 0.000001 seconds
[2018.02.04-12.09.55:608][  0]LogContentBrowser: Native class hierarchy populated in 0.0083 seconds. Added 2363 classes and 519 folders.
[2018.02.04-12.09.55:686][  0]LogContentBrowser: Native class hierarchy updated for 'WidgetCarousel' in 0.0002 seconds. Added 0 classes and 0 folders.
[2018.02.04-12.09.56:117][  0]LogContentBrowser: Native class hierarchy updated for 'AddContentDialog' in 0.0002 seconds. Added 0 classes and 0 folders.
[2018.02.04-12.09.56:195][  0]LogContentBrowser: Native class hierarchy updated for 'SceneOutliner' in 0.0003 seconds. Added 1 classes and 2 folders.
[2018.02.04-12.09.56:276][  0]LogSlate: Took 0.007913 seconds to synchronously load lazily loaded font '../../../Engine/Content/Slate/Fonts/Roboto-Regular.ttf' (155K)
[2018.02.04-12.09.56:288][  0]LogSlate: Took 0.009414 seconds to synchronously load lazily loaded font '../../../Engine/Content/Slate/Fonts/Roboto-Bold.ttf' (160K)
[2018.02.04-12.09.56:301][  0]LogSlate: Took 0.006675 seconds to synchronously load lazily loaded font '../../../Engine/Content/Editor/Slate/Fonts/FontAwesome.ttf' (139K)
[2018.02.04-12.09.56:487][  0]LogRenderer: Reallocating scene render targets to support 964x436 Format 10 NumSamples 1 (Frame:1).
[2018.02.04-12.09.56:745][  0]LogContentBrowser: Native class hierarchy updated for 'HierarchicalLODOutliner' in 0.0002 seconds. Added 1 classes and 2 folders.
[2018.02.04-12.09.56:745][  0]LogLoad: (Engine Initialization) Total time: 39.53 seconds
[2018.02.04-12.09.56:745][  0]LogLoad: (Engine Initialization) Total Blueprint compile time: 0.00 seconds
[2018.02.04-12.09.56:745][  0]LogExternalProfiler: No external profilers were discovered.  External profiling features will not be available.
[2018.02.04-12.09.56:783][  0]LogContentStreaming: Texture pool size now 1000 MB
[2018.02.04-12.09.56:847][  0]LogSlate: Took 0.005299 seconds to synchronously load lazily loaded font '../../../Engine/Content/Slate/Fonts/Roboto-Light.ttf' (159K)
[2018.02.04-12.09.56:881][  1]LogAssetRegistry: Asset discovery search completed in 19.5650 seconds
[2018.02.04-12.09.56:883][  1]LogCollectionManager: Rebuilt the object cache for 0 collections in 0.000000 seconds (found 0 objects)
[2018.02.04-12.09.56:883][  1]LogCollectionManager: Fixed up redirectors for 0 collections in 0.000050 seconds (updated 0 objects)
[2018.02.04-12.10.11:060][602]LogSlate: Took 0.000185 seconds to synchronously load lazily loaded font '../../../Engine/Content/Slate/Fonts/Roboto-Light.ttf' (159K)
[2018.02.04-12.10.12:086][602]LogSlate: Took 0.000346 seconds to synchronously load lazily loaded font '../../../Engine/Content/Slate/Fonts/Roboto-Regular.ttf' (155K)
[2018.02.04-12.10.12:858][602]LogAIModule: Creating AISystem for world Level
[2018.02.04-12.10.12:911][602]Cmd: MAP LOAD FILE="../../../../../../Users/Alumno/Documents/Casino Royale/SideScroller/Content/Scenes/Level.umap" TEMPLATE=0 SHOWPROGRESS=1 FEATURELEVEL=3
[2018.02.04-12.10.12:911][602]LightingResults: New page: Lighting Build
[2018.02.04-12.10.12:965][602]LogContentBrowser: Native class hierarchy updated for 'StatsViewer' in 0.0003 seconds. Added 5 classes and 0 folders.
[2018.02.04-12.10.12:967][602]LoadErrors: New page: Loading map: Level.umap
[2018.02.04-12.10.12:968][602]MapCheck: New page: Map Check
[2018.02.04-12.10.12:969][602]LightingResults: New page: Lighting Build
[2018.02.04-12.10.13:002][602]LogEditorServer: Finished looking for orphan Actors (0.000 secs)
[2018.02.04-12.10.13:060][602]Cmd: MAP CHECKDEP NOCLEARLOG
[2018.02.04-12.10.13:158][602]MapCheck: Map check complete: 0 Error(s), 0 Warning(s), took 98.415ms to complete.
[2018.02.04-12.10.13:160][602]LogFileHelpers: Loading map 'Level' took 0.250
[2018.02.04-12.10.20:552][446]LogTemp: Repeating last play command: New Editor Window (PIE)
[2018.02.04-12.10.20:617][446]LogBlueprintUserMessages: Early PlayInEditor Detection: Level '/Game/Scenes/Level.Level:PersistentLevel' has LevelScriptBlueprint '/Game/Scenes/Level.Level:PersistentLevel.Level' with GeneratedClass '/Game/Scenes/Level.Level_C' with ClassGeneratedBy '/Game/Scenes/Level.Level:PersistentLevel.Level'
[2018.02.04-12.10.20:617][446]LogPlayLevel: PlayLevel: No blueprints needed recompiling
[2018.02.04-12.10.20:618][446]PIE: New page: PIE session: Level (Feb 4, 2018, 2:10:20 PM)
[2018.02.04-12.10.20:618][446]LogPlayLevel: Creating play world package: /Game/Scenes/UEDPIE_0_Level
[2018.02.04-12.10.20:646][446]LogPlayLevel: PIE: StaticDuplicateObject took: (0.027585s)
[2018.02.04-12.10.20:647][446]LogAIModule: Creating AISystem for world Level
[2018.02.04-12.10.20:648][446]LogPlayLevel: PIE: World Init took: (0.001774s)
[2018.02.04-12.10.20:648][446]LogPlayLevel: PIE: Created PIE world by copying editor world from /Game/Scenes/Level.Level to /Game/Scenes/UEDPIE_0_Level.Level (0.029860s)
[2018.02.04-12.10.20:662][446]LogInit: XAudio2 using 'Speakers (Realtek High Definition Audio)' : 2 channels at 48 kHz using 32 bits per sample (channel mask 0x3)
[2018.02.04-12.10.20:700][446]LogInit: FAudioDevice initialized.
[2018.02.04-12.10.20:817][446]LogLoad: Game class is 'SideScrollerGameMode_C'
[2018.02.04-12.10.20:822][446]LogWorld: Bringing World /Game/Scenes/UEDPIE_0_Level.Level up for play (max tick rate 0) at 2018.02.04-13.10.20
[2018.02.04-12.10.20:830][446]LogWorld: Bringing up level for play took: 0.010388
[2018.02.04-12.10.20:889][446]LogContentBrowser: Native class hierarchy updated for 'MovieSceneCapture' in 0.0003 seconds. Added 11 classes and 0 folders.
[2018.02.04-12.10.20:898][446]PIE: Play in editor start time for /Game/Scenes/UEDPIE_0_Level -0.197
[2018.02.04-12.10.20:899][446]LogBlueprintUserMessages: Late PlayInEditor Detection: Level '/Game/Scenes/Level.Level:PersistentLevel' has LevelScriptBlueprint '/Game/Scenes/Level.Level:PersistentLevel.Level' with GeneratedClass '/Game/Scenes/Level.Level_C' with ClassGeneratedBy '/Game/Scenes/Level.Level:PersistentLevel.Level'
[2018.02.04-12.10.20:980][446]LogRenderer: Reallocating scene render targets to support 1280x720 Format 10 NumSamples 1 (Frame:1).
[2018.02.04-12.10.34:680][978]LogBlueprintUserMessages: Early EndPlayMap Detection: Level '/Game/Scenes/Level.Level:PersistentLevel' has LevelScriptBlueprint '/Game/Scenes/Level.Level:PersistentLevel.Level' with GeneratedClass '/Game/Scenes/Level.Level_C' with ClassGeneratedBy '/Game/Scenes/Level.Level:PersistentLevel.Level'
[2018.02.04-12.10.34:754][978]LogBlueprintUserMessages: Late EndPlayMap Detection: Level '/Game/Scenes/Level.Level:PersistentLevel' has LevelScriptBlueprint '/Game/Scenes/Level.Level:PersistentLevel.Level' with GeneratedClass '/Game/Scenes/Level.Level_C' with ClassGeneratedBy '/Game/Scenes/Level.Level:PersistentLevel.Level'
[2018.02.04-12.10.36:253][140]LogEditorViewport: Clicking on Actor (LMB): MoveableObject_C (MoveableObject)
[2018.02.04-12.10.50:617][680]LogEditorViewport: Clicking on Actor (LMB): StaticMeshActor (Floor)
[2018.02.04-12.10.54:607][904]LogSlate: Took 0.000356 seconds to synchronously load lazily loaded font '../../../Engine/Content/Slate/Fonts/Roboto-Light.ttf' (159K)
[2018.02.04-12.10.58:321][177]LogMaterial: Missing cached shader map for material CubeMaterial, compiling. 
[2018.02.04-12.11.09:341][741]MapCheck: New page: Map Check
[2018.02.04-12.11.09:356][741]LightingResults: New page: Lighting Build - Feb 4, 2018, 2:11:09 PM
[2018.02.04-12.11.09:482][741]LogSwarmInterface: [OpenConnection] Registering TCP channel ...
[2018.02.04-12.11.09:658][741]LogSwarmInterface: [OpenConnection] Connecting to agent ...
[2018.02.04-12.11.09:704][741]LogSwarmInterface: [TryOpenConnection] Testing the Agent
[2018.02.04-12.11.11:767][741]LogSwarmInterface: Error: [TryOpenConnection] Waiting for the agent to start up ...
[2018.02.04-12.11.11:776][741]LogSwarmInterface: Error: System.Net.Sockets.SocketException (0x80004005): No connection could be made because the target machine actively refused it 127.0.0.1:8008

Server stack trace: 
   at System.Net.Sockets.Socket.DoConnect(EndPoint endPointSnapshot, SocketAddress socketAddress)
   at System.Net.Sockets.Socket.Connect(EndPoint remoteEP)
   at System.Runtime.Remoting.Channels.RemoteConnection.CreateNewSocket(EndPoint ipEndPoint)
   at System.Runtime.Remoting.Channels.SocketCache.GetSocket(String machinePortAndSid, Boolean openNew)
   at System.Runtime.Remoting.Channels.Tcp.TcpClientTransportSink.SendRequestWithRetry(IMessage msg, ITransportHeaders requestHeaders, Stream requestStream)
   at System.Runtime.Remoting.Channels.Tcp.TcpClientTransportSink.AsyncProcessRequest(IClientChannelSinkStack sinkStack, IMessage msg, ITransportHeaders headers, Stream stream)
   at System.Runtime.Remoting.Channels.BinaryClientFormatterSink.AsyncProcessMessage(IMessage msg, IMessageSink replySink)

Exception rethrown at [0]: 
   at System.Runtime.Remoting.Proxies.RealProxy.HandleReturnMessage(IMessage reqMsg, IMessage retMsg)
   at System.Runtime.Remoting.Proxies.RealProxy.PrivateInvoke(MessageData& msgData, Int32 type)
   at NSwarm.IAgentInterfaceWrapper.MethodDelegate.EndInvoke(Hashtable& OutParameters, IAsyncResult result)
   at NSwarm.FSwarmInterface.TryOpenConnection(FConnectionCallback CallbackFunc, IntPtr CallbackData, ELogFlags LoggingFlags)
[2018.02.04-12.11.16:784][741]LogSwarmInterface: [TryOpenConnection] Opening Connection to Agent
[2018.02.04-12.11.16:784][741]LogSwarmInterface: [TryOpenConnection] Local Process ID is 11096
