Log file open, 11/26/17 19:04:23
LogWindows: Failed to load 'aqProf.dll' (GetLastError=126)
LogWindows: File 'aqProf.dll' does not exist
LogWindows: Failed to load 'VSPerf140.dll' (GetLastError=126)
LogWindows: File 'VSPerf140.dll' does not exist
LogWindows: Failed to load 'VtuneApi.dll' (GetLastError=126)
LogWindows: File 'VtuneApi.dll' does not exist
LogWindows: Failed to load 'VtuneApi32e.dll' (GetLastError=126)
LogWindows: File 'VtuneApi32e.dll' does not exist
LogInit: Display: Running engine for game: SideScroller
LogPlatformFile: Not using cached read wrapper
LogInit: Display: RandInit(-1366259654) SRandInit(-1366259654).
LogInit: Read version file with build ID '3709383'
LogInit: Overriding engine version to CL 3754814, compatible CL 3709383
LogInit: Registered custom module enumerator with build ID '3709383'
LogTaskGraph: Started task graph with 5 named threads and 32 total threads with 3 sets of task threads.
LogStats: Stats thread started at 0.350942
LogD3D11RHI: Aftermath initialized
LogModuleManager: Display: Found up-to-date module file ../../../Engine/Plugins/2D/Paper2D/Binaries/Win64/UE4Editor-Paper2D.dll (API version 3709383).
LogModuleManager: Display: Found up-to-date module file ../../../Engine/Plugins/2D/Paper2D/Binaries/Win64/UE4Editor-Paper2DEditor.dll (API version 3709383).
LogModuleManager: Display: Found up-to-date module file ../../../Engine/Plugins/2D/Paper2D/Binaries/Win64/UE4Editor-PaperSpriteSheetImporter.dll (API version 3709383).
LogModuleManager: Display: Found up-to-date module file ../../../Engine/Plugins/2D/Paper2D/Binaries/Win64/UE4Editor-PaperTiledImporter.dll (API version 3709383).
LogModuleManager: Display: Found up-to-date module file ../../../Engine/Plugins/2D/Paper2D/Binaries/Win64/UE4Editor-SmartSnapping.dll (API version 3709383).
LogModuleManager: Display: Found up-to-date module file ../../../Engine/Plugins/Blendables/LightPropagationVolume/Binaries/Win64/UE4Editor-LightPropagationVolumeRuntime.dll (API version 3709383).
LogModuleManager: Display: Found up-to-date module file ../../../Engine/Plugins/Blendables/LightPropagationVolume/Binaries/Win64/UE4Editor-LightPropagationVolumeEditor.dll (API version 3709383).
LogModuleManager: Display: Found up-to-date module file ../../../Engine/Plugins/Developer/GitSourceControl/Binaries/Win64/UE4Editor-GitSourceControl.dll (API version 3709383).
LogModuleManager: Display: Found up-to-date module file ../../../Engine/Plugins/Developer/PerforceSourceControl/Binaries/Win64/UE4Editor-PerforceSourceControl.dll (API version 3709383).
LogModuleManager: Display: Found up-to-date module file ../../../Engine/Plugins/Developer/SubversionSourceControl/Binaries/Win64/UE4Editor-SubversionSourceControl.dll (API version 3709383).
LogModuleManager: Display: Found up-to-date module file ../../../Engine/Plugins/Developer/UObjectPlugin/Binaries/Win64/UE4Editor-UObjectPlugin.dll (API version 3709383).
LogModuleManager: Display: Found up-to-date module file ../../../Engine/Plugins/Developer/VisualStudioCodeSourceCodeAccess/Binaries/Win64/UE4Editor-VisualStudioCodeSourceCodeAccess.dll (API version 3709383).
LogModuleManager: Display: Found up-to-date module file ../../../Engine/Plugins/Developer/VisualStudioSourceCodeAccess/Binaries/Win64/UE4Editor-VisualStudioSourceCodeAccess.dll (API version 3709383).
LogModuleManager: Display: Found up-to-date module file ../../../Engine/Plugins/Editor/AssetManagerEditor/Binaries/Win64/UE4Editor-AssetManagerEditor.dll (API version 3709383).
LogModuleManager: Display: Found up-to-date module file ../../../Engine/Plugins/Editor/AudioCapture/Binaries/Win64/UE4Editor-AudioCapture.dll (API version 3709383).
LogModuleManager: Display: Found up-to-date module file ../../../Engine/Plugins/Editor/FacialAnimation/Binaries/Win64/UE4Editor-FacialAnimation.dll (API version 3709383).
LogModuleManager: Display: Found up-to-date module file ../../../Engine/Plugins/Editor/FacialAnimation/Binaries/Win64/UE4Editor-FacialAnimationEditor.dll (API version 3709383).
LogModuleManager: Display: Found up-to-date module file ../../../Engine/Plugins/Editor/GameplayTagsEditor/Binaries/Win64/UE4Editor-GameplayTagsEditor.dll (API version 3709383).
LogModuleManager: Display: Found up-to-date module file ../../../Engine/Plugins/Editor/MobileLauncherProfileWizard/Binaries/Win64/UE4Editor-MobileLauncherProfileWizard.dll (API version 3709383).
LogModuleManager: Display: Found up-to-date module file ../../../Engine/Plugins/Editor/PluginBrowser/Binaries/Win64/UE4Editor-PluginBrowser.dll (API version 3709383).
LogModuleManager: Display: Found up-to-date module file ../../../Engine/Plugins/Editor/SpeedTreeImporter/Binaries/Win64/UE4Editor-SpeedTreeImporter.dll (API version 3709383).
LogModuleManager: Display: Found up-to-date module file ../../../Engine/Plugins/Experimental/AlembicImporter/Binaries/Win64/UE4Editor-AlembicImporter.dll (API version 3709383).
LogModuleManager: Display: Found up-to-date module file ../../../Engine/Plugins/Experimental/AlembicImporter/Binaries/Win64/UE4Editor-AlembicLibrary.dll (API version 3709383).
LogModuleManager: Display: Found up-to-date module file ../../../Engine/Plugins/Experimental/CharacterAI/Binaries/Win64/UE4Editor-CharacterAI.dll (API version 3709383).
LogModuleManager: Display: Found up-to-date module file ../../../Engine/Plugins/Experimental/HTML5Networking/Binaries/Win64/UE4Editor-HTML5Networking.dll (API version 3709383).
LogModuleManager: Display: Found up-to-date module file ../../../Engine/Plugins/Media/AndroidMedia/Binaries/Win64/UE4Editor-AndroidMediaEditor.dll (API version 3709383).
LogModuleManager: Display: Found up-to-date module file ../../../Engine/Plugins/Media/AndroidMedia/Binaries/Win64/UE4Editor-AndroidMediaFactory.dll (API version 3709383).
LogModuleManager: Display: Found up-to-date module file ../../../Engine/Plugins/Media/AvfMedia/Binaries/Win64/UE4Editor-AvfMediaEditor.dll (API version 3709383).
LogModuleManager: Display: Found up-to-date module file ../../../Engine/Plugins/Media/AvfMedia/Binaries/Win64/UE4Editor-AvfMediaFactory.dll (API version 3709383).
LogModuleManager: Display: Found up-to-date module file ../../../Engine/Plugins/Media/AvfMedia/Binaries/Win64/UE4Editor-AvfMediaFactory.dll (API version 3709383).
LogModuleManager: Display: Found up-to-date module file ../../../Engine/Plugins/Media/ImgMedia/Binaries/Win64/UE4Editor-ImgMedia.dll (API version 3709383).
LogModuleManager: Display: Found up-to-date module file ../../../Engine/Plugins/Media/ImgMedia/Binaries/Win64/UE4Editor-ImgMediaEditor.dll (API version 3709383).
LogModuleManager: Display: Found up-to-date module file ../../../Engine/Plugins/Media/ImgMedia/Binaries/Win64/UE4Editor-ImgMediaFactory.dll (API version 3709383).
LogModuleManager: Display: Found up-to-date module file ../../../Engine/Plugins/Media/ImgMedia/Binaries/Win64/UE4Editor-ImgMediaFactory.dll (API version 3709383).
LogModuleManager: Display: Found up-to-date module file ../../../Engine/Plugins/Media/ImgMedia/Binaries/Win64/UE4Editor-OpenExrWrapper.dll (API version 3709383).
LogModuleManager: Display: Found up-to-date module file ../../../Engine/Plugins/Media/MediaCompositing/Binaries/Win64/UE4Editor-MediaCompositing.dll (API version 3709383).
LogModuleManager: Display: Found up-to-date module file ../../../Engine/Plugins/Media/MediaCompositing/Binaries/Win64/UE4Editor-MediaCompositingEditor.dll (API version 3709383).
LogModuleManager: Display: Found up-to-date module file ../../../Engine/Plugins/Media/MediaPlayerEditor/Binaries/Win64/UE4Editor-MediaPlayerEditor.dll (API version 3709383).
LogModuleManager: Display: Found up-to-date module file ../../../Engine/Plugins/Media/WmfMedia/Binaries/Win64/UE4Editor-WmfMedia.dll (API version 3709383).
LogModuleManager: Display: Found up-to-date module file ../../../Engine/Plugins/Media/WmfMedia/Binaries/Win64/UE4Editor-WmfMediaEditor.dll (API version 3709383).
LogModuleManager: Display: Found up-to-date module file ../../../Engine/Plugins/Media/WmfMedia/Binaries/Win64/UE4Editor-WmfMediaFactory.dll (API version 3709383).
LogModuleManager: Display: Found up-to-date module file ../../../Engine/Plugins/Media/WmfMedia/Binaries/Win64/UE4Editor-WmfMediaFactory.dll (API version 3709383).
LogModuleManager: Display: Found up-to-date module file ../../../Engine/Plugins/Messaging/TcpMessaging/Binaries/Win64/UE4Editor-TcpMessaging.dll (API version 3709383).
LogModuleManager: Display: Found up-to-date module file ../../../Engine/Plugins/Messaging/UdpMessaging/Binaries/Win64/UE4Editor-UdpMessaging.dll (API version 3709383).
LogModuleManager: Display: Found up-to-date module file ../../../Engine/Plugins/MovieScene/ActorSequence/Binaries/Win64/UE4Editor-ActorSequence.dll (API version 3709383).
LogModuleManager: Display: Found up-to-date module file ../../../Engine/Plugins/MovieScene/LevelSequenceEditor/Binaries/Win64/UE4Editor-LevelSequenceEditor.dll (API version 3709383).
LogModuleManager: Display: Found up-to-date module file ../../../Engine/Plugins/MovieScene/MatineeToLevelSequence/Binaries/Win64/UE4Editor-MatineeToLevelSequence.dll (API version 3709383).
LogModuleManager: Display: Found up-to-date module file ../../../Engine/Plugins/Online/OnlineSubsystem/Binaries/Win64/UE4Editor-OnlineSubsystem.dll (API version 3709383).
LogModuleManager: Display: Found up-to-date module file ../../../Engine/Plugins/Runtime/AndroidPermission/Binaries/Win64/UE4Editor-AndroidPermission.dll (API version 3709383).
LogModuleManager: Display: Found up-to-date module file ../../../Engine/Plugins/Online/OnlineSubsystemNull/Binaries/Win64/UE4Editor-OnlineSubsystemNull.dll (API version 3709383).
LogModuleManager: Display: Found up-to-date module file ../../../Engine/Plugins/Online/OnlineSubsystemUtils/Binaries/Win64/UE4Editor-OnlineSubsystemUtils.dll (API version 3709383).
LogModuleManager: Display: Found up-to-date module file ../../../Engine/Plugins/Online/OnlineSubsystemUtils/Binaries/Win64/UE4Editor-OnlineBlueprintSupport.dll (API version 3709383).
LogModuleManager: Display: Found up-to-date module file ../../../Engine/Plugins/Runtime/AndroidDeviceProfileSelector/Binaries/Win64/UE4Editor-AndroidDeviceProfileSelector.dll (API version 3709383).
LogModuleManager: Display: Found up-to-date module file ../../../Engine/Plugins/Runtime/AppleARKit/Binaries/Win64/UE4Editor-AppleARKit.dll (API version 3709383).
LogModuleManager: Display: Found up-to-date module file ../../../Engine/Plugins/Runtime/ArchVisCharacter/Binaries/Win64/UE4Editor-ArchVisCharacter.dll (API version 3709383).
LogModuleManager: Display: Found up-to-date module file ../../../Engine/Plugins/Runtime/CableComponent/Binaries/Win64/UE4Editor-CableComponent.dll (API version 3709383).
LogModuleManager: Display: Found up-to-date module file ../../../Engine/Plugins/Runtime/CustomMeshComponent/Binaries/Win64/UE4Editor-CustomMeshComponent.dll (API version 3709383).
LogModuleManager: Display: Found up-to-date module file ../../../Engine/Plugins/Runtime/ExampleDeviceProfileSelector/Binaries/Win64/UE4Editor-ExampleDeviceProfileSelector.dll (API version 3709383).
LogModuleManager: Display: Found up-to-date module file ../../../Engine/Plugins/Runtime/ImmediatePhysics/Binaries/Win64/UE4Editor-ImmediatePhysics.dll (API version 3709383).
LogModuleManager: Display: Found up-to-date module file ../../../Engine/Plugins/Runtime/ImmediatePhysics/Binaries/Win64/UE4Editor-ImmediatePhysicsEditor.dll (API version 3709383).
LogModuleManager: Display: Found up-to-date module file ../../../Engine/Plugins/Runtime/LocationServicesBPLibrary/Binaries/Win64/UE4Editor-LocationServicesBPLibrary.dll (API version 3709383).
LogModuleManager: Display: Found up-to-date module file ../../../Engine/Plugins/Runtime/MobilePatchingUtils/Binaries/Win64/UE4Editor-MobilePatchingUtils.dll (API version 3709383).
LogModuleManager: Display: Found up-to-date module file ../../../Engine/Plugins/Runtime/Oculus/OculusVR/Binaries/Win64/UE4Editor-OculusHMD.dll (API version 3709383).
LogModuleManager: Display: Found up-to-date module file ../../../Engine/Plugins/Runtime/Oculus/OculusVR/Binaries/Win64/UE4Editor-OculusInput.dll (API version 3709383).
LogModuleManager: Display: Found up-to-date module file ../../../Engine/Plugins/Runtime/Oculus/OculusVR/Binaries/Win64/UE4Editor-OculusEditor.dll (API version 3709383).
LogModuleManager: Display: Found up-to-date module file ../../../Engine/Plugins/Runtime/PhysXVehicles/Binaries/Win64/UE4Editor-PhysXVehicles.dll (API version 3709383).
LogModuleManager: Display: Found up-to-date module file ../../../Engine/Plugins/Runtime/PhysXVehicles/Binaries/Win64/UE4Editor-PhysXVehiclesEditor.dll (API version 3709383).
LogModuleManager: Display: Found up-to-date module file ../../../Engine/Plugins/Runtime/ProceduralMeshComponent/Binaries/Win64/UE4Editor-ProceduralMeshComponent.dll (API version 3709383).
LogModuleManager: Display: Found up-to-date module file ../../../Engine/Plugins/Runtime/ProceduralMeshComponent/Binaries/Win64/UE4Editor-ProceduralMeshComponentEditor.dll (API version 3709383).
LogModuleManager: Display: Found up-to-date module file ../../../Engine/Plugins/Runtime/RuntimePhysXCooking/Binaries/Win64/UE4Editor-RuntimePhysXCooking.dll (API version 3709383).
LogModuleManager: Display: Found up-to-date module file ../../../Engine/Plugins/Runtime/Steam/SteamVR/Binaries/Win64/UE4Editor-SteamVR.dll (API version 3709383).
LogModuleManager: Display: Found up-to-date module file ../../../Engine/Plugins/Runtime/Steam/SteamVR/Binaries/Win64/UE4Editor-SteamVRController.dll (API version 3709383).
LogModuleManager: Display: Found up-to-date module file ../../../Engine/Plugins/Runtime/WindowsMoviePlayer/Binaries/Win64/UE4Editor-WindowsMoviePlayer.dll (API version 3709383).
LogPluginManager: Mounting plugin Paper2D
LogPluginManager: Mounting plugin LightPropagationVolume
LogPluginManager: Mounting plugin CodeLiteSourceCodeAccess
LogPluginManager: Mounting plugin GitSourceControl
LogPluginManager: Mounting plugin KDevelopSourceCodeAccess
LogPluginManager: Mounting plugin NullSourceCodeAccess
LogPluginManager: Mounting plugin PerforceSourceControl
LogPluginManager: Mounting plugin SubversionSourceControl
LogPluginManager: Mounting plugin UObjectPlugin
LogPluginManager: Mounting plugin VisualStudioCodeSourceCodeAccess
LogPluginManager: Mounting plugin VisualStudioSourceCodeAccess
LogPluginManager: Mounting plugin XCodeSourceCodeAccess
LogPluginManager: Mounting plugin AssetManagerEditor
LogPluginManager: Mounting plugin AudioCapture
LogPluginManager: Mounting plugin FacialAnimation
LogPluginManager: Mounting plugin GameplayTagsEditor
LogPluginManager: Mounting plugin MobileLauncherProfileWizard
LogPluginManager: Mounting plugin PluginBrowser
LogPluginManager: Mounting plugin SpeedTreeImporter
LogPluginManager: Mounting plugin AlembicImporter
LogPluginManager: Mounting plugin CharacterAI
LogPluginManager: Mounting plugin HTML5Networking
LogPluginManager: Mounting plugin AndroidMedia
LogPluginManager: Mounting plugin AvfMedia
LogPluginManager: Mounting plugin ImgMedia
LogPluginManager: Mounting plugin MediaCompositing
LogPluginManager: Mounting plugin MediaPlayerEditor
LogPluginManager: Mounting plugin WmfMedia
LogPluginManager: Mounting plugin TcpMessaging
LogPluginManager: Mounting plugin UdpMessaging
LogPluginManager: Mounting plugin ActorSequence
LogPluginManager: Mounting plugin LevelSequenceEditor
LogPluginManager: Mounting plugin MatineeToLevelSequence
LogPluginManager: Mounting plugin OnlineSubsystemGooglePlay
LogPluginManager: Mounting plugin OnlineSubsystemIOS
LogPluginManager: Mounting plugin OnlineSubsystem
LogPluginManager: Mounting plugin OnlineSubsystemNull
LogPluginManager: Mounting plugin OnlineSubsystemUtils
LogPluginManager: Mounting plugin AndroidDeviceProfileSelector
LogPluginManager: Mounting plugin AndroidMoviePlayer
LogPluginManager: Mounting plugin AndroidPermission
LogPluginManager: Mounting plugin AppleARKit
LogPluginManager: Mounting plugin AppleMoviePlayer
LogPluginManager: Mounting plugin ArchVisCharacter
LogPluginManager: Mounting plugin CableComponent
LogPluginManager: Mounting plugin CustomMeshComponent
LogPluginManager: Mounting plugin ExampleDeviceProfileSelector
LogPluginManager: Mounting plugin GoogleCloudMessaging
LogPluginManager: Mounting plugin ImmediatePhysics
LogPluginManager: Mounting plugin IOSDeviceProfileSelector
LogPluginManager: Mounting plugin LinuxDeviceProfileSelector
LogPluginManager: Mounting plugin LocationServicesBPLibrary
LogPluginManager: Mounting plugin MobilePatchingUtils
LogPluginManager: Mounting plugin OculusVR
LogPluginManager: Plugin shader directory ../../../Engine/Plugins/Runtime/Oculus/OculusVR/Shaders found
LogPluginManager: Mapping shader source directory ../../../Engine/Plugins/Runtime/Oculus/OculusVR/Shaders to virtual directory /Plugin/OculusVR
LogPluginManager: Mounting plugin PhysXVehicles
LogPluginManager: Mounting plugin ProceduralMeshComponent
LogPluginManager: Mounting plugin RuntimePhysXCooking
LogPluginManager: Mounting plugin SteamVR
LogPluginManager: Mounting plugin WindowsMoviePlayer
LogInit: Using libcurl 7.47.1
LogInit:  - built for x86_64-pc-win32
LogInit:  - supports SSL with OpenSSL/1.0.2g
LogInit:  - supports HTTP deflate (compression) using libz 1.2.8
LogInit:  - other features:
LogInit:      CURL_VERSION_SSL
LogInit:      CURL_VERSION_LIBZ
LogInit:      CURL_VERSION_IPV6
LogInit:      CURL_VERSION_ASYNCHDNS
LogInit:      CURL_VERSION_LARGEFILE
LogInit:      CURL_VERSION_IDN
LogInit:  CurlRequestOptions (configurable via config and command line):
LogInit:  - bVerifyPeer = false  - Libcurl will NOT verify peer certificate
LogInit:  - bUseHttpProxy = false  - Libcurl will NOT use HTTP proxy
LogInit:  - bDontReuseConnections = false  - Libcurl will reuse connections
LogInit:  - CertBundlePath = nullptr  - Libcurl will use whatever was configured at build time.
LogInit: Build: ++UE4+Release-4.18-CL-3754814
LogInit: Engine Version: 4.18.1-3754814+++UE4+Release-4.18
LogInit: Compatible Engine Version: 4.18.0-3709383+++UE4+Release-4.18
LogInit: Net CL: 3709383
LogDevObjectVersion: Number of dev versions registered: 16
LogDevObjectVersion:   Dev-Blueprints (B0D832E4-1F89-4F0D-ACCF-7EB736FD4AA2): 10
LogDevObjectVersion:   Dev-Build (E1C64328-A22C-4D53-A36C-8E866417BD8C): 0
LogDevObjectVersion:   Dev-Core (375EC13C-06E4-48FB-B500-84F0262A717E): 2
LogDevObjectVersion:   Dev-Editor (E4B068ED-F494-42E9-A231-DA0B2E46BB41): 20
LogDevObjectVersion:   Dev-Framework (CFFC743F-43B0-4480-9391-14DF171D2073): 30
LogDevObjectVersion:   Dev-Mobile (B02B49B5-BB20-44E9-A304-32B752E40360): 0
LogDevObjectVersion:   Dev-Networking (A4E4105C-59A1-49B5-A7C5-40C4547EDFEE): 0
LogDevObjectVersion:   Dev-Online (39C831C9-5AE6-47DC-9A44-9C173E1C8E7C): 0
LogDevObjectVersion:   Dev-Physics (78F01B33-EBEA-4F98-B9B4-84EACCB95AA2): 0
LogDevObjectVersion:   Dev-Platform (6631380F-2D4D-43E0-8009-CF276956A95A): 0
LogDevObjectVersion:   Dev-Rendering (12F88B9F-8875-4AFC-A67C-D90C383ABD29): 20
LogDevObjectVersion:   Dev-Sequencer (7B5AE74C-D270-4C10-A958-57980B212A5A): 4
LogDevObjectVersion:   Dev-VR (D7296918-1DD6-4BDD-9DE2-64A83CC13884): 0
LogDevObjectVersion:   Dev-LoadTimes (C2A15278-BFE7-4AFE-6C17-90FF531DF755): 1
LogDevObjectVersion:   Private-Geometry (6EACA3D4-40EC-4CC1-B786-8BED09428FC5): 1
LogDevObjectVersion:   Dev-AnimPhys (29E575DD-E0A3-4627-9D10-D276232CDCEA): 12
LogInit: Compiled (64-bit): Nov 14 2017 02:05:55
LogInit: Compiled with Visual C++: 19.00.24215.01
LogInit: Build Configuration: Development
LogInit: Branch Name: ++UE4+Release-4.18
LogInit: Command line:  
LogInit: Base directory: C:/Program Files/Epic Games/UE_4.18/Engine/Binaries/Win64/
LogInit: Installed Engine Build: 1
LogInit: Presizing for max 8388607 objects, including 0 objects not considered by GC, pre-allocating 0 bytes for permanent pool.
LogInit: Object subsystem initialized
[2017.11.26-18.04.24:908][  0]LogInit: Selected Device Profile: [Windows]
[2017.11.26-18.04.24:908][  0]LogInit: Applying CVar settings loaded from the selected device profile: [Windows]
[2017.11.26-18.04.24:921][  0]LogInit: Computer: DESKTOP-84MK44V
[2017.11.26-18.04.24:921][  0]LogInit: User: Victor
[2017.11.26-18.04.24:921][  0]LogInit: CPU Page size=4096, Cores=10
[2017.11.26-18.04.24:921][  0]LogInit: High frequency timer resolution =2.929686 MHz
[2017.11.26-18.04.24:921][  0]LogMemory: Memory total: Physical=127.9GB (128GB approx)
[2017.11.26-18.04.24:922][  0]LogMemory: Platform Memory Stats for Windows
[2017.11.26-18.04.24:922][  0]LogMemory: Process Physical Memory: 276.28 MB used, 276.28 MB peak
[2017.11.26-18.04.24:922][  0]LogMemory: Process Virtual Memory: 273.16 MB used, 273.16 MB peak
[2017.11.26-18.04.24:922][  0]LogMemory: Physical Memory: 9696.93 MB used,  121285.72 MB free, 130982.66 MB total
[2017.11.26-18.04.24:922][  0]LogMemory: Virtual Memory: 661.71 MB used,  121285.72 MB free, 134217728.00 MB total
[2017.11.26-18.04.25:040][  0]LogInit: Overriding language with editor language configuration option (en).
[2017.11.26-18.04.25:041][  0]LogInit: Overriding locale with editor locale configuration option (en).
[2017.11.26-18.04.25:405][  0]LogInit: Setting process to per monitor DPI aware
[2017.11.26-18.04.25:604][  0]LogD3D11RHI: D3D11 adapters:
[2017.11.26-18.04.25:644][  0]LogD3D11RHI:    0. 'NVIDIA GeForce GTX 980 Ti' (Feature Level 11_0)
[2017.11.26-18.04.25:644][  0]LogD3D11RHI:       6103/0/65491 MB DedicatedVideo/DedicatedSystem/SharedSystem, Outputs:2, VendorId:0x10de
[2017.11.26-18.04.25:645][  0]LogD3D11RHI:    1. 'Microsoft Basic Render Driver' (Feature Level 11_0)
[2017.11.26-18.04.25:645][  0]LogD3D11RHI:       0/0/65491 MB DedicatedVideo/DedicatedSystem/SharedSystem, Outputs:0, VendorId:0x1414
[2017.11.26-18.04.25:645][  0]LogD3D11RHI: Chosen D3D11 Adapter: 0
[2017.11.26-18.04.25:651][  0]LogD3D11RHI: Creating new Direct3DDevice
[2017.11.26-18.04.25:651][  0]LogD3D11RHI:     GPU DeviceId: 0x17c8 (for the marketing name, search the web for "GPU Device Id")
[2017.11.26-18.04.25:651][  0]LogWindows: EnumDisplayDevices:
[2017.11.26-18.04.25:651][  0]LogWindows:    0. 'NVIDIA GeForce GTX 980 Ti' (P:1 D:1)
[2017.11.26-18.04.25:651][  0]LogWindows:    1. 'NVIDIA GeForce GTX 980 Ti' (P:0 D:1)
[2017.11.26-18.04.25:651][  0]LogWindows:    2. 'NVIDIA GeForce GTX 980 Ti' (P:0 D:0)
[2017.11.26-18.04.25:651][  0]LogWindows:    3. 'NVIDIA GeForce GTX 980 Ti' (P:0 D:0)
[2017.11.26-18.04.25:651][  0]LogWindows: DebugString: FoundDriverCount:4 
[2017.11.26-18.04.25:651][  0]LogD3D11RHI:     Adapter Name: NVIDIA GeForce GTX 980 Ti
[2017.11.26-18.04.25:651][  0]LogD3D11RHI:   Driver Version: 388.13 (internal:23.21.13.8813, unified:388.13)
[2017.11.26-18.04.25:651][  0]LogD3D11RHI:      Driver Date: 10-27-2017
[2017.11.26-18.04.25:651][  0]LogRHI: Texture pool is 4272 MB (70% of 6103 MB)
[2017.11.26-18.04.25:688][  0]LogD3D11RHI: Async texture creation enabled
[2017.11.26-18.04.25:745][  0]LogD3D11RHI: GPU Timing Frequency: 1000.000000 (Debug: 2 2)
[2017.11.26-18.04.25:838][  0]LogShaderCompilers: Guid format shader working directory is 33 characters bigger than the processId version (E:/SideScroller/Intermediate/Shaders/WorkingDirectory/532/).
[2017.11.26-18.04.25:838][  0]LogShaderCompilers: Cleaned the shader compiler working directory 'C:/Users/Victor/AppData/Local/Temp/UnrealShaderWorkingDir/F024489440FA8D2C0E16459732F8607D/'.
[2017.11.26-18.04.25:838][  0]LogShaderCompilers: Display: Using Local Shader Compiler.
[2017.11.26-18.04.26:658][  0]LogTemp: Display: Loaded TP AllDesktopTargetPlatform
[2017.11.26-18.04.26:704][  0]LogTemp: Display: Loaded TP MacClientTargetPlatform
[2017.11.26-18.04.26:748][  0]LogTemp: Display: Loaded TP MacNoEditorTargetPlatform
[2017.11.26-18.04.26:787][  0]LogTemp: Display: Loaded TP MacServerTargetPlatform
[2017.11.26-18.04.26:826][  0]LogTemp: Display: Loaded TP MacTargetPlatform
[2017.11.26-18.04.26:870][  0]LogTemp: Display: Loaded TP WindowsClientTargetPlatform
[2017.11.26-18.04.26:914][  0]LogTemp: Display: Loaded TP WindowsNoEditorTargetPlatform
[2017.11.26-18.04.26:959][  0]LogTemp: Display: Loaded TP WindowsServerTargetPlatform
[2017.11.26-18.04.26:996][  0]LogTemp: Display: Loaded TP WindowsTargetPlatform
[2017.11.26-18.04.27:038][  0]LogTemp: Display: Loaded TP Android_ASTCTargetPlatform
[2017.11.26-18.04.27:080][  0]LogTemp: Display: Loaded TP Android_ATCTargetPlatform
[2017.11.26-18.04.27:122][  0]LogTemp: Display: Loaded TP Android_DXTTargetPlatform
[2017.11.26-18.04.27:166][  0]LogTemp: Display: Loaded TP Android_ETC1TargetPlatform
[2017.11.26-18.04.27:209][  0]LogTemp: Display: Loaded TP Android_ETC2TargetPlatform
[2017.11.26-18.04.27:294][  0]LogTemp: Display: Loaded TP Android_MultiTargetPlatform
[2017.11.26-18.04.27:294][  0]LogTemp: Display: Loaded TP Android_PVRTCTargetPlatform
[2017.11.26-18.04.27:339][  0]LogTemp: Display: Loaded TP AndroidTargetPlatform
[2017.11.26-18.04.27:373][  0]LogTemp: Display: Loaded TP HTML5TargetPlatform
[2017.11.26-18.04.27:452][  0]LogTemp: Display: Loaded TP IOSTargetPlatform
[2017.11.26-18.04.27:476][  0]LogTemp: Display: Loaded TP TVOSTargetPlatform
[2017.11.26-18.04.27:518][  0]LogTemp: Display: Loaded TP LinuxClientTargetPlatform
[2017.11.26-18.04.27:560][  0]LogTemp: Display: Loaded TP LinuxNoEditorTargetPlatform
[2017.11.26-18.04.27:602][  0]LogTemp: Display: Loaded TP LinuxServerTargetPlatform
[2017.11.26-18.04.27:645][  0]LogTemp: Display: Loaded TP LinuxTargetPlatform
[2017.11.26-18.04.27:645][  0]LogTargetPlatformManager: Display: Building Assets For Windows
[2017.11.26-18.04.28:033][  0]LogDerivedDataCache: Display: Max Cache Size: 512 MB
[2017.11.26-18.04.28:115][  0]LogDerivedDataCache: Loaded boot cache 0.08s 78MB C:/Users/Victor/AppData/Local/UnrealEngine/4.18/DerivedDataCache/Boot.ddc.
[2017.11.26-18.04.28:115][  0]LogDerivedDataCache: Display: Loaded Boot cache: C:/Users/Victor/AppData/Local/UnrealEngine/4.18/DerivedDataCache/Boot.ddc
[2017.11.26-18.04.28:115][  0]LogDerivedDataCache: FDerivedDataBackendGraph:  Pak pak cache file E:/SideScroller/DerivedDataCache/DDC.ddp not found, will not use a pak cache.
[2017.11.26-18.04.28:115][  0]LogDerivedDataCache: Unable to find inner node Pak for hierarchical cache Hierarchy.
[2017.11.26-18.04.28:115][  0]LogDerivedDataCache: FDerivedDataBackendGraph:  CompressedPak pak cache file E:/SideScroller/DerivedDataCache/Compressed.ddp not found, will not use a pak cache.
[2017.11.26-18.04.28:115][  0]LogDerivedDataCache: Unable to find inner node CompressedPak for hierarchical cache Hierarchy.
[2017.11.26-18.04.28:130][  0]LogDerivedDataCache: Display: Pak cache opened for reading ../../../Engine/DerivedDataCache/Compressed.ddp.
[2017.11.26-18.04.28:142][  0]LogDerivedDataCache: Using Local data cache path C:/Users/Victor/AppData/Local/UnrealEngine/Common/DerivedDataCache: Writable
[2017.11.26-18.04.28:152][  0]LogMaterial: Verifying Global Shaders for PCD3D_SM5
[2017.11.26-18.04.28:152][  0]LogSlate: Using Freetype 2.6.0
[2017.11.26-18.04.28:152][  0]LogSlate: SlateFontCache - WITH_FREETYPE: 1, WITH_HARFBUZZ: 1
[2017.11.26-18.04.28:152][  0]LogSlate: SlateFontCache - WITH_FREETYPE: 1, WITH_HARFBUZZ: 1
[2017.11.26-18.04.28:466][  0]LogInit: Selected Device Profile: [Windows]
[2017.11.26-18.04.28:726][  0]LogSimplygon: Simplygon DLL not present - disabling.
[2017.11.26-18.04.28:757][  0]LogMeshReduction: Using SimplygonSwarm for distributed automatic mesh merging
[2017.11.26-18.04.28:757][  0]LogMeshReduction: Using QuadricMeshReduction for automatic static mesh reduction
[2017.11.26-18.04.28:757][  0]LogMeshReduction: No automatic skeletal mesh reduction module available
[2017.11.26-18.04.28:757][  0]LogMeshReduction: No automatic mesh merging module available
[2017.11.26-18.04.28:757][  0]LogMeshMerging: No automatic mesh merging module available
[2017.11.26-18.04.28:782][  0]LogNetVersion: SideScroller , NetCL: 3709383, EngineNetVer: 2, GameNetVer: 0 (Checksum: 123061163)
[2017.11.26-18.04.28:921][  0]LogAssetRegistry: FAssetRegistry took 0.0248 seconds to start up
[2017.11.26-18.04.29:335][  0]LogPackageLocalizationCache: Processed 7 localized package path(s) for 1 prioritized culture(s) in 0.027065 seconds
[2017.11.26-18.04.29:338][  0]LogUObjectArray: 35900 objects as part of root set at end of initial load.
[2017.11.26-18.04.29:338][  0]LogUObjectAllocator: 7372016 out of 0 bytes used by permanent object pool.
[2017.11.26-18.04.29:338][  0]LogUObjectArray: CloseDisregardForGC: 0/0 objects in disregard for GC pool
[2017.11.26-18.04.29:377][  0]LogInit: WinSock: version 1.1 (2.2), MaxSocks=32767, MaxUdp=65467
[2017.11.26-18.04.31:509][  0]LogTcpMessaging: Initializing TcpMessaging bridge
[2017.11.26-18.04.31:542][  0]LogUdpMessaging: Initializing bridge on interface 0.0.0.0:0 to multicast group 230.0.0.1:6666.
[2017.11.26-18.04.32:071][  0]LogMaterial: Uniform references updated for custom material expression Custom.
[2017.11.26-18.04.32:399][  0]SourceControl: Source control is disabled
[2017.11.26-18.04.32:399][  0]SourceControl: Source control is disabled
[2017.11.26-18.04.32:440][  0]SourceControl: Source control is disabled
[2017.11.26-18.04.32:478][  0]SourceControl: Source control is disabled
[2017.11.26-18.04.33:095][  0]LogAndroidPermission: UAndroidPermissionCallbackProxy::GetInstance
[2017.11.26-18.04.33:304][  0]LogOcInput: OculusInput pre-init called
[2017.11.26-18.04.33:530][  0]LogEngine: Initializing Engine...
[2017.11.26-18.04.33:532][  0]LogHMD: Failed to initialize OpenVR with code 110
[2017.11.26-18.04.33:727][  0]LogStats: UGameplayTagsManager::ConstructGameplayTagTree: Construct from data asset -  0.000 s
[2017.11.26-18.04.33:727][  0]LogStats: UGameplayTagsManager::ConstructGameplayTagTree: GameplayTagTreeChangedEvent.Broadcast -  0.000 s
[2017.11.26-18.04.33:824][  0]LogAIModule: Creating AISystem for world Untitled
[2017.11.26-18.04.33:835][  0]LogInit: XAudio2 using 'DELL U2414H-8 (3- NVIDIA High Definition Audio)' : 2 channels at 48 kHz using 16 bits per sample (channel mask 0x3)
[2017.11.26-18.04.33:844][  0]LogInit: FAudioDevice initialized.
[2017.11.26-18.04.33:893][  0]LogDerivedDataCache: Saved boot cache 0.05s 78MB C:/Users/Victor/AppData/Local/UnrealEngine/4.18/DerivedDataCache/Boot.ddc.
[2017.11.26-18.04.33:902][  0]LogInit: Texture streaming: Enabled
[2017.11.26-18.04.33:977][  0]LogEngineSessionManager: EngineSessionManager initialized
[2017.11.26-18.04.34:077][  0]LogInit: Transaction tracking system initialized
[2017.11.26-18.04.34:314][  0]BlueprintLog: New page: Editor Load
[2017.11.26-18.04.35:016][  0]LocalizationService: Localization service is disabled
[2017.11.26-18.04.35:582][  0]LogConsoleResponse: Display: 
[2017.11.26-18.04.35:727][  0]LogCook: Display: Max memory allowance for cook 16384mb min free memory 0mb
[2017.11.26-18.04.35:727][  0]LogCook: Display: Mobile HDR setting 1
[2017.11.26-18.04.35:727][  0]LogGameplayTags: Display: UGameplayTagsManager::DoneAddingNativeTags. DelegateIsBound: 0
[2017.11.26-18.04.36:638][  0]LogFileCache: Scanning file cache for directory 'E:/SideScroller/Content/' took 0.02s
[2017.11.26-18.04.36:638][  0]SourceControl: Source control is disabled
[2017.11.26-18.04.36:638][  0]Cmd: MAP LOAD FILE="E:/SideScroller/Content/SideScrollerBP/Maps/SideScrollerExampleMap.umap" TEMPLATE=0 SHOWPROGRESS=1 FEATURELEVEL=3
[2017.11.26-18.04.36:638][  0]LightingResults: New page: Lighting Build
[2017.11.26-18.04.36:670][  0]MapCheck: New page: Map Check
[2017.11.26-18.04.36:670][  0]LightingResults: New page: Lighting Build
[2017.11.26-18.04.37:058][  0]LogAIModule: Creating AISystem for world SideScrollerExampleMap
[2017.11.26-18.04.37:064][  0]LogEditorServer: Finished looking for orphan Actors (0.000 secs)
[2017.11.26-18.04.37:083][  0]Cmd: MAP CHECKDEP NOCLEARLOG
[2017.11.26-18.04.37:126][  0]MapCheck: Map check complete: 0 Error(s), 0 Warning(s), took 42.613ms to complete.
[2017.11.26-18.04.37:126][  0]LogFileHelpers: Loading map 'SideScrollerExampleMap' took 0.488
[2017.11.26-18.04.37:254][  0]LogCollectionManager: Loaded 0 collections in 0.001125 seconds
[2017.11.26-18.04.37:324][  0]LogFileCache: Scanning file cache for directory 'E:/SideScroller/Saved/Collections/' took 0.01s
[2017.11.26-18.04.37:324][  0]LogFileCache: Scanning file cache for directory 'E:/SideScroller/Content/Developers/Victor/Collections/' took 0.01s
[2017.11.26-18.04.37:324][  0]LogFileCache: Scanning file cache for directory 'E:/SideScroller/Content/Collections/' took 0.01s
[2017.11.26-18.04.37:324][  0]LogCollectionManager: Rebuilt the GUID cache for 0 collections in 0.000001 seconds
[2017.11.26-18.04.37:331][  0]LogContentBrowser: Native class hierarchy populated in 0.0067 seconds. Added 2363 classes and 519 folders.
[2017.11.26-18.04.37:381][  0]LogContentBrowser: Native class hierarchy updated for 'WidgetCarousel' in 0.0002 seconds. Added 0 classes and 0 folders.
[2017.11.26-18.04.37:407][  0]LogContentBrowser: Native class hierarchy updated for 'AddContentDialog' in 0.0002 seconds. Added 0 classes and 0 folders.
[2017.11.26-18.04.37:441][  0]LogContentBrowser: Native class hierarchy updated for 'SceneOutliner' in 0.0002 seconds. Added 1 classes and 2 folders.
[2017.11.26-18.04.37:496][  0]LogSlate: Took 0.000164 seconds to synchronously load lazily loaded font '../../../Engine/Content/Slate/Fonts/Roboto-Regular.ttf' (155K)
[2017.11.26-18.04.37:498][  0]LogSlate: Took 0.000142 seconds to synchronously load lazily loaded font '../../../Engine/Content/Slate/Fonts/Roboto-Bold.ttf' (160K)
[2017.11.26-18.04.37:502][  0]LogSlate: Took 0.000117 seconds to synchronously load lazily loaded font '../../../Engine/Content/Editor/Slate/Fonts/FontAwesome.ttf' (139K)
[2017.11.26-18.04.37:575][  0]LogRenderer: Reallocating scene render targets to support 1208x580 Format 10 NumSamples 1 (Frame:1).
[2017.11.26-18.04.37:876][  0]LogContentBrowser: Native class hierarchy updated for 'HierarchicalLODOutliner' in 0.0002 seconds. Added 1 classes and 2 folders.
[2017.11.26-18.04.37:876][  0]LogLoad: (Engine Initialization) Total time: 15.90 seconds
[2017.11.26-18.04.37:876][  0]LogLoad: (Engine Initialization) Total Blueprint compile time: 0.00 seconds
[2017.11.26-18.04.37:876][  0]LogExternalProfiler: No external profilers were discovered.  External profiling features will not be available.
[2017.11.26-18.04.37:885][  0]LogWindowsTextInputMethodSystem: Display: IME system now deactivated.
[2017.11.26-18.04.37:901][  0]LogAssetRegistry: Asset discovery search completed in 9.0004 seconds
[2017.11.26-18.04.37:902][  0]LogCollectionManager: Rebuilt the object cache for 0 collections in 0.000000 seconds (found 0 objects)
[2017.11.26-18.04.37:902][  0]LogCollectionManager: Fixed up redirectors for 0 collections in 0.000030 seconds (updated 0 objects)
[2017.11.26-18.04.37:904][  0]LogContentStreaming: Texture pool size now 1000 MB
[2017.11.26-18.04.37:944][  0]LogSlate: Took 0.000176 seconds to synchronously load lazily loaded font '../../../Engine/Content/Slate/Fonts/Roboto-Light.ttf' (159K)
[2017.11.26-18.04.38:899][ 90]LogSlate: Took 0.000158 seconds to synchronously load lazily loaded font '../../../Engine/Content/Slate/Fonts/Roboto-Light.ttf' (159K)
[2017.11.26-18.10.04:424][270]LogSlate: Took 0.000139 seconds to synchronously load lazily loaded font '../../../Engine/Content/Slate/Fonts/Roboto-Light.ttf' (159K)
[2017.11.26-18.10.04:466][270]LogFactory: FactoryCreateFile: Texture with ReimportTextureFactory (0 0 E:\SideScroller_Models\Textures/10_Hearts.png)
[2017.11.26-18.10.05:020][270]LogTexture: Display: Building textures: 10_Hearts (AutoDXT, 4096X4096)
[2017.11.26-18.10.06:940][270]LogFactory: FactoryCreateFile: Texture with ReimportTextureFactory (0 0 E:\SideScroller_Models\Textures/10_Spades.png)
[2017.11.26-18.10.07:502][270]LogTexture: Display: Building textures: 10_Spades (AutoDXT, 4096X4096)
[2017.11.26-18.10.09:423][270]LogFactory: FactoryCreateFile: Texture with ReimportTextureFactory (0 0 E:\SideScroller_Models\Textures/2_Hearts.png)
[2017.11.26-18.10.09:981][270]LogTexture: Display: Building textures: 2_Hearts (AutoDXT, 4096X4096)
[2017.11.26-18.10.11:932][270]LogFactory: FactoryCreateFile: Texture with ReimportTextureFactory (0 0 E:\SideScroller_Models\Textures/2_Spades.png)
[2017.11.26-18.10.12:506][270]LogTexture: Display: Building textures: 2_Spades (AutoDXT, 4096X4096)
[2017.11.26-18.10.14:436][270]LogFactory: FactoryCreateFile: Texture with ReimportTextureFactory (0 0 E:\SideScroller_Models\Textures/3_Hearts.png)
[2017.11.26-18.10.14:993][270]LogTexture: Display: Building textures: 3_Hearts (AutoDXT, 4096X4096)
[2017.11.26-18.10.16:905][270]LogFactory: FactoryCreateFile: Texture with ReimportTextureFactory (0 0 E:\SideScroller_Models\Textures/3_Spades.png)
[2017.11.26-18.10.17:456][270]LogTexture: Display: Building textures: 3_Spades (AutoDXT, 4096X4096)
[2017.11.26-18.10.19:381][270]LogFactory: FactoryCreateFile: Texture with ReimportTextureFactory (0 0 E:\SideScroller_Models\Textures/4_Hearts.png)
[2017.11.26-18.10.19:945][270]LogTexture: Display: Building textures: 4_Hearts (AutoDXT, 4096X4096)
[2017.11.26-18.10.21:834][270]LogFactory: FactoryCreateFile: Texture with ReimportTextureFactory (0 0 E:\SideScroller_Models\Textures/4_Spades.png)
[2017.11.26-18.10.22:393][270]LogTexture: Display: Building textures: 4_Spades (AutoDXT, 4096X4096)
[2017.11.26-18.10.24:314][270]LogFactory: FactoryCreateFile: Texture with ReimportTextureFactory (0 0 E:\SideScroller_Models\Textures/5_Hearts.png)
[2017.11.26-18.10.24:871][270]LogTexture: Display: Building textures: 5_Hearts (AutoDXT, 4096X4096)
[2017.11.26-18.10.26:787][270]LogFactory: FactoryCreateFile: Texture with ReimportTextureFactory (0 0 E:\SideScroller_Models\Textures/5_Spades.png)
[2017.11.26-18.10.27:336][270]LogTexture: Display: Building textures: 5_Spades (AutoDXT, 4096X4096)
[2017.11.26-18.10.29:251][270]LogFactory: FactoryCreateFile: Texture with ReimportTextureFactory (0 0 E:\SideScroller_Models\Textures/6_Hearts.png)
[2017.11.26-18.10.29:818][270]LogTexture: Display: Building textures: 6_Hearts (AutoDXT, 4096X4096)
[2017.11.26-18.10.31:684][270]LogFactory: FactoryCreateFile: Texture with ReimportTextureFactory (0 0 E:\SideScroller_Models\Textures/6_Spades.png)
[2017.11.26-18.10.32:235][270]LogTexture: Display: Building textures: 6_Spades (AutoDXT, 4096X4096)
[2017.11.26-18.10.34:150][270]LogFactory: FactoryCreateFile: Texture with ReimportTextureFactory (0 0 E:\SideScroller_Models\Textures/7_Hearts.png)
[2017.11.26-18.10.34:706][270]LogTexture: Display: Building textures: 7_Hearts (AutoDXT, 4096X4096)
[2017.11.26-18.10.36:619][270]LogFactory: FactoryCreateFile: Texture with ReimportTextureFactory (0 0 E:\SideScroller_Models\Textures/7_Spades.png)
[2017.11.26-18.10.37:181][270]LogTexture: Display: Building textures: 7_Spades (AutoDXT, 4096X4096)
[2017.11.26-18.10.39:099][270]LogFactory: FactoryCreateFile: Texture with ReimportTextureFactory (0 0 E:\SideScroller_Models\Textures/8_Hearts.png)
[2017.11.26-18.10.39:654][270]LogTexture: Display: Building textures: 8_Hearts (AutoDXT, 4096X4096)
[2017.11.26-18.10.41:557][270]LogFactory: FactoryCreateFile: Texture with ReimportTextureFactory (0 0 E:\SideScroller_Models\Textures/8_Spades.png)
[2017.11.26-18.10.42:114][270]LogTexture: Display: Building textures: 8_Spades (AutoDXT, 4096X4096)
[2017.11.26-18.10.43:963][270]LogFactory: FactoryCreateFile: Texture with ReimportTextureFactory (0 0 E:\SideScroller_Models\Textures/9_Hearts.png)
[2017.11.26-18.10.44:525][270]LogTexture: Display: Building textures: 9_Hearts (AutoDXT, 4096X4096)
[2017.11.26-18.10.46:442][270]LogFactory: FactoryCreateFile: Texture with ReimportTextureFactory (0 0 E:\SideScroller_Models\Textures/9_Spades.png)
[2017.11.26-18.10.47:001][270]LogTexture: Display: Building textures: 9_Spades (AutoDXT, 4096X4096)
[2017.11.26-18.10.48:899][270]LogFactory: FactoryCreateFile: Texture with ReimportTextureFactory (0 0 E:\SideScroller_Models\Textures/A_Clubs.png)
[2017.11.26-18.10.49:474][270]LogTexture: Display: Building textures: A_Clubs (AutoDXT, 4096X4096)
[2017.11.26-18.10.51:401][270]LogFactory: FactoryCreateFile: Texture with ReimportTextureFactory (0 0 E:\SideScroller_Models\Textures/A_Diamonds.png)
[2017.11.26-18.10.51:963][270]LogTexture: Display: Building textures: A_Diamonds (AutoDXT, 4096X4096)
[2017.11.26-18.10.53:916][270]LogFactory: FactoryCreateFile: Texture with ReimportTextureFactory (0 0 E:\SideScroller_Models\Textures/A_Hearts.png)
[2017.11.26-18.10.54:484][270]LogTexture: Display: Building textures: A_Hearts (AutoDXT, 4096X4096)
[2017.11.26-18.10.56:432][270]LogFactory: FactoryCreateFile: Texture with ReimportTextureFactory (0 0 E:\SideScroller_Models\Textures/A_Spades.png)
[2017.11.26-18.10.57:001][270]LogTexture: Display: Building textures: A_Spades (AutoDXT, 4096X4096)
[2017.11.26-18.10.58:920][270]LogFactory: FactoryCreateFile: StaticMesh with FbxFactory (0 0 E:\SideScroller_Models\Card.FBX)
[2017.11.26-18.10.58:925][270]LogFbx: ItemName: GlobalSettings, ItemCount : 1
[2017.11.26-18.10.58:925][270]LogFbx: ItemName: AnimationStack, ItemCount : 1
[2017.11.26-18.10.58:925][270]LogFbx: ItemName: AnimationLayer, ItemCount : 1
[2017.11.26-18.10.58:925][270]LogFbx: ItemName: Model, ItemCount : 1
[2017.11.26-18.10.58:925][270]LogFbx: ItemName: Geometry, ItemCount : 1
[2017.11.26-18.10.58:925][270]LogFbx: ItemName: Material, ItemCount : 1
[2017.11.26-18.10.58:925][270]LogFbx: ItemName: Texture, ItemCount : 1
[2017.11.26-18.10.58:925][270]LogFbx: ItemName: AnimationCurve, ItemCount : 9
[2017.11.26-18.10.58:925][270]LogFbx: ItemName: AnimationCurveNode, ItemCount : 3
[2017.11.26-18.10.58:925][270]LogFbx: ItemName: Video, ItemCount : 1
[2017.11.26-18.10.58:929][270]LogFbx: Loading FBX Scene from E:\SideScroller_Models\Card.FBX
[2017.11.26-18.10.58:935][270]LogFbx: FBX Scene Loaded Succesfully
[2017.11.26-18.11.28:783][270]LogFbx: Loading FBX Scene from E:\SideScroller_Models\Card.FBX
[2017.11.26-18.11.28:789][270]LogFbx: FBX Scene Loaded Succesfully
[2017.11.26-18.11.28:789][270]LogFbx: =================================================
[2017.11.26-18.11.28:789][270]LogFbx: Dumping Node START [Box001] 
[2017.11.26-18.11.28:789][270]LogFbx: 	Total Deformer Count 429445648.
[2017.11.26-18.11.28:789][270]LogFbx: 	Attribute () Type (4).
[2017.11.26-18.11.28:789][270]LogFbx: 		[Node Attribute Child 1] Box001 (Type Mesh).
[2017.11.26-18.11.28:789][270]LogFbx: Dumping Node END [Box001]
[2017.11.26-18.11.28:789][270]LogFbx: =================================================
[2017.11.26-18.11.28:789][270]LogFbx: Dumping Node START [Box001] 
[2017.11.26-18.11.28:789][270]LogFbx: 	Total Deformer Count 429445592.
[2017.11.26-18.11.28:789][270]LogFbx: 	Attribute () Type (4).
[2017.11.26-18.11.28:789][270]LogFbx: 		[Node Attribute Child 1] Box001 (Type Mesh).
[2017.11.26-18.11.28:789][270]LogFbx: Dumping Node END [Box001]
[2017.11.26-18.11.28:789][270]LogLinker: Can't find file '/Game/Assets/Cards/Material__4'
[2017.11.26-18.11.28:789][270]LogLinker: Can't find file '/Game/Assets/Cards/Material__4'
[2017.11.26-18.11.28:790][270]LogMaterial: Warning: Material /Game/Assets/Cards/Material__4.Material__4 needed to have new flag set bUsedWithSkeletalMesh !
[2017.11.26-18.11.28:791][270]LogMaterial: Missing cached shader map for material Material__4, compiling. 
[2017.11.26-18.11.28:883][270]LogLinker: Can't find file '/Game/Assets/Cards/2_Spades'
[2017.11.26-18.11.28:883][270]LogLinker: Can't find file '/Game/Assets/Cards/2_Spades'
[2017.11.26-18.11.28:883][270]LogFbxMaterialImport: Warning: Unable to find Texture file F:\TFG\Art\Cards\Textures\Final Textures\2_Spades.png
[2017.11.26-18.11.28:885][270]LogMaterial: Missing cached shader map for material Material__4, compiling. 
[2017.11.26-18.11.28:928][270]LogFbx: Triangulating skeletal mesh Box001
[2017.11.26-18.11.28:937][270]LogFbx: Warning: Bones digested - 1  Depth of hierarchy - 1
[2017.11.26-18.11.28:941][270]LogSkeletalMesh: Section 0: 192 vertices, 1 active bones
[2017.11.26-18.11.28:942][270]LogSkeletalMesh: Section 0: Material=0, 252 triangles
[2017.11.26-18.11.28:942][270]LogLinker: Can't find file '/Game/Assets/Cards/Card_Skeleton'
[2017.11.26-18.11.28:942][270]LogLinker: Can't find file '/Game/Assets/Cards/Card_Skeleton'
[2017.11.26-18.11.28:944][270]LogLinker: Can't find file '/Game/Assets/Cards/Card_PhysicsAsset'
[2017.11.26-18.11.28:944][270]LogLinker: Can't find file '/Game/Assets/Cards/Card_PhysicsAsset'
[2017.11.26-18.11.28:951][270]FBXImport: Warning: Could not find the bind pose.  It will use time 0 as bind pose. 
[2017.11.26-18.11.38:549][901]LogContentBrowser: Native class hierarchy updated for 'SkeletonEditor' in 0.0002 seconds. Added 1 classes and 2 folders.
[2017.11.26-18.11.38:816][901]LogActorComponent: RegisterComponentWithWorld: (/Engine/Transient.World_7:PersistentLevel.Actor_0.DebugSkelMeshComponent_0) Already registered. Aborting.
[2017.11.26-18.11.38:850][901]LogSkeletalMesh: USkeletalMeshComponent::InitArticulated : Bodies already created (/Engine/Transient.World_7:PersistentLevel.Actor_0.DebugSkelMeshComponent_0) - call TermArticulated first.
[2017.11.26-18.11.39:045][901]LogSlate: Took 0.000155 seconds to synchronously load lazily loaded font '../../../Engine/Content/Editor/Slate/Fonts/Roboto-Italic.ttf' (157K)
[2017.11.26-18.11.39:094][901]LogContentBrowser: Native class hierarchy updated for 'ClothingSystemEditorInterface' in 0.0002 seconds. Added 1 classes and 0 folders.
[2017.11.26-18.12.07:550][776]LogTemp: Repeating last play command: Selected Viewport
[2017.11.26-18.12.07:587][776]LogBlueprintUserMessages: Early PlayInEditor Detection: Level '/Game/SideScrollerBP/Maps/SideScrollerExampleMap.SideScrollerExampleMap:PersistentLevel' has LevelScriptBlueprint '/Game/SideScrollerBP/Maps/SideScrollerExampleMap.SideScrollerExampleMap:PersistentLevel.SideScrollerExampleMap' with GeneratedClass '/Game/SideScrollerBP/Maps/SideScrollerExampleMap.SideScrollerExampleMap_C' with ClassGeneratedBy '/Game/SideScrollerBP/Maps/SideScrollerExampleMap.SideScrollerExampleMap:PersistentLevel.SideScrollerExampleMap'
[2017.11.26-18.12.07:587][776]LogPlayLevel: PlayLevel: No blueprints needed recompiling
[2017.11.26-18.12.07:587][776]PIE: New page: PIE session: SideScrollerExampleMap (Nov 26, 2017, 8:12:07 PM)
[2017.11.26-18.12.07:587][776]LogPlayLevel: Creating play world package: /Game/SideScrollerBP/Maps/UEDPIE_0_SideScrollerExampleMap
[2017.11.26-18.12.07:614][776]LogPlayLevel: PIE: StaticDuplicateObject took: (0.026654s)
[2017.11.26-18.12.07:615][776]LogAIModule: Creating AISystem for world SideScrollerExampleMap
[2017.11.26-18.12.07:615][776]LogPlayLevel: PIE: World Init took: (0.000709s)
[2017.11.26-18.12.07:615][776]LogPlayLevel: PIE: Created PIE world by copying editor world from /Game/SideScrollerBP/Maps/SideScrollerExampleMap.SideScrollerExampleMap to /Game/SideScrollerBP/Maps/UEDPIE_0_SideScrollerExampleMap.SideScrollerExampleMap (0.027651s)
[2017.11.26-18.12.07:643][776]LogInit: XAudio2 using 'DELL U2414H-8 (3- NVIDIA High Definition Audio)' : 2 channels at 48 kHz using 16 bits per sample (channel mask 0x3)
[2017.11.26-18.12.07:649][776]LogInit: FAudioDevice initialized.
[2017.11.26-18.12.07:698][776]LogLoad: Game class is 'SideScrollerGameMode_C'
[2017.11.26-18.12.07:700][776]LogWorld: Bringing World /Game/SideScrollerBP/Maps/UEDPIE_0_SideScrollerExampleMap.SideScrollerExampleMap up for play (max tick rate 0) at 2017.11.26-19.12.07
[2017.11.26-18.12.07:700][776]LogWorld: Bringing up level for play took: 0.001556
[2017.11.26-18.12.07:733][776]LogContentBrowser: Native class hierarchy updated for 'MovieSceneCapture' in 0.0002 seconds. Added 11 classes and 0 folders.
[2017.11.26-18.12.07:734][776]PIE: Play in editor start time for /Game/SideScrollerBP/Maps/UEDPIE_0_SideScrollerExampleMap -0.302
[2017.11.26-18.12.07:734][776]LogBlueprintUserMessages: Late PlayInEditor Detection: Level '/Game/SideScrollerBP/Maps/SideScrollerExampleMap.SideScrollerExampleMap:PersistentLevel' has LevelScriptBlueprint '/Game/SideScrollerBP/Maps/SideScrollerExampleMap.SideScrollerExampleMap:PersistentLevel.SideScrollerExampleMap' with GeneratedClass '/Game/SideScrollerBP/Maps/SideScrollerExampleMap.SideScrollerExampleMap_C' with ClassGeneratedBy '/Game/SideScrollerBP/Maps/SideScrollerExampleMap.SideScrollerExampleMap:PersistentLevel.SideScrollerExampleMap'
[2017.11.26-18.13.27:062][278]LogBlueprintUserMessages: Early EndPlayMap Detection: Level '/Game/SideScrollerBP/Maps/SideScrollerExampleMap.SideScrollerExampleMap:PersistentLevel' has LevelScriptBlueprint '/Game/SideScrollerBP/Maps/SideScrollerExampleMap.SideScrollerExampleMap:PersistentLevel.SideScrollerExampleMap' with GeneratedClass '/Game/SideScrollerBP/Maps/SideScrollerExampleMap.SideScrollerExampleMap_C' with ClassGeneratedBy '/Game/SideScrollerBP/Maps/SideScrollerExampleMap.SideScrollerExampleMap:PersistentLevel.SideScrollerExampleMap'
[2017.11.26-18.13.27:094][278]LogBlueprintUserMessages: Late EndPlayMap Detection: Level '/Game/SideScrollerBP/Maps/SideScrollerExampleMap.SideScrollerExampleMap:PersistentLevel' has LevelScriptBlueprint '/Game/SideScrollerBP/Maps/SideScrollerExampleMap.SideScrollerExampleMap:PersistentLevel.SideScrollerExampleMap' with GeneratedClass '/Game/SideScrollerBP/Maps/SideScrollerExampleMap.SideScrollerExampleMap_C' with ClassGeneratedBy '/Game/SideScrollerBP/Maps/SideScrollerExampleMap.SideScrollerExampleMap:PersistentLevel.SideScrollerExampleMap'
[2017.11.26-18.15.08:055][424]LogEditorViewport: Clicking on Actor (LMB): StaticMeshActor (Wall3)
[2017.11.26-18.16.47:979][ 40]Cmd: OBJ SAVEPACKAGE PACKAGE="/Game/SideScrollerBP/Maps/SideScrollerExampleMap" FILE="E:/SideScroller/Content/SideScrollerBP/Maps/SideScrollerExampleMap.umap" SILENT=true AUTOSAVING=false KEEPDIRTY=false
[2017.11.26-18.16.48:718][ 40]LogSavePackage: Save=231.64ms
[2017.11.26-18.16.48:718][ 40]LogSavePackage: Moving 'E:/SideScroller/Saved/SideScrollerExampleMap83DB2BA644C217F635D33C8C30035C83.tmp' to 'E:/SideScroller/Content/SideScrollerBP/Maps/SideScrollerExampleMap.umap'
[2017.11.26-18.16.48:722][ 40]LogSavePackage: Display: Finished SavePackage E:/SideScroller/Content/SideScrollerBP/Maps/SideScrollerExampleMap.umap
[2017.11.26-18.16.48:744][ 40]Cmd: OBJ SAVEPACKAGE PACKAGE="/Game/SideScrollerBP/Maps/SideScrollerExampleMap_BuiltData" FILE="E:/SideScroller/Content/SideScrollerBP/Maps/SideScrollerExampleMap_BuiltData.uasset" SILENT=true
[2017.11.26-18.16.48:904][ 40]LogSavePackage: Save=122.31ms
[2017.11.26-18.16.48:904][ 40]LogSavePackage: Moving 'E:/SideScroller/Saved/SideScrollerExampleMap_BuiltDataD71E51A14BFF2418EBB187A585DD9D52.tmp' to 'E:/SideScroller/Content/SideScrollerBP/Maps/SideScrollerExampleMap_BuiltData.uasset'
[2017.11.26-18.16.48:905][ 40]LogSavePackage: Display: Finished SavePackage E:/SideScroller/Content/SideScrollerBP/Maps/SideScrollerExampleMap_BuiltData.uasset
[2017.11.26-18.16.50:674][ 79]Cmd: OBJ SAVEPACKAGE PACKAGE="/Game/Assets/Cards/Textures/10_Hearts" FILE="E:/SideScroller/Content/Assets/Cards/Textures/10_Hearts.uasset" SILENT=true
[2017.11.26-18.16.51:769][ 79]LogSavePackage: Save=1092.99ms
[2017.11.26-18.16.51:769][ 79]LogSavePackage: Moving 'E:/SideScroller/Saved/10_HeartsD26A015346686F3E0CBC17A182837835.tmp' to 'E:/SideScroller/Content/Assets/Cards/Textures/10_Hearts.uasset'
[2017.11.26-18.16.51:771][ 79]LogSavePackage: Display: Finished SavePackage E:/SideScroller/Content/Assets/Cards/Textures/10_Hearts.uasset
[2017.11.26-18.16.51:857][ 79]Cmd: OBJ SAVEPACKAGE PACKAGE="/Game/Assets/Cards/Textures/10_Spades" FILE="E:/SideScroller/Content/Assets/Cards/Textures/10_Spades.uasset" SILENT=true
[2017.11.26-18.16.52:898][ 79]LogSavePackage: Save=1038.82ms
[2017.11.26-18.16.52:898][ 79]LogSavePackage: Moving 'E:/SideScroller/Saved/10_SpadesFE4E7D2041C323E9ED96ED82CEF90DCB.tmp' to 'E:/SideScroller/Content/Assets/Cards/Textures/10_Spades.uasset'
[2017.11.26-18.16.52:900][ 79]LogSavePackage: Display: Finished SavePackage E:/SideScroller/Content/Assets/Cards/Textures/10_Spades.uasset
[2017.11.26-18.16.52:923][ 79]Cmd: OBJ SAVEPACKAGE PACKAGE="/Game/Assets/Cards/Textures/2_Hearts" FILE="E:/SideScroller/Content/Assets/Cards/Textures/2_Hearts.uasset" SILENT=true
[2017.11.26-18.16.53:946][ 79]LogSavePackage: Save=1021.62ms
[2017.11.26-18.16.53:946][ 79]LogSavePackage: Moving 'E:/SideScroller/Saved/2_Hearts1ED48FB5413CF1D125EA488CE37671D4.tmp' to 'E:/SideScroller/Content/Assets/Cards/Textures/2_Hearts.uasset'
[2017.11.26-18.16.53:948][ 79]LogSavePackage: Display: Finished SavePackage E:/SideScroller/Content/Assets/Cards/Textures/2_Hearts.uasset
[2017.11.26-18.16.53:959][ 79]Cmd: OBJ SAVEPACKAGE PACKAGE="/Game/Assets/Cards/Textures/2_Spades" FILE="E:/SideScroller/Content/Assets/Cards/Textures/2_Spades.uasset" SILENT=true
[2017.11.26-18.16.55:041][ 79]LogSavePackage: Save=1080.03ms
[2017.11.26-18.16.55:042][ 79]LogSavePackage: Moving 'E:/SideScroller/Saved/2_Spades0EC4DFEB4649D945B77AFAA3D3650D8A.tmp' to 'E:/SideScroller/Content/Assets/Cards/Textures/2_Spades.uasset'
[2017.11.26-18.16.55:044][ 79]LogSavePackage: Display: Finished SavePackage E:/SideScroller/Content/Assets/Cards/Textures/2_Spades.uasset
[2017.11.26-18.16.55:051][ 79]LogSlate: Took 0.000123 seconds to synchronously load lazily loaded font '../../../Engine/Content/Slate/Fonts/Roboto-Regular.ttf' (155K)
[2017.11.26-18.16.55:088][ 79]Cmd: OBJ SAVEPACKAGE PACKAGE="/Game/Assets/Cards/Textures/3_Hearts" FILE="E:/SideScroller/Content/Assets/Cards/Textures/3_Hearts.uasset" SILENT=true
[2017.11.26-18.16.56:155][ 79]LogSavePackage: Save=1045.17ms
[2017.11.26-18.16.56:155][ 79]LogSavePackage: Moving 'E:/SideScroller/Saved/3_HeartsC54238094A2E8F8E4A0E55B281142C22.tmp' to 'E:/SideScroller/Content/Assets/Cards/Textures/3_Hearts.uasset'
[2017.11.26-18.16.56:158][ 79]LogSavePackage: Display: Finished SavePackage E:/SideScroller/Content/Assets/Cards/Textures/3_Hearts.uasset
[2017.11.26-18.16.56:167][ 79]Cmd: OBJ SAVEPACKAGE PACKAGE="/Game/Assets/Cards/Textures/3_Spades" FILE="E:/SideScroller/Content/Assets/Cards/Textures/3_Spades.uasset" SILENT=true
[2017.11.26-18.16.57:262][ 79]LogSavePackage: Save=1092.34ms
[2017.11.26-18.16.57:263][ 79]LogSavePackage: Moving 'E:/SideScroller/Saved/3_Spades7C094C78419FB8EB87D873A0040AFCE7.tmp' to 'E:/SideScroller/Content/Assets/Cards/Textures/3_Spades.uasset'
[2017.11.26-18.16.57:265][ 79]LogSavePackage: Display: Finished SavePackage E:/SideScroller/Content/Assets/Cards/Textures/3_Spades.uasset
[2017.11.26-18.16.57:300][ 79]Cmd: OBJ SAVEPACKAGE PACKAGE="/Game/Assets/Cards/Textures/4_Hearts" FILE="E:/SideScroller/Content/Assets/Cards/Textures/4_Hearts.uasset" SILENT=true
[2017.11.26-18.16.58:393][ 79]LogSavePackage: Save=1053.64ms
[2017.11.26-18.16.58:393][ 79]LogSavePackage: Moving 'E:/SideScroller/Saved/4_Hearts1C0FFA3449C9925BD5B920B1E2E9FA13.tmp' to 'E:/SideScroller/Content/Assets/Cards/Textures/4_Hearts.uasset'
[2017.11.26-18.16.58:395][ 79]LogSavePackage: Display: Finished SavePackage E:/SideScroller/Content/Assets/Cards/Textures/4_Hearts.uasset
[2017.11.26-18.16.58:404][ 79]Cmd: OBJ SAVEPACKAGE PACKAGE="/Game/Assets/Cards/Textures/4_Spades" FILE="E:/SideScroller/Content/Assets/Cards/Textures/4_Spades.uasset" SILENT=true
[2017.11.26-18.16.59:461][ 79]LogSavePackage: Save=1055.03ms
[2017.11.26-18.16.59:461][ 79]LogSavePackage: Moving 'E:/SideScroller/Saved/4_Spades0FDD6EDF45B4A64610DE189A3962054A.tmp' to 'E:/SideScroller/Content/Assets/Cards/Textures/4_Spades.uasset'
[2017.11.26-18.16.59:463][ 79]LogSavePackage: Display: Finished SavePackage E:/SideScroller/Content/Assets/Cards/Textures/4_Spades.uasset
[2017.11.26-18.16.59:472][ 79]Cmd: OBJ SAVEPACKAGE PACKAGE="/Game/Assets/Cards/Textures/5_Hearts" FILE="E:/SideScroller/Content/Assets/Cards/Textures/5_Hearts.uasset" SILENT=true
[2017.11.26-18.17.00:546][ 79]LogSavePackage: Save=1071.84ms
[2017.11.26-18.17.00:546][ 79]LogSavePackage: Moving 'E:/SideScroller/Saved/5_HeartsD30679AE4B4FEAD047E16FBC8948CFBF.tmp' to 'E:/SideScroller/Content/Assets/Cards/Textures/5_Hearts.uasset'
[2017.11.26-18.17.00:549][ 79]LogSavePackage: Display: Finished SavePackage E:/SideScroller/Content/Assets/Cards/Textures/5_Hearts.uasset
[2017.11.26-18.17.00:558][ 79]Cmd: OBJ SAVEPACKAGE PACKAGE="/Game/Assets/Cards/Textures/5_Spades" FILE="E:/SideScroller/Content/Assets/Cards/Textures/5_Spades.uasset" SILENT=true
[2017.11.26-18.17.01:623][ 79]LogSavePackage: Save=1063.26ms
[2017.11.26-18.17.01:623][ 79]LogSavePackage: Moving 'E:/SideScroller/Saved/5_Spades5F2361DC41D4DD4058B7839DB6B88731.tmp' to 'E:/SideScroller/Content/Assets/Cards/Textures/5_Spades.uasset'
[2017.11.26-18.17.01:625][ 79]LogSavePackage: Display: Finished SavePackage E:/SideScroller/Content/Assets/Cards/Textures/5_Spades.uasset
[2017.11.26-18.17.01:636][ 79]Cmd: OBJ SAVEPACKAGE PACKAGE="/Game/Assets/Cards/Textures/6_Hearts" FILE="E:/SideScroller/Content/Assets/Cards/Textures/6_Hearts.uasset" SILENT=true
[2017.11.26-18.17.02:693][ 79]LogSavePackage: Save=1055.79ms
[2017.11.26-18.17.02:693][ 79]LogSavePackage: Moving 'E:/SideScroller/Saved/6_HeartsAA07BC6046612722F655959A41372AB3.tmp' to 'E:/SideScroller/Content/Assets/Cards/Textures/6_Hearts.uasset'
[2017.11.26-18.17.02:696][ 79]LogSavePackage: Display: Finished SavePackage E:/SideScroller/Content/Assets/Cards/Textures/6_Hearts.uasset
[2017.11.26-18.17.02:706][ 79]Cmd: OBJ SAVEPACKAGE PACKAGE="/Game/Assets/Cards/Textures/6_Spades" FILE="E:/SideScroller/Content/Assets/Cards/Textures/6_Spades.uasset" SILENT=true
[2017.11.26-18.17.03:780][ 79]LogSavePackage: Save=1072.83ms
[2017.11.26-18.17.03:780][ 79]LogSavePackage: Moving 'E:/SideScroller/Saved/6_Spades96BB5D3341EDA7B05EAA41B5250D8030.tmp' to 'E:/SideScroller/Content/Assets/Cards/Textures/6_Spades.uasset'
[2017.11.26-18.17.03:783][ 79]LogSavePackage: Display: Finished SavePackage E:/SideScroller/Content/Assets/Cards/Textures/6_Spades.uasset
[2017.11.26-18.17.03:793][ 79]Cmd: OBJ SAVEPACKAGE PACKAGE="/Game/Assets/Cards/Textures/7_Hearts" FILE="E:/SideScroller/Content/Assets/Cards/Textures/7_Hearts.uasset" SILENT=true
[2017.11.26-18.17.04:820][ 79]LogSavePackage: Save=1024.75ms
[2017.11.26-18.17.04:820][ 79]LogSavePackage: Moving 'E:/SideScroller/Saved/7_HeartsC7B26ED14858725BF33054BD4035561B.tmp' to 'E:/SideScroller/Content/Assets/Cards/Textures/7_Hearts.uasset'
[2017.11.26-18.17.04:822][ 79]LogSavePackage: Display: Finished SavePackage E:/SideScroller/Content/Assets/Cards/Textures/7_Hearts.uasset
[2017.11.26-18.17.04:832][ 79]Cmd: OBJ SAVEPACKAGE PACKAGE="/Game/Assets/Cards/Textures/7_Spades" FILE="E:/SideScroller/Content/Assets/Cards/Textures/7_Spades.uasset" SILENT=true
[2017.11.26-18.17.05:892][ 79]LogSavePackage: Save=1057.93ms
[2017.11.26-18.17.05:892][ 79]LogSavePackage: Moving 'E:/SideScroller/Saved/7_SpadesB352137D411AB4FEC2E72CA6A537E13A.tmp' to 'E:/SideScroller/Content/Assets/Cards/Textures/7_Spades.uasset'
[2017.11.26-18.17.05:894][ 79]LogSavePackage: Display: Finished SavePackage E:/SideScroller/Content/Assets/Cards/Textures/7_Spades.uasset
[2017.11.26-18.17.05:905][ 79]Cmd: OBJ SAVEPACKAGE PACKAGE="/Game/Assets/Cards/Textures/8_Hearts" FILE="E:/SideScroller/Content/Assets/Cards/Textures/8_Hearts.uasset" SILENT=true
[2017.11.26-18.17.06:999][ 79]LogSavePackage: Save=1091.74ms
[2017.11.26-18.17.07:000][ 79]LogSavePackage: Moving 'E:/SideScroller/Saved/8_Hearts3AC5177D482171010058B9A25ACD7176.tmp' to 'E:/SideScroller/Content/Assets/Cards/Textures/8_Hearts.uasset'
[2017.11.26-18.17.07:002][ 79]LogSavePackage: Display: Finished SavePackage E:/SideScroller/Content/Assets/Cards/Textures/8_Hearts.uasset
[2017.11.26-18.17.07:040][ 79]Cmd: OBJ SAVEPACKAGE PACKAGE="/Game/Assets/Cards/Textures/8_Spades" FILE="E:/SideScroller/Content/Assets/Cards/Textures/8_Spades.uasset" SILENT=true
[2017.11.26-18.17.08:149][ 79]LogSavePackage: Save=1095.01ms
[2017.11.26-18.17.08:150][ 79]LogSavePackage: Moving 'E:/SideScroller/Saved/8_Spades41945B574B6CEFE3ABA13CBA4B6D3B96.tmp' to 'E:/SideScroller/Content/Assets/Cards/Textures/8_Spades.uasset'
[2017.11.26-18.17.08:153][ 79]LogSavePackage: Display: Finished SavePackage E:/SideScroller/Content/Assets/Cards/Textures/8_Spades.uasset
[2017.11.26-18.17.08:191][ 79]Cmd: OBJ SAVEPACKAGE PACKAGE="/Game/Assets/Cards/Textures/9_Hearts" FILE="E:/SideScroller/Content/Assets/Cards/Textures/9_Hearts.uasset" SILENT=true
[2017.11.26-18.17.09:266][ 79]LogSavePackage: Save=1073.11ms
[2017.11.26-18.17.09:266][ 79]LogSavePackage: Moving 'E:/SideScroller/Saved/9_Hearts222F98E746309C72FD206B88E5C095A7.tmp' to 'E:/SideScroller/Content/Assets/Cards/Textures/9_Hearts.uasset'
[2017.11.26-18.17.09:268][ 79]LogSavePackage: Display: Finished SavePackage E:/SideScroller/Content/Assets/Cards/Textures/9_Hearts.uasset
[2017.11.26-18.17.09:278][ 79]Cmd: OBJ SAVEPACKAGE PACKAGE="/Game/Assets/Cards/Textures/9_Spades" FILE="E:/SideScroller/Content/Assets/Cards/Textures/9_Spades.uasset" SILENT=true
[2017.11.26-18.17.10:377][ 79]LogSavePackage: Save=1096.51ms
[2017.11.26-18.17.10:378][ 79]LogSavePackage: Moving 'E:/SideScroller/Saved/9_Spades010CC07E43D4C050D131A39CDC1318DE.tmp' to 'E:/SideScroller/Content/Assets/Cards/Textures/9_Spades.uasset'
[2017.11.26-18.17.10:380][ 79]LogSavePackage: Display: Finished SavePackage E:/SideScroller/Content/Assets/Cards/Textures/9_Spades.uasset
[2017.11.26-18.17.10:419][ 79]Cmd: OBJ SAVEPACKAGE PACKAGE="/Game/Assets/Cards/Textures/A_Clubs" FILE="E:/SideScroller/Content/Assets/Cards/Textures/A_Clubs.uasset" SILENT=true
[2017.11.26-18.17.11:490][ 79]LogSavePackage: Save=1069.22ms
[2017.11.26-18.17.11:490][ 79]LogSavePackage: Moving 'E:/SideScroller/Saved/A_Clubs027AD0E340ECFC5070D679A1B44DFE17.tmp' to 'E:/SideScroller/Content/Assets/Cards/Textures/A_Clubs.uasset'
[2017.11.26-18.17.11:492][ 79]LogSavePackage: Display: Finished SavePackage E:/SideScroller/Content/Assets/Cards/Textures/A_Clubs.uasset
[2017.11.26-18.17.11:503][ 79]Cmd: OBJ SAVEPACKAGE PACKAGE="/Game/Assets/Cards/Textures/A_Diamonds" FILE="E:/SideScroller/Content/Assets/Cards/Textures/A_Diamonds.uasset" SILENT=true
[2017.11.26-18.17.12:632][ 79]LogSavePackage: Save=1127.52ms
[2017.11.26-18.17.12:633][ 79]LogSavePackage: Moving 'E:/SideScroller/Saved/A_DiamondsB870A05B4E7593F291DC5B9BA0C52762.tmp' to 'E:/SideScroller/Content/Assets/Cards/Textures/A_Diamonds.uasset'
[2017.11.26-18.17.12:635][ 79]LogSavePackage: Display: Finished SavePackage E:/SideScroller/Content/Assets/Cards/Textures/A_Diamonds.uasset
[2017.11.26-18.17.12:676][ 79]Cmd: OBJ SAVEPACKAGE PACKAGE="/Game/Assets/Cards/Textures/A_Hearts" FILE="E:/SideScroller/Content/Assets/Cards/Textures/A_Hearts.uasset" SILENT=true
[2017.11.26-18.17.13:822][ 79]LogSavePackage: Save=1144.65ms
[2017.11.26-18.17.13:823][ 79]LogSavePackage: Moving 'E:/SideScroller/Saved/A_HeartsD1BA9A8A43D8813E3868DFAC6FCA4108.tmp' to 'E:/SideScroller/Content/Assets/Cards/Textures/A_Hearts.uasset'
[2017.11.26-18.17.13:825][ 79]LogSavePackage: Display: Finished SavePackage E:/SideScroller/Content/Assets/Cards/Textures/A_Hearts.uasset
[2017.11.26-18.17.13:864][ 79]Cmd: OBJ SAVEPACKAGE PACKAGE="/Game/Assets/Cards/Textures/A_Spades" FILE="E:/SideScroller/Content/Assets/Cards/Textures/A_Spades.uasset" SILENT=true
[2017.11.26-18.17.14:984][ 79]LogSavePackage: Save=1118.00ms
[2017.11.26-18.17.14:984][ 79]LogSavePackage: Moving 'E:/SideScroller/Saved/A_Spades1EC5A1A343792B2F36DBC2A77963929F.tmp' to 'E:/SideScroller/Content/Assets/Cards/Textures/A_Spades.uasset'
[2017.11.26-18.17.14:986][ 79]LogSavePackage: Display: Finished SavePackage E:/SideScroller/Content/Assets/Cards/Textures/A_Spades.uasset
[2017.11.26-18.17.16:821][273]LogWindowsTextInputMethodSystem: Display: IME system now deactivated.
[2017.11.26-18.17.17:001][274]Cmd: QUIT_EDITOR
[2017.11.26-18.17.17:676][274]LogExit: Preparing to exit.
[2017.11.26-18.17.18:825][274]LogExit: Editor shut down
[2017.11.26-18.17.18:827][274]LogExit: Transaction tracking system shut down
[2017.11.26-18.17.19:042][274]LogDirectoryWatcher: A directory notification for '../../../Engine/Content/' was aborted.
[2017.11.26-18.17.19:042][274]LogDirectoryWatcher: A directory notification for 'E:/SideScroller/Content/' was aborted.
[2017.11.26-18.17.19:042][274]LogDirectoryWatcher: A directory notification for '../../../Engine/Plugins/2D/Paper2D/Content/' was aborted.
[2017.11.26-18.17.19:042][274]LogDirectoryWatcher: A directory notification for '../../../Engine/Plugins/Media/MediaCompositing/Content/' was aborted.
[2017.11.26-18.17.19:042][274]LogDirectoryWatcher: A directory notification for '../../../Engine/Plugins/Runtime/AppleARKit/Content/' was aborted.
[2017.11.26-18.17.19:042][274]LogDirectoryWatcher: A directory notification for '../../../Engine/Plugins/Runtime/Oculus/OculusVR/Content/' was aborted.
[2017.11.26-18.17.19:042][274]LogDirectoryWatcher: A directory notification for '../../../Engine/Plugins/Runtime/Steam/SteamVR/Content/' was aborted.
[2017.11.26-18.17.19:108][274]LogExit: Object subsystem successfully closed.
[2017.11.26-18.17.19:192][274]LogD3D11RHI: Shutdown
[2017.11.26-18.17.19:192][274]LogD3D11RHI: CleanupD3DDevice
[2017.11.26-18.17.19:195][274]LogD3D11RHI: ~FD3D11DynamicRHI
[2017.11.26-18.17.19:212][274]LogModuleManager: Shutting down and abandoning module MovieSceneCapture (554)
[2017.11.26-18.17.19:212][274]LogModuleManager: Shutting down and abandoning module ClothingSystemEditorInterface (552)
[2017.11.26-18.17.19:212][274]LogModuleManager: Shutting down and abandoning module SkeletonEditor (550)
[2017.11.26-18.17.19:212][274]LogModuleManager: Shutting down and abandoning module HierarchicalLODOutliner (548)
[2017.11.26-18.17.19:212][274]LogModuleManager: Shutting down and abandoning module SceneOutliner (546)
[2017.11.26-18.17.19:212][274]LogModuleManager: Shutting down and abandoning module AddContentDialog (544)
[2017.11.26-18.17.19:212][274]LogDirectoryWatcher: A directory notification for 'C:/Program Files/Epic Games/UE_4.18/FeaturePacks/' was aborted.
[2017.11.26-18.17.19:214][274]LogModuleManager: Shutting down and abandoning module WidgetCarousel (543)
[2017.11.26-18.17.19:214][274]LogModuleManager: Shutting down and abandoning module EditorWidgets (540)
[2017.11.26-18.17.19:214][274]LogModuleManager: Shutting down and abandoning module CollectionManager (538)
[2017.11.26-18.17.19:214][274]LogDirectoryWatcher: A directory notification for 'E:/SideScroller/Content/Collections/' was aborted.
[2017.11.26-18.17.19:214][274]LogDirectoryWatcher: A directory notification for 'E:/SideScroller/Content/Developers/Victor/Collections/' was aborted.
[2017.11.26-18.17.19:214][274]LogDirectoryWatcher: A directory notification for 'E:/SideScroller/Saved/Collections/' was aborted.
[2017.11.26-18.17.19:214][274]LogModuleManager: Shutting down and abandoning module StatsViewer (536)
[2017.11.26-18.17.19:214][274]LogModuleManager: Shutting down and abandoning module FoliageEdit (534)
[2017.11.26-18.17.19:214][274]LogModuleManager: Shutting down and abandoning module LandscapeEditor (532)
[2017.11.26-18.17.19:214][274]LogModuleManager: Shutting down and abandoning module MeshPaintMode (530)
[2017.11.26-18.17.19:214][274]LogModuleManager: Shutting down and abandoning module SceneDepthPickerMode (528)
[2017.11.26-18.17.19:214][274]LogModuleManager: Shutting down and abandoning module ActorPickerMode (526)
[2017.11.26-18.17.19:214][274]LogModuleManager: Shutting down and abandoning module GeometryMode (524)
[2017.11.26-18.17.19:214][274]LogModuleManager: Shutting down and abandoning module TextureAlignMode (522)
[2017.11.26-18.17.19:214][274]LogModuleManager: Shutting down and abandoning module BspMode (520)
[2017.11.26-18.17.19:214][274]LogModuleManager: Shutting down and abandoning module PIEPreviewDeviceProfileSelector (518)
[2017.11.26-18.17.19:214][274]LogModuleManager: Shutting down and abandoning module HardwareSurvey (516)
[2017.11.26-18.17.19:214][274]LogModuleManager: Shutting down and abandoning module SequenceRecorderSections (514)
[2017.11.26-18.17.19:214][274]LogModuleManager: Shutting down and abandoning module AutomationWorker (512)
[2017.11.26-18.17.19:214][274]LogModuleManager: Shutting down and abandoning module MatineeToLevelSequence (510)
[2017.11.26-18.17.19:214][274]LogModuleManager: Shutting down and abandoning module LevelSequenceEditor (508)
[2017.11.26-18.17.19:214][274]LogModuleManager: Shutting down and abandoning module PlacementMode (507)
[2017.11.26-18.17.19:214][274]LogModuleManager: Shutting down and abandoning module WmfMediaFactory (504)
[2017.11.26-18.17.19:214][274]LogModuleManager: Shutting down and abandoning module WmfMediaEditor (502)
[2017.11.26-18.17.19:214][274]LogModuleManager: Shutting down and abandoning module OpenExrWrapper (500)
[2017.11.26-18.17.19:214][274]LogModuleManager: Shutting down and abandoning module ImgMediaFactory (498)
[2017.11.26-18.17.19:215][274]LogModuleManager: Shutting down and abandoning module ImgMediaEditor (496)
[2017.11.26-18.17.19:215][274]LogModuleManager: Shutting down and abandoning module AvfMediaFactory (494)
[2017.11.26-18.17.19:215][274]LogModuleManager: Shutting down and abandoning module AvfMediaEditor (492)
[2017.11.26-18.17.19:215][274]LogModuleManager: Shutting down and abandoning module AndroidMediaFactory (490)
[2017.11.26-18.17.19:215][274]LogModuleManager: Shutting down and abandoning module AndroidMediaEditor (488)
[2017.11.26-18.17.19:215][274]LogModuleManager: Shutting down and abandoning module CharacterAI (486)
[2017.11.26-18.17.19:215][274]LogModuleManager: Shutting down and abandoning module AudioCapture (484)
[2017.11.26-18.17.19:215][274]LogModuleManager: Shutting down and abandoning module SequenceRecorder (483)
[2017.11.26-18.17.19:215][274]LogModuleManager: Shutting down and abandoning module SmartSnapping (480)
[2017.11.26-18.17.19:215][274]LogModuleManager: Shutting down and abandoning module SessionServices (478)
[2017.11.26-18.17.19:215][274]LogModuleManager: Shutting down and abandoning module ViewportSnapping (476)
[2017.11.26-18.17.19:215][274]LogModuleManager: Shutting down and abandoning module ViewportInteraction (474)
[2017.11.26-18.17.19:215][274]LogModuleManager: Shutting down and abandoning module ClothPainter (472)
[2017.11.26-18.17.19:215][274]LogModuleManager: Shutting down and abandoning module SkeletalMeshEditor (471)
[2017.11.26-18.17.19:215][274]LogModuleManager: Shutting down and abandoning module LogVisualizer (468)
[2017.11.26-18.17.19:215][274]LogModuleManager: Shutting down and abandoning module IntroTutorials (466)
[2017.11.26-18.17.19:215][274]LogModuleManager: Shutting down and abandoning module GameProjectGeneration (465)
[2017.11.26-18.17.19:215][274]LogModuleManager: Shutting down and abandoning module IOSPlatformEditor (462)
[2017.11.26-18.17.19:215][274]LogModuleManager: Shutting down and abandoning module HTML5PlatformEditor (460)
[2017.11.26-18.17.19:215][274]LogModuleManager: Shutting down and abandoning module AndroidPlatformEditor (458)
[2017.11.26-18.17.19:215][274]LogModuleManager: Shutting down and abandoning module AndroidDeviceDetection (457)
[2017.11.26-18.17.19:571][274]LogModuleManager: Shutting down and abandoning module WindowsPlatformEditor (454)
[2017.11.26-18.17.19:571][274]LogModuleManager: Shutting down and abandoning module IOSRuntimeSettings (452)
[2017.11.26-18.17.19:571][274]LogModuleManager: Shutting down and abandoning module AndroidRuntimeSettings (450)
[2017.11.26-18.17.19:571][274]LogModuleManager: Shutting down and abandoning module InputBindingEditor (448)
[2017.11.26-18.17.19:571][274]LogModuleManager: Shutting down and abandoning module MergeActors (446)
[2017.11.26-18.17.19:571][274]LogModuleManager: Shutting down and abandoning module SizeMap (444)
[2017.11.26-18.17.19:571][274]LogModuleManager: Shutting down and abandoning module TreeMap (442)
[2017.11.26-18.17.19:571][274]LogModuleManager: Shutting down and abandoning module ReferenceViewer (440)
[2017.11.26-18.17.19:571][274]LogModuleManager: Shutting down and abandoning module LocalizationDashboard (438)
[2017.11.26-18.17.19:571][274]LogModuleManager: Shutting down and abandoning module LocalizationService (437)
[2017.11.26-18.17.19:571][274]LogModuleManager: Shutting down and abandoning module HardwareTargeting (434)
[2017.11.26-18.17.19:571][274]LogModuleManager: Shutting down and abandoning module DeviceProfileEditor (432)
[2017.11.26-18.17.19:571][274]LogModuleManager: Shutting down and abandoning module UndoHistory (430)
[2017.11.26-18.17.19:571][274]LogModuleManager: Shutting down and abandoning module XmlParser (428)
[2017.11.26-18.17.19:571][274]LogModuleManager: Shutting down and abandoning module Blutility (426)
[2017.11.26-18.17.19:571][274]LogModuleManager: Shutting down and abandoning module ProjectSettingsViewer (424)
[2017.11.26-18.17.19:571][274]LogModuleManager: Shutting down and abandoning module ProjectTargetPlatformEditor (423)
[2017.11.26-18.17.19:571][274]LogModuleManager: Shutting down and abandoning module EditorSettingsViewer (420)
[2017.11.26-18.17.19:571][274]LogModuleManager: Shutting down and abandoning module SettingsEditor (418)
[2017.11.26-18.17.19:572][274]LogModuleManager: Shutting down and abandoning module ProjectLauncher (416)
[2017.11.26-18.17.19:572][274]LogModuleManager: Shutting down and abandoning module SessionFrontend (414)
[2017.11.26-18.17.19:572][274]LogModuleManager: Shutting down and abandoning module ProfilerClient (412)
[2017.11.26-18.17.19:572][274]LogModuleManager: Shutting down and abandoning module DeviceManager (410)
[2017.11.26-18.17.19:572][274]LogModuleManager: Shutting down and abandoning module TargetDeviceServices (409)
[2017.11.26-18.17.19:635][274]LogModuleManager: Shutting down and abandoning module AutomationController (406)
[2017.11.26-18.17.19:635][274]LogModuleManager: Shutting down and abandoning module AutomationWindow (404)
[2017.11.26-18.17.19:635][274]LogModuleManager: Shutting down and abandoning module Layers (402)
[2017.11.26-18.17.19:635][274]LogModuleManager: Shutting down and abandoning module ComponentVisualizers (400)
[2017.11.26-18.17.19:635][274]LogModuleManager: Shutting down and abandoning module DetailCustomizations (398)
[2017.11.26-18.17.19:635][274]LogModuleManager: Shutting down and abandoning module PackagesDialog (396)
[2017.11.26-18.17.19:635][274]LogModuleManager: Shutting down and abandoning module Persona (394)
[2017.11.26-18.17.19:635][274]LogModuleManager: Shutting down and abandoning module AdvancedPreviewScene (393)
[2017.11.26-18.17.19:635][274]LogModuleManager: Shutting down and abandoning module AnimGraph (391)
[2017.11.26-18.17.19:635][274]LogModuleManager: Shutting down and abandoning module Kismet (388)
[2017.11.26-18.17.19:635][274]LogModuleManager: Shutting down and abandoning module ClassViewer (386)
[2017.11.26-18.17.19:635][274]LogModuleManager: Shutting down and abandoning module Toolbox (384)
[2017.11.26-18.17.19:635][274]LogModuleManager: Shutting down and abandoning module ModuleUI (382)
[2017.11.26-18.17.19:635][274]LogModuleManager: Shutting down and abandoning module MovieSceneTools (380)
[2017.11.26-18.17.19:635][274]LogModuleManager: Shutting down and abandoning module OutputLog (378)
[2017.11.26-18.17.19:635][274]LogModuleManager: Shutting down and abandoning module GammaUI (376)
[2017.11.26-18.17.19:635][274]LogModuleManager: Shutting down and abandoning module Documentation (374)
[2017.11.26-18.17.19:635][274]LogModuleManager: Shutting down and abandoning module MovieSceneTracks (372)
[2017.11.26-18.17.19:635][274]LogModuleManager: Shutting down and abandoning module MovieScene (370)
[2017.11.26-18.17.19:635][274]LogModuleManager: Shutting down and abandoning module StreamingPauseRendering (368)
[2017.11.26-18.17.19:636][274]LogModuleManager: Shutting down and abandoning module LauncherPlatform (366)
[2017.11.26-18.17.19:636][274]LogModuleManager: Shutting down and abandoning module AnalyticsET (364)
[2017.11.26-18.17.19:636][274]LogModuleManager: Shutting down and abandoning module PortalServices (362)
[2017.11.26-18.17.19:636][274]LogModuleManager: Shutting down and abandoning module PortalRpc (360)
[2017.11.26-18.17.19:636][274]LogModuleManager: Shutting down and abandoning module MessagingRpc (358)
[2017.11.26-18.17.19:636][274]LogModuleManager: Shutting down and abandoning module AIModule (356)
[2017.11.26-18.17.19:636][274]LogModuleManager: Shutting down and abandoning module GameplayDebugger (355)
[2017.11.26-18.17.19:636][274]LogModuleManager: Shutting down and abandoning module AITestSuite (353)
[2017.11.26-18.17.19:636][274]LogModuleManager: Shutting down and abandoning module DesktopPlatform (350)
[2017.11.26-18.17.19:636][274]LogModuleManager: Shutting down and abandoning module ProfilerService (348)
[2017.11.26-18.17.19:714][274]LogModuleManager: Shutting down and abandoning module TaskGraph (346)
[2017.11.26-18.17.19:714][274]LogModuleManager: Shutting down and abandoning module SteamVRController (344)
[2017.11.26-18.17.19:714][274]LogModuleManager: Shutting down and abandoning module ProceduralMeshComponentEditor (342)
[2017.11.26-18.17.19:714][274]LogModuleManager: Shutting down and abandoning module ProceduralMeshComponent (340)
[2017.11.26-18.17.19:714][274]LogModuleManager: Shutting down and abandoning module OculusInput (338)
[2017.11.26-18.17.19:714][274]LogModuleManager: Shutting down and abandoning module MobilePatchingUtils (336)
[2017.11.26-18.17.19:714][274]LogModuleManager: Shutting down and abandoning module CustomMeshComponent (334)
[2017.11.26-18.17.19:714][274]LogModuleManager: Shutting down and abandoning module CableComponent (332)
[2017.11.26-18.17.19:714][274]LogModuleManager: Shutting down and abandoning module ArchVisCharacter (330)
[2017.11.26-18.17.19:714][274]LogModuleManager: Shutting down and abandoning module AndroidPermission (328)
[2017.11.26-18.17.19:714][274]LogModuleManager: Shutting down and abandoning module ActorSequence (324)
[2017.11.26-18.17.19:714][274]LogModuleManager: Shutting down and abandoning module MediaPlayerEditor (322)
[2017.11.26-18.17.19:714][274]LogModuleManager: Shutting down and abandoning module MediaCompositingEditor (320)
[2017.11.26-18.17.19:714][274]LogModuleManager: Shutting down and abandoning module MediaCompositing (318)
[2017.11.26-18.17.19:714][274]LogModuleManager: Shutting down and abandoning module HTML5Networking (316)
[2017.11.26-18.17.19:714][274]LogModuleManager: Shutting down and abandoning module AlembicImporter (314)
[2017.11.26-18.17.19:714][274]LogModuleManager: Shutting down and abandoning module AlembicLibrary (313)
[2017.11.26-18.17.19:714][274]LogModuleManager: Shutting down and abandoning module GeometryCache (312)
[2017.11.26-18.17.19:714][274]LogModuleManager: Shutting down and abandoning module GeometryCacheEd (311)
[2017.11.26-18.17.19:714][274]LogModuleManager: Shutting down and abandoning module SpeedTreeImporter (306)
[2017.11.26-18.17.19:714][274]LogModuleManager: Shutting down and abandoning module PluginBrowser (304)
[2017.11.26-18.17.19:714][274]LogModuleManager: Shutting down and abandoning module MobileLauncherProfileWizard (302)
[2017.11.26-18.17.19:714][274]LogModuleManager: Shutting down and abandoning module VisualStudioSourceCodeAccess (300)
[2017.11.26-18.17.19:714][274]LogModuleManager: Shutting down and abandoning module VisualStudioCodeSourceCodeAccess (298)
[2017.11.26-18.17.19:714][274]LogModuleManager: Shutting down and abandoning module UObjectPlugin (296)
[2017.11.26-18.17.19:714][274]LogModuleManager: Shutting down and abandoning module SubversionSourceControl (294)
[2017.11.26-18.17.19:715][274]LogModuleManager: Shutting down and abandoning module PerforceSourceControl (292)
[2017.11.26-18.17.19:715][274]LogModuleManager: Shutting down and abandoning module GitSourceControl (290)
[2017.11.26-18.17.19:715][274]LogModuleManager: Shutting down and abandoning module SourceControl (289)
[2017.11.26-18.17.19:715][274]LogModuleManager: Shutting down and abandoning module LightPropagationVolumeEditor (286)
[2017.11.26-18.17.19:715][274]LogModuleManager: Shutting down and abandoning module PaperTiledImporter (284)
[2017.11.26-18.17.19:715][274]LogModuleManager: Shutting down and abandoning module PaperSpriteSheetImporter (282)
[2017.11.26-18.17.19:715][274]LogModuleManager: Shutting down and abandoning module Paper2DEditor (280)
[2017.11.26-18.17.19:715][274]LogModuleManager: Shutting down and abandoning module MeshPaint (279)
[2017.11.26-18.17.19:715][274]LogModuleManager: Shutting down and abandoning module LevelEditor (277)
[2017.11.26-18.17.19:715][274]LogModuleManager: Shutting down and abandoning module PixelInspectorModule (276)
[2017.11.26-18.17.19:715][274]LogModuleManager: Shutting down and abandoning module MainFrame (274)
[2017.11.26-18.17.19:716][274]LogModuleManager: Shutting down and abandoning module HotReload (273)
[2017.11.26-18.17.19:716][274]LogModuleManager: Shutting down and abandoning module RuntimePhysXCooking (268)
[2017.11.26-18.17.19:716][274]LogModuleManager: Shutting down and abandoning module PhysXVehiclesEditor (266)
[2017.11.26-18.17.19:716][274]LogModuleManager: Shutting down and abandoning module PhysXVehicles (264)
[2017.11.26-18.17.19:716][274]LogModuleManager: Shutting down and abandoning module OculusEditor (262)
[2017.11.26-18.17.19:716][274]LogModuleManager: Shutting down and abandoning module LocationServicesBPLibrary (260)
[2017.11.26-18.17.19:716][274]LogModuleManager: Shutting down and abandoning module ImmediatePhysicsEditor (258)
[2017.11.26-18.17.19:716][274]LogModuleManager: Shutting down and abandoning module ImmediatePhysics (256)
[2017.11.26-18.17.19:716][274]LogModuleManager: Shutting down and abandoning module UdpMessaging (254)
[2017.11.26-18.17.19:816][274]LogModuleManager: Shutting down and abandoning module TcpMessaging (252)
[2017.11.26-18.17.19:916][274]LogModuleManager: Shutting down and abandoning module GameplayTagsEditor (250)
[2017.11.26-18.17.19:916][274]LogModuleManager: Shutting down and abandoning module FacialAnimationEditor (248)
[2017.11.26-18.17.19:916][274]LogModuleManager: Shutting down and abandoning module FacialAnimation (246)
[2017.11.26-18.17.19:916][274]LogModuleManager: Shutting down and abandoning module AssetManagerEditor (244)
[2017.11.26-18.17.19:916][274]LogModuleManager: Shutting down and abandoning module GraphEditor (243)
[2017.11.26-18.17.19:916][274]LogModuleManager: Shutting down and abandoning module ContentBrowser (241)
[2017.11.26-18.17.19:917][274]LogModuleManager: Shutting down and abandoning module LightPropagationVolumeRuntime (238)
[2017.11.26-18.17.19:917][274]LogModuleManager: Shutting down and abandoning module Paper2D (236)
[2017.11.26-18.17.19:917][274]LogModuleManager: Shutting down and abandoning module WindowsMoviePlayer (234)
[2017.11.26-18.17.19:917][274]LogModuleManager: Shutting down and abandoning module WmfMedia (232)
[2017.11.26-18.17.19:917][274]LogModuleManager: Shutting down and abandoning module ImgMedia (230)
[2017.11.26-18.17.19:917][274]LogModuleManager: Shutting down and abandoning module PacketHandler (228)
[2017.11.26-18.17.19:917][274]LogModuleManager: Shutting down and abandoning module ClothingSystemEditor (226)
[2017.11.26-18.17.19:917][274]LogModuleManager: Shutting down and abandoning module ClothingSystemRuntime (224)
[2017.11.26-18.17.19:917][274]LogModuleManager: Shutting down and abandoning module MediaAssets (222)
[2017.11.26-18.17.19:917][274]LogModuleManager: Shutting down and abandoning module Media (221)
[2017.11.26-18.17.19:923][274]LogModuleManager: Shutting down and abandoning module Overlay (218)
[2017.11.26-18.17.19:923][274]LogModuleManager: Shutting down and abandoning module OverlayEditor (217)
[2017.11.26-18.17.19:923][274]LogModuleManager: Shutting down and abandoning module VREditor (214)
[2017.11.26-18.17.19:923][274]LogModuleManager: Shutting down and abandoning module StringTableEditor (212)
[2017.11.26-18.17.19:923][274]LogModuleManager: Shutting down and abandoning module GameplayTasksEditor (210)
[2017.11.26-18.17.19:923][274]LogModuleManager: Shutting down and abandoning module BehaviorTreeEditor (208)
[2017.11.26-18.17.19:923][274]LogModuleManager: Shutting down and abandoning module FunctionalTesting (206)
[2017.11.26-18.17.19:923][274]LogModuleManager: Shutting down and abandoning module CollisionAnalyzer (204)
[2017.11.26-18.17.19:923][274]LogModuleManager: Shutting down and abandoning module WorkspaceMenuStructure (203)
[2017.11.26-18.17.19:923][274]LogModuleManager: Shutting down and abandoning module UMG (200)
[2017.11.26-18.17.19:923][274]LogModuleManager: Shutting down and abandoning module UMGEditor (199)
[2017.11.26-18.17.19:923][274]LogModuleManager: Shutting down and abandoning module Sequencer (198)
[2017.11.26-18.17.19:923][274]LogModuleManager: Shutting down and abandoning module MessageLog (195)
[2017.11.26-18.17.19:923][274]LogModuleManager: Shutting down and abandoning module SlateReflector (190)
[2017.11.26-18.17.19:923][274]LogModuleManager: Shutting down and abandoning module Slate (188)
[2017.11.26-18.17.19:923][274]LogModuleManager: Shutting down and abandoning module EditorStyle (186)
[2017.11.26-18.17.19:925][274]LogModuleManager: Shutting down and abandoning module MRMesh (184)
[2017.11.26-18.17.19:925][274]LogModuleManager: Shutting down and abandoning module SourceCodeAccess (182)
[2017.11.26-18.17.19:925][274]LogModuleManager: Shutting down and abandoning module HeadMountedDisplay (180)
[2017.11.26-18.17.19:925][274]LogModuleManager: Shutting down and abandoning module XAudio2 (178)
[2017.11.26-18.17.19:925][274]LogModuleManager: Shutting down and abandoning module Networking (176)
[2017.11.26-18.17.19:925][274]LogModuleManager: Shutting down and abandoning module Core (172)
[2017.11.26-18.17.19:925][274]LogModuleManager: Shutting down and abandoning module LevelSequence (168)
[2017.11.26-18.17.19:925][274]LogModuleManager: Shutting down and abandoning module DirectoryWatcher (166)
[2017.11.26-18.17.19:926][274]LogModuleManager: Shutting down and abandoning module KismetCompiler (164)
[2017.11.26-18.17.19:926][274]LogModuleManager: Shutting down and abandoning module MeshUtilities (162)
[2017.11.26-18.17.19:926][274]LogModuleManager: Shutting down and abandoning module MeshMergeUtilities (161)
[2017.11.26-18.17.19:926][274]LogModuleManager: Shutting down and abandoning module MeshReductionInterface (160)
[2017.11.26-18.17.19:926][274]LogModuleManager: Shutting down and abandoning module SimplygonSwarm (159)
[2017.11.26-18.17.19:926][274]LogModuleManager: Shutting down and abandoning module SimplygonMeshReduction (157)
[2017.11.26-18.17.19:926][274]LogModuleManager: Shutting down and abandoning module QuadricMeshReduction (155)
[2017.11.26-18.17.19:926][274]LogModuleManager: Shutting down and abandoning module MaterialBaking (151)
[2017.11.26-18.17.19:926][274]LogModuleManager: Shutting down and abandoning module DerivedDataCache (148)
[2017.11.26-18.17.20:023][274]LogDerivedDataCache: Shutdown
[2017.11.26-18.17.20:023][274]LogModuleManager: Shutting down and abandoning module TargetPlatform (146)
[2017.11.26-18.17.20:023][274]LogModuleManager: Shutting down and abandoning module VulkanShaderFormat (145)
[2017.11.26-18.17.20:023][274]LogModuleManager: Shutting down and abandoning module ShaderFormatVectorVM (143)
[2017.11.26-18.17.20:023][274]LogModuleManager: Shutting down and abandoning module ShaderFormatOpenGL (141)
[2017.11.26-18.17.20:023][274]LogModuleManager: Shutting down and abandoning module ShaderFormatD3D (139)
[2017.11.26-18.17.20:023][274]LogModuleManager: Shutting down and abandoning module MetalShaderFormat (137)
[2017.11.26-18.17.20:023][274]LogModuleManager: Shutting down and abandoning module TextureFormatUncompressed (135)
[2017.11.26-18.17.20:023][274]LogModuleManager: Shutting down and abandoning module TextureFormatPVR (133)
[2017.11.26-18.17.20:023][274]LogModuleManager: Shutting down and abandoning module TextureFormatDXT (131)
[2017.11.26-18.17.20:023][274]LogModuleManager: Shutting down and abandoning module TextureFormatIntelISPCTexComp (129)
[2017.11.26-18.17.20:023][274]LogModuleManager: Shutting down and abandoning module TextureFormatASTC (127)
[2017.11.26-18.17.20:023][274]LogModuleManager: Shutting down and abandoning module ImageWrapper (126)
[2017.11.26-18.17.20:023][274]LogModuleManager: Shutting down and abandoning module TextureFormatAndroid (123)
[2017.11.26-18.17.20:023][274]LogModuleManager: Shutting down and abandoning module AudioFormatOpus (121)
[2017.11.26-18.17.20:023][274]LogModuleManager: Shutting down and abandoning module AudioFormatOgg (119)
[2017.11.26-18.17.20:023][274]LogModuleManager: Shutting down and abandoning module AudioFormatADPCM (117)
[2017.11.26-18.17.20:023][274]LogModuleManager: Shutting down and abandoning module LinuxTargetPlatform (115)
[2017.11.26-18.17.20:023][274]LogModuleManager: Shutting down and abandoning module LinuxServerTargetPlatform (113)
[2017.11.26-18.17.20:023][274]LogModuleManager: Shutting down and abandoning module LinuxNoEditorTargetPlatform (111)
[2017.11.26-18.17.20:023][274]LogModuleManager: Shutting down and abandoning module LinuxClientTargetPlatform (109)
[2017.11.26-18.17.20:023][274]LogModuleManager: Shutting down and abandoning module TVOSTargetPlatform (107)
[2017.11.26-18.17.20:023][274]LogModuleManager: Shutting down and abandoning module Messaging (105)
[2017.11.26-18.17.20:023][274]LogModuleManager: Shutting down and abandoning module IOSTargetPlatform (103)
[2017.11.26-18.17.20:023][274]LogModuleManager: Shutting down and abandoning module HTML5TargetPlatform (101)
[2017.11.26-18.17.20:023][274]LogModuleManager: Shutting down and abandoning module AndroidTargetPlatform (99)
[2017.11.26-18.17.20:023][274]LogModuleManager: Shutting down and abandoning module Android_PVRTCTargetPlatform (97)
[2017.11.26-18.17.20:023][274]LogModuleManager: Shutting down and abandoning module Android_MultiTargetPlatform (95)
[2017.11.26-18.17.20:023][274]LogModuleManager: Shutting down and abandoning module Android_ETC2TargetPlatform (93)
[2017.11.26-18.17.20:023][274]LogModuleManager: Shutting down and abandoning module Android_ETC1TargetPlatform (91)
[2017.11.26-18.17.20:023][274]LogModuleManager: Shutting down and abandoning module Android_DXTTargetPlatform (89)
[2017.11.26-18.17.20:023][274]LogModuleManager: Shutting down and abandoning module Android_ATCTargetPlatform (87)
[2017.11.26-18.17.20:023][274]LogModuleManager: Shutting down and abandoning module Android_ASTCTargetPlatform (85)
[2017.11.26-18.17.20:023][274]LogModuleManager: Shutting down and abandoning module WindowsTargetPlatform (83)
[2017.11.26-18.17.20:023][274]LogModuleManager: Shutting down and abandoning module WindowsServerTargetPlatform (81)
[2017.11.26-18.17.20:023][274]LogModuleManager: Shutting down and abandoning module WindowsNoEditorTargetPlatform (79)
[2017.11.26-18.17.20:023][274]LogModuleManager: Shutting down and abandoning module WindowsClientTargetPlatform (77)
[2017.11.26-18.17.20:023][274]LogModuleManager: Shutting down and abandoning module MacTargetPlatform (75)
[2017.11.26-18.17.20:023][274]LogModuleManager: Shutting down and abandoning module MacServerTargetPlatform (73)
[2017.11.26-18.17.20:023][274]LogModuleManager: Shutting down and abandoning module MacNoEditorTargetPlatform (71)
[2017.11.26-18.17.20:023][274]LogModuleManager: Shutting down and abandoning module MacClientTargetPlatform (69)
[2017.11.26-18.17.20:023][274]LogModuleManager: Shutting down and abandoning module AllDesktopTargetPlatform (67)
[2017.11.26-18.17.20:023][274]LogModuleManager: Shutting down and abandoning module InputCore (64)
[2017.11.26-18.17.20:023][274]LogModuleManager: Shutting down and abandoning module Settings (62)
[2017.11.26-18.17.20:023][274]LogModuleManager: Shutting down and abandoning module PhysXCooking (60)
[2017.11.26-18.17.20:023][274]LogModuleManager: Shutting down and abandoning module SteamVR (58)
[2017.11.26-18.17.20:023][274]LogModuleManager: Shutting down and abandoning module OculusHMD (56)
[2017.11.26-18.17.20:023][274]LogModuleManager: Shutting down and abandoning module ExampleDeviceProfileSelector (54)
[2017.11.26-18.17.20:023][274]LogModuleManager: Shutting down and abandoning module AppleARKit (52)
[2017.11.26-18.17.20:023][274]LogModuleManager: Shutting down and abandoning module AugmentedReality (51)
[2017.11.26-18.17.20:023][274]LogModuleManager: Shutting down and abandoning module OnlineBlueprintSupport (48)
[2017.11.26-18.17.20:023][274]LogModuleManager: Shutting down and abandoning module OnlineSubsystem (44)
[2017.11.26-18.17.20:023][274]LogModuleManager: Shutting down and abandoning module XMPP (43)
[2017.11.26-18.17.20:023][274]LogModuleManager: Shutting down and abandoning module HTTP (41)
[2017.11.26-18.17.20:023][274]LogHttp: Display: Http module shutting down, but needs to wait on 1 outstanding Http requests:
[2017.11.26-18.17.20:023][274]LogHttp: Display: 	verb=[POST] url=[https://datarouter.ol.epicgames.com/datarouter/api/v1/public/data?SessionID=%7B6B41EDF1-4E16-0D84-0F65-6E8CAAFE4695%7D&AppID=UEEditor.Rocket.Release&AppVersion=4.18.1-3754814%2B%2B%2BUE4%2BRelease-4.18&UserID=61e35a1c4fd27f9da8a0cdbc0548bdb8%7C751fef4a639b4351989e86310cb1347d%7C5d4a2957-4a48-42e0-b47f-24e77ccdf238&AppEnvironment=datacollector-binary&UploadType=eteventstream] status=Processing
[2017.11.26-18.17.20:052][274]LogModuleManager: Shutting down and abandoning module SSL (40)
[2017.11.26-18.17.20:053][274]LogModuleManager: Shutting down and abandoning module AnimationModifiers (36)
[2017.11.26-18.17.20:053][274]LogModuleManager: Shutting down and abandoning module PropertyEditor (35)
[2017.11.26-18.17.20:053][274]LogModuleManager: Shutting down and abandoning module AudioEditor (32)
[2017.11.26-18.17.20:053][274]LogModuleManager: Shutting down and abandoning module TextureCompressor (30)
[2017.11.26-18.17.20:053][274]LogModuleManager: Shutting down and abandoning module ShaderCore (28)
[2017.11.26-18.17.20:053][274]LogModuleManager: Shutting down and abandoning module Landscape (26)
[2017.11.26-18.17.20:054][274]LogModuleManager: Shutting down and abandoning module SlateRHIRenderer (24)
[2017.11.26-18.17.20:054][274]LogModuleManager: Shutting down and abandoning module OpenGLDrv (22)
[2017.11.26-18.17.20:054][274]LogModuleManager: Shutting down and abandoning module D3D11RHI (20)
[2017.11.26-18.17.20:054][274]LogModuleManager: Shutting down and abandoning module AnimGraphRuntime (18)
[2017.11.26-18.17.20:054][274]LogModuleManager: Shutting down and abandoning module Renderer (16)
[2017.11.26-18.17.20:054][274]LogModuleManager: Shutting down and abandoning module Engine (14)
[2017.11.26-18.17.20:054][274]LogModuleManager: Shutting down and abandoning module CoreUObject (12)
[2017.11.26-18.17.20:054][274]LogModuleManager: Shutting down and abandoning module NetworkFile (10)
[2017.11.26-18.17.20:054][274]LogModuleManager: Shutting down and abandoning module CookedIterativeFile (8)
[2017.11.26-18.17.20:054][274]LogModuleManager: Shutting down and abandoning module StreamingFile (6)
[2017.11.26-18.17.20:054][274]LogModuleManager: Shutting down and abandoning module SandboxFile (4)
[2017.11.26-18.17.20:054][274]LogModuleManager: Shutting down and abandoning module PakFile (2)
[2017.11.26-18.17.20:060][274]LogExit: Exiting.
[2017.11.26-18.17.20:071][274]Log file closed, 11/26/17 19:17:20
