Log file open, 02/04/18 13:00:00
LogWindows: Failed to load 'aqProf.dll' (GetLastError=126)
LogWindows: File 'aqProf.dll' does not exist
LogWindows: Failed to load 'VSPerf140.dll' (GetLastError=126)
LogWindows: File 'VSPerf140.dll' does not exist
LogWindows: Failed to load 'VtuneApi.dll' (GetLastError=126)
LogWindows: File 'VtuneApi.dll' does not exist
LogWindows: Failed to load 'VtuneApi32e.dll' (GetLastError=126)
LogWindows: File 'VtuneApi32e.dll' does not exist
LogInit: Display: Running engine for game: SideScroller
LogPlatformFile: Not using cached read wrapper
LogInit: Display: RandInit(388704792) SRandInit(388704792).
LogInit: Read version file with build ID '3709383'
LogInit: Overriding engine version to CL 3832480, compatible CL 3709383
LogInit: Registered custom module enumerator with build ID '3709383'
LogTaskGraph: Started task graph with 5 named threads and 14 total threads with 3 sets of task threads.
LogStats: Stats thread started at 0.581066
LogD3D11RHI: Aftermath initialized
LogModuleManager: Display: Found up-to-date module file ../../../Engine/Plugins/2D/Paper2D/Binaries/Win64/UE4Editor-Paper2D.dll (API version 3709383).
LogModuleManager: Display: Found up-to-date module file ../../../Engine/Plugins/2D/Paper2D/Binaries/Win64/UE4Editor-Paper2DEditor.dll (API version 3709383).
LogModuleManager: Display: Found up-to-date module file ../../../Engine/Plugins/2D/Paper2D/Binaries/Win64/UE4Editor-PaperSpriteSheetImporter.dll (API version 3709383).
LogModuleManager: Display: Found up-to-date module file ../../../Engine/Plugins/2D/Paper2D/Binaries/Win64/UE4Editor-PaperTiledImporter.dll (API version 3709383).
LogModuleManager: Display: Found up-to-date module file ../../../Engine/Plugins/2D/Paper2D/Binaries/Win64/UE4Editor-SmartSnapping.dll (API version 3709383).
LogModuleManager: Display: Found up-to-date module file ../../../Engine/Plugins/Blendables/LightPropagationVolume/Binaries/Win64/UE4Editor-LightPropagationVolumeRuntime.dll (API version 3709383).
LogModuleManager: Display: Found up-to-date module file ../../../Engine/Plugins/Blendables/LightPropagationVolume/Binaries/Win64/UE4Editor-LightPropagationVolumeEditor.dll (API version 3709383).
LogModuleManager: Display: Found up-to-date module file ../../../Engine/Plugins/Developer/GitSourceControl/Binaries/Win64/UE4Editor-GitSourceControl.dll (API version 3709383).
LogModuleManager: Display: Found up-to-date module file ../../../Engine/Plugins/Developer/PerforceSourceControl/Binaries/Win64/UE4Editor-PerforceSourceControl.dll (API version 3709383).
LogModuleManager: Display: Found up-to-date module file ../../../Engine/Plugins/Developer/SubversionSourceControl/Binaries/Win64/UE4Editor-SubversionSourceControl.dll (API version 3709383).
LogModuleManager: Display: Found up-to-date module file ../../../Engine/Plugins/Developer/UObjectPlugin/Binaries/Win64/UE4Editor-UObjectPlugin.dll (API version 3709383).
LogModuleManager: Display: Found up-to-date module file ../../../Engine/Plugins/Developer/VisualStudioCodeSourceCodeAccess/Binaries/Win64/UE4Editor-VisualStudioCodeSourceCodeAccess.dll (API version 3709383).
LogModuleManager: Display: Found up-to-date module file ../../../Engine/Plugins/Developer/VisualStudioSourceCodeAccess/Binaries/Win64/UE4Editor-VisualStudioSourceCodeAccess.dll (API version 3709383).
LogModuleManager: Display: Found up-to-date module file ../../../Engine/Plugins/Editor/AssetManagerEditor/Binaries/Win64/UE4Editor-AssetManagerEditor.dll (API version 3709383).
LogModuleManager: Display: Found up-to-date module file ../../../Engine/Plugins/Editor/AudioCapture/Binaries/Win64/UE4Editor-AudioCapture.dll (API version 3709383).
LogModuleManager: Display: Found up-to-date module file ../../../Engine/Plugins/Editor/FacialAnimation/Binaries/Win64/UE4Editor-FacialAnimation.dll (API version 3709383).
LogModuleManager: Display: Found up-to-date module file ../../../Engine/Plugins/Editor/FacialAnimation/Binaries/Win64/UE4Editor-FacialAnimationEditor.dll (API version 3709383).
LogModuleManager: Display: Found up-to-date module file ../../../Engine/Plugins/Editor/GameplayTagsEditor/Binaries/Win64/UE4Editor-GameplayTagsEditor.dll (API version 3709383).
LogModuleManager: Display: Found up-to-date module file ../../../Engine/Plugins/Editor/MobileLauncherProfileWizard/Binaries/Win64/UE4Editor-MobileLauncherProfileWizard.dll (API version 3709383).
LogModuleManager: Display: Found up-to-date module file ../../../Engine/Plugins/Editor/PluginBrowser/Binaries/Win64/UE4Editor-PluginBrowser.dll (API version 3709383).
LogModuleManager: Display: Found up-to-date module file ../../../Engine/Plugins/Editor/SpeedTreeImporter/Binaries/Win64/UE4Editor-SpeedTreeImporter.dll (API version 3709383).
LogModuleManager: Display: Found up-to-date module file ../../../Engine/Plugins/Experimental/AlembicImporter/Binaries/Win64/UE4Editor-AlembicImporter.dll (API version 3709383).
LogModuleManager: Display: Found up-to-date module file ../../../Engine/Plugins/Experimental/AlembicImporter/Binaries/Win64/UE4Editor-AlembicLibrary.dll (API version 3709383).
LogModuleManager: Display: Found up-to-date module file ../../../Engine/Plugins/Experimental/CharacterAI/Binaries/Win64/UE4Editor-CharacterAI.dll (API version 3709383).
LogModuleManager: Display: Found up-to-date module file ../../../Engine/Plugins/Experimental/HTML5Networking/Binaries/Win64/UE4Editor-HTML5Networking.dll (API version 3709383).
LogModuleManager: Display: Found up-to-date module file ../../../Engine/Plugins/Media/AndroidMedia/Binaries/Win64/UE4Editor-AndroidMediaEditor.dll (API version 3709383).
LogModuleManager: Display: Found up-to-date module file ../../../Engine/Plugins/Media/AndroidMedia/Binaries/Win64/UE4Editor-AndroidMediaFactory.dll (API version 3709383).
LogModuleManager: Display: Found up-to-date module file ../../../Engine/Plugins/Media/AvfMedia/Binaries/Win64/UE4Editor-AvfMediaEditor.dll (API version 3709383).
LogModuleManager: Display: Found up-to-date module file ../../../Engine/Plugins/Media/AvfMedia/Binaries/Win64/UE4Editor-AvfMediaFactory.dll (API version 3709383).
LogModuleManager: Display: Found up-to-date module file ../../../Engine/Plugins/Media/AvfMedia/Binaries/Win64/UE4Editor-AvfMediaFactory.dll (API version 3709383).
LogModuleManager: Display: Found up-to-date module file ../../../Engine/Plugins/Media/ImgMedia/Binaries/Win64/UE4Editor-ImgMedia.dll (API version 3709383).
LogModuleManager: Display: Found up-to-date module file ../../../Engine/Plugins/Media/ImgMedia/Binaries/Win64/UE4Editor-ImgMediaEditor.dll (API version 3709383).
LogModuleManager: Display: Found up-to-date module file ../../../Engine/Plugins/Media/ImgMedia/Binaries/Win64/UE4Editor-ImgMediaFactory.dll (API version 3709383).
LogModuleManager: Display: Found up-to-date module file ../../../Engine/Plugins/Media/ImgMedia/Binaries/Win64/UE4Editor-ImgMediaFactory.dll (API version 3709383).
LogModuleManager: Display: Found up-to-date module file ../../../Engine/Plugins/Media/ImgMedia/Binaries/Win64/UE4Editor-OpenExrWrapper.dll (API version 3709383).
LogModuleManager: Display: Found up-to-date module file ../../../Engine/Plugins/Media/MediaCompositing/Binaries/Win64/UE4Editor-MediaCompositing.dll (API version 3709383).
LogModuleManager: Display: Found up-to-date module file ../../../Engine/Plugins/Media/MediaCompositing/Binaries/Win64/UE4Editor-MediaCompositingEditor.dll (API version 3709383).
LogModuleManager: Display: Found up-to-date module file ../../../Engine/Plugins/Media/MediaPlayerEditor/Binaries/Win64/UE4Editor-MediaPlayerEditor.dll (API version 3709383).
LogModuleManager: Display: Found up-to-date module file ../../../Engine/Plugins/Media/WmfMedia/Binaries/Win64/UE4Editor-WmfMedia.dll (API version 3709383).
LogModuleManager: Display: Found up-to-date module file ../../../Engine/Plugins/Media/WmfMedia/Binaries/Win64/UE4Editor-WmfMediaEditor.dll (API version 3709383).
LogModuleManager: Display: Found up-to-date module file ../../../Engine/Plugins/Media/WmfMedia/Binaries/Win64/UE4Editor-WmfMediaFactory.dll (API version 3709383).
LogModuleManager: Display: Found up-to-date module file ../../../Engine/Plugins/Media/WmfMedia/Binaries/Win64/UE4Editor-WmfMediaFactory.dll (API version 3709383).
LogModuleManager: Display: Found up-to-date module file ../../../Engine/Plugins/Messaging/TcpMessaging/Binaries/Win64/UE4Editor-TcpMessaging.dll (API version 3709383).
LogModuleManager: Display: Found up-to-date module file ../../../Engine/Plugins/Messaging/UdpMessaging/Binaries/Win64/UE4Editor-UdpMessaging.dll (API version 3709383).
LogModuleManager: Display: Found up-to-date module file ../../../Engine/Plugins/MovieScene/ActorSequence/Binaries/Win64/UE4Editor-ActorSequence.dll (API version 3709383).
LogModuleManager: Display: Found up-to-date module file ../../../Engine/Plugins/MovieScene/LevelSequenceEditor/Binaries/Win64/UE4Editor-LevelSequenceEditor.dll (API version 3709383).
LogModuleManager: Display: Found up-to-date module file ../../../Engine/Plugins/MovieScene/MatineeToLevelSequence/Binaries/Win64/UE4Editor-MatineeToLevelSequence.dll (API version 3709383).
LogModuleManager: Display: Found up-to-date module file ../../../Engine/Plugins/Online/OnlineSubsystem/Binaries/Win64/UE4Editor-OnlineSubsystem.dll (API version 3709383).
LogModuleManager: Display: Found up-to-date module file ../../../Engine/Plugins/Runtime/AndroidPermission/Binaries/Win64/UE4Editor-AndroidPermission.dll (API version 3709383).
LogModuleManager: Display: Found up-to-date module file ../../../Engine/Plugins/Online/OnlineSubsystemNull/Binaries/Win64/UE4Editor-OnlineSubsystemNull.dll (API version 3709383).
LogModuleManager: Display: Found up-to-date module file ../../../Engine/Plugins/Online/OnlineSubsystemUtils/Binaries/Win64/UE4Editor-OnlineSubsystemUtils.dll (API version 3709383).
LogModuleManager: Display: Found up-to-date module file ../../../Engine/Plugins/Online/OnlineSubsystemUtils/Binaries/Win64/UE4Editor-OnlineBlueprintSupport.dll (API version 3709383).
LogModuleManager: Display: Found up-to-date module file ../../../Engine/Plugins/Runtime/AndroidDeviceProfileSelector/Binaries/Win64/UE4Editor-AndroidDeviceProfileSelector.dll (API version 3709383).
LogModuleManager: Display: Found up-to-date module file ../../../Engine/Plugins/Runtime/AppleARKit/Binaries/Win64/UE4Editor-AppleARKit.dll (API version 3709383).
LogModuleManager: Display: Found up-to-date module file ../../../Engine/Plugins/Runtime/ArchVisCharacter/Binaries/Win64/UE4Editor-ArchVisCharacter.dll (API version 3709383).
LogModuleManager: Display: Found up-to-date module file ../../../Engine/Plugins/Runtime/CableComponent/Binaries/Win64/UE4Editor-CableComponent.dll (API version 3709383).
LogModuleManager: Display: Found up-to-date module file ../../../Engine/Plugins/Runtime/CustomMeshComponent/Binaries/Win64/UE4Editor-CustomMeshComponent.dll (API version 3709383).
LogModuleManager: Display: Found up-to-date module file ../../../Engine/Plugins/Runtime/ExampleDeviceProfileSelector/Binaries/Win64/UE4Editor-ExampleDeviceProfileSelector.dll (API version 3709383).
LogModuleManager: Display: Found up-to-date module file ../../../Engine/Plugins/Runtime/ImmediatePhysics/Binaries/Win64/UE4Editor-ImmediatePhysics.dll (API version 3709383).
LogModuleManager: Display: Found up-to-date module file ../../../Engine/Plugins/Runtime/ImmediatePhysics/Binaries/Win64/UE4Editor-ImmediatePhysicsEditor.dll (API version 3709383).
LogModuleManager: Display: Found up-to-date module file ../../../Engine/Plugins/Runtime/LocationServicesBPLibrary/Binaries/Win64/UE4Editor-LocationServicesBPLibrary.dll (API version 3709383).
LogModuleManager: Display: Found up-to-date module file ../../../Engine/Plugins/Runtime/MobilePatchingUtils/Binaries/Win64/UE4Editor-MobilePatchingUtils.dll (API version 3709383).
LogModuleManager: Display: Found up-to-date module file ../../../Engine/Plugins/Runtime/Oculus/OculusVR/Binaries/Win64/UE4Editor-OculusHMD.dll (API version 3709383).
LogModuleManager: Display: Found up-to-date module file ../../../Engine/Plugins/Runtime/Oculus/OculusVR/Binaries/Win64/UE4Editor-OculusInput.dll (API version 3709383).
LogModuleManager: Display: Found up-to-date module file ../../../Engine/Plugins/Runtime/Oculus/OculusVR/Binaries/Win64/UE4Editor-OculusEditor.dll (API version 3709383).
LogModuleManager: Display: Found up-to-date module file ../../../Engine/Plugins/Runtime/PhysXVehicles/Binaries/Win64/UE4Editor-PhysXVehicles.dll (API version 3709383).
LogModuleManager: Display: Found up-to-date module file ../../../Engine/Plugins/Runtime/PhysXVehicles/Binaries/Win64/UE4Editor-PhysXVehiclesEditor.dll (API version 3709383).
LogModuleManager: Display: Found up-to-date module file ../../../Engine/Plugins/Runtime/ProceduralMeshComponent/Binaries/Win64/UE4Editor-ProceduralMeshComponent.dll (API version 3709383).
LogModuleManager: Display: Found up-to-date module file ../../../Engine/Plugins/Runtime/ProceduralMeshComponent/Binaries/Win64/UE4Editor-ProceduralMeshComponentEditor.dll (API version 3709383).
LogModuleManager: Display: Found up-to-date module file ../../../Engine/Plugins/Runtime/RuntimePhysXCooking/Binaries/Win64/UE4Editor-RuntimePhysXCooking.dll (API version 3709383).
LogModuleManager: Display: Found up-to-date module file ../../../Engine/Plugins/Runtime/Steam/SteamVR/Binaries/Win64/UE4Editor-SteamVR.dll (API version 3709383).
LogModuleManager: Display: Found up-to-date module file ../../../Engine/Plugins/Runtime/Steam/SteamVR/Binaries/Win64/UE4Editor-SteamVRController.dll (API version 3709383).
LogModuleManager: Display: Found up-to-date module file ../../../Engine/Plugins/Runtime/WindowsMoviePlayer/Binaries/Win64/UE4Editor-WindowsMoviePlayer.dll (API version 3709383).
LogPluginManager: Mounting plugin Paper2D
LogPluginManager: Mounting plugin LightPropagationVolume
LogPluginManager: Mounting plugin CodeLiteSourceCodeAccess
LogPluginManager: Mounting plugin GitSourceControl
LogPluginManager: Mounting plugin KDevelopSourceCodeAccess
LogPluginManager: Mounting plugin NullSourceCodeAccess
LogPluginManager: Mounting plugin PerforceSourceControl
LogPluginManager: Mounting plugin SubversionSourceControl
LogPluginManager: Mounting plugin UObjectPlugin
LogPluginManager: Mounting plugin VisualStudioCodeSourceCodeAccess
LogPluginManager: Mounting plugin VisualStudioSourceCodeAccess
LogPluginManager: Mounting plugin XCodeSourceCodeAccess
LogPluginManager: Mounting plugin AssetManagerEditor
LogPluginManager: Mounting plugin AudioCapture
LogPluginManager: Mounting plugin FacialAnimation
LogPluginManager: Mounting plugin GameplayTagsEditor
LogPluginManager: Mounting plugin MobileLauncherProfileWizard
LogPluginManager: Mounting plugin PluginBrowser
LogPluginManager: Mounting plugin SpeedTreeImporter
LogPluginManager: Mounting plugin AlembicImporter
LogPluginManager: Mounting plugin CharacterAI
LogPluginManager: Mounting plugin HTML5Networking
LogPluginManager: Mounting plugin AndroidMedia
LogPluginManager: Mounting plugin AvfMedia
LogPluginManager: Mounting plugin ImgMedia
LogPluginManager: Mounting plugin MediaCompositing
LogPluginManager: Mounting plugin MediaPlayerEditor
LogPluginManager: Mounting plugin WmfMedia
LogPluginManager: Mounting plugin TcpMessaging
LogPluginManager: Mounting plugin UdpMessaging
LogPluginManager: Mounting plugin ActorSequence
LogPluginManager: Mounting plugin LevelSequenceEditor
LogPluginManager: Mounting plugin MatineeToLevelSequence
LogPluginManager: Mounting plugin OnlineSubsystemGooglePlay
LogPluginManager: Mounting plugin OnlineSubsystemIOS
LogPluginManager: Mounting plugin OnlineSubsystem
LogPluginManager: Mounting plugin OnlineSubsystemNull
LogPluginManager: Mounting plugin OnlineSubsystemUtils
LogPluginManager: Mounting plugin AndroidDeviceProfileSelector
LogPluginManager: Mounting plugin AndroidMoviePlayer
LogPluginManager: Mounting plugin AndroidPermission
LogPluginManager: Mounting plugin AppleARKit
LogPluginManager: Mounting plugin AppleMoviePlayer
LogPluginManager: Mounting plugin ArchVisCharacter
LogPluginManager: Mounting plugin CableComponent
LogPluginManager: Mounting plugin CustomMeshComponent
LogPluginManager: Mounting plugin ExampleDeviceProfileSelector
LogPluginManager: Mounting plugin GoogleCloudMessaging
LogPluginManager: Mounting plugin ImmediatePhysics
LogPluginManager: Mounting plugin IOSDeviceProfileSelector
LogPluginManager: Mounting plugin LinuxDeviceProfileSelector
LogPluginManager: Mounting plugin LocationServicesBPLibrary
LogPluginManager: Mounting plugin MobilePatchingUtils
LogPluginManager: Mounting plugin OculusVR
LogPluginManager: Plugin shader directory ../../../Engine/Plugins/Runtime/Oculus/OculusVR/Shaders found
LogPluginManager: Mapping shader source directory ../../../Engine/Plugins/Runtime/Oculus/OculusVR/Shaders to virtual directory /Plugin/OculusVR
LogPluginManager: Mounting plugin PhysXVehicles
LogPluginManager: Mounting plugin ProceduralMeshComponent
LogPluginManager: Mounting plugin RuntimePhysXCooking
LogPluginManager: Mounting plugin SteamVR
LogPluginManager: Mounting plugin WindowsMoviePlayer
LogInit: Using libcurl 7.47.1
LogInit:  - built for x86_64-pc-win32
LogInit:  - supports SSL with OpenSSL/1.0.2g
LogInit:  - supports HTTP deflate (compression) using libz 1.2.8
LogInit:  - other features:
LogInit:      CURL_VERSION_SSL
LogInit:      CURL_VERSION_LIBZ
LogInit:      CURL_VERSION_IPV6
LogInit:      CURL_VERSION_ASYNCHDNS
LogInit:      CURL_VERSION_LARGEFILE
LogInit:      CURL_VERSION_IDN
LogInit:  CurlRequestOptions (configurable via config and command line):
LogInit:  - bVerifyPeer = false  - Libcurl will NOT verify peer certificate
LogInit:  - bUseHttpProxy = false  - Libcurl will NOT use HTTP proxy
LogInit:  - bDontReuseConnections = false  - Libcurl will reuse connections
LogInit:  - CertBundlePath = nullptr  - Libcurl will use whatever was configured at build time.
LogInit: Build: ++UE4+Release-4.18-CL-3832480
LogInit: Engine Version: 4.18.3-3832480+++UE4+Release-4.18
LogInit: Compatible Engine Version: 4.18.0-3709383+++UE4+Release-4.18
LogInit: Net CL: 3709383
LogDevObjectVersion: Number of dev versions registered: 16
LogDevObjectVersion:   Dev-Blueprints (B0D832E4-1F89-4F0D-ACCF-7EB736FD4AA2): 10
LogDevObjectVersion:   Dev-Build (E1C64328-A22C-4D53-A36C-8E866417BD8C): 0
LogDevObjectVersion:   Dev-Core (375EC13C-06E4-48FB-B500-84F0262A717E): 2
LogDevObjectVersion:   Dev-Editor (E4B068ED-F494-42E9-A231-DA0B2E46BB41): 20
LogDevObjectVersion:   Dev-Framework (CFFC743F-43B0-4480-9391-14DF171D2073): 30
LogDevObjectVersion:   Dev-Mobile (B02B49B5-BB20-44E9-A304-32B752E40360): 0
LogDevObjectVersion:   Dev-Networking (A4E4105C-59A1-49B5-A7C5-40C4547EDFEE): 0
LogDevObjectVersion:   Dev-Online (39C831C9-5AE6-47DC-9A44-9C173E1C8E7C): 0
LogDevObjectVersion:   Dev-Physics (78F01B33-EBEA-4F98-B9B4-84EACCB95AA2): 0
LogDevObjectVersion:   Dev-Platform (6631380F-2D4D-43E0-8009-CF276956A95A): 0
LogDevObjectVersion:   Dev-Rendering (12F88B9F-8875-4AFC-A67C-D90C383ABD29): 20
LogDevObjectVersion:   Dev-Sequencer (7B5AE74C-D270-4C10-A958-57980B212A5A): 4
LogDevObjectVersion:   Dev-VR (D7296918-1DD6-4BDD-9DE2-64A83CC13884): 0
LogDevObjectVersion:   Dev-LoadTimes (C2A15278-BFE7-4AFE-6C17-90FF531DF755): 1
LogDevObjectVersion:   Private-Geometry (6EACA3D4-40EC-4CC1-B786-8BED09428FC5): 1
LogDevObjectVersion:   Dev-AnimPhys (29E575DD-E0A3-4627-9D10-D276232CDCEA): 12
LogInit: Compiled (64-bit): Jan 12 2018 02:04:55
LogInit: Compiled with Visual C++: 19.00.24215.01
LogInit: Build Configuration: Development
LogInit: Branch Name: ++UE4+Release-4.18
LogInit: Command line:  
LogInit: Base directory: C:/Program Files/Epic Games/UE_4.18/Engine/Binaries/Win64/
LogInit: Installed Engine Build: 1
LogInit: Presizing for max 8388607 objects, including 0 objects not considered by GC, pre-allocating 0 bytes for permanent pool.
LogInit: Object subsystem initialized
[2018.02.04-12.00.02:711][  0]LogInit: Selected Device Profile: [Windows]
[2018.02.04-12.00.02:711][  0]LogInit: Applying CVar settings loaded from the selected device profile: [Windows]
[2018.02.04-12.00.02:743][  0]LogInit: Computer: ASUS-25
[2018.02.04-12.00.02:743][  0]LogInit: User: Adrià
[2018.02.04-12.00.02:743][  0]LogInit: CPU Page size=4096, Cores=4
[2018.02.04-12.00.02:743][  0]LogInit: High frequency timer resolution =2.742186 MHz
[2018.02.04-12.00.02:743][  0]LogMemory: Memory total: Physical=7.9GB (8GB approx)
[2018.02.04-12.00.02:743][  0]LogMemory: Platform Memory Stats for Windows
[2018.02.04-12.00.02:743][  0]LogMemory: Process Physical Memory: 273.53 MB used, 273.53 MB peak
[2018.02.04-12.00.02:743][  0]LogMemory: Process Virtual Memory: 277.10 MB used, 277.10 MB peak
[2018.02.04-12.00.02:743][  0]LogMemory: Physical Memory: 2895.20 MB used,  5177.88 MB free, 8073.08 MB total
[2018.02.04-12.00.02:743][  0]LogMemory: Virtual Memory: 675.09 MB used,  5177.88 MB free, 134217728.00 MB total
[2018.02.04-12.00.03:793][  0]LogInit: Using OS detected language (en-US).
[2018.02.04-12.00.03:793][  0]LogInit: Using OS detected locale (en-US).
[2018.02.04-12.00.03:858][  0]LogTextLocalizationManager: No specific localization for 'en-US' exists, so the 'en' localization will be used.
[2018.02.04-12.00.04:291][  0]LogInit: Setting process to per monitor DPI aware
[2018.02.04-12.00.06:438][  0]LogD3D11RHI: D3D11 adapters:
[2018.02.04-12.00.06:936][  0]LogD3D11RHI:    0. 'NVIDIA GeForce GTX 1050' (Feature Level 11_0)
[2018.02.04-12.00.06:936][  0]LogD3D11RHI:       4031/0/4036 MB DedicatedVideo/DedicatedSystem/SharedSystem, Outputs:1, VendorId:0x10de
[2018.02.04-12.00.06:943][  0]LogD3D11RHI:    1. 'Intel(R) HD Graphics 630' (Feature Level 11_0)
[2018.02.04-12.00.06:943][  0]LogD3D11RHI:       128/0/4036 MB DedicatedVideo/DedicatedSystem/SharedSystem, Outputs:0, VendorId:0x8086
[2018.02.04-12.00.06:946][  0]LogD3D11RHI:    2. 'Microsoft Basic Render Driver' (Feature Level 11_0)
[2018.02.04-12.00.06:946][  0]LogD3D11RHI:       0/0/4036 MB DedicatedVideo/DedicatedSystem/SharedSystem, Outputs:0, VendorId:0x1414
[2018.02.04-12.00.06:946][  0]LogD3D11RHI: Chosen D3D11 Adapter: 0
[2018.02.04-12.00.06:952][  0]LogD3D11RHI: Creating new Direct3DDevice
[2018.02.04-12.00.06:952][  0]LogD3D11RHI:     GPU DeviceId: 0x1c8d (for the marketing name, search the web for "GPU Device Id")
[2018.02.04-12.00.06:952][  0]LogWindows: EnumDisplayDevices:
[2018.02.04-12.00.06:953][  0]LogWindows:    0. 'Intel(R) HD Graphics 630' (P:1 D:1)
[2018.02.04-12.00.06:953][  0]LogWindows:    1. 'Intel(R) HD Graphics 630' (P:0 D:0)
[2018.02.04-12.00.06:953][  0]LogWindows:    2. 'Intel(R) HD Graphics 630' (P:0 D:0)
[2018.02.04-12.00.06:953][  0]LogWindows: DebugString: GetVideoDriverDetailsInvalid PrimaryIsNotTheChoosenAdapter GetVideoDriverDetailsInvalid PrimaryIsNotTheChoosenAdapter GetVideoDriverDetailsInvalid PrimaryIsNotTheChoosenAdapter FoundDriverCount:0 
[2018.02.04-12.00.06:953][  0]LogD3D11RHI:     Adapter Name: NVIDIA GeForce GTX 1050
[2018.02.04-12.00.06:953][  0]LogD3D11RHI:   Driver Version: Unknown (internal:Unknown, unified:Unknown)
[2018.02.04-12.00.06:953][  0]LogD3D11RHI:      Driver Date: Unknown
[2018.02.04-12.00.06:953][  0]LogRHI: Texture pool is 2821 MB (70% of 4031 MB)
[2018.02.04-12.00.06:982][  0]LogD3D11RHI: Async texture creation enabled
[2018.02.04-12.00.07:032][  0]LogD3D11RHI: GPU Timing Frequency: 1000.000000 (Debug: 2 1)
[2018.02.04-12.00.07:033][  0]LogShaderCompilers: Guid format shader working directory is -20 characters bigger than the processId version (../../../../../../Users/Alumno/Documents/Casino Royale/SideScroller/Intermediate/Shaders/WorkingDirectory/1820/).
[2018.02.04-12.00.07:033][  0]LogShaderCompilers: Cleaned the shader compiler working directory 'C:/Users/Alumno/AppData/Local/Temp/UnrealShaderWorkingDir/96FAACB3428D5DCAE0E1988FFCB47383/'.
[2018.02.04-12.00.07:033][  0]LogShaderCompilers: Display: Using Local Shader Compiler.
[2018.02.04-12.00.09:483][  0]LogTemp: Display: Loaded TP AllDesktopTargetPlatform
[2018.02.04-12.00.09:570][  0]LogTemp: Display: Loaded TP MacClientTargetPlatform
[2018.02.04-12.00.09:636][  0]LogTemp: Display: Loaded TP MacNoEditorTargetPlatform
[2018.02.04-12.00.09:705][  0]LogTemp: Display: Loaded TP MacServerTargetPlatform
[2018.02.04-12.00.09:770][  0]LogTemp: Display: Loaded TP MacTargetPlatform
[2018.02.04-12.00.09:833][  0]LogTemp: Display: Loaded TP WindowsClientTargetPlatform
[2018.02.04-12.00.09:887][  0]LogTemp: Display: Loaded TP WindowsNoEditorTargetPlatform
[2018.02.04-12.00.09:941][  0]LogTemp: Display: Loaded TP WindowsServerTargetPlatform
[2018.02.04-12.00.09:988][  0]LogTemp: Display: Loaded TP WindowsTargetPlatform
[2018.02.04-12.00.10:039][  0]LogTemp: Display: Loaded TP Android_ASTCTargetPlatform
[2018.02.04-12.00.10:093][  0]LogTemp: Display: Loaded TP Android_ATCTargetPlatform
[2018.02.04-12.00.10:148][  0]LogTemp: Display: Loaded TP Android_DXTTargetPlatform
[2018.02.04-12.00.10:203][  0]LogTemp: Display: Loaded TP Android_ETC1TargetPlatform
[2018.02.04-12.00.10:258][  0]LogTemp: Display: Loaded TP Android_ETC2TargetPlatform
[2018.02.04-12.00.10:368][  0]LogTemp: Display: Loaded TP Android_MultiTargetPlatform
[2018.02.04-12.00.10:368][  0]LogTemp: Display: Loaded TP Android_PVRTCTargetPlatform
[2018.02.04-12.00.10:426][  0]LogTemp: Display: Loaded TP AndroidTargetPlatform
[2018.02.04-12.00.10:472][  0]LogTemp: Display: Loaded TP HTML5TargetPlatform
[2018.02.04-12.00.10:589][  0]LogTemp: Display: Loaded TP IOSTargetPlatform
[2018.02.04-12.00.10:616][  0]LogTemp: Display: Loaded TP TVOSTargetPlatform
[2018.02.04-12.00.10:672][  0]LogTemp: Display: Loaded TP LinuxClientTargetPlatform
[2018.02.04-12.00.10:728][  0]LogTemp: Display: Loaded TP LinuxNoEditorTargetPlatform
[2018.02.04-12.00.10:780][  0]LogTemp: Display: Loaded TP LinuxServerTargetPlatform
[2018.02.04-12.00.10:837][  0]LogTemp: Display: Loaded TP LinuxTargetPlatform
[2018.02.04-12.00.10:837][  0]LogTargetPlatformManager: Display: Building Assets For Windows
[2018.02.04-12.00.11:628][  0]LogDerivedDataCache: Display: Max Cache Size: 512 MB
[2018.02.04-12.00.11:926][  0]LogDerivedDataCache: Loaded boot cache 0.30s 78MB C:/Users/Alumno/AppData/Local/UnrealEngine/4.18/DerivedDataCache/Boot.ddc.
[2018.02.04-12.00.11:926][  0]LogDerivedDataCache: Display: Loaded Boot cache: C:/Users/Alumno/AppData/Local/UnrealEngine/4.18/DerivedDataCache/Boot.ddc
[2018.02.04-12.00.11:926][  0]LogDerivedDataCache: FDerivedDataBackendGraph:  Pak pak cache file ../../../../../../Users/Alumno/Documents/Casino Royale/SideScroller/DerivedDataCache/DDC.ddp not found, will not use a pak cache.
[2018.02.04-12.00.11:926][  0]LogDerivedDataCache: Unable to find inner node Pak for hierarchical cache Hierarchy.
[2018.02.04-12.00.11:926][  0]LogDerivedDataCache: FDerivedDataBackendGraph:  CompressedPak pak cache file ../../../../../../Users/Alumno/Documents/Casino Royale/SideScroller/DerivedDataCache/Compressed.ddp not found, will not use a pak cache.
[2018.02.04-12.00.11:926][  0]LogDerivedDataCache: Unable to find inner node CompressedPak for hierarchical cache Hierarchy.
[2018.02.04-12.00.11:951][  0]LogDerivedDataCache: Display: Pak cache opened for reading ../../../Engine/DerivedDataCache/Compressed.ddp.
[2018.02.04-12.00.11:964][  0]LogDerivedDataCache: Using Local data cache path C:/Users/Alumno/AppData/Local/UnrealEngine/Common/DerivedDataCache: Writable
[2018.02.04-12.00.11:973][  0]LogMaterial: Verifying Global Shaders for PCD3D_SM5
[2018.02.04-12.00.11:973][  0]LogSlate: Using Freetype 2.6.0
[2018.02.04-12.00.11:990][  0]LogSlate: SlateFontCache - WITH_FREETYPE: 1, WITH_HARFBUZZ: 1
[2018.02.04-12.00.11:990][  0]LogSlate: SlateFontCache - WITH_FREETYPE: 1, WITH_HARFBUZZ: 1
[2018.02.04-12.00.14:544][  0]LogInit: Selected Device Profile: [Windows]
[2018.02.04-12.00.15:116][  0]LogSimplygon: Simplygon DLL not present - disabling.
[2018.02.04-12.00.15:179][  0]LogMeshReduction: Using SimplygonSwarm for distributed automatic mesh merging
[2018.02.04-12.00.15:180][  0]LogMeshReduction: Using QuadricMeshReduction for automatic static mesh reduction
[2018.02.04-12.00.15:180][  0]LogMeshReduction: No automatic skeletal mesh reduction module available
[2018.02.04-12.00.15:180][  0]LogMeshReduction: No automatic mesh merging module available
[2018.02.04-12.00.15:180][  0]LogMeshMerging: No automatic mesh merging module available
[2018.02.04-12.00.15:236][  0]LogNetVersion: SideScroller , NetCL: 3709383, EngineNetVer: 2, GameNetVer: 0 (Checksum: 123061163)
[2018.02.04-12.00.15:655][  0]LogAssetRegistry: FAssetRegistry took 0.0268 seconds to start up
[2018.02.04-12.00.16:737][  0]LogPackageLocalizationCache: Processed 7 localized package path(s) for 2 prioritized culture(s) in 0.105998 seconds
[2018.02.04-12.00.16:742][  0]LogUObjectArray: 35870 objects as part of root set at end of initial load.
[2018.02.04-12.00.16:742][  0]LogUObjectAllocator: 7363704 out of 0 bytes used by permanent object pool.
[2018.02.04-12.00.16:742][  0]LogUObjectArray: CloseDisregardForGC: 0/0 objects in disregard for GC pool
[2018.02.04-12.00.16:793][  0]LogInit: WinSock: version 1.1 (2.2), MaxSocks=32767, MaxUdp=65467
[2018.02.04-12.00.22:933][  0]LogTcpMessaging: Initializing TcpMessaging bridge
[2018.02.04-12.00.22:986][  0]LogUdpMessaging: Initializing bridge on interface 0.0.0.0:0 to multicast group 230.0.0.1:6666.
[2018.02.04-12.00.23:953][  0]LogMaterial: Uniform references updated for custom material expression Custom.
[2018.02.04-12.00.24:533][  0]SourceControl: Source control is disabled
[2018.02.04-12.00.24:533][  0]SourceControl: Source control is disabled
[2018.02.04-12.00.24:609][  0]SourceControl: Source control is disabled
[2018.02.04-12.00.24:676][  0]SourceControl: Source control is disabled
[2018.02.04-12.00.25:714][  0]LogAndroidPermission: UAndroidPermissionCallbackProxy::GetInstance
[2018.02.04-12.00.26:038][  0]LogOcInput: OculusInput pre-init called
[2018.02.04-12.00.26:407][  0]LogEngine: Initializing Engine...
[2018.02.04-12.00.26:412][  0]LogHMD: Failed to initialize OpenVR with code 110
[2018.02.04-12.00.26:785][  0]LogStats: UGameplayTagsManager::ConstructGameplayTagTree: Construct from data asset -  0.000 s
[2018.02.04-12.00.26:785][  0]LogStats: UGameplayTagsManager::ConstructGameplayTagTree: GameplayTagTreeChangedEvent.Broadcast -  0.000 s
[2018.02.04-12.00.26:940][  0]LogAIModule: Creating AISystem for world Untitled
[2018.02.04-12.00.26:962][  0]LogInit: XAudio2 using 'Speakers (Realtek High Definition Audio)' : 2 channels at 48 kHz using 32 bits per sample (channel mask 0x3)
[2018.02.04-12.00.27:153][  0]LogInit: FAudioDevice initialized.
[2018.02.04-12.00.27:243][  0]LogDerivedDataCache: Saved boot cache 0.09s 78MB C:/Users/Alumno/AppData/Local/UnrealEngine/4.18/DerivedDataCache/Boot.ddc.
[2018.02.04-12.00.27:258][  0]LogInit: Texture streaming: Enabled
[2018.02.04-12.00.27:359][  0]LogEngineSessionManager: EngineSessionManager initialized
[2018.02.04-12.00.27:359][  0]LogEngineSessionManager: EngineSessionManager sent abnormal shutdown report. Type=AbnormalShutdown, SessionId={66569A96-452B-6B08-C77D-7B91A9CC6AF5}
[2018.02.04-12.00.27:509][  0]LogWindowsTextInputMethodSystem: Display: IME system now deactivated.
[2018.02.04-12.00.27:584][  0]LogInit: Transaction tracking system initialized
[2018.02.04-12.00.28:041][  0]BlueprintLog: New page: Editor Load
[2018.02.04-12.00.29:261][  0]LocalizationService: Localization service is disabled
[2018.02.04-12.00.30:390][  0]LogConsoleResponse: Display: 
[2018.02.04-12.00.30:998][  0]LogCook: Display: Max memory allowance for cook 16384mb min free memory 0mb
[2018.02.04-12.00.30:999][  0]LogCook: Display: Mobile HDR setting 1
[2018.02.04-12.00.30:999][  0]LogGameplayTags: Display: UGameplayTagsManager::DoneAddingNativeTags. DelegateIsBound: 0
[2018.02.04-12.00.31:073][  0]LogFileCache: Scanning file cache for directory 'C:/Users/Alumno/Documents/Casino Royale/SideScroller/Content/' took 0.02s
[2018.02.04-12.00.32:763][  0]SourceControl: Source control is disabled
[2018.02.04-12.00.32:763][  0]Cmd: MAP LOAD FILE="../../../../../../Users/Alumno/Documents/Casino Royale/SideScroller/Content/SideScrollerBP/Maps/SideScrollerExampleMap.umap" TEMPLATE=0 SHOWPROGRESS=1 FEATURELEVEL=3
[2018.02.04-12.00.32:763][  0]LogEditorServer: Warning: Can't find file '../../../../../../Users/Alumno/Documents/Casino Royale/SideScroller/Content/SideScrollerBP/Maps/SideScrollerExampleMap.umap'
[2018.02.04-12.00.32:763][  0]Cmd: MAP CHECKDEP NOCLEARLOG
[2018.02.04-12.00.32:847][  0]MapCheck: Map check complete: 0 Error(s), 0 Warning(s), took 84.395ms to complete.
[2018.02.04-12.00.32:847][  0]LogFileHelpers: Loading map 'SideScrollerExampleMap' took 0.085
[2018.02.04-12.00.33:041][  0]LogCollectionManager: Loaded 0 collections in 0.002539 seconds
[2018.02.04-12.00.33:138][  0]LogFileCache: Scanning file cache for directory 'C:/Users/Alumno/Documents/Casino Royale/SideScroller/Saved/Collections/' took 0.01s
[2018.02.04-12.00.33:138][  0]LogFileCache: Scanning file cache for directory 'C:/Users/Alumno/Documents/Casino Royale/SideScroller/Content/Developers/Adrià/Collections/' took 0.01s
[2018.02.04-12.00.33:138][  0]LogFileCache: Scanning file cache for directory 'C:/Users/Alumno/Documents/Casino Royale/SideScroller/Content/Collections/' took 0.01s
[2018.02.04-12.00.33:138][  0]LogCollectionManager: Rebuilt the GUID cache for 0 collections in 0.000000 seconds
[2018.02.04-12.00.33:147][  0]LogContentBrowser: Native class hierarchy populated in 0.0087 seconds. Added 2363 classes and 519 folders.
[2018.02.04-12.00.33:234][  0]LogContentBrowser: Native class hierarchy updated for 'WidgetCarousel' in 0.0005 seconds. Added 0 classes and 0 folders.
[2018.02.04-12.00.33:673][  0]LogContentBrowser: Native class hierarchy updated for 'AddContentDialog' in 0.0002 seconds. Added 0 classes and 0 folders.
[2018.02.04-12.00.33:735][  0]LogContentBrowser: Native class hierarchy updated for 'SceneOutliner' in 0.0003 seconds. Added 1 classes and 2 folders.
[2018.02.04-12.00.33:766][  0]LogSlate: Took 0.009157 seconds to synchronously load lazily loaded font '../../../Engine/Content/Slate/Fonts/Roboto-Regular.ttf' (155K)
[2018.02.04-12.00.33:777][  0]LogSlate: Took 0.005593 seconds to synchronously load lazily loaded font '../../../Engine/Content/Slate/Fonts/Roboto-Bold.ttf' (160K)
[2018.02.04-12.00.33:789][  0]LogSlate: Took 0.006619 seconds to synchronously load lazily loaded font '../../../Engine/Content/Editor/Slate/Fonts/FontAwesome.ttf' (139K)
[2018.02.04-12.00.33:952][  0]LogRenderer: Reallocating scene render targets to support 964x436 Format 10 NumSamples 1 (Frame:1).
[2018.02.04-12.00.34:141][  0]LogContentBrowser: Native class hierarchy updated for 'HierarchicalLODOutliner' in 0.0003 seconds. Added 1 classes and 2 folders.
[2018.02.04-12.00.34:141][  0]LogLoad: (Engine Initialization) Total time: 37.70 seconds
[2018.02.04-12.00.34:141][  0]LogLoad: (Engine Initialization) Total Blueprint compile time: 0.00 seconds
[2018.02.04-12.00.34:141][  0]LogExternalProfiler: No external profilers were discovered.  External profiling features will not be available.
[2018.02.04-12.00.34:180][  0]LogContentStreaming: Texture pool size now 1000 MB
[2018.02.04-12.00.34:237][  0]LogSlate: Took 0.004990 seconds to synchronously load lazily loaded font '../../../Engine/Content/Slate/Fonts/Roboto-Light.ttf' (159K)
[2018.02.04-12.00.34:333][  1]LogAssetRegistry: Asset discovery search completed in 18.7004 seconds
[2018.02.04-12.00.34:336][  1]LogCollectionManager: Rebuilt the object cache for 0 collections in 0.000000 seconds (found 0 objects)
[2018.02.04-12.00.34:336][  1]LogCollectionManager: Fixed up redirectors for 0 collections in 0.000051 seconds (updated 0 objects)
[2018.02.04-12.01.11:702][340]LogSlate: Took 0.000187 seconds to synchronously load lazily loaded font '../../../Engine/Content/Slate/Fonts/Roboto-Light.ttf' (159K)
[2018.02.04-12.01.12:753][340]LogSlate: Took 0.000308 seconds to synchronously load lazily loaded font '../../../Engine/Content/Slate/Fonts/Roboto-Regular.ttf' (155K)
[2018.02.04-12.01.13:014][340]LogMaterial: Missing cached shader map for material BasicShapeMaterial, compiling. 
[2018.02.04-12.01.13:592][340]LogAIModule: Creating AISystem for world Level
[2018.02.04-12.01.13:639][340]Cmd: MAP LOAD FILE="../../../../../../Users/Alumno/Documents/Casino Royale/SideScroller/Content/Scenes/Level.umap" TEMPLATE=0 SHOWPROGRESS=1 FEATURELEVEL=3
[2018.02.04-12.01.13:639][340]LightingResults: New page: Lighting Build
[2018.02.04-12.01.13:704][340]LogContentBrowser: Native class hierarchy updated for 'StatsViewer' in 0.0002 seconds. Added 5 classes and 0 folders.
[2018.02.04-12.01.13:705][340]LoadErrors: New page: Loading map: Level.umap
[2018.02.04-12.01.13:705][340]MapCheck: New page: Map Check
[2018.02.04-12.01.13:705][340]LightingResults: New page: Lighting Build
[2018.02.04-12.01.13:732][340]LogEditorServer: Finished looking for orphan Actors (0.000 secs)
[2018.02.04-12.01.13:807][340]Cmd: MAP CHECKDEP NOCLEARLOG
[2018.02.04-12.01.13:960][340]MapCheck: Map check complete: 0 Error(s), 0 Warning(s), took 153.16ms to complete.
[2018.02.04-12.01.13:961][340]LogFileHelpers: Loading map 'Level' took 0.324
[2018.02.04-12.01.17:929][621]LogTemp: Repeating last play command: New Editor Window (PIE)
[2018.02.04-12.01.18:034][621]LogBlueprintUserMessages: Early PlayInEditor Detection: Level '/Game/Scenes/Level.Level:PersistentLevel' has LevelScriptBlueprint '/Game/Scenes/Level.Level:PersistentLevel.Level' with GeneratedClass '/Game/Scenes/Level.Level_C' with ClassGeneratedBy '/Game/Scenes/Level.Level:PersistentLevel.Level'
[2018.02.04-12.01.18:035][621]LogPlayLevel: PlayLevel: No blueprints needed recompiling
[2018.02.04-12.01.18:036][621]PIE: New page: PIE session: Level (Feb 4, 2018, 2:01:18 PM)
[2018.02.04-12.01.18:036][621]LogPlayLevel: Creating play world package: /Game/Scenes/UEDPIE_0_Level
[2018.02.04-12.01.18:084][621]LogPlayLevel: PIE: StaticDuplicateObject took: (0.048286s)
[2018.02.04-12.01.18:086][621]LogAIModule: Creating AISystem for world Level
[2018.02.04-12.01.18:087][621]LogPlayLevel: PIE: World Init took: (0.002322s)
[2018.02.04-12.01.18:087][621]LogPlayLevel: PIE: Created PIE world by copying editor world from /Game/Scenes/Level.Level to /Game/Scenes/UEDPIE_0_Level.Level (0.051454s)
[2018.02.04-12.01.18:104][621]LogInit: XAudio2 using 'Speakers (Realtek High Definition Audio)' : 2 channels at 48 kHz using 32 bits per sample (channel mask 0x3)
[2018.02.04-12.01.18:169][621]LogInit: FAudioDevice initialized.
[2018.02.04-12.01.18:296][621]LogLoad: Game class is 'SideScrollerGameMode_C'
[2018.02.04-12.01.18:300][621]LogWorld: Bringing World /Game/Scenes/UEDPIE_0_Level.Level up for play (max tick rate 0) at 2018.02.04-13.01.18
[2018.02.04-12.01.18:303][621]LogWorld: Bringing up level for play took: 0.005894
[2018.02.04-12.01.18:388][621]LogContentBrowser: Native class hierarchy updated for 'MovieSceneCapture' in 0.0006 seconds. Added 11 classes and 0 folders.
[2018.02.04-12.01.18:401][621]PIE: Play in editor start time for /Game/Scenes/UEDPIE_0_Level 1.305
[2018.02.04-12.01.18:402][621]LogBlueprintUserMessages: Late PlayInEditor Detection: Level '/Game/Scenes/Level.Level:PersistentLevel' has LevelScriptBlueprint '/Game/Scenes/Level.Level:PersistentLevel.Level' with GeneratedClass '/Game/Scenes/Level.Level_C' with ClassGeneratedBy '/Game/Scenes/Level.Level:PersistentLevel.Level'
[2018.02.04-12.01.18:453][621]LogRenderer: Reallocating scene render targets to support 1280x720 Format 10 NumSamples 1 (Frame:1).
[2018.02.04-12.01.57:613][906]LogBlueprintUserMessages: Early EndPlayMap Detection: Level '/Game/Scenes/Level.Level:PersistentLevel' has LevelScriptBlueprint '/Game/Scenes/Level.Level:PersistentLevel.Level' with GeneratedClass '/Game/Scenes/Level.Level_C' with ClassGeneratedBy '/Game/Scenes/Level.Level:PersistentLevel.Level'
[2018.02.04-12.01.57:677][906]LogBlueprintUserMessages: Late EndPlayMap Detection: Level '/Game/Scenes/Level.Level:PersistentLevel' has LevelScriptBlueprint '/Game/Scenes/Level.Level:PersistentLevel.Level' with GeneratedClass '/Game/Scenes/Level.Level_C' with ClassGeneratedBy '/Game/Scenes/Level.Level:PersistentLevel.Level'
[2018.02.04-12.01.59:876][146]LogEditorViewport: Clicking on Actor (LMB): MoveableObject_C (MoveableObject)
[2018.02.04-12.02.02:201][409]Cmd: DELETE
[2018.02.04-12.02.02:201][409]Cmd: ACTOR DELETE
[2018.02.04-12.02.02:210][409]LogEditorActor: Deleted Actor: MoveableObject_C
[2018.02.04-12.02.02:220][409]LogEditorActor: Deleted 1 Actors (0.019 secs)
[2018.02.04-12.02.03:850][596]LogTemp: Repeating last play command: New Editor Window (PIE)
[2018.02.04-12.02.03:874][596]LogBlueprintUserMessages: Early PlayInEditor Detection: Level '/Game/Scenes/Level.Level:PersistentLevel' has LevelScriptBlueprint '/Game/Scenes/Level.Level:PersistentLevel.Level' with GeneratedClass '/Game/Scenes/Level.Level_C' with ClassGeneratedBy '/Game/Scenes/Level.Level:PersistentLevel.Level'
[2018.02.04-12.02.03:874][596]LogPlayLevel: PlayLevel: No blueprints needed recompiling
[2018.02.04-12.02.03:874][596]PIE: New page: PIE session: Level (Feb 4, 2018, 2:02:03 PM)
[2018.02.04-12.02.03:874][596]LogPlayLevel: Creating play world package: /Game/Scenes/UEDPIE_0_Level
[2018.02.04-12.02.03:892][596]LogPlayLevel: PIE: StaticDuplicateObject took: (0.017702s)
[2018.02.04-12.02.03:893][596]LogAIModule: Creating AISystem for world Level
[2018.02.04-12.02.03:894][596]LogPlayLevel: PIE: World Init took: (0.001531s)
[2018.02.04-12.02.03:894][596]LogPlayLevel: PIE: Created PIE world by copying editor world from /Game/Scenes/Level.Level to /Game/Scenes/UEDPIE_0_Level.Level (0.019780s)
[2018.02.04-12.02.03:908][596]LogInit: XAudio2 using 'Speakers (Realtek High Definition Audio)' : 2 channels at 48 kHz using 32 bits per sample (channel mask 0x3)
[2018.02.04-12.02.03:945][596]LogInit: FAudioDevice initialized.
[2018.02.04-12.02.04:025][596]LogLoad: Game class is 'SideScrollerGameMode_C'
[2018.02.04-12.02.04:028][596]LogWorld: Bringing World /Game/Scenes/UEDPIE_0_Level.Level up for play (max tick rate 0) at 2018.02.04-13.02.04
[2018.02.04-12.02.04:029][596]LogWorld: Bringing up level for play took: 0.003174
[2018.02.04-12.02.04:036][596]PIE: Play in editor start time for /Game/Scenes/UEDPIE_0_Level 0.939
[2018.02.04-12.02.04:036][596]LogBlueprintUserMessages: Late PlayInEditor Detection: Level '/Game/Scenes/Level.Level:PersistentLevel' has LevelScriptBlueprint '/Game/Scenes/Level.Level:PersistentLevel.Level' with GeneratedClass '/Game/Scenes/Level.Level_C' with ClassGeneratedBy '/Game/Scenes/Level.Level:PersistentLevel.Level'
[2018.02.04-12.02.29:623][502]LogBlueprintUserMessages: Early EndPlayMap Detection: Level '/Game/Scenes/Level.Level:PersistentLevel' has LevelScriptBlueprint '/Game/Scenes/Level.Level:PersistentLevel.Level' with GeneratedClass '/Game/Scenes/Level.Level_C' with ClassGeneratedBy '/Game/Scenes/Level.Level:PersistentLevel.Level'
[2018.02.04-12.02.29:690][502]LogBlueprintUserMessages: Late EndPlayMap Detection: Level '/Game/Scenes/Level.Level:PersistentLevel' has LevelScriptBlueprint '/Game/Scenes/Level.Level:PersistentLevel.Level' with GeneratedClass '/Game/Scenes/Level.Level_C' with ClassGeneratedBy '/Game/Scenes/Level.Level:PersistentLevel.Level'
[2018.02.04-12.02.31:777][725]LogEditorViewport: Clicking on Actor (LMB): StaticMeshActor (Cube)
[2018.02.04-12.02.40:817][726]LogTemp: Repeating last play command: New Editor Window (PIE)
[2018.02.04-12.02.40:839][726]LogBlueprintUserMessages: Early PlayInEditor Detection: Level '/Game/Scenes/Level.Level:PersistentLevel' has LevelScriptBlueprint '/Game/Scenes/Level.Level:PersistentLevel.Level' with GeneratedClass '/Game/Scenes/Level.Level_C' with ClassGeneratedBy '/Game/Scenes/Level.Level:PersistentLevel.Level'
[2018.02.04-12.02.40:839][726]LogPlayLevel: PlayLevel: No blueprints needed recompiling
[2018.02.04-12.02.40:840][726]PIE: New page: PIE session: Level (Feb 4, 2018, 2:02:40 PM)
[2018.02.04-12.02.40:840][726]LogPlayLevel: Creating play world package: /Game/Scenes/UEDPIE_0_Level
[2018.02.04-12.02.40:858][726]LogPlayLevel: PIE: StaticDuplicateObject took: (0.018072s)
[2018.02.04-12.02.40:859][726]LogAIModule: Creating AISystem for world Level
[2018.02.04-12.02.40:859][726]LogPlayLevel: PIE: World Init took: (0.000954s)
[2018.02.04-12.02.40:859][726]LogPlayLevel: PIE: Created PIE world by copying editor world from /Game/Scenes/Level.Level to /Game/Scenes/UEDPIE_0_Level.Level (0.019404s)
[2018.02.04-12.02.40:873][726]LogInit: XAudio2 using 'Speakers (Realtek High Definition Audio)' : 2 channels at 48 kHz using 32 bits per sample (channel mask 0x3)
[2018.02.04-12.02.40:911][726]LogInit: FAudioDevice initialized.
[2018.02.04-12.02.40:987][726]LogLoad: Game class is 'SideScrollerGameMode_C'
[2018.02.04-12.02.40:990][726]LogWorld: Bringing World /Game/Scenes/UEDPIE_0_Level.Level up for play (max tick rate 0) at 2018.02.04-13.02.40
[2018.02.04-12.02.40:991][726]LogWorld: Bringing up level for play took: 0.003643
[2018.02.04-12.02.40:997][726]PIE: Play in editor start time for /Game/Scenes/UEDPIE_0_Level -0.099
[2018.02.04-12.02.40:998][726]LogBlueprintUserMessages: Late PlayInEditor Detection: Level '/Game/Scenes/Level.Level:PersistentLevel' has LevelScriptBlueprint '/Game/Scenes/Level.Level:PersistentLevel.Level' with GeneratedClass '/Game/Scenes/Level.Level_C' with ClassGeneratedBy '/Game/Scenes/Level.Level:PersistentLevel.Level'
[2018.02.04-12.02.45:618][244]LogBlueprintUserMessages: Early EndPlayMap Detection: Level '/Game/Scenes/Level.Level:PersistentLevel' has LevelScriptBlueprint '/Game/Scenes/Level.Level:PersistentLevel.Level' with GeneratedClass '/Game/Scenes/Level.Level_C' with ClassGeneratedBy '/Game/Scenes/Level.Level:PersistentLevel.Level'
[2018.02.04-12.02.45:676][244]LogBlueprintUserMessages: Late EndPlayMap Detection: Level '/Game/Scenes/Level.Level:PersistentLevel' has LevelScriptBlueprint '/Game/Scenes/Level.Level:PersistentLevel.Level' with GeneratedClass '/Game/Scenes/Level.Level_C' with ClassGeneratedBy '/Game/Scenes/Level.Level:PersistentLevel.Level'
[2018.02.04-12.02.47:165][404]LogEditorViewport: Clicking on Actor (LMB): StaticMeshActor (Cube)
[2018.02.04-12.02.55:795][329]LogTemp: Repeating last play command: New Editor Window (PIE)
[2018.02.04-12.02.55:819][329]LogBlueprintUserMessages: Early PlayInEditor Detection: Level '/Game/Scenes/Level.Level:PersistentLevel' has LevelScriptBlueprint '/Game/Scenes/Level.Level:PersistentLevel.Level' with GeneratedClass '/Game/Scenes/Level.Level_C' with ClassGeneratedBy '/Game/Scenes/Level.Level:PersistentLevel.Level'
[2018.02.04-12.02.55:819][329]LogPlayLevel: PlayLevel: No blueprints needed recompiling
[2018.02.04-12.02.55:819][329]PIE: New page: PIE session: Level (Feb 4, 2018, 2:02:55 PM)
[2018.02.04-12.02.55:819][329]LogPlayLevel: Creating play world package: /Game/Scenes/UEDPIE_0_Level
[2018.02.04-12.02.55:836][329]LogPlayLevel: PIE: StaticDuplicateObject took: (0.017104s)
[2018.02.04-12.02.55:837][329]LogAIModule: Creating AISystem for world Level
[2018.02.04-12.02.55:838][329]LogPlayLevel: PIE: World Init took: (0.001292s)
[2018.02.04-12.02.55:838][329]LogPlayLevel: PIE: Created PIE world by copying editor world from /Game/Scenes/Level.Level to /Game/Scenes/UEDPIE_0_Level.Level (0.018818s)
[2018.02.04-12.02.55:851][329]LogInit: XAudio2 using 'Speakers (Realtek High Definition Audio)' : 2 channels at 48 kHz using 32 bits per sample (channel mask 0x3)
[2018.02.04-12.02.55:891][329]LogInit: FAudioDevice initialized.
[2018.02.04-12.02.55:967][329]LogLoad: Game class is 'SideScrollerGameMode_C'
[2018.02.04-12.02.55:970][329]LogWorld: Bringing World /Game/Scenes/UEDPIE_0_Level.Level up for play (max tick rate 0) at 2018.02.04-13.02.55
[2018.02.04-12.02.55:973][329]LogWorld: Bringing up level for play took: 0.004750
[2018.02.04-12.02.55:978][329]PIE: Play in editor start time for /Game/Scenes/UEDPIE_0_Level 0.882
[2018.02.04-12.02.55:979][329]LogBlueprintUserMessages: Late PlayInEditor Detection: Level '/Game/Scenes/Level.Level:PersistentLevel' has LevelScriptBlueprint '/Game/Scenes/Level.Level:PersistentLevel.Level' with GeneratedClass '/Game/Scenes/Level.Level_C' with ClassGeneratedBy '/Game/Scenes/Level.Level:PersistentLevel.Level'
[2018.02.04-12.04.12:562][823]LogBlueprintUserMessages: Early EndPlayMap Detection: Level '/Game/Scenes/Level.Level:PersistentLevel' has LevelScriptBlueprint '/Game/Scenes/Level.Level:PersistentLevel.Level' with GeneratedClass '/Game/Scenes/Level.Level_C' with ClassGeneratedBy '/Game/Scenes/Level.Level:PersistentLevel.Level'
[2018.02.04-12.04.12:622][823]LogBlueprintUserMessages: Late EndPlayMap Detection: Level '/Game/Scenes/Level.Level:PersistentLevel' has LevelScriptBlueprint '/Game/Scenes/Level.Level:PersistentLevel.Level' with GeneratedClass '/Game/Scenes/Level.Level_C' with ClassGeneratedBy '/Game/Scenes/Level.Level:PersistentLevel.Level'
[2018.02.04-12.04.18:604][498]LogEditorViewport: Clicking on Actor (LMB): SideScrollerCharacter_C (SideScrollerCharacter)
[2018.02.04-12.04.58:419][354]LogEditorViewport: Clicking on Actor (LMB): BP_Sky_Sphere_C (SkySphereBlueprint)
[2018.02.04-12.05.06:838][323]LogEditorViewport: Clicking on Actor (LMB): StaticMeshActor (Floor)
[2018.02.04-12.05.16:178][243]LogEditorViewport: Clicking on Actor (LMB): StaticMeshActor (Floor)
[2018.02.04-12.05.19:690][601]MapCheck: New page: Map Check
[2018.02.04-12.05.19:703][601]LightingResults: New page: Lighting Build - Feb 4, 2018, 2:05:19 PM
[2018.02.04-12.05.19:826][601]LogSwarmInterface: [OpenConnection] Registering TCP channel ...
[2018.02.04-12.05.19:999][601]LogSwarmInterface: [OpenConnection] Connecting to agent ...
[2018.02.04-12.05.20:025][601]LogSwarmInterface: [TryOpenConnection] Testing the Agent
[2018.02.04-12.05.22:086][601]LogSwarmInterface: Error: [TryOpenConnection] Waiting for the agent to start up ...
[2018.02.04-12.05.22:095][601]LogSwarmInterface: Error: System.Net.Sockets.SocketException (0x80004005): No connection could be made because the target machine actively refused it 127.0.0.1:8008

Server stack trace: 
   at System.Net.Sockets.Socket.DoConnect(EndPoint endPointSnapshot, SocketAddress socketAddress)
   at System.Net.Sockets.Socket.Connect(EndPoint remoteEP)
   at System.Runtime.Remoting.Channels.RemoteConnection.CreateNewSocket(EndPoint ipEndPoint)
   at System.Runtime.Remoting.Channels.SocketCache.GetSocket(String machinePortAndSid, Boolean openNew)
   at System.Runtime.Remoting.Channels.Tcp.TcpClientTransportSink.SendRequestWithRetry(IMessage msg, ITransportHeaders requestHeaders, Stream requestStream)
   at System.Runtime.Remoting.Channels.Tcp.TcpClientTransportSink.AsyncProcessRequest(IClientChannelSinkStack sinkStack, IMessage msg, ITransportHeaders headers, Stream stream)
   at System.Runtime.Remoting.Channels.BinaryClientFormatterSink.AsyncProcessMessage(IMessage msg, IMessageSink replySink)

Exception rethrown at [0]: 
   at System.Runtime.Remoting.Proxies.RealProxy.HandleReturnMessage(IMessage reqMsg, IMessage retMsg)
   at System.Runtime.Remoting.Proxies.RealProxy.PrivateInvoke(MessageData& msgData, Int32 type)
   at NSwarm.IAgentInterfaceWrapper.MethodDelegate.EndInvoke(Hashtable& OutParameters, IAsyncResult result)
   at NSwarm.FSwarmInterface.TryOpenConnection(FConnectionCallback CallbackFunc, IntPtr CallbackData, ELogFlags LoggingFlags)
[2018.02.04-12.05.27:104][601]LogSwarmInterface: [TryOpenConnection] Opening Connection to Agent
[2018.02.04-12.05.27:105][601]LogSwarmInterface: [TryOpenConnection] Local Process ID is 1820
