Log file open, 02/27/18 22:04:16
LogWindows: Failed to load 'aqProf.dll' (GetLastError=126)
LogWindows: File 'aqProf.dll' does not exist
LogWindows: Failed to load 'VtuneApi.dll' (GetLastError=126)
LogWindows: File 'VtuneApi.dll' does not exist
LogWindows: Failed to load 'VtuneApi32e.dll' (GetLastError=126)
LogWindows: File 'VtuneApi32e.dll' does not exist
LogInit: Display: Running engine for game: SideScroller
LogPlatformFile: Not using cached read wrapper
LogInit: Display: RandInit(-859264639) SRandInit(-859264639).
LogInit: Read version file with build ID '3709383'
LogInit: Overriding engine version to CL 3832480, compatible CL 3709383
LogInit: Registered custom module enumerator with build ID '3709383'
LogTaskGraph: Started task graph with 5 named threads and 14 total threads with 3 sets of task threads.
LogStats: Stats thread started at 0.164969
LogD3D11RHI: Aftermath initialized
LogModuleManager: Display: Found up-to-date module file ../../../Engine/Plugins/2D/Paper2D/Binaries/Win64/UE4Editor-Paper2D.dll (API version 3709383).
LogModuleManager: Display: Found up-to-date module file ../../../Engine/Plugins/2D/Paper2D/Binaries/Win64/UE4Editor-Paper2DEditor.dll (API version 3709383).
LogModuleManager: Display: Found up-to-date module file ../../../Engine/Plugins/2D/Paper2D/Binaries/Win64/UE4Editor-PaperSpriteSheetImporter.dll (API version 3709383).
LogModuleManager: Display: Found up-to-date module file ../../../Engine/Plugins/2D/Paper2D/Binaries/Win64/UE4Editor-PaperTiledImporter.dll (API version 3709383).
LogModuleManager: Display: Found up-to-date module file ../../../Engine/Plugins/2D/Paper2D/Binaries/Win64/UE4Editor-SmartSnapping.dll (API version 3709383).
LogModuleManager: Display: Found up-to-date module file ../../../Engine/Plugins/Blendables/LightPropagationVolume/Binaries/Win64/UE4Editor-LightPropagationVolumeRuntime.dll (API version 3709383).
LogModuleManager: Display: Found up-to-date module file ../../../Engine/Plugins/Blendables/LightPropagationVolume/Binaries/Win64/UE4Editor-LightPropagationVolumeEditor.dll (API version 3709383).
LogModuleManager: Display: Found up-to-date module file ../../../Engine/Plugins/Developer/GitSourceControl/Binaries/Win64/UE4Editor-GitSourceControl.dll (API version 3709383).
LogModuleManager: Display: Found up-to-date module file ../../../Engine/Plugins/Developer/PerforceSourceControl/Binaries/Win64/UE4Editor-PerforceSourceControl.dll (API version 3709383).
LogModuleManager: Display: Found up-to-date module file ../../../Engine/Plugins/Developer/SubversionSourceControl/Binaries/Win64/UE4Editor-SubversionSourceControl.dll (API version 3709383).
LogModuleManager: Display: Found up-to-date module file ../../../Engine/Plugins/Developer/UObjectPlugin/Binaries/Win64/UE4Editor-UObjectPlugin.dll (API version 3709383).
LogModuleManager: Display: Found up-to-date module file ../../../Engine/Plugins/Developer/VisualStudioCodeSourceCodeAccess/Binaries/Win64/UE4Editor-VisualStudioCodeSourceCodeAccess.dll (API version 3709383).
LogModuleManager: Display: Found up-to-date module file ../../../Engine/Plugins/Developer/VisualStudioSourceCodeAccess/Binaries/Win64/UE4Editor-VisualStudioSourceCodeAccess.dll (API version 3709383).
LogModuleManager: Display: Found up-to-date module file ../../../Engine/Plugins/Editor/AssetManagerEditor/Binaries/Win64/UE4Editor-AssetManagerEditor.dll (API version 3709383).
LogModuleManager: Display: Found up-to-date module file ../../../Engine/Plugins/Editor/AudioCapture/Binaries/Win64/UE4Editor-AudioCapture.dll (API version 3709383).
LogModuleManager: Display: Found up-to-date module file ../../../Engine/Plugins/Editor/FacialAnimation/Binaries/Win64/UE4Editor-FacialAnimation.dll (API version 3709383).
LogModuleManager: Display: Found up-to-date module file ../../../Engine/Plugins/Editor/FacialAnimation/Binaries/Win64/UE4Editor-FacialAnimationEditor.dll (API version 3709383).
LogModuleManager: Display: Found up-to-date module file ../../../Engine/Plugins/Editor/GameplayTagsEditor/Binaries/Win64/UE4Editor-GameplayTagsEditor.dll (API version 3709383).
LogModuleManager: Display: Found up-to-date module file ../../../Engine/Plugins/Editor/MobileLauncherProfileWizard/Binaries/Win64/UE4Editor-MobileLauncherProfileWizard.dll (API version 3709383).
LogModuleManager: Display: Found up-to-date module file ../../../Engine/Plugins/Editor/PluginBrowser/Binaries/Win64/UE4Editor-PluginBrowser.dll (API version 3709383).
LogModuleManager: Display: Found up-to-date module file ../../../Engine/Plugins/Editor/SpeedTreeImporter/Binaries/Win64/UE4Editor-SpeedTreeImporter.dll (API version 3709383).
LogModuleManager: Display: Found up-to-date module file ../../../Engine/Plugins/Experimental/AlembicImporter/Binaries/Win64/UE4Editor-AlembicImporter.dll (API version 3709383).
LogModuleManager: Display: Found up-to-date module file ../../../Engine/Plugins/Experimental/AlembicImporter/Binaries/Win64/UE4Editor-AlembicLibrary.dll (API version 3709383).
LogModuleManager: Display: Found up-to-date module file ../../../Engine/Plugins/Experimental/CharacterAI/Binaries/Win64/UE4Editor-CharacterAI.dll (API version 3709383).
LogModuleManager: Display: Found up-to-date module file ../../../Engine/Plugins/Experimental/HTML5Networking/Binaries/Win64/UE4Editor-HTML5Networking.dll (API version 3709383).
LogModuleManager: Display: Found up-to-date module file ../../../Engine/Plugins/Media/AndroidMedia/Binaries/Win64/UE4Editor-AndroidMediaEditor.dll (API version 3709383).
LogModuleManager: Display: Found up-to-date module file ../../../Engine/Plugins/Media/AndroidMedia/Binaries/Win64/UE4Editor-AndroidMediaFactory.dll (API version 3709383).
LogModuleManager: Display: Found up-to-date module file ../../../Engine/Plugins/Media/AvfMedia/Binaries/Win64/UE4Editor-AvfMediaEditor.dll (API version 3709383).
LogModuleManager: Display: Found up-to-date module file ../../../Engine/Plugins/Media/AvfMedia/Binaries/Win64/UE4Editor-AvfMediaFactory.dll (API version 3709383).
LogModuleManager: Display: Found up-to-date module file ../../../Engine/Plugins/Media/AvfMedia/Binaries/Win64/UE4Editor-AvfMediaFactory.dll (API version 3709383).
LogModuleManager: Display: Found up-to-date module file ../../../Engine/Plugins/Media/ImgMedia/Binaries/Win64/UE4Editor-ImgMedia.dll (API version 3709383).
LogModuleManager: Display: Found up-to-date module file ../../../Engine/Plugins/Media/ImgMedia/Binaries/Win64/UE4Editor-ImgMediaEditor.dll (API version 3709383).
LogModuleManager: Display: Found up-to-date module file ../../../Engine/Plugins/Media/ImgMedia/Binaries/Win64/UE4Editor-ImgMediaFactory.dll (API version 3709383).
LogModuleManager: Display: Found up-to-date module file ../../../Engine/Plugins/Media/ImgMedia/Binaries/Win64/UE4Editor-ImgMediaFactory.dll (API version 3709383).
LogModuleManager: Display: Found up-to-date module file ../../../Engine/Plugins/Media/ImgMedia/Binaries/Win64/UE4Editor-OpenExrWrapper.dll (API version 3709383).
LogModuleManager: Display: Found up-to-date module file ../../../Engine/Plugins/Media/MediaCompositing/Binaries/Win64/UE4Editor-MediaCompositing.dll (API version 3709383).
LogModuleManager: Display: Found up-to-date module file ../../../Engine/Plugins/Media/MediaCompositing/Binaries/Win64/UE4Editor-MediaCompositingEditor.dll (API version 3709383).
LogModuleManager: Display: Found up-to-date module file ../../../Engine/Plugins/Media/MediaPlayerEditor/Binaries/Win64/UE4Editor-MediaPlayerEditor.dll (API version 3709383).
LogModuleManager: Display: Found up-to-date module file ../../../Engine/Plugins/Media/WmfMedia/Binaries/Win64/UE4Editor-WmfMedia.dll (API version 3709383).
LogModuleManager: Display: Found up-to-date module file ../../../Engine/Plugins/Media/WmfMedia/Binaries/Win64/UE4Editor-WmfMediaEditor.dll (API version 3709383).
LogModuleManager: Display: Found up-to-date module file ../../../Engine/Plugins/Media/WmfMedia/Binaries/Win64/UE4Editor-WmfMediaFactory.dll (API version 3709383).
LogModuleManager: Display: Found up-to-date module file ../../../Engine/Plugins/Media/WmfMedia/Binaries/Win64/UE4Editor-WmfMediaFactory.dll (API version 3709383).
LogModuleManager: Display: Found up-to-date module file ../../../Engine/Plugins/Messaging/TcpMessaging/Binaries/Win64/UE4Editor-TcpMessaging.dll (API version 3709383).
LogModuleManager: Display: Found up-to-date module file ../../../Engine/Plugins/Messaging/UdpMessaging/Binaries/Win64/UE4Editor-UdpMessaging.dll (API version 3709383).
LogModuleManager: Display: Found up-to-date module file ../../../Engine/Plugins/MovieScene/ActorSequence/Binaries/Win64/UE4Editor-ActorSequence.dll (API version 3709383).
LogModuleManager: Display: Found up-to-date module file ../../../Engine/Plugins/MovieScene/LevelSequenceEditor/Binaries/Win64/UE4Editor-LevelSequenceEditor.dll (API version 3709383).
LogModuleManager: Display: Found up-to-date module file ../../../Engine/Plugins/MovieScene/MatineeToLevelSequence/Binaries/Win64/UE4Editor-MatineeToLevelSequence.dll (API version 3709383).
LogModuleManager: Display: Found up-to-date module file ../../../Engine/Plugins/Online/OnlineSubsystem/Binaries/Win64/UE4Editor-OnlineSubsystem.dll (API version 3709383).
LogModuleManager: Display: Found up-to-date module file ../../../Engine/Plugins/Runtime/AndroidPermission/Binaries/Win64/UE4Editor-AndroidPermission.dll (API version 3709383).
LogModuleManager: Display: Found up-to-date module file ../../../Engine/Plugins/Online/OnlineSubsystemNull/Binaries/Win64/UE4Editor-OnlineSubsystemNull.dll (API version 3709383).
LogModuleManager: Display: Found up-to-date module file ../../../Engine/Plugins/Online/OnlineSubsystemUtils/Binaries/Win64/UE4Editor-OnlineSubsystemUtils.dll (API version 3709383).
LogModuleManager: Display: Found up-to-date module file ../../../Engine/Plugins/Online/OnlineSubsystemUtils/Binaries/Win64/UE4Editor-OnlineBlueprintSupport.dll (API version 3709383).
LogModuleManager: Display: Found up-to-date module file ../../../Engine/Plugins/Runtime/AndroidDeviceProfileSelector/Binaries/Win64/UE4Editor-AndroidDeviceProfileSelector.dll (API version 3709383).
LogModuleManager: Display: Found up-to-date module file ../../../Engine/Plugins/Runtime/AppleARKit/Binaries/Win64/UE4Editor-AppleARKit.dll (API version 3709383).
LogModuleManager: Display: Found up-to-date module file ../../../Engine/Plugins/Runtime/ArchVisCharacter/Binaries/Win64/UE4Editor-ArchVisCharacter.dll (API version 3709383).
LogModuleManager: Display: Found up-to-date module file ../../../Engine/Plugins/Runtime/CableComponent/Binaries/Win64/UE4Editor-CableComponent.dll (API version 3709383).
LogModuleManager: Display: Found up-to-date module file ../../../Engine/Plugins/Runtime/CustomMeshComponent/Binaries/Win64/UE4Editor-CustomMeshComponent.dll (API version 3709383).
LogModuleManager: Display: Found up-to-date module file ../../../Engine/Plugins/Runtime/ExampleDeviceProfileSelector/Binaries/Win64/UE4Editor-ExampleDeviceProfileSelector.dll (API version 3709383).
LogModuleManager: Display: Found up-to-date module file ../../../Engine/Plugins/Runtime/ImmediatePhysics/Binaries/Win64/UE4Editor-ImmediatePhysics.dll (API version 3709383).
LogModuleManager: Display: Found up-to-date module file ../../../Engine/Plugins/Runtime/ImmediatePhysics/Binaries/Win64/UE4Editor-ImmediatePhysicsEditor.dll (API version 3709383).
LogModuleManager: Display: Found up-to-date module file ../../../Engine/Plugins/Runtime/LocationServicesBPLibrary/Binaries/Win64/UE4Editor-LocationServicesBPLibrary.dll (API version 3709383).
LogModuleManager: Display: Found up-to-date module file ../../../Engine/Plugins/Runtime/MobilePatchingUtils/Binaries/Win64/UE4Editor-MobilePatchingUtils.dll (API version 3709383).
LogModuleManager: Display: Found up-to-date module file ../../../Engine/Plugins/Runtime/Oculus/OculusVR/Binaries/Win64/UE4Editor-OculusHMD.dll (API version 3709383).
LogModuleManager: Display: Found up-to-date module file ../../../Engine/Plugins/Runtime/Oculus/OculusVR/Binaries/Win64/UE4Editor-OculusInput.dll (API version 3709383).
LogModuleManager: Display: Found up-to-date module file ../../../Engine/Plugins/Runtime/Oculus/OculusVR/Binaries/Win64/UE4Editor-OculusEditor.dll (API version 3709383).
LogModuleManager: Display: Found up-to-date module file ../../../Engine/Plugins/Runtime/PhysXVehicles/Binaries/Win64/UE4Editor-PhysXVehicles.dll (API version 3709383).
LogModuleManager: Display: Found up-to-date module file ../../../Engine/Plugins/Runtime/PhysXVehicles/Binaries/Win64/UE4Editor-PhysXVehiclesEditor.dll (API version 3709383).
LogModuleManager: Display: Found up-to-date module file ../../../Engine/Plugins/Runtime/ProceduralMeshComponent/Binaries/Win64/UE4Editor-ProceduralMeshComponent.dll (API version 3709383).
LogModuleManager: Display: Found up-to-date module file ../../../Engine/Plugins/Runtime/ProceduralMeshComponent/Binaries/Win64/UE4Editor-ProceduralMeshComponentEditor.dll (API version 3709383).
LogModuleManager: Display: Found up-to-date module file ../../../Engine/Plugins/Runtime/RuntimePhysXCooking/Binaries/Win64/UE4Editor-RuntimePhysXCooking.dll (API version 3709383).
LogModuleManager: Display: Found up-to-date module file ../../../Engine/Plugins/Runtime/Steam/SteamVR/Binaries/Win64/UE4Editor-SteamVR.dll (API version 3709383).
LogModuleManager: Display: Found up-to-date module file ../../../Engine/Plugins/Runtime/Steam/SteamVR/Binaries/Win64/UE4Editor-SteamVRController.dll (API version 3709383).
LogModuleManager: Display: Found up-to-date module file ../../../Engine/Plugins/Runtime/WindowsMoviePlayer/Binaries/Win64/UE4Editor-WindowsMoviePlayer.dll (API version 3709383).
LogPluginManager: Mounting plugin Paper2D
LogPluginManager: Mounting plugin LightPropagationVolume
LogPluginManager: Mounting plugin CodeLiteSourceCodeAccess
LogPluginManager: Mounting plugin GitSourceControl
LogPluginManager: Mounting plugin KDevelopSourceCodeAccess
LogPluginManager: Mounting plugin NullSourceCodeAccess
LogPluginManager: Mounting plugin PerforceSourceControl
LogPluginManager: Mounting plugin SubversionSourceControl
LogPluginManager: Mounting plugin UObjectPlugin
LogPluginManager: Mounting plugin VisualStudioCodeSourceCodeAccess
LogPluginManager: Mounting plugin VisualStudioSourceCodeAccess
LogPluginManager: Mounting plugin XCodeSourceCodeAccess
LogPluginManager: Mounting plugin AssetManagerEditor
LogPluginManager: Mounting plugin AudioCapture
LogPluginManager: Mounting plugin FacialAnimation
LogPluginManager: Mounting plugin GameplayTagsEditor
LogPluginManager: Mounting plugin MobileLauncherProfileWizard
LogPluginManager: Mounting plugin PluginBrowser
LogPluginManager: Mounting plugin SpeedTreeImporter
LogPluginManager: Mounting plugin AlembicImporter
LogPluginManager: Mounting plugin CharacterAI
LogPluginManager: Mounting plugin HTML5Networking
LogPluginManager: Mounting plugin AndroidMedia
LogPluginManager: Mounting plugin AvfMedia
LogPluginManager: Mounting plugin ImgMedia
LogPluginManager: Mounting plugin MediaCompositing
LogPluginManager: Mounting plugin MediaPlayerEditor
LogPluginManager: Mounting plugin WmfMedia
LogPluginManager: Mounting plugin TcpMessaging
LogPluginManager: Mounting plugin UdpMessaging
LogPluginManager: Mounting plugin ActorSequence
LogPluginManager: Mounting plugin LevelSequenceEditor
LogPluginManager: Mounting plugin MatineeToLevelSequence
LogPluginManager: Mounting plugin OnlineSubsystemGooglePlay
LogPluginManager: Mounting plugin OnlineSubsystemIOS
LogPluginManager: Mounting plugin OnlineSubsystem
LogPluginManager: Mounting plugin OnlineSubsystemNull
LogPluginManager: Mounting plugin OnlineSubsystemUtils
LogPluginManager: Mounting plugin AndroidDeviceProfileSelector
LogPluginManager: Mounting plugin AndroidMoviePlayer
LogPluginManager: Mounting plugin AndroidPermission
LogPluginManager: Mounting plugin AppleARKit
LogPluginManager: Mounting plugin AppleMoviePlayer
LogPluginManager: Mounting plugin ArchVisCharacter
LogPluginManager: Mounting plugin CableComponent
LogPluginManager: Mounting plugin CustomMeshComponent
LogPluginManager: Mounting plugin ExampleDeviceProfileSelector
LogPluginManager: Mounting plugin GoogleCloudMessaging
LogPluginManager: Mounting plugin ImmediatePhysics
LogPluginManager: Mounting plugin IOSDeviceProfileSelector
LogPluginManager: Mounting plugin LinuxDeviceProfileSelector
LogPluginManager: Mounting plugin LocationServicesBPLibrary
LogPluginManager: Mounting plugin MobilePatchingUtils
LogPluginManager: Mounting plugin OculusVR
LogPluginManager: Plugin shader directory ../../../Engine/Plugins/Runtime/Oculus/OculusVR/Shaders found
LogPluginManager: Mapping shader source directory ../../../Engine/Plugins/Runtime/Oculus/OculusVR/Shaders to virtual directory /Plugin/OculusVR
LogPluginManager: Mounting plugin PhysXVehicles
LogPluginManager: Mounting plugin ProceduralMeshComponent
LogPluginManager: Mounting plugin RuntimePhysXCooking
LogPluginManager: Mounting plugin SteamVR
LogPluginManager: Mounting plugin WindowsMoviePlayer
LogInit: Using libcurl 7.47.1
LogInit:  - built for x86_64-pc-win32
LogInit:  - supports SSL with OpenSSL/1.0.2g
LogInit:  - supports HTTP deflate (compression) using libz 1.2.8
LogInit:  - other features:
LogInit:      CURL_VERSION_SSL
LogInit:      CURL_VERSION_LIBZ
LogInit:      CURL_VERSION_IPV6
LogInit:      CURL_VERSION_ASYNCHDNS
LogInit:      CURL_VERSION_LARGEFILE
LogInit:      CURL_VERSION_IDN
LogInit:  CurlRequestOptions (configurable via config and command line):
LogInit:  - bVerifyPeer = false  - Libcurl will NOT verify peer certificate
LogInit:  - bUseHttpProxy = false  - Libcurl will NOT use HTTP proxy
LogInit:  - bDontReuseConnections = false  - Libcurl will reuse connections
LogInit:  - CertBundlePath = nullptr  - Libcurl will use whatever was configured at build time.
LogInit: Build: ++UE4+Release-4.18-CL-3832480
LogInit: Engine Version: 4.18.3-3832480+++UE4+Release-4.18
LogInit: Compatible Engine Version: 4.18.0-3709383+++UE4+Release-4.18
LogInit: Net CL: 3709383
LogDevObjectVersion: Number of dev versions registered: 16
LogDevObjectVersion:   Dev-Blueprints (B0D832E4-1F89-4F0D-ACCF-7EB736FD4AA2): 10
LogDevObjectVersion:   Dev-Build (E1C64328-A22C-4D53-A36C-8E866417BD8C): 0
LogDevObjectVersion:   Dev-Core (375EC13C-06E4-48FB-B500-84F0262A717E): 2
LogDevObjectVersion:   Dev-Editor (E4B068ED-F494-42E9-A231-DA0B2E46BB41): 20
LogDevObjectVersion:   Dev-Framework (CFFC743F-43B0-4480-9391-14DF171D2073): 30
LogDevObjectVersion:   Dev-Mobile (B02B49B5-BB20-44E9-A304-32B752E40360): 0
LogDevObjectVersion:   Dev-Networking (A4E4105C-59A1-49B5-A7C5-40C4547EDFEE): 0
LogDevObjectVersion:   Dev-Online (39C831C9-5AE6-47DC-9A44-9C173E1C8E7C): 0
LogDevObjectVersion:   Dev-Physics (78F01B33-EBEA-4F98-B9B4-84EACCB95AA2): 0
LogDevObjectVersion:   Dev-Platform (6631380F-2D4D-43E0-8009-CF276956A95A): 0
LogDevObjectVersion:   Dev-Rendering (12F88B9F-8875-4AFC-A67C-D90C383ABD29): 20
LogDevObjectVersion:   Dev-Sequencer (7B5AE74C-D270-4C10-A958-57980B212A5A): 4
LogDevObjectVersion:   Dev-VR (D7296918-1DD6-4BDD-9DE2-64A83CC13884): 0
LogDevObjectVersion:   Dev-LoadTimes (C2A15278-BFE7-4AFE-6C17-90FF531DF755): 1
LogDevObjectVersion:   Private-Geometry (6EACA3D4-40EC-4CC1-B786-8BED09428FC5): 1
LogDevObjectVersion:   Dev-AnimPhys (29E575DD-E0A3-4627-9D10-D276232CDCEA): 12
LogInit: Compiled (64-bit): Jan 12 2018 02:04:55
LogInit: Compiled with Visual C++: 19.00.24215.01
LogInit: Build Configuration: Development
LogInit: Branch Name: ++UE4+Release-4.18
LogInit: Command line:  
LogInit: Base directory: F:/Program Files/Epic Games/UE_4.18/Engine/Binaries/Win64/
LogInit: Installed Engine Build: 1
LogInit: Presizing for max 8388607 objects, including 0 objects not considered by GC, pre-allocating 0 bytes for permanent pool.
LogInit: Object subsystem initialized
[2018.02.27-21.04.18:371][  0]LogInit: Selected Device Profile: [Windows]
[2018.02.27-21.04.18:371][  0]LogInit: Applying CVar settings loaded from the selected device profile: [Windows]
[2018.02.27-21.04.18:380][  0]LogInit: Computer: KAYRANIS
[2018.02.27-21.04.18:380][  0]LogInit: User: Marc
[2018.02.27-21.04.18:380][  0]LogInit: CPU Page size=4096, Cores=4
[2018.02.27-21.04.18:380][  0]LogInit: High frequency timer resolution =3.320324 MHz
[2018.02.27-21.04.18:380][  0]LogMemory: Memory total: Physical=15.9GB (16GB approx)
[2018.02.27-21.04.18:380][  0]LogMemory: Platform Memory Stats for Windows
[2018.02.27-21.04.18:380][  0]LogMemory: Process Physical Memory: 274.00 MB used, 274.00 MB peak
[2018.02.27-21.04.18:380][  0]LogMemory: Process Virtual Memory: 273.79 MB used, 273.79 MB peak
[2018.02.27-21.04.18:380][  0]LogMemory: Physical Memory: 8871.62 MB used,  7456.32 MB free, 16327.94 MB total
[2018.02.27-21.04.18:380][  0]LogMemory: Virtual Memory: 667.65 MB used,  7456.32 MB free, 134217728.00 MB total
[2018.02.27-21.04.18:496][  0]LogInit: Overriding language with editor culture configuration option (en).
[2018.02.27-21.04.18:496][  0]LogInit: Overriding locale with editor culture configuration option (en).
[2018.02.27-21.04.18:912][  0]LogInit: Setting process to per monitor DPI aware
[2018.02.27-21.04.19:321][  0]LogD3D11RHI: D3D11 adapters:
[2018.02.27-21.04.19:370][  0]LogD3D11RHI:    0. 'NVIDIA GeForce GTX 770' (Feature Level 11_0)
[2018.02.27-21.04.19:370][  0]LogD3D11RHI:       2007/0/8163 MB DedicatedVideo/DedicatedSystem/SharedSystem, Outputs:2, VendorId:0x10de
[2018.02.27-21.04.19:374][  0]LogD3D11RHI:    1. 'Microsoft Basic Render Driver' (Feature Level 11_0)
[2018.02.27-21.04.19:374][  0]LogD3D11RHI:       0/0/8163 MB DedicatedVideo/DedicatedSystem/SharedSystem, Outputs:0, VendorId:0x1414
[2018.02.27-21.04.19:374][  0]LogD3D11RHI: Chosen D3D11 Adapter: 0
[2018.02.27-21.04.19:384][  0]LogD3D11RHI: Creating new Direct3DDevice
[2018.02.27-21.04.19:384][  0]LogD3D11RHI:     GPU DeviceId: 0x1184 (for the marketing name, search the web for "GPU Device Id")
[2018.02.27-21.04.19:384][  0]LogWindows: EnumDisplayDevices:
[2018.02.27-21.04.19:384][  0]LogWindows:    0. 'NVIDIA GeForce GTX 770' (P:1 D:1)
[2018.02.27-21.04.19:384][  0]LogWindows:    1. 'NVIDIA GeForce GTX 770' (P:0 D:1)
[2018.02.27-21.04.19:384][  0]LogWindows:    2. 'NVIDIA GeForce GTX 770' (P:0 D:0)
[2018.02.27-21.04.19:384][  0]LogWindows:    3. 'NVIDIA GeForce GTX 770' (P:0 D:0)
[2018.02.27-21.04.19:385][  0]LogWindows: DebugString: GetVideoDriverDetailsInvalid PrimaryIsNotTheChoosenAdapter GetVideoDriverDetailsInvalid PrimaryIsNotTheChoosenAdapter GetVideoDriverDetailsInvalid PrimaryIsNotTheChoosenAdapter GetVideoDriverDetailsInvalid PrimaryIsNotTheChoosenAdapter FoundDriverCount:0 
[2018.02.27-21.04.19:385][  0]LogD3D11RHI:     Adapter Name: NVIDIA GeForce GTX 770
[2018.02.27-21.04.19:385][  0]LogD3D11RHI:   Driver Version: Unknown (internal:Unknown, unified:Unknown)
[2018.02.27-21.04.19:385][  0]LogD3D11RHI:      Driver Date: Unknown
[2018.02.27-21.04.19:385][  0]LogRHI: Texture pool is 1404 MB (70% of 2007 MB)
[2018.02.27-21.04.19:415][  0]LogD3D11RHI: Async texture creation enabled
[2018.02.27-21.04.19:436][  0]LogD3D11RHI: GPU Timing Frequency: 1000.000000 (Debug: 2 2)
[2018.02.27-21.04.19:484][  0]LogShaderCompilers: Guid format shader working directory is -5 characters bigger than the processId version (C:/Users/Marc/Documents/CasinoRoyale/SideScroller/Intermediate/Shaders/WorkingDirectory/21964/).
[2018.02.27-21.04.19:484][  0]LogShaderCompilers: Cleaned the shader compiler working directory 'C:/Users/Marc/AppData/Local/Temp/UnrealShaderWorkingDir/BDAD16EE4B5EC63ABEF289834E233E41/'.
[2018.02.27-21.04.19:485][  0]LogShaderCompilers: Display: Using Local Shader Compiler.
[2018.02.27-21.04.20:393][  0]LogTemp: Display: Loaded TP AllDesktopTargetPlatform
[2018.02.27-21.04.20:439][  0]LogTemp: Display: Loaded TP MacClientTargetPlatform
[2018.02.27-21.04.20:485][  0]LogTemp: Display: Loaded TP MacNoEditorTargetPlatform
[2018.02.27-21.04.20:531][  0]LogTemp: Display: Loaded TP MacServerTargetPlatform
[2018.02.27-21.04.20:578][  0]LogTemp: Display: Loaded TP MacTargetPlatform
[2018.02.27-21.04.20:626][  0]LogTemp: Display: Loaded TP WindowsClientTargetPlatform
[2018.02.27-21.04.20:671][  0]LogTemp: Display: Loaded TP WindowsNoEditorTargetPlatform
[2018.02.27-21.04.20:719][  0]LogTemp: Display: Loaded TP WindowsServerTargetPlatform
[2018.02.27-21.04.20:758][  0]LogTemp: Display: Loaded TP WindowsTargetPlatform
[2018.02.27-21.04.20:803][  0]LogTemp: Display: Loaded TP Android_ASTCTargetPlatform
[2018.02.27-21.04.20:849][  0]LogTemp: Display: Loaded TP Android_ATCTargetPlatform
[2018.02.27-21.04.20:894][  0]LogTemp: Display: Loaded TP Android_DXTTargetPlatform
[2018.02.27-21.04.20:939][  0]LogTemp: Display: Loaded TP Android_ETC1TargetPlatform
[2018.02.27-21.04.20:987][  0]LogTemp: Display: Loaded TP Android_ETC2TargetPlatform
[2018.02.27-21.04.21:089][  0]LogTemp: Display: Loaded TP Android_MultiTargetPlatform
[2018.02.27-21.04.21:089][  0]LogTemp: Display: Loaded TP Android_PVRTCTargetPlatform
[2018.02.27-21.04.21:140][  0]LogTemp: Display: Loaded TP AndroidTargetPlatform
[2018.02.27-21.04.21:179][  0]LogTemp: Display: Loaded TP HTML5TargetPlatform
[2018.02.27-21.04.21:264][  0]LogTemp: Display: Loaded TP IOSTargetPlatform
[2018.02.27-21.04.21:285][  0]LogTemp: Display: Loaded TP TVOSTargetPlatform
[2018.02.27-21.04.21:335][  0]LogTemp: Display: Loaded TP LinuxClientTargetPlatform
[2018.02.27-21.04.21:381][  0]LogTemp: Display: Loaded TP LinuxNoEditorTargetPlatform
[2018.02.27-21.04.21:430][  0]LogTemp: Display: Loaded TP LinuxServerTargetPlatform
[2018.02.27-21.04.21:477][  0]LogTemp: Display: Loaded TP LinuxTargetPlatform
[2018.02.27-21.04.21:478][  0]LogTargetPlatformManager: Display: Building Assets For Windows
[2018.02.27-21.04.21:873][  0]LogDerivedDataCache: Display: Max Cache Size: 512 MB
[2018.02.27-21.04.21:936][  0]LogDerivedDataCache: Loaded boot cache 0.06s 78MB C:/Users/Marc/AppData/Local/UnrealEngine/4.18/DerivedDataCache/Boot.ddc.
[2018.02.27-21.04.21:936][  0]LogDerivedDataCache: Display: Loaded Boot cache: C:/Users/Marc/AppData/Local/UnrealEngine/4.18/DerivedDataCache/Boot.ddc
[2018.02.27-21.04.21:936][  0]LogDerivedDataCache: FDerivedDataBackendGraph:  Pak pak cache file C:/Users/Marc/Documents/CasinoRoyale/SideScroller/DerivedDataCache/DDC.ddp not found, will not use a pak cache.
[2018.02.27-21.04.21:936][  0]LogDerivedDataCache: Unable to find inner node Pak for hierarchical cache Hierarchy.
[2018.02.27-21.04.21:936][  0]LogDerivedDataCache: FDerivedDataBackendGraph:  CompressedPak pak cache file C:/Users/Marc/Documents/CasinoRoyale/SideScroller/DerivedDataCache/Compressed.ddp not found, will not use a pak cache.
[2018.02.27-21.04.21:936][  0]LogDerivedDataCache: Unable to find inner node CompressedPak for hierarchical cache Hierarchy.
[2018.02.27-21.04.21:952][  0]LogDerivedDataCache: Display: Pak cache opened for reading ../../../Engine/DerivedDataCache/Compressed.ddp.
[2018.02.27-21.04.21:965][  0]LogDerivedDataCache: Using Local data cache path C:/Users/Marc/AppData/Local/UnrealEngine/Common/DerivedDataCache: Writable
[2018.02.27-21.04.21:975][  0]LogMaterial: Verifying Global Shaders for PCD3D_SM5
[2018.02.27-21.04.21:975][  0]LogSlate: Using Freetype 2.6.0
[2018.02.27-21.04.21:976][  0]LogSlate: SlateFontCache - WITH_FREETYPE: 1, WITH_HARFBUZZ: 1
[2018.02.27-21.04.21:976][  0]LogSlate: SlateFontCache - WITH_FREETYPE: 1, WITH_HARFBUZZ: 1
[2018.02.27-21.04.22:386][  0]LogInit: Selected Device Profile: [Windows]
[2018.02.27-21.04.22:715][  0]LogSimplygon: Simplygon DLL not present - disabling.
[2018.02.27-21.04.22:751][  0]LogMeshReduction: Using SimplygonSwarm for distributed automatic mesh merging
[2018.02.27-21.04.22:751][  0]LogMeshReduction: Using QuadricMeshReduction for automatic static mesh reduction
[2018.02.27-21.04.22:751][  0]LogMeshReduction: No automatic skeletal mesh reduction module available
[2018.02.27-21.04.22:751][  0]LogMeshReduction: No automatic mesh merging module available
[2018.02.27-21.04.22:751][  0]LogMeshMerging: No automatic mesh merging module available
[2018.02.27-21.04.22:795][  0]LogNetVersion: SideScroller , NetCL: 3709383, EngineNetVer: 2, GameNetVer: 0 (Checksum: 123061163)
[2018.02.27-21.04.22:967][  0]LogAssetRegistry: FAssetRegistry took 0.0253 seconds to start up
[2018.02.27-21.04.23:474][  0]LogPackageLocalizationCache: Processed 7 localized package path(s) for 1 prioritized culture(s) in 0.037738 seconds
[2018.02.27-21.04.23:479][  0]LogUObjectArray: 35870 objects as part of root set at end of initial load.
[2018.02.27-21.04.23:479][  0]LogUObjectAllocator: 7363696 out of 0 bytes used by permanent object pool.
[2018.02.27-21.04.23:479][  0]LogUObjectArray: CloseDisregardForGC: 0/0 objects in disregard for GC pool
[2018.02.27-21.04.23:518][  0]LogInit: WinSock: version 1.1 (2.2), MaxSocks=32767, MaxUdp=65467
[2018.02.27-21.04.26:676][  0]LogTcpMessaging: Initializing TcpMessaging bridge
[2018.02.27-21.04.26:732][  0]LogUdpMessaging: Initializing bridge on interface 0.0.0.0:0 to multicast group 230.0.0.1:6666.
[2018.02.27-21.04.27:482][  0]LogMaterial: Uniform references updated for custom material expression Custom.
[2018.02.27-21.04.27:935][  0]SourceControl: Source control is disabled
[2018.02.27-21.04.27:935][  0]SourceControl: Source control is disabled
[2018.02.27-21.04.27:997][  0]SourceControl: Source control is disabled
[2018.02.27-21.04.28:057][  0]SourceControl: Source control is disabled
[2018.02.27-21.04.28:959][  0]LogAndroidPermission: UAndroidPermissionCallbackProxy::GetInstance
[2018.02.27-21.04.29:266][  0]LogOcInput: OculusInput pre-init called
[2018.02.27-21.04.29:570][  0]LogEngine: Initializing Engine...
[2018.02.27-21.04.29:573][  0]LogHMD: Failed to initialize OpenVR with code 110
[2018.02.27-21.04.29:783][  0]LogStats: UGameplayTagsManager::ConstructGameplayTagTree: Construct from data asset -  0.000 s
[2018.02.27-21.04.29:783][  0]LogStats: UGameplayTagsManager::ConstructGameplayTagTree: GameplayTagTreeChangedEvent.Broadcast -  0.000 s
[2018.02.27-21.04.29:898][  0]LogAIModule: Creating AISystem for world Untitled
[2018.02.27-21.04.29:923][  0]LogInit: XAudio2 using 'Altavoces (Realtek High Definition Audio)' : 2 channels at 48 kHz using 32 bits per sample (channel mask 0x3)
[2018.02.27-21.04.29:948][  0]LogInit: FAudioDevice initialized.
[2018.02.27-21.04.30:033][  0]LogDerivedDataCache: Saved boot cache 0.08s 78MB C:/Users/Marc/AppData/Local/UnrealEngine/4.18/DerivedDataCache/Boot.ddc.
[2018.02.27-21.04.30:044][  0]LogInit: Texture streaming: Enabled
[2018.02.27-21.04.30:116][  0]LogEngineSessionManager: EngineSessionManager initialized
[2018.02.27-21.04.30:239][  0]LogInit: Transaction tracking system initialized
[2018.02.27-21.04.30:518][  0]BlueprintLog: New page: Editor Load
[2018.02.27-21.04.31:273][  0]LocalizationService: Localization service is disabled
[2018.02.27-21.04.31:950][  0]LogConsoleResponse: Display: 
[2018.02.27-21.04.32:151][  0]LogCook: Display: Max memory allowance for cook 16384mb min free memory 0mb
[2018.02.27-21.04.32:151][  0]LogCook: Display: Mobile HDR setting 1
[2018.02.27-21.04.32:151][  0]LogGameplayTags: Display: UGameplayTagsManager::DoneAddingNativeTags. DelegateIsBound: 0
[2018.02.27-21.04.32:889][  0]LogFileCache: Scanning file cache for directory 'C:/Users/Marc/Documents/CasinoRoyale/SideScroller/Content/' took 0.02s
[2018.02.27-21.04.33:383][  0]SourceControl: Source control is disabled
[2018.02.27-21.04.33:383][  0]Cmd: MAP LOAD FILE="C:/Users/Marc/Documents/CasinoRoyale/SideScroller/Content/Scenes/Level.umap" TEMPLATE=0 SHOWPROGRESS=1 FEATURELEVEL=3
[2018.02.27-21.04.33:383][  0]LightingResults: New page: Lighting Build
[2018.02.27-21.04.33:420][  0]MapCheck: New page: Map Check
[2018.02.27-21.04.33:420][  0]LightingResults: New page: Lighting Build
[2018.02.27-21.04.34:567][  0]LogAIModule: Creating AISystem for world Level
[2018.02.27-21.04.34:651][  0]LogEditorServer: Finished looking for orphan Actors (0.000 secs)
[2018.02.27-21.04.34:668][  0]Cmd: MAP CHECKDEP NOCLEARLOG
[2018.02.27-21.04.34:781][  0]MapCheck: Map check complete: 0 Error(s), 0 Warning(s), took 112.949ms to complete.
[2018.02.27-21.04.34:781][  0]LogFileHelpers: Loading map 'Level' took 1.398
[2018.02.27-21.04.34:924][  0]LogCollectionManager: Loaded 0 collections in 0.001339 seconds
[2018.02.27-21.04.35:008][  0]LogFileCache: Scanning file cache for directory 'C:/Users/Marc/Documents/CasinoRoyale/SideScroller/Saved/Collections/' took 0.01s
[2018.02.27-21.04.35:008][  0]LogFileCache: Scanning file cache for directory 'C:/Users/Marc/Documents/CasinoRoyale/SideScroller/Content/Developers/Marc/Collections/' took 0.01s
[2018.02.27-21.04.35:008][  0]LogFileCache: Scanning file cache for directory 'C:/Users/Marc/Documents/CasinoRoyale/SideScroller/Content/Collections/' took 0.01s
[2018.02.27-21.04.35:008][  0]LogCollectionManager: Rebuilt the GUID cache for 0 collections in 0.000000 seconds
[2018.02.27-21.04.35:016][  0]LogContentBrowser: Native class hierarchy populated in 0.0079 seconds. Added 2363 classes and 519 folders.
[2018.02.27-21.04.35:084][  0]LogContentBrowser: Native class hierarchy updated for 'WidgetCarousel' in 0.0003 seconds. Added 0 classes and 0 folders.
[2018.02.27-21.04.35:164][  0]LogContentBrowser: Native class hierarchy updated for 'AddContentDialog' in 0.0002 seconds. Added 0 classes and 0 folders.
[2018.02.27-21.04.35:204][  0]LogContentBrowser: Native class hierarchy updated for 'SceneOutliner' in 0.0002 seconds. Added 1 classes and 2 folders.
[2018.02.27-21.04.35:221][  0]LogSlate: Took 0.000455 seconds to synchronously load lazily loaded font '../../../Engine/Content/Slate/Fonts/Roboto-Regular.ttf' (155K)
[2018.02.27-21.04.35:223][  0]LogSlate: Took 0.000314 seconds to synchronously load lazily loaded font '../../../Engine/Content/Slate/Fonts/Roboto-Bold.ttf' (160K)
[2018.02.27-21.04.35:229][  0]LogSlate: Took 0.000324 seconds to synchronously load lazily loaded font '../../../Engine/Content/Editor/Slate/Fonts/FontAwesome.ttf' (139K)
[2018.02.27-21.04.35:329][  0]LogRenderer: Reallocating scene render targets to support 1208x576 Format 10 NumSamples 1 (Frame:1).
[2018.02.27-21.04.35:485][  0]LogContentBrowser: Native class hierarchy updated for 'HierarchicalLODOutliner' in 0.0003 seconds. Added 1 classes and 2 folders.
[2018.02.27-21.04.35:485][  0]LogLoad: (Engine Initialization) Total time: 20.26 seconds
[2018.02.27-21.04.35:485][  0]LogLoad: (Engine Initialization) Total Blueprint compile time: 0.00 seconds
[2018.02.27-21.04.35:485][  0]LogExternalProfiler: Found external profiler: VSPerf
[2018.02.27-21.04.35:485][  0]LogExternalProfiler: Using external profiler: VSPerf
[2018.02.27-21.04.35:843][  0]LogContentStreaming: Texture pool size now 1000 MB
[2018.02.27-21.04.35:878][  0]LogSlate: Took 0.000492 seconds to synchronously load lazily loaded font '../../../Engine/Content/Slate/Fonts/Roboto-Light.ttf' (159K)
[2018.02.27-21.04.36:176][  1]LogAssetRegistry: Asset discovery search completed in 13.2309 seconds
[2018.02.27-21.04.36:179][  1]LogCollectionManager: Rebuilt the object cache for 0 collections in 0.000000 seconds (found 0 objects)
[2018.02.27-21.04.36:179][  1]LogCollectionManager: Fixed up redirectors for 0 collections in 0.000059 seconds (updated 0 objects)
[2018.02.27-21.05.05:922][685]LogSlate: Took 0.000398 seconds to synchronously load lazily loaded font '../../../Engine/Content/Slate/Fonts/Roboto-Light.ttf' (159K)
[2018.02.27-21.05.05:980][685]LogFactory: FactoryCreateFile: StaticMesh with FbxFactory (0 0 G:/ENTI_4rt/TFG/Art/Character/Exports/Character_Jump01.FBX)
[2018.02.27-21.05.05:990][685]LogFbx: ItemName: GlobalSettings, ItemCount : 1
[2018.02.27-21.05.05:990][685]LogFbx: ItemName: AnimationStack, ItemCount : 1
[2018.02.27-21.05.05:990][685]LogFbx: ItemName: AnimationLayer, ItemCount : 1
[2018.02.27-21.05.05:990][685]LogFbx: ItemName: Model, ItemCount : 24
[2018.02.27-21.05.05:990][685]LogFbx: ItemName: Geometry, ItemCount : 1
[2018.02.27-21.05.05:990][685]LogFbx: ItemName: Material, ItemCount : 1
[2018.02.27-21.05.05:990][685]LogFbx: ItemName: Texture, ItemCount : 3
[2018.02.27-21.05.05:990][685]LogFbx: ItemName: NodeAttribute, ItemCount : 23
[2018.02.27-21.05.05:990][685]LogFbx: ItemName: AnimationCurve, ItemCount : 207
[2018.02.27-21.05.05:990][685]LogFbx: ItemName: AnimationCurveNode, ItemCount : 69
[2018.02.27-21.05.05:991][685]LogFbx: ItemName: Deformer, ItemCount : 23
[2018.02.27-21.05.05:991][685]LogFbx: ItemName: Pose, ItemCount : 1
[2018.02.27-21.05.05:991][685]LogFbx: ItemName: Video, ItemCount : 3
[2018.02.27-21.05.05:996][685]LogFbx: Loading FBX Scene from G:/ENTI_4rt/TFG/Art/Character/Exports/Character_Jump01.FBX
[2018.02.27-21.05.06:026][685]LogFbx: FBX Scene Loaded Succesfully
[2018.02.27-21.05.20:380][685]LogFbx: Loading FBX Scene from G:/ENTI_4rt/TFG/Art/Character/Exports/Character_Jump01.FBX
[2018.02.27-21.05.20:413][685]LogFbx: FBX Scene Loaded Succesfully
[2018.02.27-21.05.20:414][685]LogFbx: =================================================
[2018.02.27-21.05.20:414][685]LogFbx: Dumping Node START [LowPoly] 
[2018.02.27-21.05.20:414][685]LogFbx: 	Total Deformer Count -1888704024.
[2018.02.27-21.05.20:414][685]LogFbx: 		[Node 1]  (Type Skin).
[2018.02.27-21.05.20:414][685]LogFbx: =================================================
[2018.02.27-21.05.20:414][685]LogFbx: 	Attribute () Type (4).
[2018.02.27-21.05.20:414][685]LogFbx: 		[Node Attribute Child 1] LowPoly (Type Mesh).
[2018.02.27-21.05.20:414][685]LogFbx: Dumping Node END [LowPoly]
[2018.02.27-21.05.20:414][685]LogFbx: =================================================
[2018.02.27-21.05.20:414][685]LogFbx: Dumping Node START [LowPoly] 
[2018.02.27-21.05.20:414][685]LogFbx: 	Total Deformer Count -1888704080.
[2018.02.27-21.05.20:414][685]LogFbx: 		[Node 1]  (Type Skin).
[2018.02.27-21.05.20:414][685]LogFbx: =================================================
[2018.02.27-21.05.20:414][685]LogFbx: 	Attribute () Type (4).
[2018.02.27-21.05.20:414][685]LogFbx: 		[Node Attribute Child 1] LowPoly (Type Mesh).
[2018.02.27-21.05.20:414][685]LogFbx: Dumping Node END [LowPoly]
[2018.02.27-21.05.20:414][685]LogFbx: SortedLinks :(0) BaseHumanPelvis
[2018.02.27-21.05.20:414][685]LogFbx: SortedLinks :(1) BaseHumanLThigh
[2018.02.27-21.05.20:414][685]LogFbx: SortedLinks :(2) BaseHumanLCalf
[2018.02.27-21.05.20:414][685]LogFbx: SortedLinks :(3) BaseHumanLFoot
[2018.02.27-21.05.20:414][685]LogFbx: SortedLinks :(4) BaseHumanRThigh
[2018.02.27-21.05.20:415][685]LogFbx: SortedLinks :(5) BaseHumanRCalf
[2018.02.27-21.05.20:415][685]LogFbx: SortedLinks :(6) BaseHumanRFoot
[2018.02.27-21.05.20:415][685]LogFbx: SortedLinks :(7) BaseHumanSpine1
[2018.02.27-21.05.20:415][685]LogFbx: SortedLinks :(8) BaseHumanSpine2
[2018.02.27-21.05.20:415][685]LogFbx: SortedLinks :(9) BaseHumanSpine3
[2018.02.27-21.05.20:415][685]LogFbx: SortedLinks :(10) BaseHumanSpine4
[2018.02.27-21.05.20:415][685]LogFbx: SortedLinks :(11) BaseHumanRibcage
[2018.02.27-21.05.20:415][685]LogFbx: SortedLinks :(12) BaseHumanLCollarbone
[2018.02.27-21.05.20:415][685]LogFbx: SortedLinks :(13) BaseHumanLUpperarm
[2018.02.27-21.05.20:415][685]LogFbx: SortedLinks :(14) BaseHumanLForearm
[2018.02.27-21.05.20:415][685]LogFbx: SortedLinks :(15) BaseHumanLPalm
[2018.02.27-21.05.20:415][685]LogFbx: SortedLinks :(16) BaseHumanRCollarbone
[2018.02.27-21.05.20:415][685]LogFbx: SortedLinks :(17) BaseHumanRUpperarm
[2018.02.27-21.05.20:415][685]LogFbx: SortedLinks :(18) BaseHumanRForearm
[2018.02.27-21.05.20:415][685]LogFbx: SortedLinks :(19) BaseHumanRPalm
[2018.02.27-21.05.20:415][685]LogFbx: SortedLinks :(20) BaseHumanNeck1
[2018.02.27-21.05.20:415][685]LogFbx: SortedLinks :(21) BaseHumanNeck2
[2018.02.27-21.05.20:415][685]LogFbx: SortedLinks :(22) BaseHumanHead
[2018.02.27-21.05.20:415][685]LogFbx: Parsing AnimStack Take 001
[2018.02.27-21.05.20:416][685]LogLinker: Can't find file '/Game/MainCharacter/Character_Jump01'
[2018.02.27-21.05.20:416][685]LogLinker: Can't find file '/Game/MainCharacter/Character_Jump01'
[2018.02.27-21.05.20:457][685]LogAnimationCompression: Building Anim DDC data for AnimSequence /Game/MainCharacter/Character_Jump01.Character_Jump01
[2018.02.27-21.05.20:457][685]LogAnimationCompression: Recompressing (AnimSequence /Engine/Transient.Character_Jump01) using current/default (AnimCompress_BitwiseCompressOnly_0) bFirstRecompressUsingCurrentOrDefault(1) bTryAlternateCompressor(0) IsCompressedDataValid(0)
[2018.02.27-21.05.24:298][ 99]LogContentBrowser: Native class hierarchy updated for 'SkeletonEditor' in 0.0002 seconds. Added 1 classes and 2 folders.
[2018.02.27-21.05.24:494][ 99]LogActorComponent: RegisterComponentWithWorld: (/Engine/Transient.World_8:PersistentLevel.Actor_0.DebugSkelMeshComponent_0) Already registered. Aborting.
[2018.02.27-21.05.24:735][ 99]LogSlate: Took 0.000333 seconds to synchronously load lazily loaded font '../../../Engine/Content/Slate/Fonts/Roboto-Regular.ttf' (155K)
[2018.02.27-21.05.24:782][ 99]LogContentBrowser: Native class hierarchy updated for 'BlueprintGraph' in 0.0005 seconds. Added 116 classes and 0 folders.
[2018.02.27-21.05.25:398][ 99]LogSkeletalMesh: USkeletalMeshComponent::InitArticulated : Bodies already created (/Engine/Transient.World_8:PersistentLevel.Actor_0.DebugSkelMeshComponent_0) - call TermArticulated first.
[2018.02.27-21.05.25:706][ 99]LogSlate: Took 0.000449 seconds to synchronously load lazily loaded font '../../../Engine/Content/Editor/Slate/Fonts/Roboto-BoldCondensed.ttf' (158K)
[2018.02.27-21.05.25:773][ 99]LogContentBrowser: Native class hierarchy updated for 'ClothingSystemEditorInterface' in 0.0004 seconds. Added 1 classes and 0 folders.
[2018.02.27-21.05.36:490][940]LogSlate: Took 0.000421 seconds to synchronously load lazily loaded font '../../../Engine/Content/Editor/Slate/Fonts/Roboto-Italic.ttf' (157K)
[2018.02.27-21.06.11:665][589]BlueprintLog: New page: Compile CharacterAnimation_BP
[2018.02.27-21.06.12:979][679]BlueprintLog: New page: Compile CharacterAnimation_BP
[2018.02.27-21.06.14:012][744]Cmd: OBJ SAVEPACKAGE PACKAGE="/Game/MainCharacter/CharacterAnimation_BP" FILE="C:/Users/Marc/Documents/CasinoRoyale/SideScroller/Content/MainCharacter/CharacterAnimation_BP.uasset" SILENT=true
[2018.02.27-21.06.14:126][744]LogSavePackage: Save=98.08ms
[2018.02.27-21.06.14:126][744]LogSavePackage: Moving 'C:/Users/Marc/Documents/CasinoRoyale/SideScroller/Saved/CharacterAnimation_BP6CBC03A94DD27A6EFDBB7EB2ACC5A844.tmp' to 'C:/Users/Marc/Documents/CasinoRoyale/SideScroller/Content/MainCharacter/CharacterAnimation_BP.uasset'
[2018.02.27-21.06.14:130][744]LogSavePackage: Display: Finished SavePackage C:/Users/Marc/Documents/CasinoRoyale/SideScroller/Content/MainCharacter/CharacterAnimation_BP.uasset
[2018.02.27-21.06.17:172][873]Cmd: OBJ SAVEPACKAGE PACKAGE="/Game/MainCharacter/Character_Jump01" FILE="C:/Users/Marc/Documents/CasinoRoyale/SideScroller/Content/MainCharacter/Character_Jump01.uasset" SILENT=true
[2018.02.27-21.06.17:183][873]LogSavePackage: Save=9.90ms
[2018.02.27-21.06.17:184][873]LogSavePackage: Moving 'C:/Users/Marc/Documents/CasinoRoyale/SideScroller/Saved/Character_Jump013CC4C22A4160A939D532CFAAC28EEC64.tmp' to 'C:/Users/Marc/Documents/CasinoRoyale/SideScroller/Content/MainCharacter/Character_Jump01.uasset'
[2018.02.27-21.06.17:188][873]LogSavePackage: Display: Finished SavePackage C:/Users/Marc/Documents/CasinoRoyale/SideScroller/Content/MainCharacter/Character_Jump01.uasset
[2018.02.27-21.06.18:766][987]LogTemp: Repeating last play command: New Editor Window (PIE)
[2018.02.27-21.06.18:815][987]LogBlueprintUserMessages: Early PlayInEditor Detection: Level '/Game/Scenes/Level.Level:PersistentLevel' has LevelScriptBlueprint '/Game/Scenes/Level.Level:PersistentLevel.Level' with GeneratedClass '/Game/Scenes/Level.Level_C' with ClassGeneratedBy '/Game/Scenes/Level.Level:PersistentLevel.Level'
[2018.02.27-21.06.18:815][987]LogPlayLevel: PlayLevel: No blueprints needed recompiling
[2018.02.27-21.06.18:816][987]PIE: New page: PIE session: Level (Feb 27, 2018, 11:06:18 PM)
[2018.02.27-21.06.18:816][987]LogPlayLevel: Creating play world package: /Game/Scenes/UEDPIE_0_Level
[2018.02.27-21.06.18:850][987]LogPlayLevel: PIE: StaticDuplicateObject took: (0.033894s)
[2018.02.27-21.06.18:851][987]LogAIModule: Creating AISystem for world Level
[2018.02.27-21.06.18:852][987]LogPlayLevel: PIE: World Init took: (0.001100s)
[2018.02.27-21.06.18:852][987]LogPlayLevel: PIE: Created PIE world by copying editor world from /Game/Scenes/Level.Level to /Game/Scenes/UEDPIE_0_Level.Level (0.035442s)
[2018.02.27-21.06.18:889][987]LogInit: XAudio2 using 'Altavoces (Realtek High Definition Audio)' : 2 channels at 48 kHz using 32 bits per sample (channel mask 0x3)
[2018.02.27-21.06.18:907][987]LogInit: FAudioDevice initialized.
[2018.02.27-21.06.18:980][987]LogLinker: Warning: Can't find file '/Game/SideScrollerBP/Blueprints/SideScrollerGameMode'
[2018.02.27-21.06.18:980][987]LogLinker: Warning: Can't find file '/Game/SideScrollerBP/Blueprints/SideScrollerGameMode'
[2018.02.27-21.06.18:980][987]LogUObjectGlobals: Warning: Failed to find object 'Class /Game/SideScrollerBP/Blueprints/SideScrollerGameMode.SideScrollerGameMode_C'
[2018.02.27-21.06.18:980][987]LogLoad: Game class is 'GameModeBase'
[2018.02.27-21.06.18:990][987]LogWorld: Bringing World /Game/Scenes/UEDPIE_0_Level.Level up for play (max tick rate 0) at 2018.02.27-22.06.18
[2018.02.27-21.06.18:994][987]LogWorld: Bringing up level for play took: 0.012957
[2018.02.27-21.06.19:034][987]LogContentBrowser: Native class hierarchy updated for 'MovieSceneCapture' in 0.0003 seconds. Added 11 classes and 0 folders.
[2018.02.27-21.06.19:042][987]PIE: Play in editor start time for /Game/Scenes/UEDPIE_0_Level -0.229
[2018.02.27-21.06.19:043][987]LogBlueprintUserMessages: Late PlayInEditor Detection: Level '/Game/Scenes/Level.Level:PersistentLevel' has LevelScriptBlueprint '/Game/Scenes/Level.Level:PersistentLevel.Level' with GeneratedClass '/Game/Scenes/Level.Level_C' with ClassGeneratedBy '/Game/Scenes/Level.Level:PersistentLevel.Level'
[2018.02.27-21.06.19:089][987]LogRenderer: Reallocating scene render targets to support 1612x936 Format 10 NumSamples 1 (Frame:1).
[2018.02.27-21.06.40:582][396]LogBlueprintUserMessages: Early EndPlayMap Detection: Level '/Game/Scenes/Level.Level:PersistentLevel' has LevelScriptBlueprint '/Game/Scenes/Level.Level:PersistentLevel.Level' with GeneratedClass '/Game/Scenes/Level.Level_C' with ClassGeneratedBy '/Game/Scenes/Level.Level:PersistentLevel.Level'
[2018.02.27-21.06.40:636][396]LogBlueprintUserMessages: Late EndPlayMap Detection: Level '/Game/Scenes/Level.Level:PersistentLevel' has LevelScriptBlueprint '/Game/Scenes/Level.Level:PersistentLevel.Level' with GeneratedClass '/Game/Scenes/Level.Level_C' with ClassGeneratedBy '/Game/Scenes/Level.Level:PersistentLevel.Level'
[2018.02.27-21.06.50:820][266]LogActorComponent: RegisterComponentWithWorld: (/Engine/Transient.World_10:PersistentLevel.Actor_1.DebugSkelMeshComponent_2) Already registered. Aborting.
[2018.02.27-21.06.50:852][266]LogSkeletalMesh: USkeletalMeshComponent::InitArticulated : Bodies already created (/Engine/Transient.World_10:PersistentLevel.Actor_1.DebugSkelMeshComponent_2) - call TermArticulated first.
[2018.02.27-21.06.51:266][266]LogContentBrowser: Verbose: The majority of assets in the view are of type: AnimSequence
[2018.02.27-21.07.41:969][708]LogActorComponent: RegisterComponentWithWorld: (/Engine/Transient.World_14:PersistentLevel.Actor_2.DebugSkelMeshComponent_5) Already registered. Aborting.
[2018.02.27-21.07.41:996][708]LogSkeletalMesh: USkeletalMeshComponent::InitArticulated : Bodies already created (/Engine/Transient.World_14:PersistentLevel.Actor_2.DebugSkelMeshComponent_5) - call TermArticulated first.
[2018.02.27-21.07.42:333][708]LogContentBrowser: Verbose: The majority of assets in the view are of type: AnimSequence
[2018.02.27-21.07.52:284][455]LogWindowsTextInputMethodSystem: Display: IME system now deactivated.
[2018.02.27-21.07.52:451][456]Cmd: QUIT_EDITOR
[2018.02.27-21.07.52:870][456]LogExit: Preparing to exit.
[2018.02.27-21.07.53:871][456]LogExit: Editor shut down
[2018.02.27-21.07.53:874][456]LogExit: Transaction tracking system shut down
[2018.02.27-21.07.54:062][456]LogDirectoryWatcher: A directory notification for '../../../Engine/Content/' was aborted.
[2018.02.27-21.07.54:062][456]LogDirectoryWatcher: A directory notification for 'C:/Users/Marc/Documents/CasinoRoyale/SideScroller/Content/' was aborted.
[2018.02.27-21.07.54:062][456]LogDirectoryWatcher: A directory notification for '../../../Engine/Plugins/2D/Paper2D/Content/' was aborted.
[2018.02.27-21.07.54:062][456]LogDirectoryWatcher: A directory notification for '../../../Engine/Plugins/Media/MediaCompositing/Content/' was aborted.
[2018.02.27-21.07.54:062][456]LogDirectoryWatcher: A directory notification for '../../../Engine/Plugins/Runtime/AppleARKit/Content/' was aborted.
[2018.02.27-21.07.54:062][456]LogDirectoryWatcher: A directory notification for '../../../Engine/Plugins/Runtime/Oculus/OculusVR/Content/' was aborted.
[2018.02.27-21.07.54:063][456]LogDirectoryWatcher: A directory notification for '../../../Engine/Plugins/Runtime/Steam/SteamVR/Content/' was aborted.
[2018.02.27-21.07.54:133][456]LogExit: Object subsystem successfully closed.
[2018.02.27-21.07.54:155][456]LogD3D11RHI: Shutdown
[2018.02.27-21.07.54:156][456]LogD3D11RHI: CleanupD3DDevice
[2018.02.27-21.07.54:158][456]LogD3D11RHI: ~FD3D11DynamicRHI
[2018.02.27-21.07.54:165][456]LogModuleManager: Shutting down and abandoning module AnimationEditor (560)
[2018.02.27-21.07.54:165][456]LogModuleManager: Shutting down and abandoning module MovieSceneCapture (558)
[2018.02.27-21.07.54:165][456]LogModuleManager: Shutting down and abandoning module ClothingSystemEditorInterface (556)
[2018.02.27-21.07.54:165][456]LogModuleManager: Shutting down and abandoning module BlueprintGraph (554)
[2018.02.27-21.07.54:165][456]LogModuleManager: Shutting down and abandoning module SkeletonEditor (552)
[2018.02.27-21.07.54:165][456]LogModuleManager: Shutting down and abandoning module AnimationBlueprintEditor (550)
[2018.02.27-21.07.54:165][456]LogModuleManager: Shutting down and abandoning module HierarchicalLODOutliner (548)
[2018.02.27-21.07.54:165][456]LogModuleManager: Shutting down and abandoning module SceneOutliner (546)
[2018.02.27-21.07.54:165][456]LogModuleManager: Shutting down and abandoning module AddContentDialog (544)
[2018.02.27-21.07.54:165][456]LogDirectoryWatcher: A directory notification for 'F:/Program Files/Epic Games/UE_4.18/FeaturePacks/' was aborted.
[2018.02.27-21.07.54:166][456]LogModuleManager: Shutting down and abandoning module WidgetCarousel (543)
[2018.02.27-21.07.54:166][456]LogModuleManager: Shutting down and abandoning module EditorWidgets (540)
[2018.02.27-21.07.54:166][456]LogModuleManager: Shutting down and abandoning module CollectionManager (538)
[2018.02.27-21.07.54:166][456]LogDirectoryWatcher: A directory notification for 'C:/Users/Marc/Documents/CasinoRoyale/SideScroller/Content/Collections/' was aborted.
[2018.02.27-21.07.54:166][456]LogDirectoryWatcher: A directory notification for 'C:/Users/Marc/Documents/CasinoRoyale/SideScroller/Content/Developers/Marc/Collections/' was aborted.
[2018.02.27-21.07.54:166][456]LogDirectoryWatcher: A directory notification for 'C:/Users/Marc/Documents/CasinoRoyale/SideScroller/Saved/Collections/' was aborted.
[2018.02.27-21.07.54:166][456]LogModuleManager: Shutting down and abandoning module StatsViewer (536)
[2018.02.27-21.07.54:166][456]LogModuleManager: Shutting down and abandoning module FoliageEdit (534)
[2018.02.27-21.07.54:166][456]LogModuleManager: Shutting down and abandoning module LandscapeEditor (532)
[2018.02.27-21.07.54:167][456]LogModuleManager: Shutting down and abandoning module MeshPaintMode (530)
[2018.02.27-21.07.54:167][456]LogModuleManager: Shutting down and abandoning module SceneDepthPickerMode (528)
[2018.02.27-21.07.54:167][456]LogModuleManager: Shutting down and abandoning module ActorPickerMode (526)
[2018.02.27-21.07.54:167][456]LogModuleManager: Shutting down and abandoning module GeometryMode (524)
[2018.02.27-21.07.54:167][456]LogModuleManager: Shutting down and abandoning module TextureAlignMode (522)
[2018.02.27-21.07.54:167][456]LogModuleManager: Shutting down and abandoning module BspMode (520)
[2018.02.27-21.07.54:167][456]LogModuleManager: Shutting down and abandoning module PIEPreviewDeviceProfileSelector (518)
[2018.02.27-21.07.54:167][456]LogModuleManager: Shutting down and abandoning module HardwareSurvey (516)
[2018.02.27-21.07.54:167][456]LogModuleManager: Shutting down and abandoning module SequenceRecorderSections (514)
[2018.02.27-21.07.54:167][456]LogModuleManager: Shutting down and abandoning module AutomationWorker (512)
[2018.02.27-21.07.54:167][456]LogModuleManager: Shutting down and abandoning module MatineeToLevelSequence (510)
[2018.02.27-21.07.54:167][456]LogModuleManager: Shutting down and abandoning module LevelSequenceEditor (508)
[2018.02.27-21.07.54:167][456]LogModuleManager: Shutting down and abandoning module PlacementMode (507)
[2018.02.27-21.07.54:167][456]LogModuleManager: Shutting down and abandoning module WmfMediaFactory (504)
[2018.02.27-21.07.54:167][456]LogModuleManager: Shutting down and abandoning module WmfMediaEditor (502)
[2018.02.27-21.07.54:167][456]LogModuleManager: Shutting down and abandoning module OpenExrWrapper (500)
[2018.02.27-21.07.54:167][456]LogModuleManager: Shutting down and abandoning module ImgMediaFactory (498)
[2018.02.27-21.07.54:167][456]LogModuleManager: Shutting down and abandoning module ImgMediaEditor (496)
[2018.02.27-21.07.54:167][456]LogModuleManager: Shutting down and abandoning module AvfMediaFactory (494)
[2018.02.27-21.07.54:167][456]LogModuleManager: Shutting down and abandoning module AvfMediaEditor (492)
[2018.02.27-21.07.54:167][456]LogModuleManager: Shutting down and abandoning module AndroidMediaFactory (490)
[2018.02.27-21.07.54:167][456]LogModuleManager: Shutting down and abandoning module AndroidMediaEditor (488)
[2018.02.27-21.07.54:167][456]LogModuleManager: Shutting down and abandoning module CharacterAI (486)
[2018.02.27-21.07.54:167][456]LogModuleManager: Shutting down and abandoning module AudioCapture (484)
[2018.02.27-21.07.54:167][456]LogModuleManager: Shutting down and abandoning module SequenceRecorder (483)
[2018.02.27-21.07.54:167][456]LogModuleManager: Shutting down and abandoning module SmartSnapping (480)
[2018.02.27-21.07.54:167][456]LogModuleManager: Shutting down and abandoning module SessionServices (478)
[2018.02.27-21.07.54:167][456]LogModuleManager: Shutting down and abandoning module ViewportSnapping (476)
[2018.02.27-21.07.54:167][456]LogModuleManager: Shutting down and abandoning module ViewportInteraction (474)
[2018.02.27-21.07.54:167][456]LogModuleManager: Shutting down and abandoning module ClothPainter (472)
[2018.02.27-21.07.54:167][456]LogModuleManager: Shutting down and abandoning module SkeletalMeshEditor (471)
[2018.02.27-21.07.54:167][456]LogModuleManager: Shutting down and abandoning module LogVisualizer (468)
[2018.02.27-21.07.54:167][456]LogModuleManager: Shutting down and abandoning module IntroTutorials (466)
[2018.02.27-21.07.54:167][456]LogModuleManager: Shutting down and abandoning module GameProjectGeneration (465)
[2018.02.27-21.07.54:167][456]LogModuleManager: Shutting down and abandoning module IOSPlatformEditor (462)
[2018.02.27-21.07.54:167][456]LogModuleManager: Shutting down and abandoning module HTML5PlatformEditor (460)
[2018.02.27-21.07.54:167][456]LogModuleManager: Shutting down and abandoning module AndroidPlatformEditor (458)
[2018.02.27-21.07.54:167][456]LogModuleManager: Shutting down and abandoning module AndroidDeviceDetection (457)
[2018.02.27-21.07.54:714][456]LogModuleManager: Shutting down and abandoning module WindowsPlatformEditor (454)
[2018.02.27-21.07.54:714][456]LogModuleManager: Shutting down and abandoning module IOSRuntimeSettings (452)
[2018.02.27-21.07.54:714][456]LogModuleManager: Shutting down and abandoning module AndroidRuntimeSettings (450)
[2018.02.27-21.07.54:714][456]LogModuleManager: Shutting down and abandoning module InputBindingEditor (448)
[2018.02.27-21.07.54:714][456]LogModuleManager: Shutting down and abandoning module MergeActors (446)
[2018.02.27-21.07.54:714][456]LogModuleManager: Shutting down and abandoning module SizeMap (444)
[2018.02.27-21.07.54:714][456]LogModuleManager: Shutting down and abandoning module TreeMap (442)
[2018.02.27-21.07.54:714][456]LogModuleManager: Shutting down and abandoning module ReferenceViewer (440)
[2018.02.27-21.07.54:714][456]LogModuleManager: Shutting down and abandoning module LocalizationDashboard (438)
[2018.02.27-21.07.54:714][456]LogModuleManager: Shutting down and abandoning module LocalizationService (437)
[2018.02.27-21.07.54:714][456]LogModuleManager: Shutting down and abandoning module HardwareTargeting (434)
[2018.02.27-21.07.54:714][456]LogModuleManager: Shutting down and abandoning module DeviceProfileEditor (432)
[2018.02.27-21.07.54:714][456]LogModuleManager: Shutting down and abandoning module UndoHistory (430)
[2018.02.27-21.07.54:714][456]LogModuleManager: Shutting down and abandoning module XmlParser (428)
[2018.02.27-21.07.54:714][456]LogModuleManager: Shutting down and abandoning module Blutility (426)
[2018.02.27-21.07.54:714][456]LogModuleManager: Shutting down and abandoning module ProjectSettingsViewer (424)
[2018.02.27-21.07.54:714][456]LogModuleManager: Shutting down and abandoning module ProjectTargetPlatformEditor (423)
[2018.02.27-21.07.54:714][456]LogModuleManager: Shutting down and abandoning module EditorSettingsViewer (420)
[2018.02.27-21.07.54:714][456]LogModuleManager: Shutting down and abandoning module SettingsEditor (418)
[2018.02.27-21.07.54:714][456]LogModuleManager: Shutting down and abandoning module ProjectLauncher (416)
[2018.02.27-21.07.54:714][456]LogModuleManager: Shutting down and abandoning module SessionFrontend (414)
[2018.02.27-21.07.54:714][456]LogModuleManager: Shutting down and abandoning module ProfilerClient (412)
[2018.02.27-21.07.54:714][456]LogModuleManager: Shutting down and abandoning module DeviceManager (410)
[2018.02.27-21.07.54:714][456]LogModuleManager: Shutting down and abandoning module TargetDeviceServices (409)
[2018.02.27-21.07.54:779][456]LogModuleManager: Shutting down and abandoning module AutomationController (406)
[2018.02.27-21.07.54:779][456]LogModuleManager: Shutting down and abandoning module AutomationWindow (404)
[2018.02.27-21.07.54:779][456]LogModuleManager: Shutting down and abandoning module Layers (402)
[2018.02.27-21.07.54:779][456]LogModuleManager: Shutting down and abandoning module ComponentVisualizers (400)
[2018.02.27-21.07.54:779][456]LogModuleManager: Shutting down and abandoning module DetailCustomizations (398)
[2018.02.27-21.07.54:779][456]LogModuleManager: Shutting down and abandoning module PackagesDialog (396)
[2018.02.27-21.07.54:779][456]LogModuleManager: Shutting down and abandoning module Persona (394)
[2018.02.27-21.07.54:779][456]LogModuleManager: Shutting down and abandoning module AdvancedPreviewScene (393)
[2018.02.27-21.07.54:779][456]LogModuleManager: Shutting down and abandoning module AnimGraph (391)
[2018.02.27-21.07.54:779][456]LogModuleManager: Shutting down and abandoning module Kismet (388)
[2018.02.27-21.07.54:786][456]LogModuleManager: Shutting down and abandoning module ClassViewer (386)
[2018.02.27-21.07.54:786][456]LogModuleManager: Shutting down and abandoning module Toolbox (384)
[2018.02.27-21.07.54:786][456]LogModuleManager: Shutting down and abandoning module ModuleUI (382)
[2018.02.27-21.07.54:786][456]LogModuleManager: Shutting down and abandoning module MovieSceneTools (380)
[2018.02.27-21.07.54:786][456]LogModuleManager: Shutting down and abandoning module OutputLog (378)
[2018.02.27-21.07.54:786][456]LogModuleManager: Shutting down and abandoning module GammaUI (376)
[2018.02.27-21.07.54:786][456]LogModuleManager: Shutting down and abandoning module Documentation (374)
[2018.02.27-21.07.54:786][456]LogModuleManager: Shutting down and abandoning module MovieSceneTracks (372)
[2018.02.27-21.07.54:786][456]LogModuleManager: Shutting down and abandoning module MovieScene (370)
[2018.02.27-21.07.54:786][456]LogModuleManager: Shutting down and abandoning module StreamingPauseRendering (368)
[2018.02.27-21.07.54:786][456]LogModuleManager: Shutting down and abandoning module LauncherPlatform (366)
[2018.02.27-21.07.54:786][456]LogModuleManager: Shutting down and abandoning module AnalyticsET (364)
[2018.02.27-21.07.54:786][456]LogModuleManager: Shutting down and abandoning module PortalServices (362)
[2018.02.27-21.07.54:786][456]LogModuleManager: Shutting down and abandoning module PortalRpc (360)
[2018.02.27-21.07.54:786][456]LogModuleManager: Shutting down and abandoning module MessagingRpc (358)
[2018.02.27-21.07.54:786][456]LogModuleManager: Shutting down and abandoning module AIModule (356)
[2018.02.27-21.07.54:786][456]LogModuleManager: Shutting down and abandoning module GameplayDebugger (355)
[2018.02.27-21.07.54:786][456]LogModuleManager: Shutting down and abandoning module AITestSuite (353)
[2018.02.27-21.07.54:786][456]LogModuleManager: Shutting down and abandoning module DesktopPlatform (350)
[2018.02.27-21.07.54:786][456]LogModuleManager: Shutting down and abandoning module ProfilerService (348)
[2018.02.27-21.07.55:030][456]LogModuleManager: Shutting down and abandoning module TaskGraph (346)
[2018.02.27-21.07.55:030][456]LogModuleManager: Shutting down and abandoning module SteamVRController (344)
[2018.02.27-21.07.55:030][456]LogModuleManager: Shutting down and abandoning module ProceduralMeshComponentEditor (342)
[2018.02.27-21.07.55:030][456]LogModuleManager: Shutting down and abandoning module ProceduralMeshComponent (340)
[2018.02.27-21.07.55:030][456]LogModuleManager: Shutting down and abandoning module OculusInput (338)
[2018.02.27-21.07.55:030][456]LogModuleManager: Shutting down and abandoning module MobilePatchingUtils (336)
[2018.02.27-21.07.55:030][456]LogModuleManager: Shutting down and abandoning module CustomMeshComponent (334)
[2018.02.27-21.07.55:030][456]LogModuleManager: Shutting down and abandoning module CableComponent (332)
[2018.02.27-21.07.55:030][456]LogModuleManager: Shutting down and abandoning module ArchVisCharacter (330)
[2018.02.27-21.07.55:030][456]LogModuleManager: Shutting down and abandoning module AndroidPermission (328)
[2018.02.27-21.07.55:030][456]LogModuleManager: Shutting down and abandoning module ActorSequence (324)
[2018.02.27-21.07.55:030][456]LogModuleManager: Shutting down and abandoning module MediaPlayerEditor (322)
[2018.02.27-21.07.55:030][456]LogModuleManager: Shutting down and abandoning module MediaCompositingEditor (320)
[2018.02.27-21.07.55:030][456]LogModuleManager: Shutting down and abandoning module MediaCompositing (318)
[2018.02.27-21.07.55:030][456]LogModuleManager: Shutting down and abandoning module HTML5Networking (316)
[2018.02.27-21.07.55:030][456]LogModuleManager: Shutting down and abandoning module AlembicImporter (314)
[2018.02.27-21.07.55:030][456]LogModuleManager: Shutting down and abandoning module AlembicLibrary (313)
[2018.02.27-21.07.55:030][456]LogModuleManager: Shutting down and abandoning module GeometryCache (312)
[2018.02.27-21.07.55:030][456]LogModuleManager: Shutting down and abandoning module GeometryCacheEd (311)
[2018.02.27-21.07.55:030][456]LogModuleManager: Shutting down and abandoning module SpeedTreeImporter (306)
[2018.02.27-21.07.55:030][456]LogModuleManager: Shutting down and abandoning module PluginBrowser (304)
[2018.02.27-21.07.55:030][456]LogModuleManager: Shutting down and abandoning module MobileLauncherProfileWizard (302)
[2018.02.27-21.07.55:030][456]LogModuleManager: Shutting down and abandoning module VisualStudioSourceCodeAccess (300)
[2018.02.27-21.07.55:030][456]LogModuleManager: Shutting down and abandoning module VisualStudioCodeSourceCodeAccess (298)
[2018.02.27-21.07.55:030][456]LogModuleManager: Shutting down and abandoning module UObjectPlugin (296)
[2018.02.27-21.07.55:030][456]LogModuleManager: Shutting down and abandoning module SubversionSourceControl (294)
[2018.02.27-21.07.55:030][456]LogModuleManager: Shutting down and abandoning module PerforceSourceControl (292)
[2018.02.27-21.07.55:030][456]LogModuleManager: Shutting down and abandoning module GitSourceControl (290)
[2018.02.27-21.07.55:030][456]LogModuleManager: Shutting down and abandoning module SourceControl (289)
[2018.02.27-21.07.55:030][456]LogModuleManager: Shutting down and abandoning module LightPropagationVolumeEditor (286)
[2018.02.27-21.07.55:030][456]LogModuleManager: Shutting down and abandoning module PaperTiledImporter (284)
[2018.02.27-21.07.55:030][456]LogModuleManager: Shutting down and abandoning module PaperSpriteSheetImporter (282)
[2018.02.27-21.07.55:030][456]LogModuleManager: Shutting down and abandoning module Paper2DEditor (280)
[2018.02.27-21.07.55:030][456]LogModuleManager: Shutting down and abandoning module MeshPaint (279)
[2018.02.27-21.07.55:030][456]LogModuleManager: Shutting down and abandoning module LevelEditor (277)
[2018.02.27-21.07.55:031][456]LogModuleManager: Shutting down and abandoning module PixelInspectorModule (276)
[2018.02.27-21.07.55:031][456]LogModuleManager: Shutting down and abandoning module MainFrame (274)
[2018.02.27-21.07.55:031][456]LogModuleManager: Shutting down and abandoning module HotReload (273)
[2018.02.27-21.07.55:032][456]LogModuleManager: Shutting down and abandoning module RuntimePhysXCooking (268)
[2018.02.27-21.07.55:032][456]LogModuleManager: Shutting down and abandoning module PhysXVehiclesEditor (266)
[2018.02.27-21.07.55:032][456]LogModuleManager: Shutting down and abandoning module PhysXVehicles (264)
[2018.02.27-21.07.55:032][456]LogModuleManager: Shutting down and abandoning module OculusEditor (262)
[2018.02.27-21.07.55:032][456]LogModuleManager: Shutting down and abandoning module LocationServicesBPLibrary (260)
[2018.02.27-21.07.55:032][456]LogModuleManager: Shutting down and abandoning module ImmediatePhysicsEditor (258)
[2018.02.27-21.07.55:032][456]LogModuleManager: Shutting down and abandoning module ImmediatePhysics (256)
[2018.02.27-21.07.55:032][456]LogModuleManager: Shutting down and abandoning module UdpMessaging (254)
[2018.02.27-21.07.55:133][456]LogModuleManager: Shutting down and abandoning module TcpMessaging (252)
[2018.02.27-21.07.55:233][456]LogModuleManager: Shutting down and abandoning module GameplayTagsEditor (250)
[2018.02.27-21.07.55:233][456]LogModuleManager: Shutting down and abandoning module FacialAnimationEditor (248)
[2018.02.27-21.07.55:233][456]LogModuleManager: Shutting down and abandoning module FacialAnimation (246)
[2018.02.27-21.07.55:233][456]LogModuleManager: Shutting down and abandoning module AssetManagerEditor (244)
[2018.02.27-21.07.55:233][456]LogModuleManager: Shutting down and abandoning module GraphEditor (243)
[2018.02.27-21.07.55:233][456]LogModuleManager: Shutting down and abandoning module ContentBrowser (241)
[2018.02.27-21.07.55:234][456]LogModuleManager: Shutting down and abandoning module LightPropagationVolumeRuntime (238)
[2018.02.27-21.07.55:234][456]LogModuleManager: Shutting down and abandoning module Paper2D (236)
[2018.02.27-21.07.55:234][456]LogModuleManager: Shutting down and abandoning module WindowsMoviePlayer (234)
[2018.02.27-21.07.55:234][456]LogModuleManager: Shutting down and abandoning module WmfMedia (232)
[2018.02.27-21.07.55:241][456]LogModuleManager: Shutting down and abandoning module ImgMedia (230)
[2018.02.27-21.07.55:241][456]LogModuleManager: Shutting down and abandoning module PacketHandler (228)
[2018.02.27-21.07.55:241][456]LogModuleManager: Shutting down and abandoning module ClothingSystemEditor (226)
[2018.02.27-21.07.55:241][456]LogModuleManager: Shutting down and abandoning module ClothingSystemRuntime (224)
[2018.02.27-21.07.55:241][456]LogModuleManager: Shutting down and abandoning module MediaAssets (222)
[2018.02.27-21.07.55:241][456]LogModuleManager: Shutting down and abandoning module Media (221)
[2018.02.27-21.07.55:247][456]LogModuleManager: Shutting down and abandoning module Overlay (218)
[2018.02.27-21.07.55:247][456]LogModuleManager: Shutting down and abandoning module OverlayEditor (217)
[2018.02.27-21.07.55:247][456]LogModuleManager: Shutting down and abandoning module VREditor (214)
[2018.02.27-21.07.55:247][456]LogModuleManager: Shutting down and abandoning module StringTableEditor (212)
[2018.02.27-21.07.55:247][456]LogModuleManager: Shutting down and abandoning module GameplayTasksEditor (210)
[2018.02.27-21.07.55:247][456]LogModuleManager: Shutting down and abandoning module BehaviorTreeEditor (208)
[2018.02.27-21.07.55:247][456]LogModuleManager: Shutting down and abandoning module FunctionalTesting (206)
[2018.02.27-21.07.55:247][456]LogModuleManager: Shutting down and abandoning module CollisionAnalyzer (204)
[2018.02.27-21.07.55:247][456]LogModuleManager: Shutting down and abandoning module WorkspaceMenuStructure (203)
[2018.02.27-21.07.55:247][456]LogModuleManager: Shutting down and abandoning module UMG (200)
[2018.02.27-21.07.55:247][456]LogModuleManager: Shutting down and abandoning module UMGEditor (199)
[2018.02.27-21.07.55:247][456]LogModuleManager: Shutting down and abandoning module Sequencer (198)
[2018.02.27-21.07.55:248][456]LogModuleManager: Shutting down and abandoning module MessageLog (195)
[2018.02.27-21.07.55:248][456]LogModuleManager: Shutting down and abandoning module SlateReflector (190)
[2018.02.27-21.07.55:248][456]LogModuleManager: Shutting down and abandoning module Slate (188)
[2018.02.27-21.07.55:248][456]LogModuleManager: Shutting down and abandoning module EditorStyle (186)
[2018.02.27-21.07.55:249][456]LogModuleManager: Shutting down and abandoning module MRMesh (184)
[2018.02.27-21.07.55:249][456]LogModuleManager: Shutting down and abandoning module SourceCodeAccess (182)
[2018.02.27-21.07.55:249][456]LogModuleManager: Shutting down and abandoning module HeadMountedDisplay (180)
[2018.02.27-21.07.55:249][456]LogModuleManager: Shutting down and abandoning module XAudio2 (178)
[2018.02.27-21.07.55:249][456]LogModuleManager: Shutting down and abandoning module Networking (176)
[2018.02.27-21.07.55:249][456]LogModuleManager: Shutting down and abandoning module Core (172)
[2018.02.27-21.07.55:249][456]LogModuleManager: Shutting down and abandoning module LevelSequence (168)
[2018.02.27-21.07.55:249][456]LogModuleManager: Shutting down and abandoning module DirectoryWatcher (166)
[2018.02.27-21.07.55:250][456]LogModuleManager: Shutting down and abandoning module KismetCompiler (164)
[2018.02.27-21.07.55:250][456]LogModuleManager: Shutting down and abandoning module MeshUtilities (162)
[2018.02.27-21.07.55:250][456]LogModuleManager: Shutting down and abandoning module MeshMergeUtilities (161)
[2018.02.27-21.07.55:250][456]LogModuleManager: Shutting down and abandoning module MeshReductionInterface (160)
[2018.02.27-21.07.55:250][456]LogModuleManager: Shutting down and abandoning module SimplygonSwarm (159)
[2018.02.27-21.07.55:250][456]LogModuleManager: Shutting down and abandoning module SimplygonMeshReduction (157)
[2018.02.27-21.07.55:250][456]LogModuleManager: Shutting down and abandoning module QuadricMeshReduction (155)
[2018.02.27-21.07.55:250][456]LogModuleManager: Shutting down and abandoning module MaterialBaking (151)
[2018.02.27-21.07.55:250][456]LogModuleManager: Shutting down and abandoning module DerivedDataCache (148)
[2018.02.27-21.07.55:288][456]LogDerivedDataCache: Shutdown
[2018.02.27-21.07.55:288][456]LogModuleManager: Shutting down and abandoning module TargetPlatform (146)
[2018.02.27-21.07.55:288][456]LogModuleManager: Shutting down and abandoning module VulkanShaderFormat (145)
[2018.02.27-21.07.55:288][456]LogModuleManager: Shutting down and abandoning module ShaderFormatVectorVM (143)
[2018.02.27-21.07.55:288][456]LogModuleManager: Shutting down and abandoning module ShaderFormatOpenGL (141)
[2018.02.27-21.07.55:288][456]LogModuleManager: Shutting down and abandoning module ShaderFormatD3D (139)
[2018.02.27-21.07.55:288][456]LogModuleManager: Shutting down and abandoning module MetalShaderFormat (137)
[2018.02.27-21.07.55:288][456]LogModuleManager: Shutting down and abandoning module TextureFormatUncompressed (135)
[2018.02.27-21.07.55:288][456]LogModuleManager: Shutting down and abandoning module TextureFormatPVR (133)
[2018.02.27-21.07.55:288][456]LogModuleManager: Shutting down and abandoning module TextureFormatDXT (131)
[2018.02.27-21.07.55:288][456]LogModuleManager: Shutting down and abandoning module TextureFormatIntelISPCTexComp (129)
[2018.02.27-21.07.55:288][456]LogModuleManager: Shutting down and abandoning module TextureFormatASTC (127)
[2018.02.27-21.07.55:288][456]LogModuleManager: Shutting down and abandoning module ImageWrapper (126)
[2018.02.27-21.07.55:288][456]LogModuleManager: Shutting down and abandoning module TextureFormatAndroid (123)
[2018.02.27-21.07.55:288][456]LogModuleManager: Shutting down and abandoning module AudioFormatOpus (121)
[2018.02.27-21.07.55:288][456]LogModuleManager: Shutting down and abandoning module AudioFormatOgg (119)
[2018.02.27-21.07.55:288][456]LogModuleManager: Shutting down and abandoning module AudioFormatADPCM (117)
[2018.02.27-21.07.55:288][456]LogModuleManager: Shutting down and abandoning module LinuxTargetPlatform (115)
[2018.02.27-21.07.55:288][456]LogModuleManager: Shutting down and abandoning module LinuxServerTargetPlatform (113)
[2018.02.27-21.07.55:288][456]LogModuleManager: Shutting down and abandoning module LinuxNoEditorTargetPlatform (111)
[2018.02.27-21.07.55:288][456]LogModuleManager: Shutting down and abandoning module LinuxClientTargetPlatform (109)
[2018.02.27-21.07.55:288][456]LogModuleManager: Shutting down and abandoning module TVOSTargetPlatform (107)
[2018.02.27-21.07.55:289][456]LogModuleManager: Shutting down and abandoning module Messaging (105)
[2018.02.27-21.07.55:289][456]LogModuleManager: Shutting down and abandoning module IOSTargetPlatform (103)
[2018.02.27-21.07.55:289][456]LogModuleManager: Shutting down and abandoning module HTML5TargetPlatform (101)
[2018.02.27-21.07.55:289][456]LogModuleManager: Shutting down and abandoning module AndroidTargetPlatform (99)
[2018.02.27-21.07.55:289][456]LogModuleManager: Shutting down and abandoning module Android_PVRTCTargetPlatform (97)
[2018.02.27-21.07.55:289][456]LogModuleManager: Shutting down and abandoning module Android_MultiTargetPlatform (95)
[2018.02.27-21.07.55:289][456]LogModuleManager: Shutting down and abandoning module Android_ETC2TargetPlatform (93)
[2018.02.27-21.07.55:289][456]LogModuleManager: Shutting down and abandoning module Android_ETC1TargetPlatform (91)
[2018.02.27-21.07.55:289][456]LogModuleManager: Shutting down and abandoning module Android_DXTTargetPlatform (89)
[2018.02.27-21.07.55:289][456]LogModuleManager: Shutting down and abandoning module Android_ATCTargetPlatform (87)
[2018.02.27-21.07.55:289][456]LogModuleManager: Shutting down and abandoning module Android_ASTCTargetPlatform (85)
[2018.02.27-21.07.55:289][456]LogModuleManager: Shutting down and abandoning module WindowsTargetPlatform (83)
[2018.02.27-21.07.55:289][456]LogModuleManager: Shutting down and abandoning module WindowsServerTargetPlatform (81)
[2018.02.27-21.07.55:289][456]LogModuleManager: Shutting down and abandoning module WindowsNoEditorTargetPlatform (79)
[2018.02.27-21.07.55:289][456]LogModuleManager: Shutting down and abandoning module WindowsClientTargetPlatform (77)
[2018.02.27-21.07.55:289][456]LogModuleManager: Shutting down and abandoning module MacTargetPlatform (75)
[2018.02.27-21.07.55:289][456]LogModuleManager: Shutting down and abandoning module MacServerTargetPlatform (73)
[2018.02.27-21.07.55:289][456]LogModuleManager: Shutting down and abandoning module MacNoEditorTargetPlatform (71)
[2018.02.27-21.07.55:289][456]LogModuleManager: Shutting down and abandoning module MacClientTargetPlatform (69)
[2018.02.27-21.07.55:289][456]LogModuleManager: Shutting down and abandoning module AllDesktopTargetPlatform (67)
[2018.02.27-21.07.55:289][456]LogModuleManager: Shutting down and abandoning module InputCore (64)
[2018.02.27-21.07.55:289][456]LogModuleManager: Shutting down and abandoning module Settings (62)
[2018.02.27-21.07.55:289][456]LogModuleManager: Shutting down and abandoning module PhysXCooking (60)
[2018.02.27-21.07.55:289][456]LogModuleManager: Shutting down and abandoning module SteamVR (58)
[2018.02.27-21.07.55:289][456]LogModuleManager: Shutting down and abandoning module OculusHMD (56)
[2018.02.27-21.07.55:289][456]LogModuleManager: Shutting down and abandoning module ExampleDeviceProfileSelector (54)
[2018.02.27-21.07.55:289][456]LogModuleManager: Shutting down and abandoning module AppleARKit (52)
[2018.02.27-21.07.55:289][456]LogModuleManager: Shutting down and abandoning module AugmentedReality (51)
[2018.02.27-21.07.55:289][456]LogModuleManager: Shutting down and abandoning module OnlineBlueprintSupport (48)
[2018.02.27-21.07.55:289][456]LogModuleManager: Shutting down and abandoning module OnlineSubsystem (44)
[2018.02.27-21.07.55:289][456]LogModuleManager: Shutting down and abandoning module XMPP (43)
[2018.02.27-21.07.55:289][456]LogModuleManager: Shutting down and abandoning module HTTP (41)
[2018.02.27-21.07.55:289][456]LogHttp: Display: Http module shutting down, but needs to wait on 1 outstanding Http requests:
[2018.02.27-21.07.55:289][456]LogHttp: Display: 	verb=[POST] url=[https://datarouter.ol.epicgames.com/datarouter/api/v1/public/data?SessionID=%7B36CB35C9-4A7A-2718-8D5A-98B906B6C93E%7D&AppID=UEEditor.Rocket.Release&AppVersion=4.18.3-3832480%2B%2B%2BUE4%2BRelease-4.18&UserID=2a71fb6142b65416319bb5a0bcb6f7fc%7C1fef5c4a3a8d4210819e1950e94c4b71%7C673b4b57-fe11-40d8-9748-4a332ffb3a36&AppEnvironment=datacollector-binary&UploadType=eteventstream] status=Processing
[2018.02.27-21.07.55:296][456]LogModuleManager: Shutting down and abandoning module SSL (40)
[2018.02.27-21.07.55:297][456]LogModuleManager: Shutting down and abandoning module AnimationModifiers (36)
[2018.02.27-21.07.55:297][456]LogModuleManager: Shutting down and abandoning module PropertyEditor (35)
[2018.02.27-21.07.55:297][456]LogModuleManager: Shutting down and abandoning module AudioEditor (32)
[2018.02.27-21.07.55:297][456]LogModuleManager: Shutting down and abandoning module TextureCompressor (30)
[2018.02.27-21.07.55:297][456]LogModuleManager: Shutting down and abandoning module ShaderCore (28)
[2018.02.27-21.07.55:297][456]LogModuleManager: Shutting down and abandoning module Landscape (26)
[2018.02.27-21.07.55:298][456]LogModuleManager: Shutting down and abandoning module SlateRHIRenderer (24)
[2018.02.27-21.07.55:298][456]LogModuleManager: Shutting down and abandoning module OpenGLDrv (22)
[2018.02.27-21.07.55:298][456]LogModuleManager: Shutting down and abandoning module D3D11RHI (20)
[2018.02.27-21.07.55:298][456]LogModuleManager: Shutting down and abandoning module AnimGraphRuntime (18)
[2018.02.27-21.07.55:298][456]LogModuleManager: Shutting down and abandoning module Renderer (16)
[2018.02.27-21.07.55:298][456]LogModuleManager: Shutting down and abandoning module Engine (14)
[2018.02.27-21.07.55:298][456]LogModuleManager: Shutting down and abandoning module CoreUObject (12)
[2018.02.27-21.07.55:298][456]LogModuleManager: Shutting down and abandoning module NetworkFile (10)
[2018.02.27-21.07.55:298][456]LogModuleManager: Shutting down and abandoning module CookedIterativeFile (8)
[2018.02.27-21.07.55:298][456]LogModuleManager: Shutting down and abandoning module StreamingFile (6)
[2018.02.27-21.07.55:298][456]LogModuleManager: Shutting down and abandoning module SandboxFile (4)
[2018.02.27-21.07.55:298][456]LogModuleManager: Shutting down and abandoning module PakFile (2)
[2018.02.27-21.07.55:301][456]LogExit: Exiting.
[2018.02.27-21.07.55:319][456]Log file closed, 02/27/18 22:07:55
